#
# There is insufficient memory for the Java Runtime Environment to continue.
# Native memory allocation (malloc) failed to allocate 47185920 bytes for committing reserved memory.
# Possible reasons:
#   The system is out of physical RAM or swap space
#   In 32 bit mode, the process size limit was hit
# Possible solutions:
#   Reduce memory load on the system
#   Increase physical memory or swap space
#   Check if swap backing store is full
#   Use 64 bit Java on a 64 bit OS
#   Decrease Java heap size (-Xmx/-Xms)
#   Decrease number of Java threads
#   Decrease Java thread stack sizes (-Xss)
#   Set larger code cache with -XX:ReservedCodeCacheSize=
# This output file may be truncated or incomplete.
#
#  Out of Memory Error (os_linux.cpp:2827), pid=16434, tid=1740430144
#
# JRE version: OpenJDK Runtime Environment (7.0_91-b02) (build 1.7.0_91-b02)
# Java VM: OpenJDK Server VM (24.91-b01 mixed mode linux-x86 )
# Derivative: IcedTea 2.6.3
# Distribution: Ubuntu 15.04, package 7u91-2.6.3-0ubuntu0.15.04.1
# Failed to write core dump. Core dumps have been disabled. To enable core dumping, try "ulimit -c unlimited" before starting Java again
#

---------------  T H R E A D  ---------------

Current thread (0x67a81400):  VMThread [stack: 0x67b4d000,0x67bce000] [id=16444]

Stack: [0x67b4d000,0x67bce000]
VM_Operation (0xb64166f4): ParallelGCFailedAllocation, mode: safepoint, requested by thread 0xb6208400


---------------  P R O C E S S  ---------------

Java Threads: ( => current thread )
  0x67146400 JavaThread "pool-2-thread-4" [_thread_blocked, id=16457, stack(0x669f4000,0x66a45000)]
  0x67145400 JavaThread "pool-2-thread-3" [_thread_blocked, id=16456, stack(0x66a45000,0x66a96000)]
  0x67143c00 JavaThread "pool-2-thread-2" [_thread_blocked, id=16455, stack(0x66a96000,0x66ae7000)]
  0x67142800 JavaThread "pool-3-thread-1" [_thread_blocked, id=16454, stack(0x66ae7000,0x66b38000)]
  0x67140800 JavaThread "pool-2-thread-1" [_thread_blocked, id=16453, stack(0x66b38000,0x66b89000)]
  0x67aed800 JavaThread "Service Thread" daemon [_thread_blocked, id=16450, stack(0x672c0000,0x67311000)]
  0x67aeb800 JavaThread "C2 CompilerThread1" daemon [_thread_in_native, id=16449, stack(0x67311000,0x67392000)]
  0x67aea400 JavaThread "C2 CompilerThread0" daemon [_thread_blocked, id=16448, stack(0x67392000,0x67413000)]
  0x67a97400 JavaThread "Signal Dispatcher" daemon [_thread_blocked, id=16447, stack(0x6755e000,0x675af000)]
  0x67a85800 JavaThread "Finalizer" daemon [_thread_blocked, id=16446, stack(0x677af000,0x67800000)]
  0x67a83c00 JavaThread "Reference Handler" daemon [_thread_blocked, id=16445, stack(0x6a72e000,0x6a77f000)]
  0xb6208400 JavaThread "main" [_thread_blocked, id=16436, stack(0xb63c7000,0xb6418000)]

Other Threads:
=>0x67a81400 VMThread [stack: 0x67b4d000,0x67bce000] [id=16444]
  0x67aefc00 WatcherThread [stack: 0x6723f000,0x672c0000] [id=16451]

VM state:at safepoint (normal execution)

VM Mutex/Monitor currently owned by a thread:  ([mutex/lock_event])
[0xb6205e40] Threads_lock - owner thread: 0x67a81400
[0xb6206250] Heap_lock - owner thread: 0xb6208400

Heap
 PSYoungGen      total 35840K, used 2544K [0x9dbc0000, 0xa0140000, 0xb3140000)
  eden space 33280K, 0% used [0x9dbc0000,0x9dbc0000,0x9fc40000)
  from space 2560K, 99% used [0x9fc40000,0x9febc2b0,0x9fec0000)
  to   space 2560K, 0% used [0x9fec0000,0x9fec0000,0xa0140000)
 ParOldGen       total 43008K, used 12569K [0x73140000, 0x75b40000, 0x9dbc0000)
  object space 43008K, 29% used [0x73140000,0x73d86430,0x75b40000)
 PSPermGen       total 16384K, used 4261K [0x6b140000, 0x6c140000, 0x73140000)
  object space 16384K, 26% used [0x6b140000,0x6b5696c0,0x6c140000)

Card table byte_map: [0x6aeff000,0x6b140000] byte_map_base: 0x6aba6600

Polling page: 0xb774e000

Code Cache  [0xb3200000, 0xb3440000, 0xb6200000)
 total_blobs=369 nmethods=246 adapters=76 free_code_cache=48339Kb largest_free_block=49471744

Compilation events (10 events):
Event: 10.908 Thread 0x67aea400 nmethod 243 0xb3263c08 code [0xb3263d00, 0xb3263f50]
Event: 10.908 Thread 0x67aea400  244             java.util.HashMap::transfer (115 bytes)
Event: 10.932 Thread 0x67aea400 nmethod 244 0xb32637c8 code [0xb32638c0, 0xb3263a30]
Event: 10.932 Thread 0x67aea400  245             java.lang.Object::equals (11 bytes)
Event: 10.933 Thread 0x67aea400 nmethod 245 0xb32c86c8 code [0xb32c87a0, 0xb32c87f0]
Event: 10.933 Thread 0x67aea400  246             java.util.ArrayList::ensureCapacity (28 bytes)
Event: 10.937 Thread 0x67aea400 nmethod 246 0xb32c5748 code [0xb32c5840, 0xb32c5924]
Event: 10.937 Thread 0x67aea400  247             com.android.dx.util.IntList::indexOf (16 bytes)
Event: 10.976 Thread 0x67aea400 nmethod 247 0xb32c6e48 code [0xb32c6f40, 0xb32c70b0]
Event: 10.976 Thread 0x67aea400  248             com.android.dx.rop.code.LocalVariableExtractor::processBlock (327 bytes)

GC Heap History (9 events):
Event: 2.997 GC heap before
{Heap before GC invocations=1 (full 0):
 PSYoungGen      total 19200K, used 16475K [0x9dbc0000, 0x9f100000, 0xb3140000)
  eden space 16640K, 99% used [0x9dbc0000,0x9ebd6d50,0x9ec00000)
  from space 2560K, 0% used [0x9ee80000,0x9ee80000,0x9f100000)
  to   space 2560K, 0% used [0x9ec00000,0x9ec00000,0x9ee80000)
 ParOldGen       total 43008K, used 0K [0x73140000, 0x75b40000, 0x9dbc0000)
  object space 43008K, 0% used [0x73140000,0x73140000,0x75b40000)
 PSPermGen       total 16384K, used 3897K [0x6b140000, 0x6c140000, 0x73140000)
  object space 16384K, 23% used [0x6b140000,0x6b50e458,0x6c140000)
Event: 3.006 GC heap after
Heap after GC invocations=1 (full 0):
 PSYoungGen      total 19200K, used 2464K [0x9dbc0000, 0x9f100000, 0xb3140000)
  eden space 16640K, 0% used [0x9dbc0000,0x9dbc0000,0x9ec00000)
  from space 2560K, 96% used [0x9ec00000,0x9ee68158,0x9ee80000)
  to   space 2560K, 0% used [0x9ee80000,0x9ee80000,0x9f100000)
 ParOldGen       total 43008K, used 0K [0x73140000, 0x75b40000, 0x9dbc0000)
  object space 43008K, 0% used [0x73140000,0x73140000,0x75b40000)
 PSPermGen       total 16384K, used 3897K [0x6b140000, 0x6c140000, 0x73140000)
  object space 16384K, 23% used [0x6b140000,0x6b50e458,0x6c140000)
}
Event: 4.649 GC heap before
{Heap before GC invocations=2 (full 0):
 PSYoungGen      total 19200K, used 19104K [0x9dbc0000, 0x9f100000, 0xb3140000)
  eden space 16640K, 100% used [0x9dbc0000,0x9ec00000,0x9ec00000)
  from space 2560K, 96% used [0x9ec00000,0x9ee68158,0x9ee80000)
  to   space 2560K, 0% used [0x9ee80000,0x9ee80000,0x9f100000)
 ParOldGen       total 43008K, used 0K [0x73140000, 0x75b40000, 0x9dbc0000)
  object space 43008K, 0% used [0x73140000,0x73140000,0x75b40000)
 PSPermGen       total 16384K, used 4157K [0x6b140000, 0x6c140000, 0x73140000)
  object space 16384K, 25% used [0x6b140000,0x6b54f5b0,0x6c140000)
Event: 4.672 GC heap after
Heap after GC invocations=2 (full 0):
 PSYoungGen      total 19200K, used 2551K [0x9dbc0000, 0x9f100000, 0xb3140000)
  eden space 16640K, 0% used [0x9dbc0000,0x9dbc0000,0x9ec00000)
  from space 2560K, 99% used [0x9ee80000,0x9f0fdfc8,0x9f100000)
  to   space 2560K, 0% used [0x9ec00000,0x9ec00000,0x9ee80000)
 ParOldGen       total 43008K, used 1551K [0x73140000, 0x75b40000, 0x9dbc0000)
  object space 43008K, 3% used [0x73140000,0x732c3f88,0x75b40000)
 PSPermGen       total 16384K, used 4157K [0x6b140000, 0x6c140000, 0x73140000)
  object space 16384K, 25% used [0x6b140000,0x6b54f5b0,0x6c140000)
}
Event: 6.162 GC heap before
{Heap before GC invocations=3 (full 0):
 PSYoungGen      total 19200K, used 19191K [0x9dbc0000, 0x9f100000, 0xb3140000)
  eden space 16640K, 100% used [0x9dbc0000,0x9ec00000,0x9ec00000)
  from space 2560K, 99% used [0x9ee80000,0x9f0fdfc8,0x9f100000)
  to   space 2560K, 0% used [0x9ec00000,0x9ec00000,0x9ee80000)
 ParOldGen       total 43008K, used 1551K [0x73140000, 0x75b40000, 0x9dbc0000)
  object space 43008K, 3% used [0x73140000,0x732c3f88,0x75b40000)
 PSPermGen       total 16384K, used 4213K [0x6b140000, 0x6c140000, 0x73140000)
  object space 16384K, 25% used [0x6b140000,0x6b55d570,0x6c140000)
Event: 6.677 GC heap after
Heap after GC invocations=3 (full 0):
 PSYoungGen      total 19200K, used 2553K [0x9dbc0000, 0xa0140000, 0xb3140000)
  eden space 16640K, 0% used [0x9dbc0000,0x9dbc0000,0x9ec00000)
  from space 2560K, 99% used [0x9ec00000,0x9ee7e7c0,0x9ee80000)
  to   space 2560K, 0% used [0x9fec0000,0x9fec0000,0xa0140000)
 ParOldGen       total 43008K, used 4322K [0x73140000, 0x75b40000, 0x9dbc0000)
  object space 43008K, 10% used [0x73140000,0x735788e8,0x75b40000)
 PSPermGen       total 16384K, used 4213K [0x6b140000, 0x6c140000, 0x73140000)
  object space 16384K, 25% used [0x6b140000,0x6b55d570,0x6c140000)
}
Event: 8.447 GC heap before
{Heap before GC invocations=4 (full 0):
 PSYoungGen      total 19200K, used 19193K [0x9dbc0000, 0xa0140000, 0xb3140000)
  eden space 16640K, 100% used [0x9dbc0000,0x9ec00000,0x9ec00000)
  from space 2560K, 99% used [0x9ec00000,0x9ee7e7c0,0x9ee80000)
  to   space 2560K, 0% used [0x9fec0000,0x9fec0000,0xa0140000)
 ParOldGen       total 43008K, used 4322K [0x73140000, 0x75b40000, 0x9dbc0000)
  object space 43008K, 10% used [0x73140000,0x735788e8,0x75b40000)
 PSPermGen       total 16384K, used 4239K [0x6b140000, 0x6c140000, 0x73140000)
  object space 16384K, 25% used [0x6b140000,0x6b563d00,0x6c140000)
Event: 8.478 GC heap after
Heap after GC invocations=4 (full 0):
 PSYoungGen      total 35840K, used 2546K [0x9dbc0000, 0xa0140000, 0xb3140000)
  eden space 33280K, 0% used [0x9dbc0000,0x9dbc0000,0x9fc40000)
  from space 2560K, 99% used [0x9fec0000,0xa013cbc0,0xa0140000)
  to   space 2560K, 0% used [0x9fc40000,0x9fc40000,0x9fec0000)
 ParOldGen       total 43008K, used 7319K [0x73140000, 0x75b40000, 0x9dbc0000)
  object space 43008K, 17% used [0x73140000,0x73865c18,0x75b40000)
 PSPermGen       total 16384K, used 4239K [0x6b140000, 0x6c140000, 0x73140000)
  object space 16384K, 25% used [0x6b140000,0x6b563d00,0x6c140000)
}
Event: 11.121 GC heap before
{Heap before GC invocations=5 (full 0):
 PSYoungGen      total 35840K, used 35826K [0x9dbc0000, 0xa0140000, 0xb3140000)
  eden space 33280K, 100% used [0x9dbc0000,0x9fc40000,0x9fc40000)
  from space 2560K, 99% used [0x9fec0000,0xa013cbc0,0xa0140000)
  to   space 2560K, 0% used [0x9fc40000,0x9fc40000,0x9fec0000)
 ParOldGen       total 43008K, used 7319K [0x73140000, 0x75b40000, 0x9dbc0000)
  object space 43008K, 17% used [0x73140000,0x73865c18,0x75b40000)
 PSPermGen       total 16384K, used 4261K [0x6b140000, 0x6c140000, 0x73140000)
  object space 16384K, 26% used [0x6b140000,0x6b5696c0,0x6c140000)

Deoptimization events (7 events):
Event: 1.883 Thread 0xb6208400 Uncommon trap: reason=unstable_if action=reinterpret pc=0xb3249fb8 method=java.lang.String.indexOf(II)I @ 49
Event: 4.350 Thread 0x67143c00 Uncommon trap: reason=unstable_if action=reinterpret pc=0xb32651f0 method=com.android.dx.rop.code.RegisterSpec.equals(ILcom/android/dx/rop/type/TypeBearer;Lcom/android/dx/rop/code/LocalItem;)Z @ 42
Event: 4.682 Thread 0x67143c00 Uncommon trap: reason=unstable_if action=reinterpret pc=0xb3263cd8 method=com.android.dx.ssa.SsaRenamer$BlockRenamer.addMapping(ILcom/android/dx/rop/code/RegisterSpec;)V @ 120
Event: 7.649 Thread 0x67145400 Uncommon trap: reason=unstable_if action=reinterpret pc=0xb325d054 method=com.android.dx.rop.cst.Constant.compareTo(Lcom/android/dx/rop/cst/Constant;)I @ 12
Event: 8.261 Thread 0xb6208400 Uncommon trap: reason=null_check action=make_not_entrant pc=0xb328acd0 method=com.android.dx.rop.type.Type.putIntern(Lcom/android/dx/rop/type/Type;)Lcom/android/dx/rop/type/Type; @ 18
Event: 8.504 Thread 0x67145400 Uncommon trap: reason=unstable_if action=reinterpret pc=0xb329f3b4 method=com.android.dx.rop.code.RegisterSpecSet.localItemToSpec(Lcom/android/dx/rop/code/LocalItem;)Lcom/android/dx/rop/code/RegisterSpec; @ 35
Event: 9.602 Thread 0x67146400 Uncommon trap: reason=unstable_if action=reinterpret pc=0xb327b22c method=com.android.dx.util.IntList.binarysearch(I)I @ 105

Internal exceptions (10 events):
Event: 3.111 Thread 0x67140800 Threw 0x9dd17d50 at /build/openjdk-7-PdBaKN/openjdk-7-7u91-2.6.3/build/openjdk/hotspot/src/share/vm/prims/jvm.cpp:1322
Event: 3.188 Thread 0xb6208400 Threw 0x9ddfed28 at /build/openjdk-7-PdBaKN/openjdk-7-7u91-2.6.3/build/openjdk/hotspot/src/share/vm/prims/jvm.cpp:1322
Event: 3.281 Thread 0x67143c00 Threw 0x9dec8948 at /build/openjdk-7-PdBaKN/openjdk-7-7u91-2.6.3/build/openjdk/hotspot/src/share/vm/prims/jvm.cpp:1322
Event: 3.288 Thread 0x67145400 Threw 0x9de77210 at /build/openjdk-7-PdBaKN/openjdk-7-7u91-2.6.3/build/openjdk/hotspot/src/share/vm/prims/jvm.cpp:1322
Event: 3.674 Thread 0xb6208400 Threw 0x9e1bf7e8 at /build/openjdk-7-PdBaKN/openjdk-7-7u91-2.6.3/build/openjdk/hotspot/src/share/vm/prims/jvm.cpp:1322
Event: 3.694 Thread 0xb6208400 Threw 0x9e1d0888 at /build/openjdk-7-PdBaKN/openjdk-7-7u91-2.6.3/build/openjdk/hotspot/src/share/vm/prims/jvm.cpp:1322
Event: 5.227 Thread 0xb6208400 Threw 0x9e20bec8 at /build/openjdk-7-PdBaKN/openjdk-7-7u91-2.6.3/build/openjdk/hotspot/src/share/vm/prims/jvm.cpp:1322
Event: 8.261 Thread 0xb6208400 Implicit null exception at 0xb328a75a to 0xb328acc5
Event: 9.710 Thread 0x67146400 Threw 0x9eb7d3e8 at /build/openjdk-7-PdBaKN/openjdk-7-7u91-2.6.3/build/openjdk/hotspot/src/share/vm/prims/jvm.cpp:1322
Event: 10.088 Thread 0xb6208400 Threw 0x9f02e210 at /build/openjdk-7-PdBaKN/openjdk-7-7u91-2.6.3/build/openjdk/hotspot/src/share/vm/prims/jvm.cpp:1322

Events (10 events):
Event: 8.982 Thread 0x67aea400 flushing nmethod 0xb3264e88
Event: 9.602 Thread 0x67146400 Uncommon trap: trap_request=0xffffff75 fr.pc=0xb327b22c
Event: 9.637 Thread 0x67146400 DEOPT PACKING pc=0xb327b22c sp=0x66a43bf0
Event: 9.638 Thread 0x67146400 DEOPT UNPACKING pc=0xb322cbc8 sp=0x66a43bcc mode 2
Event: 9.710 loading class 0x6714afa0
Event: 9.710 loading class 0x6714afa0 done
Event: 10.088 loading class 0x67159e78
Event: 10.088 loading class 0x67159e78 done
Event: 10.806 Thread 0x67aea400 flushing nmethod 0xb32637c8
Event: 11.104 Executing VM operation: ParallelGCFailedAllocation


Dynamic libraries:
08048000-08049000 r-xp 00000000 08:01 804961     /usr/lib/jvm/java-7-openjdk-i386/jre/bin/java
08049000-0804a000 r--p 00000000 08:01 804961     /usr/lib/jvm/java-7-openjdk-i386/jre/bin/java
0804a000-0804b000 rw-p 00001000 08:01 804961     /usr/lib/jvm/java-7-openjdk-i386/jre/bin/java
09c86000-09d2d000 rw-p 00000000 00:00 0          [heap]
65c00000-65cf0000 rw-p 00000000 00:00 0 
65cf0000-65d00000 ---p 00000000 00:00 0 
65e00000-65efb000 rw-p 00000000 00:00 0 
65efb000-65f00000 ---p 00000000 00:00 0 
66000000-66100000 rw-p 00000000 00:00 0 
66100000-661f8000 rw-p 00000000 00:00 0 
661f8000-66200000 ---p 00000000 00:00 0 
66200000-662f0000 rw-p 00000000 00:00 0 
662f0000-66300000 ---p 00000000 00:00 0 
66300000-663fa000 rw-p 00000000 00:00 0 
663fa000-66400000 ---p 00000000 00:00 0 
66400000-664fa000 rw-p 00000000 00:00 0 
664fa000-66500000 ---p 00000000 00:00 0 
66500000-66600000 rw-p 00000000 00:00 0 
66600000-666f7000 rw-p 00000000 00:00 0 
666f7000-66700000 ---p 00000000 00:00 0 
66700000-667fa000 rw-p 00000000 00:00 0 
667fa000-66800000 ---p 00000000 00:00 0 
66800000-668fa000 rw-p 00000000 00:00 0 
668fa000-66900000 ---p 00000000 00:00 0 
669f4000-669f7000 ---p 00000000 00:00 0 
669f7000-66a45000 rw-p 00000000 00:00 0          [stack:16457]
66a45000-66a48000 ---p 00000000 00:00 0 
66a48000-66a96000 rw-p 00000000 00:00 0          [stack:16456]
66a96000-66a99000 ---p 00000000 00:00 0 
66a99000-66ae7000 rw-p 00000000 00:00 0          [stack:16455]
66ae7000-66aea000 ---p 00000000 00:00 0 
66aea000-66b38000 rw-p 00000000 00:00 0          [stack:16454]
66b38000-66b3b000 ---p 00000000 00:00 0 
66b3b000-66d4a000 rw-p 00000000 00:00 0          [stack:16453]
66d4a000-66dba000 r-xp 00000000 08:01 394656     /lib/i386-linux-gnu/libpcre.so.3.13.1
66dba000-66dbb000 r--p 0006f000 08:01 394656     /lib/i386-linux-gnu/libpcre.so.3.13.1
66dbb000-66dbc000 rw-p 00070000 08:01 394656     /lib/i386-linux-gnu/libpcre.so.3.13.1
66dbc000-66ee2000 r-xp 00000000 08:01 394573     /lib/i386-linux-gnu/libglib-2.0.so.0.4400.0
66ee2000-66ee3000 r--p 00125000 08:01 394573     /lib/i386-linux-gnu/libglib-2.0.so.0.4400.0
66ee3000-66ee4000 rw-p 00126000 08:01 394573     /lib/i386-linux-gnu/libglib-2.0.so.0.4400.0
66ee4000-66f3f000 r-xp 00000000 08:01 137385     /usr/lib/i386-linux-gnu/libgobject-2.0.so.0.4400.0
66f3f000-66f40000 r--p 0005b000 08:01 137385     /usr/lib/i386-linux-gnu/libgobject-2.0.so.0.4400.0
66f40000-66f41000 rw-p 0005c000 08:01 137385     /usr/lib/i386-linux-gnu/libgobject-2.0.so.0.4400.0
66f41000-670fa000 r-xp 00000000 08:01 137357     /usr/lib/i386-linux-gnu/libgio-2.0.so.0.4400.0
670fa000-670fd000 r--p 001b8000 08:01 137357     /usr/lib/i386-linux-gnu/libgio-2.0.so.0.4400.0
670fd000-670ff000 rw-p 001bb000 08:01 137357     /usr/lib/i386-linux-gnu/libgio-2.0.so.0.4400.0
670ff000-67100000 rw-p 00000000 00:00 0 
67100000-67174000 rw-p 00000000 00:00 0 
67174000-67200000 ---p 00000000 00:00 0 
67218000-6723c000 r-xp 00000000 08:01 394683     /lib/i386-linux-gnu/libselinux.so.1
6723c000-6723d000 r--p 00024000 08:01 394683     /lib/i386-linux-gnu/libselinux.so.1
6723d000-6723e000 rw-p 00025000 08:01 394683     /lib/i386-linux-gnu/libselinux.so.1
6723e000-6723f000 rw-p 00000000 00:00 0 
6723f000-67240000 ---p 00000000 00:00 0 
67240000-672c0000 rw-p 00000000 00:00 0          [stack:16451]
672c0000-672c3000 ---p 00000000 00:00 0 
672c3000-67311000 rw-p 00000000 00:00 0          [stack:16450]
67311000-67314000 ---p 00000000 00:00 0 
67314000-67392000 rw-p 00000000 00:00 0          [stack:16449]
67392000-67395000 ---p 00000000 00:00 0 
67395000-67413000 rw-p 00000000 00:00 0          [stack:16448]
67413000-6755a000 r-xp 00000000 08:01 136931     /usr/lib/i386-linux-gnu/libX11.so.6.3.0
6755a000-6755b000 r--p 00146000 08:01 136931     /usr/lib/i386-linux-gnu/libX11.so.6.3.0
6755b000-6755d000 rw-p 00147000 08:01 136931     /usr/lib/i386-linux-gnu/libX11.so.6.3.0
6755d000-6755e000 rw-p 00000000 00:00 0 
6755e000-67561000 ---p 00000000 00:00 0 
67561000-675af000 rw-p 00000000 00:00 0          [stack:16447]
675af000-677af000 r--p 00000000 08:01 143362     /usr/lib/locale/locale-archive
677af000-677b2000 ---p 00000000 00:00 0 
677b2000-67800000 rw-p 00000000 00:00 0          [stack:16446]
67800000-678ef000 rw-p 00000000 00:00 0 
678ef000-67900000 ---p 00000000 00:00 0 
67900000-67921000 rw-p 00000000 00:00 0 
67921000-67a00000 ---p 00000000 00:00 0 
67a00000-67b00000 rw-p 00000000 00:00 0 
67b04000-67b18000 r-xp 00000000 08:01 394679     /lib/i386-linux-gnu/libresolv-2.21.so
67b18000-67b1a000 r--p 00013000 08:01 394679     /lib/i386-linux-gnu/libresolv-2.21.so
67b1a000-67b1b000 rw-p 00015000 08:01 394679     /lib/i386-linux-gnu/libresolv-2.21.so
67b1b000-67b1d000 rw-p 00000000 00:00 0 
67b34000-67b4b000 r-xp 00000000 08:01 805027     /usr/lib/jvm/java-7-openjdk-i386/jre/lib/i386/libnet.so
67b4b000-67b4c000 r--p 00016000 08:01 805027     /usr/lib/jvm/java-7-openjdk-i386/jre/lib/i386/libnet.so
67b4c000-67b4d000 rw-p 00017000 08:01 805027     /usr/lib/jvm/java-7-openjdk-i386/jre/lib/i386/libnet.so
67b4d000-67b4e000 ---p 00000000 00:00 0 
67b4e000-67bce000 rw-p 00000000 00:00 0          [stack:16444]
67bce000-67d80000 r--s 01d2e000 08:01 804984     /usr/lib/jvm/java-7-openjdk-i386/jre/lib/rt.jar
67d80000-6a600000 rw-p 00000000 00:00 0 
6a600000-6a6f5000 rw-p 00000000 00:00 0 
6a6f5000-6a700000 ---p 00000000 00:00 0 
6a70c000-6a72c000 r-xp 00000000 08:01 138125     /usr/lib/i386-linux-gnu/libxcb.so.1.1.0
6a72c000-6a72d000 r--p 0001f000 08:01 138125     /usr/lib/i386-linux-gnu/libxcb.so.1.1.0
6a72d000-6a72e000 rw-p 00020000 08:01 138125     /usr/lib/i386-linux-gnu/libxcb.so.1.1.0
6a72e000-6a731000 ---p 00000000 00:00 0 
6a731000-6a77f000 rw-p 00000000 00:00 0          [stack:16445]
6a77f000-6a780000 ---p 00000000 00:00 0 
6a780000-6a800000 rw-p 00000000 00:00 0          [stack:16443]
6a800000-6a821000 rw-p 00000000 00:00 0 
6a821000-6a900000 ---p 00000000 00:00 0 
6a900000-6a921000 rw-p 00000000 00:00 0 
6a921000-6aa00000 ---p 00000000 00:00 0 
6aa02000-6aa09000 r-xp 00000000 08:01 137254     /usr/lib/i386-linux-gnu/libffi.so.6.0.4
6aa09000-6aa0b000 r--p 00006000 08:01 137254     /usr/lib/i386-linux-gnu/libffi.so.6.0.4
6aa0b000-6aa0c000 rw-p 00008000 08:01 137254     /usr/lib/i386-linux-gnu/libffi.so.6.0.4
6aa0c000-6aa1c000 r-xp 00000000 08:01 804991     /usr/lib/jvm/java-7-openjdk-i386/jre/lib/i386/libnio.so
6aa1c000-6aa1d000 r--p 00010000 08:01 804991     /usr/lib/jvm/java-7-openjdk-i386/jre/lib/i386/libnio.so
6aa1d000-6aa1e000 rw-p 00011000 08:01 804991     /usr/lib/jvm/java-7-openjdk-i386/jre/lib/i386/libnio.so
6aa1e000-6aa27000 r--s 00089000 08:01 941257     /home/student/test/Pedometer/app/build/intermediates/exploded-aar/com.android.support/appcompat-v7/23.1.1/jars/classes.jar
6aa27000-6aa36000 r--s 000df000 08:01 1068117    /home/student/Android/Sdk/build-tools/23.0.2/lib/dx.jar
6aa36000-6aa7f000 rw-p 00000000 00:00 0 
6aa7f000-6aa80000 ---p 00000000 00:00 0 
6aa80000-6ab00000 rw-p 00000000 00:00 0          [stack:16442]
6ab00000-6ab21000 rw-p 00000000 00:00 0 
6ab21000-6ac00000 ---p 00000000 00:00 0 
6ac00000-6ac03000 r-xp 00000000 08:01 137371     /usr/lib/i386-linux-gnu/libgmodule-2.0.so.0.4400.0
6ac03000-6ac04000 r--p 00002000 08:01 137371     /usr/lib/i386-linux-gnu/libgmodule-2.0.so.0.4400.0
6ac04000-6ac05000 rw-p 00003000 08:01 137371     /usr/lib/i386-linux-gnu/libgmodule-2.0.so.0.4400.0
6ac05000-6ac0a000 r-xp 00000000 08:01 136946     /usr/lib/i386-linux-gnu/libXdmcp.so.6.0.0
6ac0a000-6ac0b000 r--p 00004000 08:01 136946     /usr/lib/i386-linux-gnu/libXdmcp.so.6.0.0
6ac0b000-6ac0c000 rw-p 00005000 08:01 136946     /usr/lib/i386-linux-gnu/libXdmcp.so.6.0.0
6ac0c000-6ac67000 rw-p 00000000 00:00 0 
6ac67000-6ac68000 ---p 00000000 00:00 0 
6ac68000-6ace8000 rw-p 00000000 00:00 0          [stack:16441]
6ace8000-6ace9000 ---p 00000000 00:00 0 
6ace9000-6ad71000 rw-p 00000000 00:00 0          [stack:16440]
6ad71000-6ada9000 rw-p 00000000 00:00 0 
6ada9000-6adbe000 rw-p 00000000 00:00 0 
6adbe000-6aeff000 rw-p 00000000 00:00 0 
6aeff000-6af07000 rw-p 00000000 00:00 0 
6af07000-6af3f000 rw-p 00000000 00:00 0 
6af3f000-6af54000 rw-p 00000000 00:00 0 
6af54000-6b094000 rw-p 00000000 00:00 0 
6b094000-6b0a7000 rw-p 00000000 00:00 0 
6b0a7000-6b13f000 rw-p 00000000 00:00 0 
6b13f000-6c140000 rw-p 00000000 00:00 0 
6c140000-73140000 rw-p 00000000 00:00 0 
73140000-75b40000 rw-p 00000000 00:00 0 
75b40000-9dbc0000 rw-p 00000000 00:00 0 
9dbc0000-a0140000 rw-p 00000000 00:00 0 
a2e40000-b3140000 rw-p 00000000 00:00 0 
b3140000-b3149000 rw-p 00000000 00:00 0 
b3149000-b3200000 rw-p 00000000 00:00 0 
b3200000-b3440000 rwxp 00000000 00:00 0 
b3440000-b6300000 rw-p 00000000 00:00 0 
b6303000-b6305000 r-xp 00000000 08:01 136935     /usr/lib/i386-linux-gnu/libXau.so.6.0.0
b6305000-b6306000 r--p 00001000 08:01 136935     /usr/lib/i386-linux-gnu/libXau.so.6.0.0
b6306000-b6307000 rw-p 00002000 08:01 136935     /usr/lib/i386-linux-gnu/libXau.so.6.0.0
b6307000-b6309000 r-xp 00000000 08:01 141618     /usr/lib/jayatana/libjayatanaag.so
b6309000-b630a000 r--p 00001000 08:01 141618     /usr/lib/jayatana/libjayatanaag.so
b630a000-b630b000 rw-p 00002000 08:01 141618     /usr/lib/jayatana/libjayatanaag.so
b630b000-b630c000 r--s 00000000 08:01 414147     /usr/share/java/jayatanaag.jar
b630c000-b6310000 r--s 00085000 08:01 804976     /usr/lib/jvm/java-7-openjdk-i386/jre/lib/ext/localedata.jar
b6310000-b6314000 r--s 00034000 08:01 804978     /usr/lib/jvm/java-7-openjdk-i386/jre/lib/ext/sunjce_provider.jar
b6314000-b6318000 r--s 0003c000 08:01 804979     /usr/lib/jvm/java-7-openjdk-i386/jre/lib/ext/sunpkcs11.jar
b6318000-b6333000 rw-p 00000000 00:00 0 
b6333000-b633f000 r-xp 00000000 08:01 394626     /lib/i386-linux-gnu/libnss_files-2.21.so
b633f000-b6340000 r--p 0000b000 08:01 394626     /lib/i386-linux-gnu/libnss_files-2.21.so
b6340000-b6341000 rw-p 0000c000 08:01 394626     /lib/i386-linux-gnu/libnss_files-2.21.so
b6341000-b634c000 r-xp 00000000 08:01 394636     /lib/i386-linux-gnu/libnss_nis-2.21.so
b634c000-b634d000 r--p 0000a000 08:01 394636     /lib/i386-linux-gnu/libnss_nis-2.21.so
b634d000-b634e000 rw-p 0000b000 08:01 394636     /lib/i386-linux-gnu/libnss_nis-2.21.so
b634e000-b6365000 r-xp 00000000 08:01 394620     /lib/i386-linux-gnu/libnsl-2.21.so
b6365000-b6366000 r--p 00016000 08:01 394620     /lib/i386-linux-gnu/libnsl-2.21.so
b6366000-b6367000 rw-p 00017000 08:01 394620     /lib/i386-linux-gnu/libnsl-2.21.so
b6367000-b6369000 rw-p 00000000 00:00 0 
b6369000-b6371000 r-xp 00000000 08:01 394622     /lib/i386-linux-gnu/libnss_compat-2.21.so
b6371000-b6372000 r--p 00007000 08:01 394622     /lib/i386-linux-gnu/libnss_compat-2.21.so
b6372000-b6373000 rw-p 00008000 08:01 394622     /lib/i386-linux-gnu/libnss_compat-2.21.so
b6373000-b6376000 r--s 0000f000 08:01 804977     /usr/lib/jvm/java-7-openjdk-i386/jre/lib/ext/icedtea-sound.jar
b6376000-b6378000 r--s 00012000 08:01 804975     /usr/lib/jvm/java-7-openjdk-i386/jre/lib/ext/zipfs.jar
b6378000-b6380000 r-xp 00000000 08:01 804995     /usr/lib/jvm/java-7-openjdk-i386/jre/lib/i386/libzip.so
b6380000-b6381000 r--p 00007000 08:01 804995     /usr/lib/jvm/java-7-openjdk-i386/jre/lib/i386/libzip.so
b6381000-b6382000 rw-p 00008000 08:01 804995     /usr/lib/jvm/java-7-openjdk-i386/jre/lib/i386/libzip.so
b6382000-b638a000 rw-s 00000000 08:01 429260     /tmp/hsperfdata_student/16434
b638a000-b6394000 r-xp 00000000 08:01 805017     /usr/lib/jvm/java-7-openjdk-i386/jre/lib/i386/libinstrument.so
b6394000-b6395000 r--p 00009000 08:01 805017     /usr/lib/jvm/java-7-openjdk-i386/jre/lib/i386/libinstrument.so
b6395000-b6396000 rw-p 0000a000 08:01 805017     /usr/lib/jvm/java-7-openjdk-i386/jre/lib/i386/libinstrument.so
b6396000-b63bc000 r-xp 00000000 08:01 805003     /usr/lib/jvm/java-7-openjdk-i386/jre/lib/i386/libjava.so
b63bc000-b63bd000 r--p 00025000 08:01 805003     /usr/lib/jvm/java-7-openjdk-i386/jre/lib/i386/libjava.so
b63bd000-b63be000 rw-p 00026000 08:01 805003     /usr/lib/jvm/java-7-openjdk-i386/jre/lib/i386/libjava.so
b63be000-b63c5000 r-xp 00000000 08:01 394681     /lib/i386-linux-gnu/librt-2.21.so
b63c5000-b63c6000 r--p 00006000 08:01 394681     /lib/i386-linux-gnu/librt-2.21.so
b63c6000-b63c7000 rw-p 00007000 08:01 394681     /lib/i386-linux-gnu/librt-2.21.so
b63c7000-b63ca000 ---p 00000000 00:00 0 
b63ca000-b6418000 rw-p 00000000 00:00 0          [stack:16436]
b6418000-b6434000 r-xp 00000000 08:01 394569     /lib/i386-linux-gnu/libgcc_s.so.1
b6434000-b6435000 rw-p 0001b000 08:01 394569     /lib/i386-linux-gnu/libgcc_s.so.1
b6435000-b6480000 r-xp 00000000 08:01 394599     /lib/i386-linux-gnu/libm-2.21.so
b6480000-b6481000 r--p 0004a000 08:01 394599     /lib/i386-linux-gnu/libm-2.21.so
b6481000-b6482000 rw-p 0004b000 08:01 394599     /lib/i386-linux-gnu/libm-2.21.so
b6482000-b656b000 r-xp 00000000 08:01 137921     /usr/lib/i386-linux-gnu/libstdc++.so.6.0.20
b656b000-b656f000 r--p 000e9000 08:01 137921     /usr/lib/i386-linux-gnu/libstdc++.so.6.0.20
b656f000-b6570000 rw-p 000ed000 08:01 137921     /usr/lib/i386-linux-gnu/libstdc++.so.6.0.20
b6570000-b6577000 rw-p 00000000 00:00 0 
b6577000-b70ca000 r-xp 00000000 08:01 805013     /usr/lib/jvm/java-7-openjdk-i386/jre/lib/i386/server/libjvm.so
b70ca000-b711e000 r--p 00b52000 08:01 805013     /usr/lib/jvm/java-7-openjdk-i386/jre/lib/i386/server/libjvm.so
b711e000-b7132000 rw-p 00ba6000 08:01 805013     /usr/lib/jvm/java-7-openjdk-i386/jre/lib/i386/server/libjvm.so
b7132000-b7551000 rw-p 00000000 00:00 0 
b7551000-b756a000 r-xp 00000000 08:01 394714     /lib/i386-linux-gnu/libz.so.1.2.8
b756a000-b756b000 r--p 00019000 08:01 394714     /lib/i386-linux-gnu/libz.so.1.2.8
b756b000-b756c000 rw-p 0001a000 08:01 394714     /lib/i386-linux-gnu/libz.so.1.2.8
b756c000-b7585000 r-xp 00000000 08:01 394673     /lib/i386-linux-gnu/libpthread-2.21.so
b7585000-b7586000 r--p 00018000 08:01 394673     /lib/i386-linux-gnu/libpthread-2.21.so
b7586000-b7587000 rw-p 00019000 08:01 394673     /lib/i386-linux-gnu/libpthread-2.21.so
b7587000-b7589000 rw-p 00000000 00:00 0 
b7589000-b758c000 r-xp 00000000 08:01 394557     /lib/i386-linux-gnu/libdl-2.21.so
b758c000-b758d000 r--p 00002000 08:01 394557     /lib/i386-linux-gnu/libdl-2.21.so
b758d000-b758e000 rw-p 00003000 08:01 394557     /lib/i386-linux-gnu/libdl-2.21.so
b758e000-b7742000 r-xp 00000000 08:01 394540     /lib/i386-linux-gnu/libc-2.21.so
b7742000-b7745000 r--p 001b3000 08:01 394540     /lib/i386-linux-gnu/libc-2.21.so
b7745000-b7747000 rw-p 001b6000 08:01 394540     /lib/i386-linux-gnu/libc-2.21.so
b7747000-b7749000 rw-p 00000000 00:00 0 
b7749000-b774a000 r--s 00002000 08:01 804980     /usr/lib/jvm/java-7-openjdk-i386/jre/lib/ext/dnsns.jar
b774a000-b774c000 r--s 00006000 08:01 399091     /usr/share/java/java-atk-wrapper.jar
b774c000-b774d000 r--p 005e0000 08:01 143362     /usr/lib/locale/locale-archive
b774d000-b774e000 rw-p 00000000 00:00 0 
b774e000-b774f000 ---p 00000000 00:00 0 
b774f000-b775d000 r-xp 00000000 08:01 805022     /usr/lib/jvm/java-7-openjdk-i386/jre/lib/i386/libverify.so
b775d000-b775f000 r--p 0000d000 08:01 805022     /usr/lib/jvm/java-7-openjdk-i386/jre/lib/i386/libverify.so
b775f000-b7760000 rw-p 0000f000 08:01 805022     /usr/lib/jvm/java-7-openjdk-i386/jre/lib/i386/libverify.so
b7760000-b776c000 r-xp 00000000 08:01 805024     /usr/lib/jvm/java-7-openjdk-i386/jre/lib/i386/jli/libjli.so
b776c000-b776d000 r--p 0000b000 08:01 805024     /usr/lib/jvm/java-7-openjdk-i386/jre/lib/i386/jli/libjli.so
b776d000-b776e000 rw-p 0000c000 08:01 805024     /usr/lib/jvm/java-7-openjdk-i386/jre/lib/i386/jli/libjli.so
b776e000-b7771000 rw-p 00000000 00:00 0 
b7771000-b7773000 r--p 00000000 00:00 0          [vvar]
b7773000-b7774000 r-xp 00000000 00:00 0          [vdso]
b7774000-b7796000 r-xp 00000000 08:01 394512     /lib/i386-linux-gnu/ld-2.21.so
b7796000-b7797000 r--p 00021000 08:01 394512     /lib/i386-linux-gnu/ld-2.21.so
b7797000-b7798000 rw-p 00022000 08:01 394512     /lib/i386-linux-gnu/ld-2.21.so
bf8d8000-bf8d9000 rwxp 00000000 00:00 0 
bf90a000-bf92c000 rw-p 00000000 00:00 0          [stack]

VM Arguments:
jvm_args: -javaagent:/usr/share/java/jayatanaag.jar -Djava.awt.headless=true -Xmx1024M -Dfile.encoding=UTF-8 -Duser.country=US -Duser.language=en -Duser.variant 
java_command: com.android.dx.command.Main --dex --num-threads=4 --multi-dex --output /home/student/test/Pedometer/app/build/intermediates/transforms/dex/debug/folders/1000/10/com.android.support-appcompat-v7-23.1.1_e2de87a59e53f0e284a70814a1dc4fff482f1405 /home/student/test/Pedometer/app/build/intermediates/exploded-aar/com.android.support/appcompat-v7/23.1.1/jars/classes.jar
Launcher Type: SUN_STANDARD

Environment Variables:
JAVA_TOOL_OPTIONS=-javaagent:/usr/share/java/jayatanaag.jar 
PATH=/home/student/.linuxbrew/bin:/usr/local/sbin:/usr/local/bin:/usr/sbin:/usr/bin:/sbin:/bin:/usr/games:/usr/local/games:/etc/android-studio/bin/:/home/student/Android/Sdk/platform-tools:/home/student/Android/Sdk/tools
LD_LIBRARY_PATH=/etc/android-studio/bin:
SHELL=/bin/bash
DISPLAY=:0

Signal Handlers:
SIGSEGV: [libjvm.so+0x7f7d00], sa_mask[0]=0x7ffbfeff, sa_flags=0x10000004
SIGBUS: [libjvm.so+0x7f7d00], sa_mask[0]=0x7ffbfeff, sa_flags=0x10000004
SIGFPE: [libjvm.so+0x67a9d0], sa_mask[0]=0x7ffbfeff, sa_flags=0x10000004
SIGPIPE: [libjvm.so+0x67a9d0], sa_mask[0]=0x7ffbfeff, sa_flags=0x10000004
SIGXFSZ: [libjvm.so+0x67a9d0], sa_mask[0]=0x7ffbfeff, sa_flags=0x10000004
SIGILL: [libjvm.so+0x67a9d0], sa_mask[0]=0x7ffbfeff, sa_flags=0x10000004
SIGUSR1: SIG_DFL, sa_mask[0]=0x00000000, sa_flags=0x00000000
SIGUSR2: [libjvm.so+0x67a820], sa_mask[0]=0x00000004, sa_flags=0x10000004
SIGHUP: [libjvm.so+0x67aa80], sa_mask[0]=0x7ffbfeff, sa_flags=0x10000004
SIGINT: [libjvm.so+0x67aa80], sa_mask[0]=0x7ffbfeff, sa_flags=0x10000004
SIGTERM: [libjvm.so+0x67aa80], sa_mask[0]=0x7ffbfeff, sa_flags=0x10000004
SIGQUIT: [libjvm.so+0x67aa80], sa_mask[0]=0x7ffbfeff, sa_flags=0x10000004
SIGTRAP: SIG_DFL, sa_mask[0]=0x00000000, sa_flags=0x00000000


---------------  S Y S T E M  ---------------

OS:Ubuntu 15.04 (vivid)
uname:Linux 3.19.0-18-generic #18-Ubuntu SMP Tue May 19 18:30:59 UTC 2015 i686
libc:glibc 2.21 NPTL 2.21 
rlimit: STACK 8192k, CORE 0k, NPROC 32177, NOFILE 65536, AS infinity
load average:4.73 2.61 1.82

/proc/meminfo:
MemTotal:        4139540 kB
MemFree:          214996 kB
MemAvailable:     167776 kB
Buffers:            9216 kB
Cached:           102352 kB
SwapCached:            0 kB
Active:          3565076 kB
Inactive:          67472 kB
Active(anon):    3522184 kB
Inactive(anon):    37412 kB
Active(file):      42892 kB
Inactive(file):    30060 kB
Unevictable:          32 kB
Mlocked:              32 kB
HighTotal:       3280776 kB
HighFree:          39408 kB
LowTotal:         858764 kB
LowFree:          175588 kB
SwapTotal:             0 kB
SwapFree:              0 kB
Dirty:               616 kB
Writeback:             0 kB
AnonPages:       3521008 kB
Mapped:            72604 kB
Shmem:             38572 kB
Slab:              47436 kB
SReclaimable:      21924 kB
SUnreclaim:        25512 kB
KernelStack:        5376 kB
PageTables:        15020 kB
NFS_Unstable:          0 kB
Bounce:                0 kB
WritebackTmp:          0 kB
CommitLimit:     2069768 kB
Committed_AS:    6646416 kB
VmallocTotal:     122880 kB
VmallocUsed:       23328 kB
VmallocChunk:      46892 kB
AnonHugePages:   2734080 kB
CmaTotal:              0 kB
CmaFree:               0 kB
HugePages_Total:       0
HugePages_Free:        0
HugePages_Rsvd:        0
HugePages_Surp:        0
Hugepagesize:       2048 kB
DirectMap4k:       59384 kB
DirectMap2M:      854016 kB


CPU:total 4 (1 cores per cpu, 1 threads per core) family 6 model 58 stepping 9, cmov, cx8, fxsr, mmx, sse, sse2, sse3, ssse3, sse4.1, sse4.2, popcnt, avx, aes, erms, tsc, tscinvbit, tscinv

/proc/cpuinfo:
processor	: 0
vendor_id	: GenuineIntel
cpu family	: 6
model		: 58
model name	: Intel(R) Core(TM) i5-3210M CPU @ 2.50GHz
stepping	: 9
microcode	: 0x15
cpu MHz		: 2494.111
cache size	: 3072 KB
physical id	: 0
siblings	: 1
core id		: 0
cpu cores	: 1
apicid		: 0
initial apicid	: 0
fdiv_bug	: no
f00f_bug	: no
coma_bug	: no
fpu		: yes
fpu_exception	: yes
cpuid level	: 13
wp		: yes
flags		: fpu vme de pse tsc msr pae mce cx8 apic sep mtrr pge mca cmov pat pse36 clflush dts mmx fxsr sse sse2 ss nx rdtscp lm constant_tsc arch_perfmon pebs bts xtopology tsc_reliable nonstop_tsc aperfmperf pni pclmulqdq ssse3 cx16 pcid sse4_1 sse4_2 x2apic popcnt tsc_deadline_timer aes xsave avx f16c rdrand hypervisor lahf_lm ida arat epb pln pts dtherm fsgsbase tsc_adjust smep
bugs		:
bogomips	: 4988.22
clflush size	: 64
cache_alignment	: 64
address sizes	: 42 bits physical, 48 bits virtual
power management:

processor	: 1
vendor_id	: GenuineIntel
cpu family	: 6
model		: 58
model name	: Intel(R) Core(TM) i5-3210M CPU @ 2.50GHz
stepping	: 9
microcode	: 0x15
cpu MHz		: 2494.111
cache size	: 3072 KB
physical id	: 2
siblings	: 1
core id		: 0
cpu cores	: 1
apicid		: 2
initial apicid	: 2
fdiv_bug	: no
f00f_bug	: no
coma_bug	: no
fpu		: yes
fpu_exception	: yes
cpuid level	: 13
wp		: yes
flags		: fpu vme de pse tsc msr pae mce cx8 apic sep mtrr pge mca cmov pat pse36 clflush dts mmx fxsr sse sse2 ss nx rdtscp lm constant_tsc arch_perfmon pebs bts xtopology tsc_reliable nonstop_tsc aperfmperf pni pclmulqdq ssse3 cx16 pcid sse4_1 sse4_2 x2apic popcnt tsc_deadline_timer aes xsave avx f16c rdrand hypervisor lahf_lm ida arat epb pln pts dtherm fsgsbase tsc_adjust smep
bugs		:
bogomips	: 4988.22
clflush size	: 64
cache_alignment	: 64
address sizes	: 42 bits physical, 48 bits virtual
power management:

processor	: 2
vendor_id	: GenuineIntel
cpu family	: 6
model		: 58
model name	: Intel(R) Core(TM) i5-3210M CPU @ 2.50GHz
stepping	: 9
microcode	: 0x15
cpu MHz		: 2494.111
cache size	: 3072 KB
physical id	: 4
siblings	: 1
core id		: 0
cpu cores	: 1
apicid		: 4
initial apicid	: 4
fdiv_bug	: no
f00f_bug	: no
coma_bug	: no
fpu		: yes
fpu_exception	: yes
cpuid level	: 13
wp		: yes
flags		: fpu vme de pse tsc msr pae mce cx8 apic sep mtrr pge mca cmov pat pse36 clflush dts mmx fxsr sse sse2 ss nx rdtscp lm constant_tsc arch_perfmon pebs bts xtopology tsc_reliable nonstop_tsc aperfmperf pni pclmulqdq ssse3 cx16 pcid sse4_1 sse4_2 x2apic popcnt tsc_deadline_timer aes xsave avx f16c rdrand hypervisor lahf_lm ida arat epb pln pts dtherm fsgsbase tsc_adjust smep
bugs		:
bogomips	: 4988.22
clflush size	: 64
cache_alignment	: 64
address sizes	: 42 bits physical, 48 bits virtual
power management:

processor	: 3
vendor_id	: GenuineIntel
cpu family	: 6
model		: 58
model name	: Intel(R) Core(TM) i5-3210M CPU @ 2.50GHz
stepping	: 9
microcode	: 0x15
cpu MHz		: 2494.111
cache size	: 3072 KB
physical id	: 6
siblings	: 1
core id		: 0
cpu cores	: 1
apicid		: 6
initial apicid	: 6
fdiv_bug	: no
f00f_bug	: no
coma_bug	: no
fpu		: yes
fpu_exception	: yes
cpuid level	: 13
wp		: yes
flags		: fpu vme de pse tsc msr pae mce cx8 apic sep mtrr pge mca cmov pat pse36 clflush dts mmx fxsr sse sse2 ss nx rdtscp lm constant_tsc arch_perfmon pebs bts xtopology tsc_reliable nonstop_tsc aperfmperf pni pclmulqdq ssse3 cx16 pcid sse4_1 sse4_2 x2apic popcnt tsc_deadline_timer aes xsave avx f16c rdrand hypervisor lahf_lm ida arat epb pln pts dtherm fsgsbase tsc_adjust smep
bugs		:
bogomips	: 4988.22
clflush size	: 64
cache_alignment	: 64
address sizes	: 42 bits physical, 48 bits virtual
power management:



Memory: 4k page, physical 4139540k(214872k free), swap 0k(0k free)

vm_info: OpenJDK Server VM (24.91-b01) for linux-x86 JRE (1.7.0_91-b02), built on Nov 19 2015 06:25:06 by "buildd" with gcc 4.9.2

time: Sun May  1 14:22:15 2016
elapsed time: 11 seconds

