#
# There is insufficient memory for the Java Runtime Environment to continue.
# Native memory allocation (malloc) failed to allocate 929776 bytes for Chunk::new
# Possible reasons:
#   The system is out of physical RAM or swap space
#   In 32 bit mode, the process size limit was hit
# Possible solutions:
#   Reduce memory load on the system
#   Increase physical memory or swap space
#   Check if swap backing store is full
#   Use 64 bit Java on a 64 bit OS
#   Decrease Java heap size (-Xmx/-Xms)
#   Decrease number of Java threads
#   Decrease Java thread stack sizes (-Xss)
#   Set larger code cache with -XX:ReservedCodeCacheSize=
# This output file may be truncated or incomplete.
#
#  Out of Memory Error (allocation.cpp:326), pid=12964, tid=1731795776
#
# JRE version: OpenJDK Runtime Environment (7.0_91-b02) (build 1.7.0_91-b02)
# Java VM: OpenJDK Server VM (24.91-b01 mixed mode linux-x86 )
# Derivative: IcedTea 2.6.3
# Distribution: Ubuntu 15.04, package 7u91-2.6.3-0ubuntu0.15.04.1
# Failed to write core dump. Core dumps have been disabled. To enable core dumping, try "ulimit -c unlimited" before starting Java again
#

---------------  T H R E A D  ---------------

Current thread (0x67aec800):  JavaThread "C2 CompilerThread1" daemon [_thread_in_native, id=12984, stack(0x67311000,0x67392000)]

Stack: [0x67311000,0x67392000]

Current CompileTask:
C2:  18859  398   !         com.android.dx.cf.cst.ConstantPoolParser::parse0 (731 bytes)


---------------  P R O C E S S  ---------------

Java Threads: ( => current thread )
  0x67151400 JavaThread "pool-1-thread-4" [_thread_in_vm, id=13010, stack(0x669db000,0x66a2c000)]
  0x67150000 JavaThread "pool-1-thread-3" [_thread_in_vm, id=13009, stack(0x66a2c000,0x66a7d000)]
  0x6714f800 JavaThread "pool-1-thread-2" [_thread_in_Java, id=13008, stack(0x66a7d000,0x66ace000)]
  0x67143c00 JavaThread "pool-2-thread-1" [_thread_blocked, id=13007, stack(0x66ace000,0x66b1f000)]
  0x67141800 JavaThread "pool-1-thread-1" [_thread_in_vm, id=13006, stack(0x66b1f000,0x66b70000)]
  0x67aee800 JavaThread "Service Thread" daemon [_thread_blocked, id=12985, stack(0x672c0000,0x67311000)]
=>0x67aec800 JavaThread "C2 CompilerThread1" daemon [_thread_in_native, id=12984, stack(0x67311000,0x67392000)]
  0x67aeb400 JavaThread "C2 CompilerThread0" daemon [_thread_in_native, id=12983, stack(0x67392000,0x67413000)]
  0x67a98400 JavaThread "Signal Dispatcher" daemon [_thread_blocked, id=12982, stack(0x6755e000,0x675af000)]
  0x67a85400 JavaThread "Finalizer" daemon [_thread_blocked, id=12981, stack(0x677af000,0x67800000)]
  0x67a83c00 JavaThread "Reference Handler" daemon [_thread_blocked, id=12980, stack(0x6a72e000,0x6a77f000)]
  0xb6208400 JavaThread "main" [_thread_in_Java, id=12969, stack(0xb639f000,0xb63f0000)]

Other Threads:
  0x67a81400 VMThread [stack: 0x67b4d000,0x67bce000] [id=12979]
  0x67af0800 WatcherThread [stack: 0x6723f000,0x672c0000] [id=12986]

VM state:not at safepoint (normal execution)

VM Mutex/Monitor currently owned by a thread: None

Heap
 PSYoungGen      total 144128K, used 49918K [0x9dbc0000, 0xa7e40000, 0xb3140000)
  eden space 130304K, 27% used [0x9dbc0000,0x9ff02ba0,0xa5b00000)
  from space 13824K, 99% used [0xa6b40000,0xa78bce08,0xa78c0000)
  to   space 16640K, 0% used [0xa5b00000,0xa5b00000,0xa6b40000)
 ParOldGen       total 43008K, used 22376K [0x73140000, 0x75b40000, 0x9dbc0000)
  object space 43008K, 52% used [0x73140000,0x7471a160,0x75b40000)
 PSPermGen       total 16384K, used 4313K [0x6b140000, 0x6c140000, 0x73140000)
  object space 16384K, 26% used [0x6b140000,0x6b576438,0x6c140000)

Card table byte_map: [0x6aeff000,0x6b140000] byte_map_base: 0x6aba6600

Polling page: 0xb7726000

Code Cache  [0xb3200000, 0xb3440000, 0xb6200000)
 total_blobs=502 nmethods=379 adapters=76 free_code_cache=47707Kb largest_free_block=48800256

Compilation events (10 events):
Event: 17.988 Thread 0x67aec800 nmethod 393 0xb32c6088 code [0xb32c6180, 0xb32c6210]
Event: 17.988 Thread 0x67aec800  394             java.util.Collections$UnmodifiableList::<init> (11 bytes)
Event: 17.989 Thread 0x67aec800 nmethod 394 0xb3298388 code [0xb3298480, 0xb3298510]
Event: 17.989 Thread 0x67aec800  395             java.util.Arrays::copyOf (19 bytes)
Event: 18.005 Thread 0x67aec800 nmethod 395 0xb32c5cc8 code [0xb32c5dc0, 0xb32c5f90]
Event: 18.005 Thread 0x67aec800  396             com.android.dx.ssa.SsaRenamer$BlockRenamer::processResultReg (56 bytes)
Event: 18.010 Thread 0x67aec800 nmethod 396 0xb32c5888 code [0xb32c59a0, 0xb32c5ac4]
Event: 18.011 Thread 0x67aec800  397             com.android.dx.rop.cst.Constant::<init> (5 bytes)
Event: 18.011 Thread 0x67aec800 nmethod 397 0xb32c5708 code [0xb32c57e0, 0xb32c5830]
Event: 18.011 Thread 0x67aec800  398   !         com.android.dx.cf.cst.ConstantPoolParser::parse0 (731 bytes)

GC Heap History (10 events):
Event: 3.008 GC heap before
{Heap before GC invocations=2 (full 0):
 PSYoungGen      total 19200K, used 19194K [0x9dbc0000, 0xa0140000, 0xb3140000)
  eden space 16640K, 100% used [0x9dbc0000,0x9ec00000,0x9ec00000)
  from space 2560K, 99% used [0x9ec00000,0x9ee7ead0,0x9ee80000)
  to   space 2560K, 0% used [0x9fec0000,0x9fec0000,0xa0140000)
 ParOldGen       total 43008K, used 278K [0x73140000, 0x75b40000, 0x9dbc0000)
  object space 43008K, 0% used [0x73140000,0x73185890,0x75b40000)
 PSPermGen       total 16384K, used 4177K [0x6b140000, 0x6c140000, 0x73140000)
  object space 16384K, 25% used [0x6b140000,0x6b554580,0x6c140000)
Event: 3.029 GC heap after
Heap after GC invocations=2 (full 0):
 PSYoungGen      total 35840K, used 2549K [0x9dbc0000, 0xa0140000, 0xb3140000)
  eden space 33280K, 0% used [0x9dbc0000,0x9dbc0000,0x9fc40000)
  from space 2560K, 99% used [0x9fec0000,0xa013d7c8,0xa0140000)
  to   space 2560K, 0% used [0x9fc40000,0x9fc40000,0x9fec0000)
 ParOldGen       total 43008K, used 1786K [0x73140000, 0x75b40000, 0x9dbc0000)
  object space 43008K, 4% used [0x73140000,0x732fe8a8,0x75b40000)
 PSPermGen       total 16384K, used 4177K [0x6b140000, 0x6c140000, 0x73140000)
  object space 16384K, 25% used [0x6b140000,0x6b554580,0x6c140000)
}
Event: 7.995 GC heap before
{Heap before GC invocations=3 (full 0):
 PSYoungGen      total 35840K, used 35829K [0x9dbc0000, 0xa0140000, 0xb3140000)
  eden space 33280K, 100% used [0x9dbc0000,0x9fc40000,0x9fc40000)
  from space 2560K, 99% used [0x9fec0000,0xa013d7c8,0xa0140000)
  to   space 2560K, 0% used [0x9fc40000,0x9fc40000,0x9fec0000)
 ParOldGen       total 43008K, used 1786K [0x73140000, 0x75b40000, 0x9dbc0000)
  object space 43008K, 4% used [0x73140000,0x732fe8a8,0x75b40000)
 PSPermGen       total 16384K, used 4238K [0x6b140000, 0x6c140000, 0x73140000)
  object space 16384K, 25% used [0x6b140000,0x6b563838,0x6c140000)
Event: 8.064 GC heap after
Heap after GC invocations=3 (full 0):
 PSYoungGen      total 35840K, used 2554K [0x9dbc0000, 0xa21c0000, 0xb3140000)
  eden space 33280K, 0% used [0x9dbc0000,0x9dbc0000,0x9fc40000)
  from space 2560K, 99% used [0x9fc40000,0x9febe930,0x9fec0000)
  to   space 2560K, 0% used [0xa1f40000,0xa1f40000,0xa21c0000)
 ParOldGen       total 43008K, used 7144K [0x73140000, 0x75b40000, 0x9dbc0000)
  object space 43008K, 16% used [0x73140000,0x7383a0d0,0x75b40000)
 PSPermGen       total 16384K, used 4238K [0x6b140000, 0x6c140000, 0x73140000)
  object space 16384K, 25% used [0x6b140000,0x6b563838,0x6c140000)
}
Event: 10.438 GC heap before
{Heap before GC invocations=4 (full 0):
 PSYoungGen      total 35840K, used 35834K [0x9dbc0000, 0xa21c0000, 0xb3140000)
  eden space 33280K, 100% used [0x9dbc0000,0x9fc40000,0x9fc40000)
  from space 2560K, 99% used [0x9fc40000,0x9febe930,0x9fec0000)
  to   space 2560K, 0% used [0xa1f40000,0xa1f40000,0xa21c0000)
 ParOldGen       total 43008K, used 7144K [0x73140000, 0x75b40000, 0x9dbc0000)
  object space 43008K, 16% used [0x73140000,0x7383a0d0,0x75b40000)
 PSPermGen       total 16384K, used 4261K [0x6b140000, 0x6c140000, 0x73140000)
  object space 16384K, 26% used [0x6b140000,0x6b5694a8,0x6c140000)
Event: 10.572 GC heap after
Heap after GC invocations=4 (full 0):
 PSYoungGen      total 69120K, used 2553K [0x9dbc0000, 0xa21c0000, 0xb3140000)
  eden space 66560K, 0% used [0x9dbc0000,0x9dbc0000,0xa1cc0000)
  from space 2560K, 99% used [0xa1f40000,0xa21be518,0xa21c0000)
  to   space 2560K, 0% used [0xa1cc0000,0xa1cc0000,0xa1f40000)
 ParOldGen       total 43008K, used 12473K [0x73140000, 0x75b40000, 0x9dbc0000)
  object space 43008K, 29% used [0x73140000,0x73d6e4d8,0x75b40000)
 PSPermGen       total 16384K, used 4261K [0x6b140000, 0x6c140000, 0x73140000)
  object space 16384K, 26% used [0x6b140000,0x6b5694a8,0x6c140000)
}
Event: 14.183 GC heap before
{Heap before GC invocations=5 (full 0):
 PSYoungGen      total 69120K, used 69113K [0x9dbc0000, 0xa21c0000, 0xb3140000)
  eden space 66560K, 100% used [0x9dbc0000,0xa1cc0000,0xa1cc0000)
  from space 2560K, 99% used [0xa1f40000,0xa21be518,0xa21c0000)
  to   space 2560K, 0% used [0xa1cc0000,0xa1cc0000,0xa1f40000)
 ParOldGen       total 43008K, used 12473K [0x73140000, 0x75b40000, 0x9dbc0000)
  object space 43008K, 29% used [0x73140000,0x73d6e4d8,0x75b40000)
 PSPermGen       total 16384K, used 4289K [0x6b140000, 0x6c140000, 0x73140000)
  object space 16384K, 26% used [0x6b140000,0x6b570708,0x6c140000)
Event: 14.316 GC heap after
Heap after GC invocations=5 (full 0):
 PSYoungGen      total 69120K, used 2549K [0x9dbc0000, 0xa78c0000, 0xb3140000)
  eden space 66560K, 0% used [0x9dbc0000,0x9dbc0000,0xa1cc0000)
  from space 2560K, 99% used [0xa1cc0000,0xa1f3d698,0xa1f40000)
  to   space 13824K, 0% used [0xa6b40000,0xa6b40000,0xa78c0000)
 ParOldGen       total 43008K, used 22284K [0x73140000, 0x75b40000, 0x9dbc0000)
  object space 43008K, 51% used [0x73140000,0x74703398,0x75b40000)
 PSPermGen       total 16384K, used 4289K [0x6b140000, 0x6c140000, 0x73140000)
  object space 16384K, 26% used [0x6b140000,0x6b570708,0x6c140000)
}
Event: 17.343 GC heap before
{Heap before GC invocations=6 (full 0):
 PSYoungGen      total 69120K, used 69109K [0x9dbc0000, 0xa78c0000, 0xb3140000)
  eden space 66560K, 100% used [0x9dbc0000,0xa1cc0000,0xa1cc0000)
  from space 2560K, 99% used [0xa1cc0000,0xa1f3d698,0xa1f40000)
  to   space 13824K, 0% used [0xa6b40000,0xa6b40000,0xa78c0000)
 ParOldGen       total 43008K, used 22284K [0x73140000, 0x75b40000, 0x9dbc0000)
  object space 43008K, 51% used [0x73140000,0x74703398,0x75b40000)
 PSPermGen       total 16384K, used 4303K [0x6b140000, 0x6c140000, 0x73140000)
  object space 16384K, 26% used [0x6b140000,0x6b573c78,0x6c140000)
Event: 17.548 GC heap after
Heap after GC invocations=6 (full 0):
 PSYoungGen      total 144128K, used 13811K [0x9dbc0000, 0xa7e40000, 0xb3140000)
  eden space 130304K, 0% used [0x9dbc0000,0x9dbc0000,0xa5b00000)
  from space 13824K, 99% used [0xa6b40000,0xa78bce08,0xa78c0000)
  to   space 16640K, 0% used [0xa5b00000,0xa5b00000,0xa6b40000)
 ParOldGen       total 43008K, used 22376K [0x73140000, 0x75b40000, 0x9dbc0000)
  object space 43008K, 52% used [0x73140000,0x7471a160,0x75b40000)
 PSPermGen       total 16384K, used 4303K [0x6b140000, 0x6c140000, 0x73140000)
  object space 16384K, 26% used [0x6b140000,0x6b573c78,0x6c140000)
}

Deoptimization events (10 events):
Event: 13.548 Thread 0x67151400 Uncommon trap: reason=bimorphic action=maybe_recompile pc=0xb3319eec method=com.android.dx.ssa.SCCP.simulatePhi(Lcom/android/dx/ssa/PhiInsn;)V @ 124
Event: 13.757 Thread 0x67141800 Uncommon trap: reason=class_check action=maybe_recompile pc=0xb331a274 method=com.android.dx.ssa.SCCP.replaceConstants()V @ 182
Event: 13.763 Thread 0x6714f800 Uncommon trap: reason=bimorphic action=maybe_recompile pc=0xb331a048 method=com.android.dx.ssa.SCCP.setLatticeValueTo(IILcom/android/dx/rop/cst/Constant;)Z @ 43
Event: 13.982 Thread 0x67141800 Uncommon trap: reason=class_check action=maybe_recompile pc=0xb331a274 method=com.android.dx.ssa.SCCP.replaceConstants()V @ 182
Event: 14.952 Thread 0x67141800 Uncommon trap: reason=unstable_if action=reinterpret pc=0xb32fc2d0 method=com.android.dx.cf.code.Ropper.isSynchronized()Z @ 12
Event: 15.083 Thread 0x67141800 Uncommon trap: reason=unstable_if action=reinterpret pc=0xb32f23a0 method=com.android.dx.rop.code.RegisterSpec.intersect(Lcom/android/dx/rop/code/RegisterSpec;Z)Lcom/android/dx/rop/code/RegisterSpec; @ 42
Event: 15.819 Thread 0x67151400 Uncommon trap: reason=bimorphic action=maybe_recompile pc=0xb331a048 method=com.android.dx.ssa.SCCP.setLatticeValueTo(IILcom/android/dx/rop/cst/Constant;)Z @ 43
Event: 15.933 Thread 0x67151400 Uncommon trap: reason=bimorphic action=maybe_recompile pc=0xb331a048 method=com.android.dx.ssa.SCCP.setLatticeValueTo(IILcom/android/dx/rop/cst/Constant;)Z @ 43
Event: 16.244 Thread 0x6714f800 Uncommon trap: reason=bimorphic action=maybe_recompile pc=0xb32e07a4 method=com.android.dx.ssa.SCCP.simulatePhi(Lcom/android/dx/ssa/PhiInsn;)V @ 124
Event: 16.696 Thread 0x6714f800 Uncommon trap: reason=bimorphic action=maybe_recompile pc=0xb32e07a4 method=com.android.dx.ssa.SCCP.simulatePhi(Lcom/android/dx/ssa/PhiInsn;)V @ 124

Internal exceptions (10 events):
Event: 2.143 Thread 0xb6208400 Threw 0x9e0ba6f8 at /build/openjdk-7-PdBaKN/openjdk-7-7u91-2.6.3/build/openjdk/hotspot/src/share/vm/prims/jvm.cpp:1322
Event: 2.965 Thread 0x67151400 Implicit null exception at 0xb327116b to 0xb3271242
Event: 6.161 Thread 0x67150000 Implicit null exception at 0xb329fc85 to 0xb32a0fc9
Event: 6.164 Thread 0x6714f800 Implicit null exception at 0xb329beaf to 0xb329c8dd
Event: 6.304 Thread 0xb6208400 Threw 0x9edd7838 at /build/openjdk-7-PdBaKN/openjdk-7-7u91-2.6.3/build/openjdk/hotspot/src/share/vm/prims/jvm.cpp:1322
Event: 7.182 Thread 0x67151400 Implicit null exception at 0xb32ac754 to 0xb32ad545
Event: 7.539 Thread 0xb6208400 Implicit null exception at 0xb32c525a to 0xb32c57c5
Event: 9.019 Thread 0x67150000 Threw 0x9eaa73d8 at /build/openjdk-7-PdBaKN/openjdk-7-7u91-2.6.3/build/openjdk/hotspot/src/share/vm/prims/jvm.cpp:1322
Event: 9.438 Thread 0xb6208400 Threw 0x9ef9b6e8 at /build/openjdk-7-PdBaKN/openjdk-7-7u91-2.6.3/build/openjdk/hotspot/src/share/vm/prims/jvm.cpp:1322
Event: 13.977 Thread 0xb6208400 Threw 0xa16a9550 at /build/openjdk-7-PdBaKN/openjdk-7-7u91-2.6.3/build/openjdk/hotspot/src/share/vm/prims/jvm.cpp:1322

Events (10 events):
Event: 17.763 Executing VM operation: RevokeBias
Event: 17.763 Executing VM operation: RevokeBias done
Event: 17.763 Executing VM operation: RevokeBias
Event: 17.763 Executing VM operation: RevokeBias done
Event: 17.763 Executing VM operation: RevokeBias
Event: 17.763 Executing VM operation: RevokeBias done
Event: 17.763 Executing VM operation: RevokeBias
Event: 17.763 Executing VM operation: RevokeBias done
Event: 17.764 Executing VM operation: BulkRevokeBias
Event: 17.764 Executing VM operation: BulkRevokeBias done


Dynamic libraries:
08048000-08049000 r-xp 00000000 08:01 804961     /usr/lib/jvm/java-7-openjdk-i386/jre/bin/java
08049000-0804a000 r--p 00000000 08:01 804961     /usr/lib/jvm/java-7-openjdk-i386/jre/bin/java
0804a000-0804b000 rw-p 00001000 08:01 804961     /usr/lib/jvm/java-7-openjdk-i386/jre/bin/java
09be7000-09c82000 rw-p 00000000 00:00 0          [heap]
64c00000-64cff000 rw-p 00000000 00:00 0 
64cff000-64d00000 ---p 00000000 00:00 0 
64e00000-64ed6000 rw-p 00000000 00:00 0 
64ed6000-64f00000 ---p 00000000 00:00 0 
64f00000-64ff2000 rw-p 00000000 00:00 0 
64ff2000-65000000 ---p 00000000 00:00 0 
65000000-650ff000 rw-p 00000000 00:00 0 
650ff000-65100000 ---p 00000000 00:00 0 
65400000-654ff000 rw-p 00000000 00:00 0 
654ff000-65500000 ---p 00000000 00:00 0 
65500000-655f9000 rw-p 00000000 00:00 0 
655f9000-65600000 ---p 00000000 00:00 0 
65600000-656e7000 rw-p 00000000 00:00 0 
656e7000-65700000 ---p 00000000 00:00 0 
65800000-658f3000 rw-p 00000000 00:00 0 
658f3000-65900000 ---p 00000000 00:00 0 
65900000-659fc000 rw-p 00000000 00:00 0 
659fc000-65a00000 ---p 00000000 00:00 0 
65a00000-65b00000 rw-p 00000000 00:00 0 
65b00000-65be2000 rw-p 00000000 00:00 0 
65be2000-65c00000 ---p 00000000 00:00 0 
65c00000-65cff000 rw-p 00000000 00:00 0 
65cff000-65d00000 ---p 00000000 00:00 0 
65e00000-65ef6000 rw-p 00000000 00:00 0 
65ef6000-65f00000 ---p 00000000 00:00 0 
66000000-660fa000 rw-p 00000000 00:00 0 
660fa000-66100000 ---p 00000000 00:00 0 
66100000-661f7000 rw-p 00000000 00:00 0 
661f7000-66200000 ---p 00000000 00:00 0 
66200000-662e6000 rw-p 00000000 00:00 0 
662e6000-66300000 ---p 00000000 00:00 0 
66300000-663fc000 rw-p 00000000 00:00 0 
663fc000-66400000 ---p 00000000 00:00 0 
66400000-664d2000 rw-p 00000000 00:00 0 
664d2000-66500000 ---p 00000000 00:00 0 
66500000-665fc000 rw-p 00000000 00:00 0 
665fc000-66600000 ---p 00000000 00:00 0 
66600000-666fe000 rw-p 00000000 00:00 0 
666fe000-66700000 ---p 00000000 00:00 0 
66800000-66900000 rw-p 00000000 00:00 0 
669db000-669de000 ---p 00000000 00:00 0 
669de000-66a2c000 rw-p 00000000 00:00 0          [stack:13010]
66a2c000-66a2f000 ---p 00000000 00:00 0 
66a2f000-66a7d000 rw-p 00000000 00:00 0          [stack:13009]
66a7d000-66a80000 ---p 00000000 00:00 0 
66a80000-66ace000 rw-p 00000000 00:00 0          [stack:13008]
66ace000-66ad1000 ---p 00000000 00:00 0 
66ad1000-66b1f000 rw-p 00000000 00:00 0          [stack:13007]
66b1f000-66b22000 ---p 00000000 00:00 0 
66b22000-66d31000 rw-p 00000000 00:00 0          [stack:13006]
66d31000-66da1000 r-xp 00000000 08:01 394656     /lib/i386-linux-gnu/libpcre.so.3.13.1
66da1000-66da2000 r--p 0006f000 08:01 394656     /lib/i386-linux-gnu/libpcre.so.3.13.1
66da2000-66da3000 rw-p 00070000 08:01 394656     /lib/i386-linux-gnu/libpcre.so.3.13.1
66da3000-66db7000 r-xp 00000000 08:01 394679     /lib/i386-linux-gnu/libresolv-2.21.so
66db7000-66db9000 r--p 00013000 08:01 394679     /lib/i386-linux-gnu/libresolv-2.21.so
66db9000-66dba000 rw-p 00015000 08:01 394679     /lib/i386-linux-gnu/libresolv-2.21.so
66dba000-66dbc000 rw-p 00000000 00:00 0 
66dbc000-66ee2000 r-xp 00000000 08:01 394573     /lib/i386-linux-gnu/libglib-2.0.so.0.4400.0
66ee2000-66ee3000 r--p 00125000 08:01 394573     /lib/i386-linux-gnu/libglib-2.0.so.0.4400.0
66ee3000-66ee4000 rw-p 00126000 08:01 394573     /lib/i386-linux-gnu/libglib-2.0.so.0.4400.0
66ee4000-66f3f000 r-xp 00000000 08:01 137385     /usr/lib/i386-linux-gnu/libgobject-2.0.so.0.4400.0
66f3f000-66f40000 r--p 0005b000 08:01 137385     /usr/lib/i386-linux-gnu/libgobject-2.0.so.0.4400.0
66f40000-66f41000 rw-p 0005c000 08:01 137385     /usr/lib/i386-linux-gnu/libgobject-2.0.so.0.4400.0
66f41000-670fa000 r-xp 00000000 08:01 137357     /usr/lib/i386-linux-gnu/libgio-2.0.so.0.4400.0
670fa000-670fd000 r--p 001b8000 08:01 137357     /usr/lib/i386-linux-gnu/libgio-2.0.so.0.4400.0
670fd000-670ff000 rw-p 001bb000 08:01 137357     /usr/lib/i386-linux-gnu/libgio-2.0.so.0.4400.0
670ff000-67100000 rw-p 00000000 00:00 0 
67100000-67181000 rw-p 00000000 00:00 0 
67181000-67200000 ---p 00000000 00:00 0 
67201000-67225000 r-xp 00000000 08:01 394683     /lib/i386-linux-gnu/libselinux.so.1
67225000-67226000 r--p 00024000 08:01 394683     /lib/i386-linux-gnu/libselinux.so.1
67226000-67227000 rw-p 00025000 08:01 394683     /lib/i386-linux-gnu/libselinux.so.1
67227000-67228000 rw-p 00000000 00:00 0 
6723f000-67240000 ---p 00000000 00:00 0 
67240000-672c0000 rw-p 00000000 00:00 0          [stack:12986]
672c0000-672c3000 ---p 00000000 00:00 0 
672c3000-67311000 rw-p 00000000 00:00 0          [stack:12985]
67311000-67314000 ---p 00000000 00:00 0 
67314000-67392000 rw-p 00000000 00:00 0          [stack:12984]
67392000-67395000 ---p 00000000 00:00 0 
67395000-67413000 rw-p 00000000 00:00 0          [stack:12983]
67413000-6755a000 r-xp 00000000 08:01 136931     /usr/lib/i386-linux-gnu/libX11.so.6.3.0
6755a000-6755b000 r--p 00146000 08:01 136931     /usr/lib/i386-linux-gnu/libX11.so.6.3.0
6755b000-6755d000 rw-p 00147000 08:01 136931     /usr/lib/i386-linux-gnu/libX11.so.6.3.0
6755d000-6755e000 rw-p 00000000 00:00 0 
6755e000-67561000 ---p 00000000 00:00 0 
67561000-675af000 rw-p 00000000 00:00 0          [stack:12982]
675af000-677af000 r--p 00000000 08:01 143362     /usr/lib/locale/locale-archive
677af000-677b2000 ---p 00000000 00:00 0 
677b2000-67800000 rw-p 00000000 00:00 0          [stack:12981]
67800000-678fc000 rw-p 00000000 00:00 0 
678fc000-67900000 ---p 00000000 00:00 0 
67900000-67921000 rw-p 00000000 00:00 0 
67921000-67a00000 ---p 00000000 00:00 0 
67a00000-67b00000 rw-p 00000000 00:00 0 
67b12000-67b29000 r-xp 00000000 08:01 805027     /usr/lib/jvm/java-7-openjdk-i386/jre/lib/i386/libnet.so
67b29000-67b2a000 r--p 00016000 08:01 805027     /usr/lib/jvm/java-7-openjdk-i386/jre/lib/i386/libnet.so
67b2a000-67b2b000 rw-p 00017000 08:01 805027     /usr/lib/jvm/java-7-openjdk-i386/jre/lib/i386/libnet.so
67b2b000-67b4b000 r-xp 00000000 08:01 138125     /usr/lib/i386-linux-gnu/libxcb.so.1.1.0
67b4b000-67b4c000 r--p 0001f000 08:01 138125     /usr/lib/i386-linux-gnu/libxcb.so.1.1.0
67b4c000-67b4d000 rw-p 00020000 08:01 138125     /usr/lib/i386-linux-gnu/libxcb.so.1.1.0
67b4d000-67b4e000 ---p 00000000 00:00 0 
67b4e000-67bce000 rw-p 00000000 00:00 0          [stack:12979]
67bce000-67d80000 r--s 01d2e000 08:01 804984     /usr/lib/jvm/java-7-openjdk-i386/jre/lib/rt.jar
67d80000-6a600000 rw-p 00000000 00:00 0 
6a600000-6a6f1000 rw-p 00000000 00:00 0 
6a6f1000-6a700000 ---p 00000000 00:00 0 
6a704000-6a70b000 r-xp 00000000 08:01 137254     /usr/lib/i386-linux-gnu/libffi.so.6.0.4
6a70b000-6a70d000 r--p 00006000 08:01 137254     /usr/lib/i386-linux-gnu/libffi.so.6.0.4
6a70d000-6a70e000 rw-p 00008000 08:01 137254     /usr/lib/i386-linux-gnu/libffi.so.6.0.4
6a70e000-6a711000 r-xp 00000000 08:01 137371     /usr/lib/i386-linux-gnu/libgmodule-2.0.so.0.4400.0
6a711000-6a712000 r--p 00002000 08:01 137371     /usr/lib/i386-linux-gnu/libgmodule-2.0.so.0.4400.0
6a712000-6a713000 rw-p 00003000 08:01 137371     /usr/lib/i386-linux-gnu/libgmodule-2.0.so.0.4400.0
6a713000-6a723000 r-xp 00000000 08:01 804991     /usr/lib/jvm/java-7-openjdk-i386/jre/lib/i386/libnio.so
6a723000-6a724000 r--p 00010000 08:01 804991     /usr/lib/jvm/java-7-openjdk-i386/jre/lib/i386/libnio.so
6a724000-6a725000 rw-p 00011000 08:01 804991     /usr/lib/jvm/java-7-openjdk-i386/jre/lib/i386/libnio.so
6a725000-6a72e000 r--s 00089000 08:01 941255     /home/student/test/Pedometer/app/build/intermediates/exploded-aar/com.android.support/appcompat-v7/23.1.1/jars/classes.jar
6a72e000-6a731000 ---p 00000000 00:00 0 
6a731000-6a77f000 rw-p 00000000 00:00 0          [stack:12980]
6a77f000-6a780000 ---p 00000000 00:00 0 
6a780000-6a800000 rw-p 00000000 00:00 0          [stack:12974]
6a800000-6a821000 rw-p 00000000 00:00 0 
6a821000-6a900000 ---p 00000000 00:00 0 
6a900000-6a921000 rw-p 00000000 00:00 0 
6a921000-6aa00000 ---p 00000000 00:00 0 
6aa02000-6aa07000 r-xp 00000000 08:01 136946     /usr/lib/i386-linux-gnu/libXdmcp.so.6.0.0
6aa07000-6aa08000 r--p 00004000 08:01 136946     /usr/lib/i386-linux-gnu/libXdmcp.so.6.0.0
6aa08000-6aa09000 rw-p 00005000 08:01 136946     /usr/lib/i386-linux-gnu/libXdmcp.so.6.0.0
6aa09000-6aa0b000 r-xp 00000000 08:01 136935     /usr/lib/i386-linux-gnu/libXau.so.6.0.0
6aa0b000-6aa0c000 r--p 00001000 08:01 136935     /usr/lib/i386-linux-gnu/libXau.so.6.0.0
6aa0c000-6aa0d000 rw-p 00002000 08:01 136935     /usr/lib/i386-linux-gnu/libXau.so.6.0.0
6aa0d000-6aa0f000 r-xp 00000000 08:01 141618     /usr/lib/jayatana/libjayatanaag.so
6aa0f000-6aa10000 r--p 00001000 08:01 141618     /usr/lib/jayatana/libjayatanaag.so
6aa10000-6aa11000 rw-p 00002000 08:01 141618     /usr/lib/jayatana/libjayatanaag.so
6aa11000-6aa20000 r--s 000df000 08:01 1068117    /home/student/Android/Sdk/build-tools/23.0.2/lib/dx.jar
6aa20000-6aa24000 r--s 00085000 08:01 804976     /usr/lib/jvm/java-7-openjdk-i386/jre/lib/ext/localedata.jar
6aa24000-6aa7f000 rw-p 00000000 00:00 0 
6aa7f000-6aa80000 ---p 00000000 00:00 0 
6aa80000-6ab00000 rw-p 00000000 00:00 0          [stack:12973]
6ab00000-6ab23000 rw-p 00000000 00:00 0 
6ab23000-6ac00000 ---p 00000000 00:00 0 
6ac03000-6ac67000 rw-p 00000000 00:00 0 
6ac67000-6ac68000 ---p 00000000 00:00 0 
6ac68000-6ace8000 rw-p 00000000 00:00 0          [stack:12972]
6ace8000-6ace9000 ---p 00000000 00:00 0 
6ace9000-6ad71000 rw-p 00000000 00:00 0          [stack:12971]
6ad71000-6ada9000 rw-p 00000000 00:00 0 
6ada9000-6adbe000 rw-p 00000000 00:00 0 
6adbe000-6aeff000 rw-p 00000000 00:00 0 
6aeff000-6af07000 rw-p 00000000 00:00 0 
6af07000-6af3f000 rw-p 00000000 00:00 0 
6af3f000-6af54000 rw-p 00000000 00:00 0 
6af54000-6b094000 rw-p 00000000 00:00 0 
6b094000-6b0e6000 rw-p 00000000 00:00 0 
6b0e6000-6b13f000 rw-p 00000000 00:00 0 
6b13f000-6c140000 rw-p 00000000 00:00 0 
6c140000-73140000 rw-p 00000000 00:00 0 
73140000-75b40000 rw-p 00000000 00:00 0 
75b40000-9dbc0000 rw-p 00000000 00:00 0 
9dbc0000-a7e40000 rw-p 00000000 00:00 0 
a7e40000-b3140000 rw-p 00000000 00:00 0 
b3140000-b3149000 rw-p 00000000 00:00 0 
b3149000-b3200000 rw-p 00000000 00:00 0 
b3200000-b3440000 rwxp 00000000 00:00 0 
b3440000-b6300000 rw-p 00000000 00:00 0 
b6302000-b6303000 r--s 00000000 08:01 414147     /usr/share/java/jayatanaag.jar
b6303000-b6307000 r--s 00034000 08:01 804978     /usr/lib/jvm/java-7-openjdk-i386/jre/lib/ext/sunjce_provider.jar
b6307000-b630b000 r--s 0003c000 08:01 804979     /usr/lib/jvm/java-7-openjdk-i386/jre/lib/ext/sunpkcs11.jar
b630b000-b6317000 r-xp 00000000 08:01 394626     /lib/i386-linux-gnu/libnss_files-2.21.so
b6317000-b6318000 r--p 0000b000 08:01 394626     /lib/i386-linux-gnu/libnss_files-2.21.so
b6318000-b6319000 rw-p 0000c000 08:01 394626     /lib/i386-linux-gnu/libnss_files-2.21.so
b6319000-b6324000 r-xp 00000000 08:01 394636     /lib/i386-linux-gnu/libnss_nis-2.21.so
b6324000-b6325000 r--p 0000a000 08:01 394636     /lib/i386-linux-gnu/libnss_nis-2.21.so
b6325000-b6326000 rw-p 0000b000 08:01 394636     /lib/i386-linux-gnu/libnss_nis-2.21.so
b6326000-b633d000 r-xp 00000000 08:01 394620     /lib/i386-linux-gnu/libnsl-2.21.so
b633d000-b633e000 r--p 00016000 08:01 394620     /lib/i386-linux-gnu/libnsl-2.21.so
b633e000-b633f000 rw-p 00017000 08:01 394620     /lib/i386-linux-gnu/libnsl-2.21.so
b633f000-b6341000 rw-p 00000000 00:00 0 
b6341000-b6349000 r-xp 00000000 08:01 394622     /lib/i386-linux-gnu/libnss_compat-2.21.so
b6349000-b634a000 r--p 00007000 08:01 394622     /lib/i386-linux-gnu/libnss_compat-2.21.so
b634a000-b634b000 rw-p 00008000 08:01 394622     /lib/i386-linux-gnu/libnss_compat-2.21.so
b634b000-b634e000 r--s 0000f000 08:01 804977     /usr/lib/jvm/java-7-openjdk-i386/jre/lib/ext/icedtea-sound.jar
b634e000-b6350000 r--s 00012000 08:01 804975     /usr/lib/jvm/java-7-openjdk-i386/jre/lib/ext/zipfs.jar
b6350000-b6358000 r-xp 00000000 08:01 804995     /usr/lib/jvm/java-7-openjdk-i386/jre/lib/i386/libzip.so
b6358000-b6359000 r--p 00007000 08:01 804995     /usr/lib/jvm/java-7-openjdk-i386/jre/lib/i386/libzip.so
b6359000-b635a000 rw-p 00008000 08:01 804995     /usr/lib/jvm/java-7-openjdk-i386/jre/lib/i386/libzip.so
b635a000-b6362000 rw-s 00000000 08:01 429163     /tmp/hsperfdata_student/12964
b6362000-b636c000 r-xp 00000000 08:01 805017     /usr/lib/jvm/java-7-openjdk-i386/jre/lib/i386/libinstrument.so
b636c000-b636d000 r--p 00009000 08:01 805017     /usr/lib/jvm/java-7-openjdk-i386/jre/lib/i386/libinstrument.so
b636d000-b636e000 rw-p 0000a000 08:01 805017     /usr/lib/jvm/java-7-openjdk-i386/jre/lib/i386/libinstrument.so
b636e000-b6394000 r-xp 00000000 08:01 805003     /usr/lib/jvm/java-7-openjdk-i386/jre/lib/i386/libjava.so
b6394000-b6395000 r--p 00025000 08:01 805003     /usr/lib/jvm/java-7-openjdk-i386/jre/lib/i386/libjava.so
b6395000-b6396000 rw-p 00026000 08:01 805003     /usr/lib/jvm/java-7-openjdk-i386/jre/lib/i386/libjava.so
b6396000-b639d000 r-xp 00000000 08:01 394681     /lib/i386-linux-gnu/librt-2.21.so
b639d000-b639e000 r--p 00006000 08:01 394681     /lib/i386-linux-gnu/librt-2.21.so
b639e000-b639f000 rw-p 00007000 08:01 394681     /lib/i386-linux-gnu/librt-2.21.so
b639f000-b63a2000 ---p 00000000 00:00 0 
b63a2000-b63f0000 rw-p 00000000 00:00 0          [stack:12969]
b63f0000-b640c000 r-xp 00000000 08:01 394569     /lib/i386-linux-gnu/libgcc_s.so.1
b640c000-b640d000 rw-p 0001b000 08:01 394569     /lib/i386-linux-gnu/libgcc_s.so.1
b640d000-b6458000 r-xp 00000000 08:01 394599     /lib/i386-linux-gnu/libm-2.21.so
b6458000-b6459000 r--p 0004a000 08:01 394599     /lib/i386-linux-gnu/libm-2.21.so
b6459000-b645a000 rw-p 0004b000 08:01 394599     /lib/i386-linux-gnu/libm-2.21.so
b645a000-b6543000 r-xp 00000000 08:01 137921     /usr/lib/i386-linux-gnu/libstdc++.so.6.0.20
b6543000-b6547000 r--p 000e9000 08:01 137921     /usr/lib/i386-linux-gnu/libstdc++.so.6.0.20
b6547000-b6548000 rw-p 000ed000 08:01 137921     /usr/lib/i386-linux-gnu/libstdc++.so.6.0.20
b6548000-b654f000 rw-p 00000000 00:00 0 
b654f000-b70a2000 r-xp 00000000 08:01 805013     /usr/lib/jvm/java-7-openjdk-i386/jre/lib/i386/server/libjvm.so
b70a2000-b70f6000 r--p 00b52000 08:01 805013     /usr/lib/jvm/java-7-openjdk-i386/jre/lib/i386/server/libjvm.so
b70f6000-b710a000 rw-p 00ba6000 08:01 805013     /usr/lib/jvm/java-7-openjdk-i386/jre/lib/i386/server/libjvm.so
b710a000-b7529000 rw-p 00000000 00:00 0 
b7529000-b7542000 r-xp 00000000 08:01 394714     /lib/i386-linux-gnu/libz.so.1.2.8
b7542000-b7543000 r--p 00019000 08:01 394714     /lib/i386-linux-gnu/libz.so.1.2.8
b7543000-b7544000 rw-p 0001a000 08:01 394714     /lib/i386-linux-gnu/libz.so.1.2.8
b7544000-b755d000 r-xp 00000000 08:01 394673     /lib/i386-linux-gnu/libpthread-2.21.so
b755d000-b755e000 r--p 00018000 08:01 394673     /lib/i386-linux-gnu/libpthread-2.21.so
b755e000-b755f000 rw-p 00019000 08:01 394673     /lib/i386-linux-gnu/libpthread-2.21.so
b755f000-b7561000 rw-p 00000000 00:00 0 
b7561000-b7564000 r-xp 00000000 08:01 394557     /lib/i386-linux-gnu/libdl-2.21.so
b7564000-b7565000 r--p 00002000 08:01 394557     /lib/i386-linux-gnu/libdl-2.21.so
b7565000-b7566000 rw-p 00003000 08:01 394557     /lib/i386-linux-gnu/libdl-2.21.so
b7566000-b771a000 r-xp 00000000 08:01 394540     /lib/i386-linux-gnu/libc-2.21.so
b771a000-b771d000 r--p 001b3000 08:01 394540     /lib/i386-linux-gnu/libc-2.21.so
b771d000-b771f000 rw-p 001b6000 08:01 394540     /lib/i386-linux-gnu/libc-2.21.so
b771f000-b7721000 rw-p 00000000 00:00 0 
b7721000-b7722000 r--s 00002000 08:01 804980     /usr/lib/jvm/java-7-openjdk-i386/jre/lib/ext/dnsns.jar
b7722000-b7724000 r--s 00006000 08:01 399091     /usr/share/java/java-atk-wrapper.jar
b7724000-b7725000 r--p 005e0000 08:01 143362     /usr/lib/locale/locale-archive
b7725000-b7726000 rw-p 00000000 00:00 0 
b7726000-b7727000 r--p 00000000 00:00 0 
b7727000-b7735000 r-xp 00000000 08:01 805022     /usr/lib/jvm/java-7-openjdk-i386/jre/lib/i386/libverify.so
b7735000-b7737000 r--p 0000d000 08:01 805022     /usr/lib/jvm/java-7-openjdk-i386/jre/lib/i386/libverify.so
b7737000-b7738000 rw-p 0000f000 08:01 805022     /usr/lib/jvm/java-7-openjdk-i386/jre/lib/i386/libverify.so
b7738000-b7744000 r-xp 00000000 08:01 805024     /usr/lib/jvm/java-7-openjdk-i386/jre/lib/i386/jli/libjli.so
b7744000-b7745000 r--p 0000b000 08:01 805024     /usr/lib/jvm/java-7-openjdk-i386/jre/lib/i386/jli/libjli.so
b7745000-b7746000 rw-p 0000c000 08:01 805024     /usr/lib/jvm/java-7-openjdk-i386/jre/lib/i386/jli/libjli.so
b7746000-b7749000 rw-p 00000000 00:00 0 
b7749000-b774b000 r--p 00000000 00:00 0          [vvar]
b774b000-b774c000 r-xp 00000000 00:00 0          [vdso]
b774c000-b776e000 r-xp 00000000 08:01 394512     /lib/i386-linux-gnu/ld-2.21.so
b776e000-b776f000 r--p 00021000 08:01 394512     /lib/i386-linux-gnu/ld-2.21.so
b776f000-b7770000 rw-p 00022000 08:01 394512     /lib/i386-linux-gnu/ld-2.21.so
bfd70000-bfd71000 rwxp 00000000 00:00 0 
bfda2000-bfdc4000 rw-p 00000000 00:00 0          [stack]

VM Arguments:
jvm_args: -javaagent:/usr/share/java/jayatanaag.jar -Djava.awt.headless=true -Xmx1024M -Dfile.encoding=UTF-8 -Duser.country=US -Duser.language=en -Duser.variant 
java_command: com.android.dx.command.Main --dex --num-threads=4 --output /home/student/test/Pedometer/app/build/intermediates/pre-dexed/debug/com.android.support-appcompat-v7-23.1.1_e2de87a59e53f0e284a70814a1dc4fff482f1405.jar /home/student/test/Pedometer/app/build/intermediates/exploded-aar/com.android.support/appcompat-v7/23.1.1/jars/classes.jar
Launcher Type: SUN_STANDARD

Environment Variables:
JAVA_TOOL_OPTIONS=-javaagent:/usr/share/java/jayatanaag.jar 
PATH=/home/student/.linuxbrew/bin:/usr/local/sbin:/usr/local/bin:/usr/sbin:/usr/bin:/sbin:/bin:/usr/games:/usr/local/games:/etc/android-studio/bin/:/home/student/Android/Sdk/platform-tools:/home/student/Android/Sdk/tools
LD_LIBRARY_PATH=/etc/android-studio/bin:
SHELL=/bin/bash
DISPLAY=:0

Signal Handlers:
SIGSEGV: [libjvm.so+0x7f7d00], sa_mask[0]=0x7ffbfeff, sa_flags=0x10000004
SIGBUS: [libjvm.so+0x7f7d00], sa_mask[0]=0x7ffbfeff, sa_flags=0x10000004
SIGFPE: [libjvm.so+0x67a9d0], sa_mask[0]=0x7ffbfeff, sa_flags=0x10000004
SIGPIPE: [libjvm.so+0x67a9d0], sa_mask[0]=0x7ffbfeff, sa_flags=0x10000004
SIGXFSZ: [libjvm.so+0x67a9d0], sa_mask[0]=0x7ffbfeff, sa_flags=0x10000004
SIGILL: [libjvm.so+0x67a9d0], sa_mask[0]=0x7ffbfeff, sa_flags=0x10000004
SIGUSR1: SIG_DFL, sa_mask[0]=0x00000000, sa_flags=0x00000000
SIGUSR2: [libjvm.so+0x67a820], sa_mask[0]=0x00000004, sa_flags=0x10000004
SIGHUP: [libjvm.so+0x67aa80], sa_mask[0]=0x7ffbfeff, sa_flags=0x10000004
SIGINT: [libjvm.so+0x67aa80], sa_mask[0]=0x7ffbfeff, sa_flags=0x10000004
SIGTERM: [libjvm.so+0x67aa80], sa_mask[0]=0x7ffbfeff, sa_flags=0x10000004
SIGQUIT: [libjvm.so+0x67aa80], sa_mask[0]=0x7ffbfeff, sa_flags=0x10000004
SIGTRAP: SIG_DFL, sa_mask[0]=0x00000000, sa_flags=0x00000000


---------------  S Y S T E M  ---------------

OS:Ubuntu 15.04 (vivid)
uname:Linux 3.19.0-18-generic #18-Ubuntu SMP Tue May 19 18:30:59 UTC 2015 i686
libc:glibc 2.21 NPTL 2.21 
rlimit: STACK 8192k, CORE 0k, NPROC 32177, NOFILE 65536, AS infinity
load average:6.96 2.17 1.24

/proc/meminfo:
MemTotal:        4139540 kB
MemFree:          230684 kB
MemAvailable:     153556 kB
Buffers:             576 kB
Cached:            53244 kB
SwapCached:            0 kB
Active:          3573864 kB
Inactive:          44024 kB
Active(anon):    3566000 kB
Inactive(anon):    38228 kB
Active(file):       7864 kB
Inactive(file):     5796 kB
Unevictable:          32 kB
Mlocked:              32 kB
HighTotal:       3280776 kB
HighFree:          46068 kB
LowTotal:         858764 kB
LowFree:          184616 kB
SwapTotal:             0 kB
SwapFree:              0 kB
Dirty:               184 kB
Writeback:             0 kB
AnonPages:       3564768 kB
Mapped:            35420 kB
Shmem:             39392 kB
Slab:              46904 kB
SReclaimable:      21400 kB
SUnreclaim:        25504 kB
KernelStack:        5152 kB
PageTables:        15240 kB
NFS_Unstable:          0 kB
Bounce:                0 kB
WritebackTmp:          0 kB
CommitLimit:     2069768 kB
Committed_AS:    6738704 kB
VmallocTotal:     122880 kB
VmallocUsed:       23328 kB
VmallocChunk:      46892 kB
AnonHugePages:   2498560 kB
CmaTotal:              0 kB
CmaFree:               0 kB
HugePages_Total:       0
HugePages_Free:        0
HugePages_Rsvd:        0
HugePages_Surp:        0
Hugepagesize:       2048 kB
DirectMap4k:       59384 kB
DirectMap2M:      854016 kB


CPU:total 4 (1 cores per cpu, 1 threads per core) family 6 model 58 stepping 9, cmov, cx8, fxsr, mmx, sse, sse2, sse3, ssse3, sse4.1, sse4.2, popcnt, avx, aes, erms, tsc, tscinvbit, tscinv

/proc/cpuinfo:
processor	: 0
vendor_id	: GenuineIntel
cpu family	: 6
model		: 58
model name	: Intel(R) Core(TM) i5-3210M CPU @ 2.50GHz
stepping	: 9
microcode	: 0x15
cpu MHz		: 2494.111
cache size	: 3072 KB
physical id	: 0
siblings	: 1
core id		: 0
cpu cores	: 1
apicid		: 0
initial apicid	: 0
fdiv_bug	: no
f00f_bug	: no
coma_bug	: no
fpu		: yes
fpu_exception	: yes
cpuid level	: 13
wp		: yes
flags		: fpu vme de pse tsc msr pae mce cx8 apic sep mtrr pge mca cmov pat pse36 clflush dts mmx fxsr sse sse2 ss nx rdtscp lm constant_tsc arch_perfmon pebs bts xtopology tsc_reliable nonstop_tsc aperfmperf pni pclmulqdq ssse3 cx16 pcid sse4_1 sse4_2 x2apic popcnt tsc_deadline_timer aes xsave avx f16c rdrand hypervisor lahf_lm ida arat epb pln pts dtherm fsgsbase tsc_adjust smep
bugs		:
bogomips	: 4988.22
clflush size	: 64
cache_alignment	: 64
address sizes	: 42 bits physical, 48 bits virtual
power management:

processor	: 1
vendor_id	: GenuineIntel
cpu family	: 6
model		: 58
model name	: Intel(R) Core(TM) i5-3210M CPU @ 2.50GHz
stepping	: 9
microcode	: 0x15
cpu MHz		: 2494.111
cache size	: 3072 KB
physical id	: 2
siblings	: 1
core id		: 0
cpu cores	: 1
apicid		: 2
initial apicid	: 2
fdiv_bug	: no
f00f_bug	: no
coma_bug	: no
fpu		: yes
fpu_exception	: yes
cpuid level	: 13
wp		: yes
flags		: fpu vme de pse tsc msr pae mce cx8 apic sep mtrr pge mca cmov pat pse36 clflush dts mmx fxsr sse sse2 ss nx rdtscp lm constant_tsc arch_perfmon pebs bts xtopology tsc_reliable nonstop_tsc aperfmperf pni pclmulqdq ssse3 cx16 pcid sse4_1 sse4_2 x2apic popcnt tsc_deadline_timer aes xsave avx f16c rdrand hypervisor lahf_lm ida arat epb pln pts dtherm fsgsbase tsc_adjust smep
bugs		:
bogomips	: 4988.22
clflush size	: 64
cache_alignment	: 64
address sizes	: 42 bits physical, 48 bits virtual
power management:

processor	: 2
vendor_id	: GenuineIntel
cpu family	: 6
model		: 58
model name	: Intel(R) Core(TM) i5-3210M CPU @ 2.50GHz
stepping	: 9
microcode	: 0x15
cpu MHz		: 2494.111
cache size	: 3072 KB
physical id	: 4
siblings	: 1
core id		: 0
cpu cores	: 1
apicid		: 4
initial apicid	: 4
fdiv_bug	: no
f00f_bug	: no
coma_bug	: no
fpu		: yes
fpu_exception	: yes
cpuid level	: 13
wp		: yes
flags		: fpu vme de pse tsc msr pae mce cx8 apic sep mtrr pge mca cmov pat pse36 clflush dts mmx fxsr sse sse2 ss nx rdtscp lm constant_tsc arch_perfmon pebs bts xtopology tsc_reliable nonstop_tsc aperfmperf pni pclmulqdq ssse3 cx16 pcid sse4_1 sse4_2 x2apic popcnt tsc_deadline_timer aes xsave avx f16c rdrand hypervisor lahf_lm ida arat epb pln pts dtherm fsgsbase tsc_adjust smep
bugs		:
bogomips	: 4988.22
clflush size	: 64
cache_alignment	: 64
address sizes	: 42 bits physical, 48 bits virtual
power management:

processor	: 3
vendor_id	: GenuineIntel
cpu family	: 6
model		: 58
model name	: Intel(R) Core(TM) i5-3210M CPU @ 2.50GHz
stepping	: 9
microcode	: 0x15
cpu MHz		: 2494.111
cache size	: 3072 KB
physical id	: 6
siblings	: 1
core id		: 0
cpu cores	: 1
apicid		: 6
initial apicid	: 6
fdiv_bug	: no
f00f_bug	: no
coma_bug	: no
fpu		: yes
fpu_exception	: yes
cpuid level	: 13
wp		: yes
flags		: fpu vme de pse tsc msr pae mce cx8 apic sep mtrr pge mca cmov pat pse36 clflush dts mmx fxsr sse sse2 ss nx rdtscp lm constant_tsc arch_perfmon pebs bts xtopology tsc_reliable nonstop_tsc aperfmperf pni pclmulqdq ssse3 cx16 pcid sse4_1 sse4_2 x2apic popcnt tsc_deadline_timer aes xsave avx f16c rdrand hypervisor lahf_lm ida arat epb pln pts dtherm fsgsbase tsc_adjust smep
bugs		:
bogomips	: 4988.22
clflush size	: 64
cache_alignment	: 64
address sizes	: 42 bits physical, 48 bits virtual
power management:



Memory: 4k page, physical 4139540k(230684k free), swap 0k(0k free)

vm_info: OpenJDK Server VM (24.91-b01) for linux-x86 JRE (1.7.0_91-b02), built on Nov 19 2015 06:25:06 by "buildd" with gcc 4.9.2

time: Sun May  1 13:30:51 2016
elapsed time: 19 seconds

