#
# There is insufficient memory for the Java Runtime Environment to continue.
# Native memory allocation (malloc) failed to allocate 1002552 bytes for Chunk::new
# Possible reasons:
#   The system is out of physical RAM or swap space
#   In 32 bit mode, the process size limit was hit
# Possible solutions:
#   Reduce memory load on the system
#   Increase physical memory or swap space
#   Check if swap backing store is full
#   Use 64 bit Java on a 64 bit OS
#   Decrease Java heap size (-Xmx/-Xms)
#   Decrease number of Java threads
#   Decrease Java thread stack sizes (-Xss)
#   Set larger code cache with -XX:ReservedCodeCacheSize=
# This output file may be truncated or incomplete.
#
#  Out of Memory Error (allocation.cpp:326), pid=15135, tid=1731607360
#
# JRE version: OpenJDK Runtime Environment (7.0_91-b02) (build 1.7.0_91-b02)
# Java VM: OpenJDK Server VM (24.91-b01 mixed mode linux-x86 )
# Derivative: IcedTea 2.6.3
# Distribution: Ubuntu 15.04, package 7u91-2.6.3-0ubuntu0.15.04.1
# Failed to write core dump. Core dumps have been disabled. To enable core dumping, try "ulimit -c unlimited" before starting Java again
#

---------------  T H R E A D  ---------------

Current thread (0x679eb400):  JavaThread "C2 CompilerThread0" daemon [_thread_in_native, id=15150, stack(0x672e3000,0x67364000)]

Stack: [0x672e3000,0x67364000]

Current CompileTask:
C2:  10506  242             com.android.dx.ssa.SCCP::run (298 bytes)


---------------  P R O C E S S  ---------------

Java Threads: ( => current thread )
  0x67047400 JavaThread "pool-1-thread-4" [_thread_blocked, id=15158, stack(0x66951000,0x669a2000)]
  0x67046400 JavaThread "pool-1-thread-3" [_thread_blocked, id=15157, stack(0x669a2000,0x669f3000)]
  0x67044c00 JavaThread "pool-1-thread-2" [_thread_blocked, id=15156, stack(0x669f3000,0x66a44000)]
  0x67043800 JavaThread "pool-2-thread-1" [_thread_blocked, id=15155, stack(0x66a44000,0x66a95000)]
  0x67041800 JavaThread "pool-1-thread-1" [_thread_blocked, id=15154, stack(0x66a95000,0x66ae6000)]
  0x679ee400 JavaThread "Service Thread" daemon [_thread_blocked, id=15152, stack(0x67211000,0x67262000)]
  0x679ec800 JavaThread "C2 CompilerThread1" daemon [_thread_in_native, id=15151, stack(0x67262000,0x672e3000)]
=>0x679eb400 JavaThread "C2 CompilerThread0" daemon [_thread_in_native, id=15150, stack(0x672e3000,0x67364000)]
  0x67998400 JavaThread "Signal Dispatcher" daemon [_thread_blocked, id=15148, stack(0x674af000,0x67500000)]
  0x67985400 JavaThread "Finalizer" daemon [_thread_blocked, id=15147, stack(0x6a62e000,0x6a67f000)]
  0x67983c00 JavaThread "Reference Handler" daemon [_thread_blocked, id=15146, stack(0x6a82e000,0x6a87f000)]
  0xb6208400 JavaThread "main" [_thread_in_Java, id=15138, stack(0xb6331000,0xb6382000)]

Other Threads:
  0x67981400 VMThread [stack: 0x67a4d000,0x67ace000] [id=15145]
  0x679f0800 WatcherThread [stack: 0x67190000,0x67211000] [id=15153]

VM state:not at safepoint (normal execution)

VM Mutex/Monitor currently owned by a thread: None

Heap
 PSYoungGen      total 35840K, used 34890K [0x9db40000, 0xa00c0000, 0xb30c0000)
  eden space 33280K, 97% used [0x9db40000,0x9fad40e8,0x9fbc0000)
  from space 2560K, 99% used [0x9fe40000,0xa00beab0,0xa00c0000)
  to   space 2560K, 0% used [0x9fbc0000,0x9fbc0000,0x9fe40000)
 ParOldGen       total 43008K, used 1793K [0x730c0000, 0x75ac0000, 0x9db40000)
  object space 43008K, 4% used [0x730c0000,0x732804d0,0x75ac0000)
 PSPermGen       total 16384K, used 4234K [0x6b0c0000, 0x6c0c0000, 0x730c0000)
  object space 16384K, 25% used [0x6b0c0000,0x6b4e29b8,0x6c0c0000)

Card table byte_map: [0x6ae7f000,0x6b0c0000] byte_map_base: 0x6ab26a00

Polling page: 0xb76b8000

Code Cache  [0xb319d000, 0xb33dd000, 0xb619d000)
 total_blobs=370 nmethods=247 adapters=76 free_code_cache=48353Kb largest_free_block=49479936

Compilation events (10 events):
Event: 10.190 Thread 0x679ec800 nmethod 245 0xb3250948 code [0xb3250ae0, 0xb3251024]
Event: 10.190 Thread 0x679ec800  246             com.android.dx.rop.code.PlainInsn::<init> (73 bytes)
Event: 10.192 Thread 0x679ec800 nmethod 246 0xb3250608 code [0xb3250700, 0xb3250810]
Event: 10.192 Thread 0x679ec800  247             com.android.dx.util.IntList::indexOf (16 bytes)
Event: 10.195 Thread 0x679ec800 nmethod 247 0xb3250148 code [0xb3250240, 0xb32503d0]
Event: 10.195 Thread 0x679ec800  248             java.lang.Object::equals (11 bytes)
Event: 10.195 Thread 0x679ec800 nmethod 248 0xb3262f88 code [0xb3263060, 0xb32630b0]
Event: 10.195 Thread 0x679ec800  249             java.util.ArrayList::ensureCapacity (28 bytes)
Event: 10.197 Thread 0x679ec800 nmethod 249 0xb31ff1c8 code [0xb31ff2c0, 0xb31ff3a4]
Event: 10.197 Thread 0x679ec800  250             com.android.dx.rop.code.LocalVariableExtractor::processBlock (327 bytes)

GC Heap History (4 events):
Event: 2.706 GC heap before
{Heap before GC invocations=1 (full 0):
 PSYoungGen      total 19200K, used 16640K [0x9db40000, 0x9f080000, 0xb30c0000)
  eden space 16640K, 100% used [0x9db40000,0x9eb80000,0x9eb80000)
  from space 2560K, 0% used [0x9ee00000,0x9ee00000,0x9f080000)
  to   space 2560K, 0% used [0x9eb80000,0x9eb80000,0x9ee00000)
 ParOldGen       total 43008K, used 0K [0x730c0000, 0x75ac0000, 0x9db40000)
  object space 43008K, 0% used [0x730c0000,0x730c0000,0x75ac0000)
 PSPermGen       total 16384K, used 3935K [0x6b0c0000, 0x6c0c0000, 0x730c0000)
  object space 16384K, 24% used [0x6b0c0000,0x6b497fb8,0x6c0c0000)
Event: 2.739 GC heap after
Heap after GC invocations=1 (full 0):
 PSYoungGen      total 19200K, used 2558K [0x9db40000, 0xa00c0000, 0xb30c0000)
  eden space 16640K, 0% used [0x9db40000,0x9db40000,0x9eb80000)
  from space 2560K, 99% used [0x9eb80000,0x9edffb60,0x9ee00000)
  to   space 2560K, 0% used [0x9fe40000,0x9fe40000,0xa00c0000)
 ParOldGen       total 43008K, used 243K [0x730c0000, 0x75ac0000, 0x9db40000)
  object space 43008K, 0% used [0x730c0000,0x730fcc00,0x75ac0000)
 PSPermGen       total 16384K, used 3935K [0x6b0c0000, 0x6c0c0000, 0x730c0000)
  object space 16384K, 24% used [0x6b0c0000,0x6b497fb8,0x6c0c0000)
}
Event: 4.623 GC heap before
{Heap before GC invocations=2 (full 0):
 PSYoungGen      total 19200K, used 19198K [0x9db40000, 0xa00c0000, 0xb30c0000)
  eden space 16640K, 100% used [0x9db40000,0x9eb80000,0x9eb80000)
  from space 2560K, 99% used [0x9eb80000,0x9edffb60,0x9ee00000)
  to   space 2560K, 0% used [0x9fe40000,0x9fe40000,0xa00c0000)
 ParOldGen       total 43008K, used 243K [0x730c0000, 0x75ac0000, 0x9db40000)
  object space 43008K, 0% used [0x730c0000,0x730fcc00,0x75ac0000)
 PSPermGen       total 16384K, used 4167K [0x6b0c0000, 0x6c0c0000, 0x730c0000)
  object space 16384K, 25% used [0x6b0c0000,0x6b4d1e60,0x6c0c0000)
Event: 4.695 GC heap after
Heap after GC invocations=2 (full 0):
 PSYoungGen      total 35840K, used 2554K [0x9db40000, 0xa00c0000, 0xb30c0000)
  eden space 33280K, 0% used [0x9db40000,0x9db40000,0x9fbc0000)
  from space 2560K, 99% used [0x9fe40000,0xa00beab0,0xa00c0000)
  to   space 2560K, 0% used [0x9fbc0000,0x9fbc0000,0x9fe40000)
 ParOldGen       total 43008K, used 1793K [0x730c0000, 0x75ac0000, 0x9db40000)
  object space 43008K, 4% used [0x730c0000,0x732804d0,0x75ac0000)
 PSPermGen       total 16384K, used 4167K [0x6b0c0000, 0x6c0c0000, 0x730c0000)
  object space 16384K, 25% used [0x6b0c0000,0x6b4d1e60,0x6c0c0000)
}

Deoptimization events (10 events):
Event: 6.169 Thread 0xb6208400 Uncommon trap: reason=unstable_if action=reinterpret pc=0xb31f9414 method=com.android.dx.rop.cst.Constant.compareTo(Lcom/android/dx/rop/cst/Constant;)I @ 12
Event: 6.775 Thread 0xb6208400 Uncommon trap: reason=unstable_if action=reinterpret pc=0xb323db38 method=com.android.dx.rop.code.RegisterSpecSet.localItemToSpec(Lcom/android/dx/rop/code/LocalItem;)Lcom/android/dx/rop/code/RegisterSpec; @ 35
Event: 8.653 Thread 0xb6208400 Uncommon trap: reason=null_check action=make_not_entrant pc=0xb3245e90 method=com.android.dx.rop.type.Type.putIntern(Lcom/android/dx/rop/type/Type;)Lcom/android/dx/rop/type/Type; @ 18
Event: 8.723 Thread 0x67044c00 Uncommon trap: reason=null_check action=make_not_entrant pc=0xb32211ec method=com.android.dx.ssa.SsaRenamer.getLocalForNewReg(I)Lcom/android/dx/rop/code/LocalItem; @ 19
Event: 8.731 Thread 0x67047400 Uncommon trap: reason=null_check action=make_not_entrant pc=0xb32245e0 method=com.android.dx.ssa.SsaRenamer.getLocalForNewReg(I)Lcom/android/dx/rop/code/LocalItem; @ 19
Event: 9.489 Thread 0x67044c00 Uncommon trap: reason=unstable_if action=reinterpret pc=0xb325684c method=com.android.dx.ssa.Dominators.run()V @ 346
Event: 10.111 Thread 0x67047400 Uncommon trap: reason=bimorphic action=maybe_recompile pc=0xb322f174 method=java.util.HashMap.put(Ljava/lang/Object;Ljava/lang/Object;)Ljava/lang/Object; @ 83
Event: 10.111 Thread 0x67047400 Uncommon trap: reason=bimorphic action=maybe_recompile pc=0xb322f174 method=java.util.HashMap.put(Ljava/lang/Object;Ljava/lang/Object;)Ljava/lang/Object; @ 83
Event: 10.111 Thread 0x67047400 Uncommon trap: reason=bimorphic action=maybe_recompile pc=0xb322f174 method=java.util.HashMap.put(Ljava/lang/Object;Ljava/lang/Object;)Ljava/lang/Object; @ 83
Event: 10.111 Thread 0x67047400 Uncommon trap: reason=bimorphic action=maybe_recompile pc=0xb322f174 method=java.util.HashMap.put(Ljava/lang/Object;Ljava/lang/Object;)Ljava/lang/Object; @ 83

Internal exceptions (10 events):
Event: 2.796 Thread 0x67041800 Threw 0x9dbcbeb0 at /build/openjdk-7-PdBaKN/openjdk-7-7u91-2.6.3/build/openjdk/hotspot/src/share/vm/prims/jvm.cpp:1322
Event: 2.882 Thread 0xb6208400 Threw 0x9dc385e8 at /build/openjdk-7-PdBaKN/openjdk-7-7u91-2.6.3/build/openjdk/hotspot/src/share/vm/prims/jvm.cpp:1322
Event: 2.885 Thread 0xb6208400 Threw 0x9dc3efa0 at /build/openjdk-7-PdBaKN/openjdk-7-7u91-2.6.3/build/openjdk/hotspot/src/share/vm/prims/jvm.cpp:1322
Event: 3.243 Thread 0x67041800 Threw 0x9de82b10 at /build/openjdk-7-PdBaKN/openjdk-7-7u91-2.6.3/build/openjdk/hotspot/src/share/vm/prims/jvm.cpp:1322
Event: 3.760 Thread 0x67047400 Threw 0x9e3628e0 at /build/openjdk-7-PdBaKN/openjdk-7-7u91-2.6.3/build/openjdk/hotspot/src/share/vm/prims/jvm.cpp:1322
Event: 3.862 Thread 0x67044c00 Threw 0x9e4559b0 at /build/openjdk-7-PdBaKN/openjdk-7-7u91-2.6.3/build/openjdk/hotspot/src/share/vm/prims/jvm.cpp:1322
Event: 8.653 Thread 0xb6208400 Implicit null exception at 0xb324591a to 0xb3245e85
Event: 8.723 Thread 0x67044c00 Implicit null exception at 0xb32208c3 to 0xb32211dd
Event: 8.731 Thread 0x67047400 Implicit null exception at 0xb3223d10 to 0xb32245c1
Event: 8.803 Thread 0xb6208400 Threw 0x9ed6e1a8 at /build/openjdk-7-PdBaKN/openjdk-7-7u91-2.6.3/build/openjdk/hotspot/src/share/vm/prims/jvm.cpp:1322

Events (10 events):
Event: 10.111 Thread 0x67047400 Uncommon trap: trap_request=0xffffffc6 fr.pc=0xb322f174
Event: 10.111 Thread 0x67047400 DEOPT PACKING pc=0xb322f174 sp=0x669a0b70
Event: 10.111 Thread 0x67047400 DEOPT UNPACKING pc=0xb31c9bc8 sp=0x669a0b4c mode 2
Event: 10.111 Thread 0x67047400 Uncommon trap: trap_request=0xffffffc6 fr.pc=0xb322f174
Event: 10.111 Thread 0x67047400 DEOPT PACKING pc=0xb322f174 sp=0x669a0b70
Event: 10.111 Thread 0x67047400 DEOPT UNPACKING pc=0xb31c9bc8 sp=0x669a0b4c mode 2
Event: 10.111 Thread 0x67047400 Uncommon trap: trap_request=0xffffffc6 fr.pc=0xb322f174
Event: 10.111 Thread 0x67047400 DEOPT PACKING pc=0xb322f174 sp=0x669a0b70
Event: 10.111 Thread 0x67047400 DEOPT UNPACKING pc=0xb31c9bc8 sp=0x669a0b4c mode 2
Event: 10.195 Thread 0x679ec800 flushing nmethod 0xb31fe988


Dynamic libraries:
08048000-08049000 r-xp 00000000 08:01 804961     /usr/lib/jvm/java-7-openjdk-i386/jre/bin/java
08049000-0804a000 r--p 00000000 08:01 804961     /usr/lib/jvm/java-7-openjdk-i386/jre/bin/java
0804a000-0804b000 rw-p 00001000 08:01 804961     /usr/lib/jvm/java-7-openjdk-i386/jre/bin/java
09d25000-09de3000 rw-p 00000000 00:00 0          [heap]
65800000-658fe000 rw-p 00000000 00:00 0 
658fe000-65900000 ---p 00000000 00:00 0 
65900000-659e3000 rw-p 00000000 00:00 0 
659e3000-65a00000 ---p 00000000 00:00 0 
65a00000-65b00000 rw-p 00000000 00:00 0 
65b00000-65bfc000 rw-p 00000000 00:00 0 
65bfc000-65c00000 ---p 00000000 00:00 0 
65c00000-65cb4000 rw-p 00000000 00:00 0 
65cb4000-65d00000 ---p 00000000 00:00 0 
65d00000-65df4000 rw-p 00000000 00:00 0 
65df4000-65e00000 ---p 00000000 00:00 0 
65e00000-65eef000 rw-p 00000000 00:00 0 
65eef000-65f00000 ---p 00000000 00:00 0 
65f00000-65ffb000 rw-p 00000000 00:00 0 
65ffb000-66000000 ---p 00000000 00:00 0 
66000000-660fd000 rw-p 00000000 00:00 0 
660fd000-66100000 ---p 00000000 00:00 0 
66200000-662fd000 rw-p 00000000 00:00 0 
662fd000-66300000 ---p 00000000 00:00 0 
66400000-664e0000 rw-p 00000000 00:00 0 
664e0000-66500000 ---p 00000000 00:00 0 
66500000-665fc000 rw-p 00000000 00:00 0 
665fc000-66600000 ---p 00000000 00:00 0 
66600000-66700000 rw-p 00000000 00:00 0 
66800000-668fb000 rw-p 00000000 00:00 0 
668fb000-66900000 ---p 00000000 00:00 0 
66951000-66954000 ---p 00000000 00:00 0 
66954000-669a2000 rw-p 00000000 00:00 0          [stack:15158]
669a2000-669a5000 ---p 00000000 00:00 0 
669a5000-669f3000 rw-p 00000000 00:00 0          [stack:15157]
669f3000-669f6000 ---p 00000000 00:00 0 
669f6000-66a44000 rw-p 00000000 00:00 0          [stack:15156]
66a44000-66a47000 ---p 00000000 00:00 0 
66a47000-66a95000 rw-p 00000000 00:00 0          [stack:15155]
66a95000-66a98000 ---p 00000000 00:00 0 
66a98000-66ca7000 rw-p 00000000 00:00 0          [stack:15154]
66ca7000-66d17000 r-xp 00000000 08:01 394656     /lib/i386-linux-gnu/libpcre.so.3.13.1
66d17000-66d18000 r--p 0006f000 08:01 394656     /lib/i386-linux-gnu/libpcre.so.3.13.1
66d18000-66d19000 rw-p 00070000 08:01 394656     /lib/i386-linux-gnu/libpcre.so.3.13.1
66d19000-66e3f000 r-xp 00000000 08:01 394573     /lib/i386-linux-gnu/libglib-2.0.so.0.4400.0
66e3f000-66e40000 r--p 00125000 08:01 394573     /lib/i386-linux-gnu/libglib-2.0.so.0.4400.0
66e40000-66e41000 rw-p 00126000 08:01 394573     /lib/i386-linux-gnu/libglib-2.0.so.0.4400.0
66e41000-66ffa000 r-xp 00000000 08:01 137357     /usr/lib/i386-linux-gnu/libgio-2.0.so.0.4400.0
66ffa000-66ffd000 r--p 001b8000 08:01 137357     /usr/lib/i386-linux-gnu/libgio-2.0.so.0.4400.0
66ffd000-66fff000 rw-p 001bb000 08:01 137357     /usr/lib/i386-linux-gnu/libgio-2.0.so.0.4400.0
66fff000-67000000 rw-p 00000000 00:00 0 
67000000-6705c000 rw-p 00000000 00:00 0 
6705c000-67100000 ---p 00000000 00:00 0 
6711a000-6712e000 r-xp 00000000 08:01 394679     /lib/i386-linux-gnu/libresolv-2.21.so
6712e000-67130000 r--p 00013000 08:01 394679     /lib/i386-linux-gnu/libresolv-2.21.so
67130000-67131000 rw-p 00015000 08:01 394679     /lib/i386-linux-gnu/libresolv-2.21.so
67131000-67133000 rw-p 00000000 00:00 0 
67133000-6718e000 r-xp 00000000 08:01 137385     /usr/lib/i386-linux-gnu/libgobject-2.0.so.0.4400.0
6718e000-6718f000 r--p 0005b000 08:01 137385     /usr/lib/i386-linux-gnu/libgobject-2.0.so.0.4400.0
6718f000-67190000 rw-p 0005c000 08:01 137385     /usr/lib/i386-linux-gnu/libgobject-2.0.so.0.4400.0
67190000-67191000 ---p 00000000 00:00 0 
67191000-67211000 rw-p 00000000 00:00 0          [stack:15153]
67211000-67214000 ---p 00000000 00:00 0 
67214000-67262000 rw-p 00000000 00:00 0          [stack:15152]
67262000-67265000 ---p 00000000 00:00 0 
67265000-672e3000 rw-p 00000000 00:00 0          [stack:15151]
672e3000-672e6000 ---p 00000000 00:00 0 
672e6000-67364000 rw-p 00000000 00:00 0          [stack:15150]
67364000-674ab000 r-xp 00000000 08:01 136931     /usr/lib/i386-linux-gnu/libX11.so.6.3.0
674ab000-674ac000 r--p 00146000 08:01 136931     /usr/lib/i386-linux-gnu/libX11.so.6.3.0
674ac000-674ae000 rw-p 00147000 08:01 136931     /usr/lib/i386-linux-gnu/libX11.so.6.3.0
674ae000-674af000 rw-p 00000000 00:00 0 
674af000-674b2000 ---p 00000000 00:00 0 
674b2000-67500000 rw-p 00000000 00:00 0          [stack:15148]
67500000-67700000 r--p 00000000 08:01 143362     /usr/lib/locale/locale-archive
67700000-677f9000 rw-p 00000000 00:00 0 
677f9000-67800000 ---p 00000000 00:00 0 
67800000-67826000 rw-p 00000000 00:00 0 
67826000-67900000 ---p 00000000 00:00 0 
67900000-67a00000 rw-p 00000000 00:00 0 
67a0f000-67a33000 r-xp 00000000 08:01 394683     /lib/i386-linux-gnu/libselinux.so.1
67a33000-67a34000 r--p 00024000 08:01 394683     /lib/i386-linux-gnu/libselinux.so.1
67a34000-67a35000 rw-p 00025000 08:01 394683     /lib/i386-linux-gnu/libselinux.so.1
67a35000-67a36000 rw-p 00000000 00:00 0 
67a4d000-67a4e000 ---p 00000000 00:00 0 
67a4e000-67ace000 rw-p 00000000 00:00 0          [stack:15145]
67ace000-67c80000 r--s 01d2e000 08:01 804984     /usr/lib/jvm/java-7-openjdk-i386/jre/lib/rt.jar
67c80000-6a500000 rw-p 00000000 00:00 0 
6a500000-6a5f8000 rw-p 00000000 00:00 0 
6a5f8000-6a600000 ---p 00000000 00:00 0 
6a603000-6a61a000 r-xp 00000000 08:01 805027     /usr/lib/jvm/java-7-openjdk-i386/jre/lib/i386/libnet.so
6a61a000-6a61b000 r--p 00016000 08:01 805027     /usr/lib/jvm/java-7-openjdk-i386/jre/lib/i386/libnet.so
6a61b000-6a61c000 rw-p 00017000 08:01 805027     /usr/lib/jvm/java-7-openjdk-i386/jre/lib/i386/libnet.so
6a61c000-6a62c000 r-xp 00000000 08:01 804991     /usr/lib/jvm/java-7-openjdk-i386/jre/lib/i386/libnio.so
6a62c000-6a62d000 r--p 00010000 08:01 804991     /usr/lib/jvm/java-7-openjdk-i386/jre/lib/i386/libnio.so
6a62d000-6a62e000 rw-p 00011000 08:01 804991     /usr/lib/jvm/java-7-openjdk-i386/jre/lib/i386/libnio.so
6a62e000-6a631000 ---p 00000000 00:00 0 
6a631000-6a67f000 rw-p 00000000 00:00 0          [stack:15147]
6a67f000-6a680000 ---p 00000000 00:00 0 
6a680000-6a700000 rw-p 00000000 00:00 0          [stack:15144]
6a700000-6a721000 rw-p 00000000 00:00 0 
6a721000-6a800000 ---p 00000000 00:00 0 
6a802000-6a809000 r-xp 00000000 08:01 137254     /usr/lib/i386-linux-gnu/libffi.so.6.0.4
6a809000-6a80b000 r--p 00006000 08:01 137254     /usr/lib/i386-linux-gnu/libffi.so.6.0.4
6a80b000-6a80c000 rw-p 00008000 08:01 137254     /usr/lib/i386-linux-gnu/libffi.so.6.0.4
6a80c000-6a82c000 r-xp 00000000 08:01 138125     /usr/lib/i386-linux-gnu/libxcb.so.1.1.0
6a82c000-6a82d000 r--p 0001f000 08:01 138125     /usr/lib/i386-linux-gnu/libxcb.so.1.1.0
6a82d000-6a82e000 rw-p 00020000 08:01 138125     /usr/lib/i386-linux-gnu/libxcb.so.1.1.0
6a82e000-6a831000 ---p 00000000 00:00 0 
6a831000-6a87f000 rw-p 00000000 00:00 0          [stack:15146]
6a87f000-6a880000 ---p 00000000 00:00 0 
6a880000-6a900000 rw-p 00000000 00:00 0          [stack:15143]
6a900000-6a921000 rw-p 00000000 00:00 0 
6a921000-6aa00000 ---p 00000000 00:00 0 
6aa01000-6aa06000 r-xp 00000000 08:01 136946     /usr/lib/i386-linux-gnu/libXdmcp.so.6.0.0
6aa06000-6aa07000 r--p 00004000 08:01 136946     /usr/lib/i386-linux-gnu/libXdmcp.so.6.0.0
6aa07000-6aa08000 rw-p 00005000 08:01 136946     /usr/lib/i386-linux-gnu/libXdmcp.so.6.0.0
6aa08000-6aa0a000 r-xp 00000000 08:01 136935     /usr/lib/i386-linux-gnu/libXau.so.6.0.0
6aa0a000-6aa0b000 r--p 00001000 08:01 136935     /usr/lib/i386-linux-gnu/libXau.so.6.0.0
6aa0b000-6aa0c000 rw-p 00002000 08:01 136935     /usr/lib/i386-linux-gnu/libXau.so.6.0.0
6aa15000-6aa18000 r-xp 00000000 08:01 137371     /usr/lib/i386-linux-gnu/libgmodule-2.0.so.0.4400.0
6aa18000-6aa19000 r--p 00002000 08:01 137371     /usr/lib/i386-linux-gnu/libgmodule-2.0.so.0.4400.0
6aa19000-6aa1a000 rw-p 00003000 08:01 137371     /usr/lib/i386-linux-gnu/libgmodule-2.0.so.0.4400.0
6aa1a000-6aa23000 r--s 00089000 08:01 941255     /home/student/test/Pedometer/app/build/intermediates/exploded-aar/com.android.support/appcompat-v7/23.1.1/jars/classes.jar
6aa23000-6aa25000 r-xp 00000000 08:01 141618     /usr/lib/jayatana/libjayatanaag.so
6aa25000-6aa26000 r--p 00001000 08:01 141618     /usr/lib/jayatana/libjayatanaag.so
6aa26000-6aa27000 rw-p 00002000 08:01 141618     /usr/lib/jayatana/libjayatanaag.so
6aa27000-6aa36000 r--s 000df000 08:01 1068117    /home/student/Android/Sdk/build-tools/23.0.2/lib/dx.jar
6aa36000-6aa7f000 rw-p 00000000 00:00 0 
6aa7f000-6aa80000 ---p 00000000 00:00 0 
6aa80000-6ab00000 rw-p 00000000 00:00 0          [stack:15142]
6ab00000-6ab21000 rw-p 00000000 00:00 0 
6ab21000-6ac00000 ---p 00000000 00:00 0 
6ac01000-6ac05000 r--s 00085000 08:01 804976     /usr/lib/jvm/java-7-openjdk-i386/jre/lib/ext/localedata.jar
6ac05000-6ac09000 r--s 00034000 08:01 804978     /usr/lib/jvm/java-7-openjdk-i386/jre/lib/ext/sunjce_provider.jar
6ac09000-6ac0d000 r--s 0003c000 08:01 804979     /usr/lib/jvm/java-7-openjdk-i386/jre/lib/ext/sunpkcs11.jar
6ac0d000-6ac68000 rw-p 00000000 00:00 0 
6ac68000-6ac69000 ---p 00000000 00:00 0 
6ac69000-6acf1000 rw-p 00000000 00:00 0          [stack:15141]
6acf1000-6ad29000 rw-p 00000000 00:00 0 
6ad29000-6ad3e000 rw-p 00000000 00:00 0 
6ad3e000-6ae7f000 rw-p 00000000 00:00 0 
6ae7f000-6ae87000 rw-p 00000000 00:00 0 
6ae87000-6aebf000 rw-p 00000000 00:00 0 
6aebf000-6aed4000 rw-p 00000000 00:00 0 
6aed4000-6b014000 rw-p 00000000 00:00 0 
6b014000-6b027000 rw-p 00000000 00:00 0 
6b027000-6b0bf000 rw-p 00000000 00:00 0 
6b0bf000-6c0c0000 rw-p 00000000 00:00 0 
6c0c0000-730c0000 rw-p 00000000 00:00 0 
730c0000-75ac0000 rw-p 00000000 00:00 0 
75ac0000-9db40000 rw-p 00000000 00:00 0 
9db40000-a00c0000 rw-p 00000000 00:00 0 
a00c0000-b30c0000 rw-p 00000000 00:00 0 
b30c1000-b30c2000 r--s 00000000 08:01 414147     /usr/share/java/jayatanaag.jar
b30c2000-b30e6000 rw-p 00000000 00:00 0 
b30e6000-b319d000 rw-p 00000000 00:00 0 
b319d000-b33dd000 rwxp 00000000 00:00 0 
b33dd000-b619d000 rw-p 00000000 00:00 0 
b619d000-b61a9000 r-xp 00000000 08:01 394626     /lib/i386-linux-gnu/libnss_files-2.21.so
b61a9000-b61aa000 r--p 0000b000 08:01 394626     /lib/i386-linux-gnu/libnss_files-2.21.so
b61aa000-b61ab000 rw-p 0000c000 08:01 394626     /lib/i386-linux-gnu/libnss_files-2.21.so
b61ab000-b61b6000 r-xp 00000000 08:01 394636     /lib/i386-linux-gnu/libnss_nis-2.21.so
b61b6000-b61b7000 r--p 0000a000 08:01 394636     /lib/i386-linux-gnu/libnss_nis-2.21.so
b61b7000-b61b8000 rw-p 0000b000 08:01 394636     /lib/i386-linux-gnu/libnss_nis-2.21.so
b61b8000-b61cf000 r-xp 00000000 08:01 394620     /lib/i386-linux-gnu/libnsl-2.21.so
b61cf000-b61d0000 r--p 00016000 08:01 394620     /lib/i386-linux-gnu/libnsl-2.21.so
b61d0000-b61d1000 rw-p 00017000 08:01 394620     /lib/i386-linux-gnu/libnsl-2.21.so
b61d1000-b61d3000 rw-p 00000000 00:00 0 
b61d3000-b61db000 r-xp 00000000 08:01 394622     /lib/i386-linux-gnu/libnss_compat-2.21.so
b61db000-b61dc000 r--p 00007000 08:01 394622     /lib/i386-linux-gnu/libnss_compat-2.21.so
b61dc000-b61dd000 rw-p 00008000 08:01 394622     /lib/i386-linux-gnu/libnss_compat-2.21.so
b61dd000-b61e0000 r--s 0000f000 08:01 804977     /usr/lib/jvm/java-7-openjdk-i386/jre/lib/ext/icedtea-sound.jar
b61e0000-b61e2000 r--s 00012000 08:01 804975     /usr/lib/jvm/java-7-openjdk-i386/jre/lib/ext/zipfs.jar
b61e2000-b61ea000 r-xp 00000000 08:01 804995     /usr/lib/jvm/java-7-openjdk-i386/jre/lib/i386/libzip.so
b61ea000-b61eb000 r--p 00007000 08:01 804995     /usr/lib/jvm/java-7-openjdk-i386/jre/lib/i386/libzip.so
b61eb000-b61ec000 rw-p 00008000 08:01 804995     /usr/lib/jvm/java-7-openjdk-i386/jre/lib/i386/libzip.so
b61ec000-b61f4000 rw-s 00000000 08:01 429221     /tmp/hsperfdata_student/15135
b61f4000-b61fe000 r-xp 00000000 08:01 805017     /usr/lib/jvm/java-7-openjdk-i386/jre/lib/i386/libinstrument.so
b61fe000-b61ff000 r--p 00009000 08:01 805017     /usr/lib/jvm/java-7-openjdk-i386/jre/lib/i386/libinstrument.so
b61ff000-b6200000 rw-p 0000a000 08:01 805017     /usr/lib/jvm/java-7-openjdk-i386/jre/lib/i386/libinstrument.so
b6200000-b6300000 rw-p 00000000 00:00 0 
b6300000-b6326000 r-xp 00000000 08:01 805003     /usr/lib/jvm/java-7-openjdk-i386/jre/lib/i386/libjava.so
b6326000-b6327000 r--p 00025000 08:01 805003     /usr/lib/jvm/java-7-openjdk-i386/jre/lib/i386/libjava.so
b6327000-b6328000 rw-p 00026000 08:01 805003     /usr/lib/jvm/java-7-openjdk-i386/jre/lib/i386/libjava.so
b6328000-b632f000 r-xp 00000000 08:01 394681     /lib/i386-linux-gnu/librt-2.21.so
b632f000-b6330000 r--p 00006000 08:01 394681     /lib/i386-linux-gnu/librt-2.21.so
b6330000-b6331000 rw-p 00007000 08:01 394681     /lib/i386-linux-gnu/librt-2.21.so
b6331000-b6334000 ---p 00000000 00:00 0 
b6334000-b6382000 rw-p 00000000 00:00 0          [stack:15138]
b6382000-b639e000 r-xp 00000000 08:01 394569     /lib/i386-linux-gnu/libgcc_s.so.1
b639e000-b639f000 rw-p 0001b000 08:01 394569     /lib/i386-linux-gnu/libgcc_s.so.1
b639f000-b63ea000 r-xp 00000000 08:01 394599     /lib/i386-linux-gnu/libm-2.21.so
b63ea000-b63eb000 r--p 0004a000 08:01 394599     /lib/i386-linux-gnu/libm-2.21.so
b63eb000-b63ec000 rw-p 0004b000 08:01 394599     /lib/i386-linux-gnu/libm-2.21.so
b63ec000-b64d5000 r-xp 00000000 08:01 137921     /usr/lib/i386-linux-gnu/libstdc++.so.6.0.20
b64d5000-b64d9000 r--p 000e9000 08:01 137921     /usr/lib/i386-linux-gnu/libstdc++.so.6.0.20
b64d9000-b64da000 rw-p 000ed000 08:01 137921     /usr/lib/i386-linux-gnu/libstdc++.so.6.0.20
b64da000-b64e1000 rw-p 00000000 00:00 0 
b64e1000-b7034000 r-xp 00000000 08:01 805013     /usr/lib/jvm/java-7-openjdk-i386/jre/lib/i386/server/libjvm.so
b7034000-b7088000 r--p 00b52000 08:01 805013     /usr/lib/jvm/java-7-openjdk-i386/jre/lib/i386/server/libjvm.so
b7088000-b709c000 rw-p 00ba6000 08:01 805013     /usr/lib/jvm/java-7-openjdk-i386/jre/lib/i386/server/libjvm.so
b709c000-b74bb000 rw-p 00000000 00:00 0 
b74bb000-b74d4000 r-xp 00000000 08:01 394714     /lib/i386-linux-gnu/libz.so.1.2.8
b74d4000-b74d5000 r--p 00019000 08:01 394714     /lib/i386-linux-gnu/libz.so.1.2.8
b74d5000-b74d6000 rw-p 0001a000 08:01 394714     /lib/i386-linux-gnu/libz.so.1.2.8
b74d6000-b74ef000 r-xp 00000000 08:01 394673     /lib/i386-linux-gnu/libpthread-2.21.so
b74ef000-b74f0000 r--p 00018000 08:01 394673     /lib/i386-linux-gnu/libpthread-2.21.so
b74f0000-b74f1000 rw-p 00019000 08:01 394673     /lib/i386-linux-gnu/libpthread-2.21.so
b74f1000-b74f3000 rw-p 00000000 00:00 0 
b74f3000-b74f6000 r-xp 00000000 08:01 394557     /lib/i386-linux-gnu/libdl-2.21.so
b74f6000-b74f7000 r--p 00002000 08:01 394557     /lib/i386-linux-gnu/libdl-2.21.so
b74f7000-b74f8000 rw-p 00003000 08:01 394557     /lib/i386-linux-gnu/libdl-2.21.so
b74f8000-b76ac000 r-xp 00000000 08:01 394540     /lib/i386-linux-gnu/libc-2.21.so
b76ac000-b76af000 r--p 001b3000 08:01 394540     /lib/i386-linux-gnu/libc-2.21.so
b76af000-b76b1000 rw-p 001b6000 08:01 394540     /lib/i386-linux-gnu/libc-2.21.so
b76b1000-b76b3000 rw-p 00000000 00:00 0 
b76b3000-b76b4000 r--s 00002000 08:01 804980     /usr/lib/jvm/java-7-openjdk-i386/jre/lib/ext/dnsns.jar
b76b4000-b76b6000 r--s 00006000 08:01 399091     /usr/share/java/java-atk-wrapper.jar
b76b6000-b76b7000 r--p 005e0000 08:01 143362     /usr/lib/locale/locale-archive
b76b7000-b76b8000 rw-p 00000000 00:00 0 
b76b8000-b76b9000 r--p 00000000 00:00 0 
b76b9000-b76c7000 r-xp 00000000 08:01 805022     /usr/lib/jvm/java-7-openjdk-i386/jre/lib/i386/libverify.so
b76c7000-b76c9000 r--p 0000d000 08:01 805022     /usr/lib/jvm/java-7-openjdk-i386/jre/lib/i386/libverify.so
b76c9000-b76ca000 rw-p 0000f000 08:01 805022     /usr/lib/jvm/java-7-openjdk-i386/jre/lib/i386/libverify.so
b76ca000-b76d6000 r-xp 00000000 08:01 805024     /usr/lib/jvm/java-7-openjdk-i386/jre/lib/i386/jli/libjli.so
b76d6000-b76d7000 r--p 0000b000 08:01 805024     /usr/lib/jvm/java-7-openjdk-i386/jre/lib/i386/jli/libjli.so
b76d7000-b76d8000 rw-p 0000c000 08:01 805024     /usr/lib/jvm/java-7-openjdk-i386/jre/lib/i386/jli/libjli.so
b76d8000-b76db000 rw-p 00000000 00:00 0 
b76db000-b76dd000 r--p 00000000 00:00 0          [vvar]
b76dd000-b76de000 r-xp 00000000 00:00 0          [vdso]
b76de000-b7700000 r-xp 00000000 08:01 394512     /lib/i386-linux-gnu/ld-2.21.so
b7700000-b7701000 r--p 00021000 08:01 394512     /lib/i386-linux-gnu/ld-2.21.so
b7701000-b7702000 rw-p 00022000 08:01 394512     /lib/i386-linux-gnu/ld-2.21.so
bfad4000-bfad5000 rwxp 00000000 00:00 0 
bfb06000-bfb28000 rw-p 00000000 00:00 0          [stack]

VM Arguments:
jvm_args: -javaagent:/usr/share/java/jayatanaag.jar -Djava.awt.headless=true -Xmx1024M -Dfile.encoding=UTF-8 -Duser.country=US -Duser.language=en -Duser.variant 
java_command: com.android.dx.command.Main --dex --num-threads=4 --output /home/student/test/Pedometer/app/build/intermediates/pre-dexed/debug/com.android.support-appcompat-v7-23.1.1_e2de87a59e53f0e284a70814a1dc4fff482f1405.jar /home/student/test/Pedometer/app/build/intermediates/exploded-aar/com.android.support/appcompat-v7/23.1.1/jars/classes.jar
Launcher Type: SUN_STANDARD

Environment Variables:
JAVA_TOOL_OPTIONS=-javaagent:/usr/share/java/jayatanaag.jar 
PATH=/home/student/.linuxbrew/bin:/usr/local/sbin:/usr/local/bin:/usr/sbin:/usr/bin:/sbin:/bin:/usr/games:/usr/local/games:/etc/android-studio/bin/:/home/student/Android/Sdk/platform-tools:/home/student/Android/Sdk/tools
LD_LIBRARY_PATH=/etc/android-studio/bin:
SHELL=/bin/bash
DISPLAY=:0

Signal Handlers:
SIGSEGV: [libjvm.so+0x7f7d00], sa_mask[0]=0x7ffbfeff, sa_flags=0x10000004
SIGBUS: [libjvm.so+0x7f7d00], sa_mask[0]=0x7ffbfeff, sa_flags=0x10000004
SIGFPE: [libjvm.so+0x67a9d0], sa_mask[0]=0x7ffbfeff, sa_flags=0x10000004
SIGPIPE: [libjvm.so+0x67a9d0], sa_mask[0]=0x7ffbfeff, sa_flags=0x10000004
SIGXFSZ: [libjvm.so+0x67a9d0], sa_mask[0]=0x7ffbfeff, sa_flags=0x10000004
SIGILL: [libjvm.so+0x67a9d0], sa_mask[0]=0x7ffbfeff, sa_flags=0x10000004
SIGUSR1: SIG_DFL, sa_mask[0]=0x00000000, sa_flags=0x00000000
SIGUSR2: [libjvm.so+0x67a820], sa_mask[0]=0x00000004, sa_flags=0x10000004
SIGHUP: [libjvm.so+0x67aa80], sa_mask[0]=0x7ffbfeff, sa_flags=0x10000004
SIGINT: [libjvm.so+0x67aa80], sa_mask[0]=0x7ffbfeff, sa_flags=0x10000004
SIGTERM: [libjvm.so+0x67aa80], sa_mask[0]=0x7ffbfeff, sa_flags=0x10000004
SIGQUIT: [libjvm.so+0x67aa80], sa_mask[0]=0x7ffbfeff, sa_flags=0x10000004
SIGTRAP: SIG_DFL, sa_mask[0]=0x00000000, sa_flags=0x00000000


---------------  S Y S T E M  ---------------

OS:Ubuntu 15.04 (vivid)
uname:Linux 3.19.0-18-generic #18-Ubuntu SMP Tue May 19 18:30:59 UTC 2015 i686
libc:glibc 2.21 NPTL 2.21 
rlimit: STACK 8192k, CORE 0k, NPROC 32177, NOFILE 65536, AS infinity
load average:4.19 1.19 1.09

/proc/meminfo:
MemTotal:        4139540 kB
MemFree:          215996 kB
MemAvailable:     146652 kB
Buffers:            3188 kB
Cached:            64364 kB
SwapCached:            0 kB
Active:          3579568 kB
Inactive:          51652 kB
Active(anon):    3565168 kB
Inactive(anon):    37404 kB
Active(file):      14400 kB
Inactive(file):    14248 kB
Unevictable:          32 kB
Mlocked:              32 kB
HighTotal:       3280776 kB
HighFree:          41196 kB
LowTotal:         858764 kB
LowFree:          174800 kB
SwapTotal:             0 kB
SwapFree:              0 kB
Dirty:               424 kB
Writeback:             0 kB
AnonPages:       3563992 kB
Mapped:            44372 kB
Shmem:             38564 kB
Slab:              47332 kB
SReclaimable:      21980 kB
SUnreclaim:        25352 kB
KernelStack:        5376 kB
PageTables:        15188 kB
NFS_Unstable:          0 kB
Bounce:                0 kB
WritebackTmp:          0 kB
CommitLimit:     2069768 kB
Committed_AS:    6662520 kB
VmallocTotal:     122880 kB
VmallocUsed:       23328 kB
VmallocChunk:      46892 kB
AnonHugePages:   2684928 kB
CmaTotal:              0 kB
CmaFree:               0 kB
HugePages_Total:       0
HugePages_Free:        0
HugePages_Rsvd:        0
HugePages_Surp:        0
Hugepagesize:       2048 kB
DirectMap4k:       59384 kB
DirectMap2M:      854016 kB


CPU:total 4 (1 cores per cpu, 1 threads per core) family 6 model 58 stepping 9, cmov, cx8, fxsr, mmx, sse, sse2, sse3, ssse3, sse4.1, sse4.2, popcnt, avx, aes, erms, tsc, tscinvbit, tscinv

/proc/cpuinfo:
processor	: 0
vendor_id	: GenuineIntel
cpu family	: 6
model		: 58
model name	: Intel(R) Core(TM) i5-3210M CPU @ 2.50GHz
stepping	: 9
microcode	: 0x15
cpu MHz		: 2494.111
cache size	: 3072 KB
physical id	: 0
siblings	: 1
core id		: 0
cpu cores	: 1
apicid		: 0
initial apicid	: 0
fdiv_bug	: no
f00f_bug	: no
coma_bug	: no
fpu		: yes
fpu_exception	: yes
cpuid level	: 13
wp		: yes
flags		: fpu vme de pse tsc msr pae mce cx8 apic sep mtrr pge mca cmov pat pse36 clflush dts mmx fxsr sse sse2 ss nx rdtscp lm constant_tsc arch_perfmon pebs bts xtopology tsc_reliable nonstop_tsc aperfmperf pni pclmulqdq ssse3 cx16 pcid sse4_1 sse4_2 x2apic popcnt tsc_deadline_timer aes xsave avx f16c rdrand hypervisor lahf_lm ida arat epb pln pts dtherm fsgsbase tsc_adjust smep
bugs		:
bogomips	: 4988.22
clflush size	: 64
cache_alignment	: 64
address sizes	: 42 bits physical, 48 bits virtual
power management:

processor	: 1
vendor_id	: GenuineIntel
cpu family	: 6
model		: 58
model name	: Intel(R) Core(TM) i5-3210M CPU @ 2.50GHz
stepping	: 9
microcode	: 0x15
cpu MHz		: 2494.111
cache size	: 3072 KB
physical id	: 2
siblings	: 1
core id		: 0
cpu cores	: 1
apicid		: 2
initial apicid	: 2
fdiv_bug	: no
f00f_bug	: no
coma_bug	: no
fpu		: yes
fpu_exception	: yes
cpuid level	: 13
wp		: yes
flags		: fpu vme de pse tsc msr pae mce cx8 apic sep mtrr pge mca cmov pat pse36 clflush dts mmx fxsr sse sse2 ss nx rdtscp lm constant_tsc arch_perfmon pebs bts xtopology tsc_reliable nonstop_tsc aperfmperf pni pclmulqdq ssse3 cx16 pcid sse4_1 sse4_2 x2apic popcnt tsc_deadline_timer aes xsave avx f16c rdrand hypervisor lahf_lm ida arat epb pln pts dtherm fsgsbase tsc_adjust smep
bugs		:
bogomips	: 4988.22
clflush size	: 64
cache_alignment	: 64
address sizes	: 42 bits physical, 48 bits virtual
power management:

processor	: 2
vendor_id	: GenuineIntel
cpu family	: 6
model		: 58
model name	: Intel(R) Core(TM) i5-3210M CPU @ 2.50GHz
stepping	: 9
microcode	: 0x15
cpu MHz		: 2494.111
cache size	: 3072 KB
physical id	: 4
siblings	: 1
core id		: 0
cpu cores	: 1
apicid		: 4
initial apicid	: 4
fdiv_bug	: no
f00f_bug	: no
coma_bug	: no
fpu		: yes
fpu_exception	: yes
cpuid level	: 13
wp		: yes
flags		: fpu vme de pse tsc msr pae mce cx8 apic sep mtrr pge mca cmov pat pse36 clflush dts mmx fxsr sse sse2 ss nx rdtscp lm constant_tsc arch_perfmon pebs bts xtopology tsc_reliable nonstop_tsc aperfmperf pni pclmulqdq ssse3 cx16 pcid sse4_1 sse4_2 x2apic popcnt tsc_deadline_timer aes xsave avx f16c rdrand hypervisor lahf_lm ida arat epb pln pts dtherm fsgsbase tsc_adjust smep
bugs		:
bogomips	: 4988.22
clflush size	: 64
cache_alignment	: 64
address sizes	: 42 bits physical, 48 bits virtual
power management:

processor	: 3
vendor_id	: GenuineIntel
cpu family	: 6
model		: 58
model name	: Intel(R) Core(TM) i5-3210M CPU @ 2.50GHz
stepping	: 9
microcode	: 0x15
cpu MHz		: 2494.111
cache size	: 3072 KB
physical id	: 6
siblings	: 1
core id		: 0
cpu cores	: 1
apicid		: 6
initial apicid	: 6
fdiv_bug	: no
f00f_bug	: no
coma_bug	: no
fpu		: yes
fpu_exception	: yes
cpuid level	: 13
wp		: yes
flags		: fpu vme de pse tsc msr pae mce cx8 apic sep mtrr pge mca cmov pat pse36 clflush dts mmx fxsr sse sse2 ss nx rdtscp lm constant_tsc arch_perfmon pebs bts xtopology tsc_reliable nonstop_tsc aperfmperf pni pclmulqdq ssse3 cx16 pcid sse4_1 sse4_2 x2apic popcnt tsc_deadline_timer aes xsave avx f16c rdrand hypervisor lahf_lm ida arat epb pln pts dtherm fsgsbase tsc_adjust smep
bugs		:
bogomips	: 4988.22
clflush size	: 64
cache_alignment	: 64
address sizes	: 42 bits physical, 48 bits virtual
power management:



Memory: 4k page, physical 4139540k(215996k free), swap 0k(0k free)

vm_info: OpenJDK Server VM (24.91-b01) for linux-x86 JRE (1.7.0_91-b02), built on Nov 19 2015 06:25:06 by "buildd" with gcc 4.9.2

time: Sun May  1 14:14:00 2016
elapsed time: 10 seconds

