#
# There is insufficient memory for the Java Runtime Environment to continue.
# Native memory allocation (malloc) failed to allocate 592808 bytes for Chunk::new
# Possible reasons:
#   The system is out of physical RAM or swap space
#   In 32 bit mode, the process size limit was hit
# Possible solutions:
#   Reduce memory load on the system
#   Increase physical memory or swap space
#   Check if swap backing store is full
#   Use 64 bit Java on a 64 bit OS
#   Decrease Java heap size (-Xmx/-Xms)
#   Decrease number of Java threads
#   Decrease Java thread stack sizes (-Xss)
#   Set larger code cache with -XX:ReservedCodeCacheSize=
# This output file may be truncated or incomplete.
#
#  Out of Memory Error (allocation.cpp:326), pid=16101, tid=1731939136
#
# JRE version: OpenJDK Runtime Environment (7.0_91-b02) (build 1.7.0_91-b02)
# Java VM: OpenJDK Server VM (24.91-b01 mixed mode linux-x86 )
# Derivative: IcedTea 2.6.3
# Distribution: Ubuntu 15.04, package 7u91-2.6.3-0ubuntu0.15.04.1
# Failed to write core dump. Core dumps have been disabled. To enable core dumping, try "ulimit -c unlimited" before starting Java again
#

---------------  T H R E A D  ---------------

Current thread (0x67aea400):  JavaThread "C2 CompilerThread0" daemon [_thread_in_native, id=16157, stack(0x67334000,0x673b5000)]

Stack: [0x67334000,0x673b5000]

Current CompileTask:
C2:  12959  317   !         com.android.dx.cf.code.Ropper::processBlock (1101 bytes)


---------------  P R O C E S S  ---------------

Java Threads: ( => current thread )
  0x6703d000 JavaThread "pool-1-thread-1" [_thread_in_vm, id=16247, stack(0x66951000,0x669a2000)]
  0x67aed400 JavaThread "Service Thread" daemon [_thread_blocked, id=16167, stack(0x67262000,0x672b3000)]
  0x67aeb800 JavaThread "C2 CompilerThread1" daemon [_thread_in_vm, id=16166, stack(0x672b3000,0x67334000)]
=>0x67aea400 JavaThread "C2 CompilerThread0" daemon [_thread_in_native, id=16157, stack(0x67334000,0x673b5000)]
  0x67a97400 JavaThread "Signal Dispatcher" daemon [_thread_blocked, id=16154, stack(0x6790d000,0x6795e000)]
  0x67a85400 JavaThread "Finalizer" daemon [_thread_blocked, id=16148, stack(0x6795e000,0x679af000)]
  0x67a83c00 JavaThread "Reference Handler" daemon [_thread_blocked, id=16146, stack(0x679af000,0x67a00000)]
  0xb6208400 JavaThread "main" [_thread_blocked, id=16117, stack(0xb635f000,0xb63b0000)]

Other Threads:
  0x67a81400 VMThread [stack: 0x67b4d000,0x67bce000] [id=16142]
  0x67aef800 WatcherThread [stack: 0x671e1000,0x67262000] [id=16168]

VM state:not at safepoint (normal execution)

VM Mutex/Monitor currently owned by a thread: None

Heap
 PSYoungGen      total 69120K, used 10985K [0x9db80000, 0xa2180000, 0xb3100000)
  eden space 66560K, 12% used [0x9db80000,0x9e3bac48,0xa1c80000)
  from space 2560K, 99% used [0xa1f00000,0xa217fa58,0xa2180000)
  to   space 2560K, 0% used [0xa1c80000,0xa1c80000,0xa1f00000)
 ParOldGen       total 43008K, used 12046K [0x73100000, 0x75b00000, 0x9db80000)
  object space 43008K, 28% used [0x73100000,0x73cc39f8,0x75b00000)
 PSPermGen       total 16384K, used 4305K [0x6b100000, 0x6c100000, 0x73100000)
  object space 16384K, 26% used [0x6b100000,0x6b5345d0,0x6c100000)

Card table byte_map: [0x6aebf000,0x6b100000] byte_map_base: 0x6ab66800

Polling page: 0xb76e6000

Code Cache  [0xb31ca000, 0xb340a000, 0xb61ca000)
 total_blobs=463 nmethods=340 adapters=76 free_code_cache=47960Kb largest_free_block=49087296

Compilation events (10 events):
Event: 12.782 Thread 0x67aeb800 nmethod 338 0xb3237748 code [0xb3237840, 0xb3237950]
Event: 12.782 Thread 0x67aeb800  339             com.android.dx.cf.code.LocalVariableList$Item::matchesPcAndIndex (35 bytes)
Event: 12.783 Thread 0x67aeb800 nmethod 339 0xb32d7c08 code [0xb32d7ce0, 0xb32d7d50]
Event: 12.783 Thread 0x67aeb800  340             com.android.dx.rop.cst.CstNat::getName (5 bytes)
Event: 12.783 Thread 0x67aeb800 nmethod 340 0xb32d7a88 code [0xb32d7b60, 0xb32d7bb0]
Event: 12.783 Thread 0x67aeb800  341             java.util.AbstractSet::<init> (5 bytes)
Event: 12.798 Thread 0x67aeb800 nmethod 341 0xb32375c8 code [0xb32376a0, 0xb32376f0]
Event: 12.798 Thread 0x67aeb800  342             com.android.dx.ssa.SsaRenamer$BlockRenamer::processResultReg (56 bytes)
Event: 12.801 Thread 0x67aeb800 nmethod 342 0xb3237188 code [0xb32372a0, 0xb32373c4]
Event: 12.801 Thread 0x67aeb800  343             com.android.dx.ssa.DomFront::calcDomFronts (154 bytes)

GC Heap History (8 events):
Event: 1.170 GC heap before
{Heap before GC invocations=1 (full 0):
 PSYoungGen      total 19200K, used 16640K [0x9db80000, 0x9f0c0000, 0xb3100000)
  eden space 16640K, 100% used [0x9db80000,0x9ebc0000,0x9ebc0000)
  from space 2560K, 0% used [0x9ee40000,0x9ee40000,0x9f0c0000)
  to   space 2560K, 0% used [0x9ebc0000,0x9ebc0000,0x9ee40000)
 ParOldGen       total 43008K, used 0K [0x73100000, 0x75b00000, 0x9db80000)
  object space 43008K, 0% used [0x73100000,0x73100000,0x75b00000)
 PSPermGen       total 16384K, used 3843K [0x6b100000, 0x6c100000, 0x73100000)
  object space 16384K, 23% used [0x6b100000,0x6b4c0d98,0x6c100000)
Event: 1.254 GC heap after
Heap after GC invocations=1 (full 0):
 PSYoungGen      total 19200K, used 2373K [0x9db80000, 0xa0100000, 0xb3100000)
  eden space 16640K, 0% used [0x9db80000,0x9db80000,0x9ebc0000)
  from space 2560K, 92% used [0x9ebc0000,0x9ee11508,0x9ee40000)
  to   space 2560K, 0% used [0x9fe80000,0x9fe80000,0xa0100000)
 ParOldGen       total 43008K, used 0K [0x73100000, 0x75b00000, 0x9db80000)
  object space 43008K, 0% used [0x73100000,0x73100000,0x75b00000)
 PSPermGen       total 16384K, used 3843K [0x6b100000, 0x6c100000, 0x73100000)
  object space 16384K, 23% used [0x6b100000,0x6b4c0d98,0x6c100000)
}
Event: 2.731 GC heap before
{Heap before GC invocations=2 (full 0):
 PSYoungGen      total 19200K, used 19013K [0x9db80000, 0xa0100000, 0xb3100000)
  eden space 16640K, 100% used [0x9db80000,0x9ebc0000,0x9ebc0000)
  from space 2560K, 92% used [0x9ebc0000,0x9ee11508,0x9ee40000)
  to   space 2560K, 0% used [0x9fe80000,0x9fe80000,0xa0100000)
 ParOldGen       total 43008K, used 0K [0x73100000, 0x75b00000, 0x9db80000)
  object space 43008K, 0% used [0x73100000,0x73100000,0x75b00000)
 PSPermGen       total 16384K, used 4127K [0x6b100000, 0x6c100000, 0x73100000)
  object space 16384K, 25% used [0x6b100000,0x6b507d00,0x6c100000)
Event: 2.756 GC heap after
Heap after GC invocations=2 (full 0):
 PSYoungGen      total 35840K, used 2550K [0x9db80000, 0xa0100000, 0xb3100000)
  eden space 33280K, 0% used [0x9db80000,0x9db80000,0x9fc00000)
  from space 2560K, 99% used [0x9fe80000,0xa00fd950,0xa0100000)
  to   space 2560K, 0% used [0x9fc00000,0x9fc00000,0x9fe80000)
 ParOldGen       total 43008K, used 1620K [0x73100000, 0x75b00000, 0x9db80000)
  object space 43008K, 3% used [0x73100000,0x73295170,0x75b00000)
 PSPermGen       total 16384K, used 4127K [0x6b100000, 0x6c100000, 0x73100000)
  object space 16384K, 25% used [0x6b100000,0x6b507d00,0x6c100000)
}
Event: 5.169 GC heap before
{Heap before GC invocations=3 (full 0):
 PSYoungGen      total 35840K, used 35830K [0x9db80000, 0xa0100000, 0xb3100000)
  eden space 33280K, 100% used [0x9db80000,0x9fc00000,0x9fc00000)
  from space 2560K, 99% used [0x9fe80000,0xa00fd950,0xa0100000)
  to   space 2560K, 0% used [0x9fc00000,0x9fc00000,0x9fe80000)
 ParOldGen       total 43008K, used 1620K [0x73100000, 0x75b00000, 0x9db80000)
  object space 43008K, 3% used [0x73100000,0x73295170,0x75b00000)
 PSPermGen       total 16384K, used 4228K [0x6b100000, 0x6c100000, 0x73100000)
  object space 16384K, 25% used [0x6b100000,0x6b5211d8,0x6c100000)
Event: 5.267 GC heap after
Heap after GC invocations=3 (full 0):
 PSYoungGen      total 35840K, used 2544K [0x9db80000, 0xa2180000, 0xb3100000)
  eden space 33280K, 0% used [0x9db80000,0x9db80000,0x9fc00000)
  from space 2560K, 99% used [0x9fc00000,0x9fe7c060,0x9fe80000)
  to   space 2560K, 0% used [0xa1f00000,0xa1f00000,0xa2180000)
 ParOldGen       total 43008K, used 6546K [0x73100000, 0x75b00000, 0x9db80000)
  object space 43008K, 15% used [0x73100000,0x737648d0,0x75b00000)
 PSPermGen       total 16384K, used 4228K [0x6b100000, 0x6c100000, 0x73100000)
  object space 16384K, 25% used [0x6b100000,0x6b5211d8,0x6c100000)
}
Event: 8.279 GC heap before
{Heap before GC invocations=4 (full 0):
 PSYoungGen      total 35840K, used 35824K [0x9db80000, 0xa2180000, 0xb3100000)
  eden space 33280K, 100% used [0x9db80000,0x9fc00000,0x9fc00000)
  from space 2560K, 99% used [0x9fc00000,0x9fe7c060,0x9fe80000)
  to   space 2560K, 0% used [0xa1f00000,0xa1f00000,0xa2180000)
 ParOldGen       total 43008K, used 6546K [0x73100000, 0x75b00000, 0x9db80000)
  object space 43008K, 15% used [0x73100000,0x737648d0,0x75b00000)
 PSPermGen       total 16384K, used 4256K [0x6b100000, 0x6c100000, 0x73100000)
  object space 16384K, 25% used [0x6b100000,0x6b5282d0,0x6c100000)
Event: 8.373 GC heap after
Heap after GC invocations=4 (full 0):
 PSYoungGen      total 69120K, used 2558K [0x9db80000, 0xa2180000, 0xb3100000)
  eden space 66560K, 0% used [0x9db80000,0x9db80000,0xa1c80000)
  from space 2560K, 99% used [0xa1f00000,0xa217fa58,0xa2180000)
  to   space 2560K, 0% used [0xa1c80000,0xa1c80000,0xa1f00000)
 ParOldGen       total 43008K, used 12046K [0x73100000, 0x75b00000, 0x9db80000)
  object space 43008K, 28% used [0x73100000,0x73cc39f8,0x75b00000)
 PSPermGen       total 16384K, used 4256K [0x6b100000, 0x6c100000, 0x73100000)
  object space 16384K, 25% used [0x6b100000,0x6b5282d0,0x6c100000)
}

Deoptimization events (10 events):
Event: 1.823 Thread 0x67043800 Uncommon trap: reason=null_check action=make_not_entrant pc=0xb322d2b0 method=com.android.dx.rop.code.LocalItem.equals(Ljava/lang/Object;)Z @ 1
Event: 2.839 Thread 0x67040400 Uncommon trap: reason=null_check action=make_not_entrant pc=0xb324b590 method=com.android.dx.rop.type.Type.equals(Ljava/lang/Object;)Z @ 8
Event: 3.131 Thread 0x67043800 Uncommon trap: reason=null_check action=make_not_entrant pc=0xb3236b94 method=com.android.dx.ssa.SsaRenamer.getLocalForNewReg(I)Lcom/android/dx/rop/code/LocalItem; @ 19
Event: 3.133 Thread 0x67043800 Uncommon trap: reason=null_check action=make_not_entrant pc=0xb324605c method=com.android.dx.ssa.SsaRenamer.getLocalForNewReg(I)Lcom/android/dx/rop/code/LocalItem; @ 19
Event: 5.029 Thread 0x67043800 Uncommon trap: reason=class_check action=maybe_recompile pc=0xb325dcc0 method=java.util.HashMap.put(Ljava/lang/Object;Ljava/lang/Object;)Ljava/lang/Object; @ 83
Event: 8.217 Thread 0xb6208400 Uncommon trap: reason=null_check action=make_not_entrant pc=0xb329d0b8 method=com.android.dx.rop.type.Type.putIntern(Lcom/android/dx/rop/type/Type;)Lcom/android/dx/rop/type/Type; @ 18
Event: 8.516 Thread 0x67043800 Uncommon trap: reason=unstable_if action=reinterpret pc=0xb322d0c4 method=com.android.dx.dex.code.OutputFinisher.hasLocalInfo(Lcom/android/dx/dex/code/DalvInsn;)Z @ 24
Event: 8.816 Thread 0x6703d000 Uncommon trap: reason=class_check action=maybe_recompile pc=0xb325dcc0 method=java.util.HashMap.put(Ljava/lang/Object;Ljava/lang/Object;)Ljava/lang/Object; @ 83
Event: 8.817 Thread 0x6703d000 Uncommon trap: reason=class_check action=maybe_recompile pc=0xb325dcc0 method=java.util.HashMap.put(Ljava/lang/Object;Ljava/lang/Object;)Ljava/lang/Object; @ 83
Event: 8.817 Thread 0x6703d000 Uncommon trap: reason=class_check action=maybe_recompile pc=0xb325dcc0 method=java.util.HashMap.put(Ljava/lang/Object;Ljava/lang/Object;)Ljava/lang/Object; @ 83

Internal exceptions (10 events):
Event: 4.874 Thread 0x6703d000 Threw 0x9f79e9e0 at /build/openjdk-7-PdBaKN/openjdk-7-7u91-2.6.3/build/openjdk/hotspot/src/share/vm/prims/jvm.cpp:1322
Event: 5.755 Thread 0xb6208400 Threw 0x9e1af220 at /build/openjdk-7-PdBaKN/openjdk-7-7u91-2.6.3/build/openjdk/hotspot/src/share/vm/prims/jvm.cpp:1322
Event: 5.756 Thread 0xb6208400 Threw 0x9e1b2008 at /build/openjdk-7-PdBaKN/openjdk-7-7u91-2.6.3/build/openjdk/hotspot/src/share/vm/prims/jvm.cpp:1322
Event: 5.756 Thread 0x67042800 Threw 0x9e171a18 at /build/openjdk-7-PdBaKN/openjdk-7-7u91-2.6.3/build/openjdk/hotspot/src/share/vm/prims/jvm.cpp:1322
Event: 5.871 Thread 0x67042800 Threw 0x9e42af58 at /build/openjdk-7-PdBaKN/openjdk-7-7u91-2.6.3/build/openjdk/hotspot/src/share/vm/prims/jvm.cpp:1322
Event: 8.217 Thread 0xb6208400 Implicit null exception at 0xb329cb22 to 0xb329d0ad
Event: 8.644 Thread 0xb6208400 Threw 0x9df25dd8 at /build/openjdk-7-PdBaKN/openjdk-7-7u91-2.6.3/build/openjdk/hotspot/src/share/vm/prims/jvm.cpp:1322
Event: 8.881 Thread 0x6703d000 Threw 0x9e1defe8 at /build/openjdk-7-PdBaKN/openjdk-7-7u91-2.6.3/build/openjdk/hotspot/src/share/vm/prims/jvm.cpp:1322
Event: 11.706 Thread 0x6703d000 Threw 0x9e2e6bb0 at /build/openjdk-7-PdBaKN/openjdk-7-7u91-2.6.3/build/openjdk/hotspot/src/share/vm/prims/jvm.cpp:1322
Event: 12.796 Thread 0x6703d000 Threw 0x9e383600 at /build/openjdk-7-PdBaKN/openjdk-7-7u91-2.6.3/build/openjdk/hotspot/src/share/vm/prims/jvm.cpp:1322

Events (10 events):
Event: 8.817 Thread 0x6703d000 DEOPT UNPACKING pc=0xb31f6bc8 sp=0x669a0cbc mode 2
Event: 8.881 loading class 0x67044838
Event: 8.881 loading class 0x67044838 done
Event: 11.706 loading class 0x67016080
Event: 11.706 loading class 0x67016080 done
Event: 11.924 Thread 0x67aeb800 flushing nmethod 0xb3235d48
Event: 12.036 Thread 0x67aeb800 flushing nmethod 0xb3244748
Event: 12.345 Thread 0x67aeb800 flushing nmethod 0xb324b388
Event: 12.785 loading class 0x678a2868
Event: 12.785 loading class 0x678a2868 done


Dynamic libraries:
08048000-08049000 r-xp 00000000 08:01 804961     /usr/lib/jvm/java-7-openjdk-i386/jre/bin/java
08049000-0804a000 r--p 00000000 08:01 804961     /usr/lib/jvm/java-7-openjdk-i386/jre/bin/java
0804a000-0804b000 rw-p 00001000 08:01 804961     /usr/lib/jvm/java-7-openjdk-i386/jre/bin/java
08c63000-08c9a000 rw-p 00000000 00:00 0          [heap]
65100000-651f1000 rw-p 00000000 00:00 0 
651f1000-65200000 ---p 00000000 00:00 0 
65200000-652ff000 rw-p 00000000 00:00 0 
652ff000-65300000 ---p 00000000 00:00 0 
65300000-653e7000 rw-p 00000000 00:00 0 
653e7000-65400000 ---p 00000000 00:00 0 
65500000-655f3000 rw-p 00000000 00:00 0 
655f3000-65600000 ---p 00000000 00:00 0 
65600000-656f9000 rw-p 00000000 00:00 0 
656f9000-65700000 ---p 00000000 00:00 0 
65700000-65800000 rw-p 00000000 00:00 0 
65800000-658ff000 rw-p 00000000 00:00 0 
658ff000-65900000 ---p 00000000 00:00 0 
65900000-659fa000 rw-p 00000000 00:00 0 
659fa000-65a00000 ---p 00000000 00:00 0 
65b00000-65bef000 rw-p 00000000 00:00 0 
65bef000-65c00000 ---p 00000000 00:00 0 
65d00000-65df9000 rw-p 00000000 00:00 0 
65df9000-65e00000 ---p 00000000 00:00 0 
65e00000-65f00000 rw-p 00000000 00:00 0 
65f00000-65ffd000 rw-p 00000000 00:00 0 
65ffd000-66000000 ---p 00000000 00:00 0 
66000000-660f6000 rw-p 00000000 00:00 0 
660f6000-66100000 ---p 00000000 00:00 0 
66200000-662d1000 rw-p 00000000 00:00 0 
662d1000-66300000 ---p 00000000 00:00 0 
66400000-664fb000 rw-p 00000000 00:00 0 
664fb000-66500000 ---p 00000000 00:00 0 
66600000-666fe000 rw-p 00000000 00:00 0 
666fe000-66700000 ---p 00000000 00:00 0 
66778000-66800000 rw-p 00000000 00:00 0 
66800000-668f9000 rw-p 00000000 00:00 0 
668f9000-66900000 ---p 00000000 00:00 0 
66951000-66954000 ---p 00000000 00:00 0 
66954000-669a2000 rw-p 00000000 00:00 0          [stack:16247]
669a2000-669a5000 ---p 00000000 00:00 0 
669a5000-669f3000 rw-p 00000000 00:00 0 
669f3000-669f6000 ---p 00000000 00:00 0 
669f6000-66a44000 rw-p 00000000 00:00 0 
66a44000-66a47000 ---p 00000000 00:00 0 
66a47000-66a95000 rw-p 00000000 00:00 0 
66a95000-66a98000 ---p 00000000 00:00 0 
66a98000-66ca7000 rw-p 00000000 00:00 0 
66ca7000-66d17000 r-xp 00000000 08:01 394656     /lib/i386-linux-gnu/libpcre.so.3.13.1
66d17000-66d18000 r--p 0006f000 08:01 394656     /lib/i386-linux-gnu/libpcre.so.3.13.1
66d18000-66d19000 rw-p 00070000 08:01 394656     /lib/i386-linux-gnu/libpcre.so.3.13.1
66d19000-66e3f000 r-xp 00000000 08:01 394573     /lib/i386-linux-gnu/libglib-2.0.so.0.4400.0
66e3f000-66e40000 r--p 00125000 08:01 394573     /lib/i386-linux-gnu/libglib-2.0.so.0.4400.0
66e40000-66e41000 rw-p 00126000 08:01 394573     /lib/i386-linux-gnu/libglib-2.0.so.0.4400.0
66e41000-66ffa000 r-xp 00000000 08:01 137357     /usr/lib/i386-linux-gnu/libgio-2.0.so.0.4400.0
66ffa000-66ffd000 r--p 001b8000 08:01 137357     /usr/lib/i386-linux-gnu/libgio-2.0.so.0.4400.0
66ffd000-66fff000 rw-p 001bb000 08:01 137357     /usr/lib/i386-linux-gnu/libgio-2.0.so.0.4400.0
66fff000-67000000 rw-p 00000000 00:00 0 
67000000-67062000 rw-p 00000000 00:00 0 
67062000-67100000 ---p 00000000 00:00 0 
67144000-67158000 r-xp 00000000 08:01 394679     /lib/i386-linux-gnu/libresolv-2.21.so
67158000-6715a000 r--p 00013000 08:01 394679     /lib/i386-linux-gnu/libresolv-2.21.so
6715a000-6715b000 rw-p 00015000 08:01 394679     /lib/i386-linux-gnu/libresolv-2.21.so
6715b000-6715d000 rw-p 00000000 00:00 0 
6715d000-67181000 r-xp 00000000 08:01 394683     /lib/i386-linux-gnu/libselinux.so.1
67181000-67182000 r--p 00024000 08:01 394683     /lib/i386-linux-gnu/libselinux.so.1
67182000-67183000 rw-p 00025000 08:01 394683     /lib/i386-linux-gnu/libselinux.so.1
67183000-67184000 rw-p 00000000 00:00 0 
67184000-671df000 r-xp 00000000 08:01 137385     /usr/lib/i386-linux-gnu/libgobject-2.0.so.0.4400.0
671df000-671e0000 r--p 0005b000 08:01 137385     /usr/lib/i386-linux-gnu/libgobject-2.0.so.0.4400.0
671e0000-671e1000 rw-p 0005c000 08:01 137385     /usr/lib/i386-linux-gnu/libgobject-2.0.so.0.4400.0
671e1000-671e2000 ---p 00000000 00:00 0 
671e2000-67262000 rw-p 00000000 00:00 0          [stack:16168]
67262000-67265000 ---p 00000000 00:00 0 
67265000-672b3000 rw-p 00000000 00:00 0          [stack:16167]
672b3000-672b6000 ---p 00000000 00:00 0 
672b6000-67334000 rw-p 00000000 00:00 0          [stack:16166]
67334000-67337000 ---p 00000000 00:00 0 
67337000-673b5000 rw-p 00000000 00:00 0          [stack:16157]
673b5000-674fc000 r-xp 00000000 08:01 136931     /usr/lib/i386-linux-gnu/libX11.so.6.3.0
674fc000-674fd000 r--p 00146000 08:01 136931     /usr/lib/i386-linux-gnu/libX11.so.6.3.0
674fd000-674ff000 rw-p 00147000 08:01 136931     /usr/lib/i386-linux-gnu/libX11.so.6.3.0
674ff000-67500000 rw-p 00000000 00:00 0 
67500000-67700000 r--p 00000000 08:01 143362     /usr/lib/locale/locale-archive
67700000-67723000 rw-p 00000000 00:00 0 
67723000-67800000 ---p 00000000 00:00 0 
67800000-678f9000 rw-p 00000000 00:00 0 
678f9000-67900000 ---p 00000000 00:00 0 
6790d000-67910000 ---p 00000000 00:00 0 
67910000-6795e000 rw-p 00000000 00:00 0          [stack:16154]
6795e000-67961000 ---p 00000000 00:00 0 
67961000-679af000 rw-p 00000000 00:00 0          [stack:16148]
679af000-679b2000 ---p 00000000 00:00 0 
679b2000-67a00000 rw-p 00000000 00:00 0          [stack:16146]
67a00000-67b00000 rw-p 00000000 00:00 0 
67b0a000-67b11000 r-xp 00000000 08:01 137254     /usr/lib/i386-linux-gnu/libffi.so.6.0.4
67b11000-67b13000 r--p 00006000 08:01 137254     /usr/lib/i386-linux-gnu/libffi.so.6.0.4
67b13000-67b14000 rw-p 00008000 08:01 137254     /usr/lib/i386-linux-gnu/libffi.so.6.0.4
67b2b000-67b4b000 r-xp 00000000 08:01 138125     /usr/lib/i386-linux-gnu/libxcb.so.1.1.0
67b4b000-67b4c000 r--p 0001f000 08:01 138125     /usr/lib/i386-linux-gnu/libxcb.so.1.1.0
67b4c000-67b4d000 rw-p 00020000 08:01 138125     /usr/lib/i386-linux-gnu/libxcb.so.1.1.0
67b4d000-67b4e000 ---p 00000000 00:00 0 
67b4e000-67bce000 rw-p 00000000 00:00 0          [stack:16142]
67bce000-67d80000 r--s 01d2e000 08:01 804984     /usr/lib/jvm/java-7-openjdk-i386/jre/lib/rt.jar
67d80000-6a600000 rw-p 00000000 00:00 0 
6a600000-6a6fb000 rw-p 00000000 00:00 0 
6a6fb000-6a700000 ---p 00000000 00:00 0 
6a706000-6a709000 r-xp 00000000 08:01 137371     /usr/lib/i386-linux-gnu/libgmodule-2.0.so.0.4400.0
6a709000-6a70a000 r--p 00002000 08:01 137371     /usr/lib/i386-linux-gnu/libgmodule-2.0.so.0.4400.0
6a70a000-6a70b000 rw-p 00003000 08:01 137371     /usr/lib/i386-linux-gnu/libgmodule-2.0.so.0.4400.0
6a70b000-6a722000 r-xp 00000000 08:01 805027     /usr/lib/jvm/java-7-openjdk-i386/jre/lib/i386/libnet.so
6a722000-6a723000 r--p 00016000 08:01 805027     /usr/lib/jvm/java-7-openjdk-i386/jre/lib/i386/libnet.so
6a723000-6a724000 rw-p 00017000 08:01 805027     /usr/lib/jvm/java-7-openjdk-i386/jre/lib/i386/libnet.so
6a724000-6a734000 r-xp 00000000 08:01 804991     /usr/lib/jvm/java-7-openjdk-i386/jre/lib/i386/libnio.so
6a734000-6a735000 r--p 00010000 08:01 804991     /usr/lib/jvm/java-7-openjdk-i386/jre/lib/i386/libnio.so
6a735000-6a736000 rw-p 00011000 08:01 804991     /usr/lib/jvm/java-7-openjdk-i386/jre/lib/i386/libnio.so
6a736000-6a77f000 rw-p 00000000 00:00 0 
6a77f000-6a780000 ---p 00000000 00:00 0 
6a780000-6a800000 rw-p 00000000 00:00 0          [stack:16136]
6a800000-6a821000 rw-p 00000000 00:00 0 
6a821000-6a900000 ---p 00000000 00:00 0 
6a900000-6a921000 rw-p 00000000 00:00 0 
6a921000-6aa00000 ---p 00000000 00:00 0 
6aa0e000-6aa13000 r-xp 00000000 08:01 136946     /usr/lib/i386-linux-gnu/libXdmcp.so.6.0.0
6aa13000-6aa14000 r--p 00004000 08:01 136946     /usr/lib/i386-linux-gnu/libXdmcp.so.6.0.0
6aa14000-6aa15000 rw-p 00005000 08:01 136946     /usr/lib/i386-linux-gnu/libXdmcp.so.6.0.0
6aa15000-6aa24000 r--s 000df000 08:01 1068117    /home/student/Android/Sdk/build-tools/23.0.2/lib/dx.jar
6aa24000-6aa7f000 rw-p 00000000 00:00 0 
6aa7f000-6aa80000 ---p 00000000 00:00 0 
6aa80000-6ab00000 rw-p 00000000 00:00 0          [stack:16135]
6ab00000-6ab21000 rw-p 00000000 00:00 0 
6ab21000-6ac00000 ---p 00000000 00:00 0 
6ac00000-6ac02000 r-xp 00000000 08:01 136935     /usr/lib/i386-linux-gnu/libXau.so.6.0.0
6ac02000-6ac03000 r--p 00001000 08:01 136935     /usr/lib/i386-linux-gnu/libXau.so.6.0.0
6ac03000-6ac04000 rw-p 00002000 08:01 136935     /usr/lib/i386-linux-gnu/libXau.so.6.0.0
6ac04000-6ac06000 r-xp 00000000 08:01 141618     /usr/lib/jayatana/libjayatanaag.so
6ac06000-6ac07000 r--p 00001000 08:01 141618     /usr/lib/jayatana/libjayatanaag.so
6ac07000-6ac08000 rw-p 00002000 08:01 141618     /usr/lib/jayatana/libjayatanaag.so
6ac08000-6ac0c000 r--s 00085000 08:01 804976     /usr/lib/jvm/java-7-openjdk-i386/jre/lib/ext/localedata.jar
6ac0c000-6ac27000 rw-p 00000000 00:00 0 
6ac27000-6ac28000 ---p 00000000 00:00 0 
6ac28000-6aca8000 rw-p 00000000 00:00 0          [stack:16134]
6aca8000-6aca9000 ---p 00000000 00:00 0 
6aca9000-6ad31000 rw-p 00000000 00:00 0          [stack:16132]
6ad31000-6ad69000 rw-p 00000000 00:00 0 
6ad69000-6ad7e000 rw-p 00000000 00:00 0 
6ad7e000-6aebf000 rw-p 00000000 00:00 0 
6aebf000-6aec7000 rw-p 00000000 00:00 0 
6aec7000-6aeff000 rw-p 00000000 00:00 0 
6aeff000-6af14000 rw-p 00000000 00:00 0 
6af14000-6b054000 rw-p 00000000 00:00 0 
6b054000-6b078000 rw-p 00000000 00:00 0 
6b078000-6b0ff000 rw-p 00000000 00:00 0 
6b0ff000-6c100000 rw-p 00000000 00:00 0 
6c100000-73100000 rw-p 00000000 00:00 0 
73100000-75b00000 rw-p 00000000 00:00 0 
75b00000-9db80000 rw-p 00000000 00:00 0 
9db80000-a2180000 rw-p 00000000 00:00 0 
a2180000-b3100000 rw-p 00000000 00:00 0 
b3102000-b3106000 r--s 00034000 08:01 804978     /usr/lib/jvm/java-7-openjdk-i386/jre/lib/ext/sunjce_provider.jar
b3106000-b310a000 r--s 0003c000 08:01 804979     /usr/lib/jvm/java-7-openjdk-i386/jre/lib/ext/sunpkcs11.jar
b310a000-b3113000 rw-p 00000000 00:00 0 
b3113000-b31ca000 rw-p 00000000 00:00 0 
b31ca000-b340a000 rwxp 00000000 00:00 0 
b340a000-b61ca000 rw-p 00000000 00:00 0 
b61ca000-b61d6000 r-xp 00000000 08:01 394626     /lib/i386-linux-gnu/libnss_files-2.21.so
b61d6000-b61d7000 r--p 0000b000 08:01 394626     /lib/i386-linux-gnu/libnss_files-2.21.so
b61d7000-b61d8000 rw-p 0000c000 08:01 394626     /lib/i386-linux-gnu/libnss_files-2.21.so
b61d8000-b61e3000 r-xp 00000000 08:01 394636     /lib/i386-linux-gnu/libnss_nis-2.21.so
b61e3000-b61e4000 r--p 0000a000 08:01 394636     /lib/i386-linux-gnu/libnss_nis-2.21.so
b61e4000-b61e5000 rw-p 0000b000 08:01 394636     /lib/i386-linux-gnu/libnss_nis-2.21.so
b61e5000-b61fc000 r-xp 00000000 08:01 394620     /lib/i386-linux-gnu/libnsl-2.21.so
b61fc000-b61fd000 r--p 00016000 08:01 394620     /lib/i386-linux-gnu/libnsl-2.21.so
b61fd000-b61fe000 rw-p 00017000 08:01 394620     /lib/i386-linux-gnu/libnsl-2.21.so
b61fe000-b6200000 rw-p 00000000 00:00 0 
b6200000-b6300000 rw-p 00000000 00:00 0 
b6300000-b6301000 r--s 00000000 08:01 414147     /usr/share/java/jayatanaag.jar
b6301000-b6309000 r-xp 00000000 08:01 394622     /lib/i386-linux-gnu/libnss_compat-2.21.so
b6309000-b630a000 r--p 00007000 08:01 394622     /lib/i386-linux-gnu/libnss_compat-2.21.so
b630a000-b630b000 rw-p 00008000 08:01 394622     /lib/i386-linux-gnu/libnss_compat-2.21.so
b630b000-b630e000 r--s 0000f000 08:01 804977     /usr/lib/jvm/java-7-openjdk-i386/jre/lib/ext/icedtea-sound.jar
b630e000-b6310000 r--s 00012000 08:01 804975     /usr/lib/jvm/java-7-openjdk-i386/jre/lib/ext/zipfs.jar
b6310000-b6318000 r-xp 00000000 08:01 804995     /usr/lib/jvm/java-7-openjdk-i386/jre/lib/i386/libzip.so
b6318000-b6319000 r--p 00007000 08:01 804995     /usr/lib/jvm/java-7-openjdk-i386/jre/lib/i386/libzip.so
b6319000-b631a000 rw-p 00008000 08:01 804995     /usr/lib/jvm/java-7-openjdk-i386/jre/lib/i386/libzip.so
b631a000-b6322000 rw-s 00000000 08:01 429256     /tmp/hsperfdata_student/16101
b6322000-b632c000 r-xp 00000000 08:01 805017     /usr/lib/jvm/java-7-openjdk-i386/jre/lib/i386/libinstrument.so
b632c000-b632d000 r--p 00009000 08:01 805017     /usr/lib/jvm/java-7-openjdk-i386/jre/lib/i386/libinstrument.so
b632d000-b632e000 rw-p 0000a000 08:01 805017     /usr/lib/jvm/java-7-openjdk-i386/jre/lib/i386/libinstrument.so
b632e000-b6354000 r-xp 00000000 08:01 805003     /usr/lib/jvm/java-7-openjdk-i386/jre/lib/i386/libjava.so
b6354000-b6355000 r--p 00025000 08:01 805003     /usr/lib/jvm/java-7-openjdk-i386/jre/lib/i386/libjava.so
b6355000-b6356000 rw-p 00026000 08:01 805003     /usr/lib/jvm/java-7-openjdk-i386/jre/lib/i386/libjava.so
b6356000-b635d000 r-xp 00000000 08:01 394681     /lib/i386-linux-gnu/librt-2.21.so
b635d000-b635e000 r--p 00006000 08:01 394681     /lib/i386-linux-gnu/librt-2.21.so
b635e000-b635f000 rw-p 00007000 08:01 394681     /lib/i386-linux-gnu/librt-2.21.so
b635f000-b6362000 ---p 00000000 00:00 0 
b6362000-b63b0000 rw-p 00000000 00:00 0          [stack:16117]
b63b0000-b63cc000 r-xp 00000000 08:01 394569     /lib/i386-linux-gnu/libgcc_s.so.1
b63cc000-b63cd000 rw-p 0001b000 08:01 394569     /lib/i386-linux-gnu/libgcc_s.so.1
b63cd000-b6418000 r-xp 00000000 08:01 394599     /lib/i386-linux-gnu/libm-2.21.so
b6418000-b6419000 r--p 0004a000 08:01 394599     /lib/i386-linux-gnu/libm-2.21.so
b6419000-b641a000 rw-p 0004b000 08:01 394599     /lib/i386-linux-gnu/libm-2.21.so
b641a000-b6503000 r-xp 00000000 08:01 137921     /usr/lib/i386-linux-gnu/libstdc++.so.6.0.20
b6503000-b6507000 r--p 000e9000 08:01 137921     /usr/lib/i386-linux-gnu/libstdc++.so.6.0.20
b6507000-b6508000 rw-p 000ed000 08:01 137921     /usr/lib/i386-linux-gnu/libstdc++.so.6.0.20
b6508000-b650f000 rw-p 00000000 00:00 0 
b650f000-b7062000 r-xp 00000000 08:01 805013     /usr/lib/jvm/java-7-openjdk-i386/jre/lib/i386/server/libjvm.so
b7062000-b70b6000 r--p 00b52000 08:01 805013     /usr/lib/jvm/java-7-openjdk-i386/jre/lib/i386/server/libjvm.so
b70b6000-b70ca000 rw-p 00ba6000 08:01 805013     /usr/lib/jvm/java-7-openjdk-i386/jre/lib/i386/server/libjvm.so
b70ca000-b74e9000 rw-p 00000000 00:00 0 
b74e9000-b7502000 r-xp 00000000 08:01 394714     /lib/i386-linux-gnu/libz.so.1.2.8
b7502000-b7503000 r--p 00019000 08:01 394714     /lib/i386-linux-gnu/libz.so.1.2.8
b7503000-b7504000 rw-p 0001a000 08:01 394714     /lib/i386-linux-gnu/libz.so.1.2.8
b7504000-b751d000 r-xp 00000000 08:01 394673     /lib/i386-linux-gnu/libpthread-2.21.so
b751d000-b751e000 r--p 00018000 08:01 394673     /lib/i386-linux-gnu/libpthread-2.21.so
b751e000-b751f000 rw-p 00019000 08:01 394673     /lib/i386-linux-gnu/libpthread-2.21.so
b751f000-b7521000 rw-p 00000000 00:00 0 
b7521000-b7524000 r-xp 00000000 08:01 394557     /lib/i386-linux-gnu/libdl-2.21.so
b7524000-b7525000 r--p 00002000 08:01 394557     /lib/i386-linux-gnu/libdl-2.21.so
b7525000-b7526000 rw-p 00003000 08:01 394557     /lib/i386-linux-gnu/libdl-2.21.so
b7526000-b76da000 r-xp 00000000 08:01 394540     /lib/i386-linux-gnu/libc-2.21.so
b76da000-b76dd000 r--p 001b3000 08:01 394540     /lib/i386-linux-gnu/libc-2.21.so
b76dd000-b76df000 rw-p 001b6000 08:01 394540     /lib/i386-linux-gnu/libc-2.21.so
b76df000-b76e1000 rw-p 00000000 00:00 0 
b76e1000-b76e2000 r--s 00002000 08:01 804980     /usr/lib/jvm/java-7-openjdk-i386/jre/lib/ext/dnsns.jar
b76e2000-b76e4000 r--s 00006000 08:01 399091     /usr/share/java/java-atk-wrapper.jar
b76e4000-b76e5000 r--p 005e0000 08:01 143362     /usr/lib/locale/locale-archive
b76e5000-b76e6000 rw-p 00000000 00:00 0 
b76e6000-b76e7000 r--p 00000000 00:00 0 
b76e7000-b76f5000 r-xp 00000000 08:01 805022     /usr/lib/jvm/java-7-openjdk-i386/jre/lib/i386/libverify.so
b76f5000-b76f7000 r--p 0000d000 08:01 805022     /usr/lib/jvm/java-7-openjdk-i386/jre/lib/i386/libverify.so
b76f7000-b76f8000 rw-p 0000f000 08:01 805022     /usr/lib/jvm/java-7-openjdk-i386/jre/lib/i386/libverify.so
b76f8000-b7704000 r-xp 00000000 08:01 805024     /usr/lib/jvm/java-7-openjdk-i386/jre/lib/i386/jli/libjli.so
b7704000-b7705000 r--p 0000b000 08:01 805024     /usr/lib/jvm/java-7-openjdk-i386/jre/lib/i386/jli/libjli.so
b7705000-b7706000 rw-p 0000c000 08:01 805024     /usr/lib/jvm/java-7-openjdk-i386/jre/lib/i386/jli/libjli.so
b7706000-b7709000 rw-p 00000000 00:00 0 
b7709000-b770b000 r--p 00000000 00:00 0          [vvar]
b770b000-b770c000 r-xp 00000000 00:00 0          [vdso]
b770c000-b772e000 r-xp 00000000 08:01 394512     /lib/i386-linux-gnu/ld-2.21.so
b772e000-b772f000 r--p 00021000 08:01 394512     /lib/i386-linux-gnu/ld-2.21.so
b772f000-b7730000 rw-p 00022000 08:01 394512     /lib/i386-linux-gnu/ld-2.21.so
bf967000-bf968000 rwxp 00000000 00:00 0 
bf999000-bf9bb000 rw-p 00000000 00:00 0          [stack]

VM Arguments:
jvm_args: -javaagent:/usr/share/java/jayatanaag.jar -Djava.awt.headless=true -Xmx1024M -Dfile.encoding=UTF-8 -Duser.country=US -Duser.language=en -Duser.variant 
java_command: com.android.dx.command.Main --dex --num-threads=4 --multi-dex --output /home/student/test/Pedometer/app/build/intermediates/transforms/dex/debug/folders/1000/10/internal_impl-23.1.1_b0ffae833bf120b8557f2f5047178074d7562173 /home/student/test/Pedometer/app/build/intermediates/exploded-aar/com.android.support/support-v4/23.1.1/jars/libs/internal_impl-23.1.1.jar
Launcher Type: SUN_STANDARD

Environment Variables:
JAVA_TOOL_OPTIONS=-javaagent:/usr/share/java/jayatanaag.jar 
PATH=/home/student/.linuxbrew/bin:/usr/local/sbin:/usr/local/bin:/usr/sbin:/usr/bin:/sbin:/bin:/usr/games:/usr/local/games:/etc/android-studio/bin/:/home/student/Android/Sdk/platform-tools:/home/student/Android/Sdk/tools
LD_LIBRARY_PATH=/etc/android-studio/bin:
SHELL=/bin/bash
DISPLAY=:0

Signal Handlers:
SIGSEGV: [libjvm.so+0x7f7d00], sa_mask[0]=0x7ffbfeff, sa_flags=0x10000004
SIGBUS: [libjvm.so+0x7f7d00], sa_mask[0]=0x7ffbfeff, sa_flags=0x10000004
SIGFPE: [libjvm.so+0x67a9d0], sa_mask[0]=0x7ffbfeff, sa_flags=0x10000004
SIGPIPE: [libjvm.so+0x67a9d0], sa_mask[0]=0x7ffbfeff, sa_flags=0x10000004
SIGXFSZ: [libjvm.so+0x67a9d0], sa_mask[0]=0x7ffbfeff, sa_flags=0x10000004
SIGILL: [libjvm.so+0x67a9d0], sa_mask[0]=0x7ffbfeff, sa_flags=0x10000004
SIGUSR1: SIG_DFL, sa_mask[0]=0x00000000, sa_flags=0x00000000
SIGUSR2: [libjvm.so+0x67a820], sa_mask[0]=0x00000004, sa_flags=0x10000004
SIGHUP: [libjvm.so+0x67aa80], sa_mask[0]=0x7ffbfeff, sa_flags=0x10000004
SIGINT: [libjvm.so+0x67aa80], sa_mask[0]=0x7ffbfeff, sa_flags=0x10000004
SIGTERM: [libjvm.so+0x67aa80], sa_mask[0]=0x7ffbfeff, sa_flags=0x10000004
SIGQUIT: [libjvm.so+0x67aa80], sa_mask[0]=0x7ffbfeff, sa_flags=0x10000004
SIGTRAP: SIG_DFL, sa_mask[0]=0x00000000, sa_flags=0x00000000


---------------  S Y S T E M  ---------------

OS:Ubuntu 15.04 (vivid)
uname:Linux 3.19.0-18-generic #18-Ubuntu SMP Tue May 19 18:30:59 UTC 2015 i686
libc:glibc 2.21 NPTL 2.21 
rlimit: STACK 8192k, CORE 0k, NPROC 32177, NOFILE 65536, AS infinity
load average:6.65 3.13 1.83

/proc/meminfo:
MemTotal:        4139540 kB
MemFree:          230808 kB
MemAvailable:     153868 kB
Buffers:            1400 kB
Cached:            50852 kB
SwapCached:            0 kB
Active:          3571068 kB
Inactive:          43120 kB
Active(anon):    3563420 kB
Inactive(anon):    37412 kB
Active(file):       7648 kB
Inactive(file):     5708 kB
Unevictable:          32 kB
Mlocked:              32 kB
HighTotal:       3280776 kB
HighFree:          41000 kB
LowTotal:         858764 kB
LowFree:          189808 kB
SwapTotal:             0 kB
SwapFree:              0 kB
Dirty:               760 kB
Writeback:             0 kB
AnonPages:       3562400 kB
Mapped:            33240 kB
Shmem:             38572 kB
Slab:              47600 kB
SReclaimable:      22076 kB
SUnreclaim:        25524 kB
KernelStack:        5432 kB
PageTables:        15156 kB
NFS_Unstable:          0 kB
Bounce:                0 kB
WritebackTmp:          0 kB
CommitLimit:     2069768 kB
Committed_AS:    6514524 kB
VmallocTotal:     122880 kB
VmallocUsed:       23328 kB
VmallocChunk:      46892 kB
AnonHugePages:   2719744 kB
CmaTotal:              0 kB
CmaFree:               0 kB
HugePages_Total:       0
HugePages_Free:        0
HugePages_Rsvd:        0
HugePages_Surp:        0
Hugepagesize:       2048 kB
DirectMap4k:       59384 kB
DirectMap2M:      854016 kB


CPU:total 4 (1 cores per cpu, 1 threads per core) family 6 model 58 stepping 9, cmov, cx8, fxsr, mmx, sse, sse2, sse3, ssse3, sse4.1, sse4.2, popcnt, avx, aes, erms, tsc, tscinvbit, tscinv

/proc/cpuinfo:
processor	: 0
vendor_id	: GenuineIntel
cpu family	: 6
model		: 58
model name	: Intel(R) Core(TM) i5-3210M CPU @ 2.50GHz
stepping	: 9
microcode	: 0x15
cpu MHz		: 2494.111
cache size	: 3072 KB
physical id	: 0
siblings	: 1
core id		: 0
cpu cores	: 1
apicid		: 0
initial apicid	: 0
fdiv_bug	: no
f00f_bug	: no
coma_bug	: no
fpu		: yes
fpu_exception	: yes
cpuid level	: 13
wp		: yes
flags		: fpu vme de pse tsc msr pae mce cx8 apic sep mtrr pge mca cmov pat pse36 clflush dts mmx fxsr sse sse2 ss nx rdtscp lm constant_tsc arch_perfmon pebs bts xtopology tsc_reliable nonstop_tsc aperfmperf pni pclmulqdq ssse3 cx16 pcid sse4_1 sse4_2 x2apic popcnt tsc_deadline_timer aes xsave avx f16c rdrand hypervisor lahf_lm ida arat epb pln pts dtherm fsgsbase tsc_adjust smep
bugs		:
bogomips	: 4988.22
clflush size	: 64
cache_alignment	: 64
address sizes	: 42 bits physical, 48 bits virtual
power management:

processor	: 1
vendor_id	: GenuineIntel
cpu family	: 6
model		: 58
model name	: Intel(R) Core(TM) i5-3210M CPU @ 2.50GHz
stepping	: 9
microcode	: 0x15
cpu MHz		: 2494.111
cache size	: 3072 KB
physical id	: 2
siblings	: 1
core id		: 0
cpu cores	: 1
apicid		: 2
initial apicid	: 2
fdiv_bug	: no
f00f_bug	: no
coma_bug	: no
fpu		: yes
fpu_exception	: yes
cpuid level	: 13
wp		: yes
flags		: fpu vme de pse tsc msr pae mce cx8 apic sep mtrr pge mca cmov pat pse36 clflush dts mmx fxsr sse sse2 ss nx rdtscp lm constant_tsc arch_perfmon pebs bts xtopology tsc_reliable nonstop_tsc aperfmperf pni pclmulqdq ssse3 cx16 pcid sse4_1 sse4_2 x2apic popcnt tsc_deadline_timer aes xsave avx f16c rdrand hypervisor lahf_lm ida arat epb pln pts dtherm fsgsbase tsc_adjust smep
bugs		:
bogomips	: 4988.22
clflush size	: 64
cache_alignment	: 64
address sizes	: 42 bits physical, 48 bits virtual
power management:

processor	: 2
vendor_id	: GenuineIntel
cpu family	: 6
model		: 58
model name	: Intel(R) Core(TM) i5-3210M CPU @ 2.50GHz
stepping	: 9
microcode	: 0x15
cpu MHz		: 2494.111
cache size	: 3072 KB
physical id	: 4
siblings	: 1
core id		: 0
cpu cores	: 1
apicid		: 4
initial apicid	: 4
fdiv_bug	: no
f00f_bug	: no
coma_bug	: no
fpu		: yes
fpu_exception	: yes
cpuid level	: 13
wp		: yes
flags		: fpu vme de pse tsc msr pae mce cx8 apic sep mtrr pge mca cmov pat pse36 clflush dts mmx fxsr sse sse2 ss nx rdtscp lm constant_tsc arch_perfmon pebs bts xtopology tsc_reliable nonstop_tsc aperfmperf pni pclmulqdq ssse3 cx16 pcid sse4_1 sse4_2 x2apic popcnt tsc_deadline_timer aes xsave avx f16c rdrand hypervisor lahf_lm ida arat epb pln pts dtherm fsgsbase tsc_adjust smep
bugs		:
bogomips	: 4988.22
clflush size	: 64
cache_alignment	: 64
address sizes	: 42 bits physical, 48 bits virtual
power management:

processor	: 3
vendor_id	: GenuineIntel
cpu family	: 6
model		: 58
model name	: Intel(R) Core(TM) i5-3210M CPU @ 2.50GHz
stepping	: 9
microcode	: 0x15
cpu MHz		: 2494.111
cache size	: 3072 KB
physical id	: 6
siblings	: 1
core id		: 0
cpu cores	: 1
apicid		: 6
initial apicid	: 6
fdiv_bug	: no
f00f_bug	: no
coma_bug	: no
fpu		: yes
fpu_exception	: yes
cpuid level	: 13
wp		: yes
flags		: fpu vme de pse tsc msr pae mce cx8 apic sep mtrr pge mca cmov pat pse36 clflush dts mmx fxsr sse sse2 ss nx rdtscp lm constant_tsc arch_perfmon pebs bts xtopology tsc_reliable nonstop_tsc aperfmperf pni pclmulqdq ssse3 cx16 pcid sse4_1 sse4_2 x2apic popcnt tsc_deadline_timer aes xsave avx f16c rdrand hypervisor lahf_lm ida arat epb pln pts dtherm fsgsbase tsc_adjust smep
bugs		:
bogomips	: 4988.22
clflush size	: 64
cache_alignment	: 64
address sizes	: 42 bits physical, 48 bits virtual
power management:



Memory: 4k page, physical 4139540k(230808k free), swap 0k(0k free)

vm_info: OpenJDK Server VM (24.91-b01) for linux-x86 JRE (1.7.0_91-b02), built on Nov 19 2015 06:25:06 by "buildd" with gcc 4.9.2

time: Sun May  1 14:18:37 2016
elapsed time: 13 seconds

