#
# There is insufficient memory for the Java Runtime Environment to continue.
# Native memory allocation (malloc) failed to allocate 78643200 bytes for committing reserved memory.
# Possible reasons:
#   The system is out of physical RAM or swap space
#   In 32 bit mode, the process size limit was hit
# Possible solutions:
#   Reduce memory load on the system
#   Increase physical memory or swap space
#   Check if swap backing store is full
#   Use 64 bit Java on a 64 bit OS
#   Decrease Java heap size (-Xmx/-Xms)
#   Decrease number of Java threads
#   Decrease Java thread stack sizes (-Xss)
#   Set larger code cache with -XX:ReservedCodeCacheSize=
# This output file may be truncated or incomplete.
#
#  Out of Memory Error (os_linux.cpp:2827), pid=14376, tid=1740430144
#
# JRE version: OpenJDK Runtime Environment (7.0_91-b02) (build 1.7.0_91-b02)
# Java VM: OpenJDK Server VM (24.91-b01 mixed mode linux-x86 )
# Derivative: IcedTea 2.6.3
# Distribution: Ubuntu 15.04, package 7u91-2.6.3-0ubuntu0.15.04.1
# Failed to write core dump. Core dumps have been disabled. To enable core dumping, try "ulimit -c unlimited" before starting Java again
#

---------------  T H R E A D  ---------------

Current thread (0x67a81400):  VMThread [stack: 0x67b4d000,0x67bce000] [id=14399]

Stack: [0x67b4d000,0x67bce000]
VM_Operation (0xb64596e4): ParallelGCFailedAllocation, mode: safepoint, requested by thread 0xb6308400


---------------  P R O C E S S  ---------------

Java Threads: ( => current thread )
  0x67146c00 JavaThread "pool-1-thread-4" [_thread_blocked, id=14450, stack(0x669f4000,0x66a45000)]
  0x67145c00 JavaThread "pool-1-thread-3" [_thread_blocked, id=14449, stack(0x66a45000,0x66a96000)]
  0x67144c00 JavaThread "pool-1-thread-2" [_thread_blocked, id=14448, stack(0x66a96000,0x66ae7000)]
  0x67142000 JavaThread "pool-2-thread-1" [_thread_blocked, id=14447, stack(0x66ae7000,0x66b38000)]
  0x6713fc00 JavaThread "pool-1-thread-1" [_thread_blocked, id=14446, stack(0x66b38000,0x66b89000)]
  0x67aee800 JavaThread "Service Thread" daemon [_thread_blocked, id=14429, stack(0x672c0000,0x67311000)]
  0x67aec800 JavaThread "C2 CompilerThread1" daemon [_thread_in_native, id=14428, stack(0x67311000,0x67392000)]
  0x67aeb400 JavaThread "C2 CompilerThread0" daemon [_thread_blocked, id=14427, stack(0x67392000,0x67413000)]
  0x67a98400 JavaThread "Signal Dispatcher" daemon [_thread_blocked, id=14414, stack(0x6755e000,0x675af000)]
  0x67a85400 JavaThread "Finalizer" daemon [_thread_blocked, id=14410, stack(0x677af000,0x67800000)]
  0x67a83c00 JavaThread "Reference Handler" daemon [_thread_blocked, id=14403, stack(0x6a72e000,0x6a77f000)]
  0xb6308400 JavaThread "main" [_thread_blocked, id=14378, stack(0xb640a000,0xb645b000)]

Other Threads:
=>0x67a81400 VMThread [stack: 0x67b4d000,0x67bce000] [id=14399]
  0x67af0800 WatcherThread [stack: 0x6723f000,0x672c0000] [id=14430]

VM state:at safepoint (normal execution)

VM Mutex/Monitor currently owned by a thread:  ([mutex/lock_event])
[0xb6305df0] Threads_lock - owner thread: 0x67a81400
[0xb6306200] Heap_lock - owner thread: 0xb6308400

Heap
 PSYoungGen      total 77056K, used 11256K [0x9dc00000, 0xa3300000, 0xb3180000)
  eden space 65792K, 0% used [0x9dc00000,0x9dc00000,0xa1c40000)
  from space 11264K, 99% used [0xa1c40000,0xa273e1f0,0xa2740000)
  to   space 10496K, 0% used [0xa2740000,0xa2740000,0xa3180000)
 ParOldGen       total 43008K, used 21634K [0x73180000, 0x75b80000, 0x9dc00000)
  object space 43008K, 50% used [0x73180000,0x746a0840,0x75b80000)
 PSPermGen       total 16384K, used 4297K [0x6b180000, 0x6c180000, 0x73180000)
  object space 16384K, 26% used [0x6b180000,0x6b5b2770,0x6c180000)

Card table byte_map: [0x6af3f000,0x6b180000] byte_map_base: 0x6abe6400

Polling page: 0xb7791000

Code Cache  [0xb3275000, 0xb34b5000, 0xb6275000)
 total_blobs=399 nmethods=276 adapters=76 free_code_cache=48140Kb largest_free_block=49260544

Compilation events (10 events):
Event: 14.675 Thread 0x67aeb400 nmethod 278 0xb3361508 code [0xb3361aa0, 0xb3363c18]
Event: 14.675 Thread 0x67aeb400  279             java.util.Collections$UnmodifiableCollection$1::next (10 bytes)
Event: 14.704 Thread 0x67aeb400 nmethod 279 0xb3334008 code [0xb3334120, 0xb3334330]
Event: 14.704 Thread 0x67aeb400  280   !         com.android.dx.ssa.LocalVariableInfo::getStarts0 (18 bytes)
Event: 14.705 Thread 0x67aeb400 nmethod 280 0xb3336988 code [0xb3336a80, 0xb3336af0]
Event: 14.705 Thread 0x67aeb400  281             com.android.dx.ssa.back.SsaToRop::removePhiFunctions (83 bytes)
Event: 14.888 Thread 0x67aeb400 nmethod 281 0xb3378f48 code [0xb33790e0, 0xb337999c]
Event: 14.888 Thread 0x67aeb400  282             com.android.dx.rop.cst.CstString::getString (5 bytes)
Event: 14.888 Thread 0x67aeb400 nmethod 282 0xb3333e88 code [0xb3333f60, 0xb3333fb0]
Event: 14.888 Thread 0x67aeb400  283   !         com.android.dx.rop.type.Type::intern (319 bytes)

GC Heap History (10 events):
Event: 2.099 GC heap after
Heap after GC invocations=2 (full 0):
 PSYoungGen      total 19200K, used 2548K [0x9dc00000, 0xa0180000, 0xb3180000)
  eden space 16640K, 0% used [0x9dc00000,0x9dc00000,0x9ec40000)
  from space 2560K, 99% used [0x9eec0000,0x9f13d180,0x9f140000)
  to   space 2560K, 0% used [0x9ec40000,0x9ec40000,0x9eec0000)
 ParOldGen       total 43008K, used 1883K [0x73180000, 0x75b80000, 0x9dc00000)
  object space 43008K, 4% used [0x73180000,0x73356f90,0x75b80000)
 PSPermGen       total 16384K, used 4117K [0x6b180000, 0x6c180000, 0x73180000)
  object space 16384K, 25% used [0x6b180000,0x6b585748,0x6c180000)
}
Event: 3.449 GC heap before
{Heap before GC invocations=3 (full 0):
 PSYoungGen      total 19200K, used 19188K [0x9dc00000, 0xa0180000, 0xb3180000)
  eden space 16640K, 100% used [0x9dc00000,0x9ec40000,0x9ec40000)
  from space 2560K, 99% used [0x9eec0000,0x9f13d180,0x9f140000)
  to   space 2560K, 0% used [0x9ec40000,0x9ec40000,0x9eec0000)
 ParOldGen       total 43008K, used 1883K [0x73180000, 0x75b80000, 0x9dc00000)
  object space 43008K, 4% used [0x73180000,0x73356f90,0x75b80000)
 PSPermGen       total 16384K, used 4202K [0x6b180000, 0x6c180000, 0x73180000)
  object space 16384K, 25% used [0x6b180000,0x6b59abd0,0x6c180000)
Event: 3.484 GC heap after
Heap after GC invocations=3 (full 0):
 PSYoungGen      total 19200K, used 2559K [0x9dc00000, 0xa0180000, 0xb3180000)
  eden space 16640K, 0% used [0x9dc00000,0x9dc00000,0x9ec40000)
  from space 2560K, 99% used [0x9ec40000,0x9eebfd30,0x9eec0000)
  to   space 2560K, 0% used [0x9ff00000,0x9ff00000,0xa0180000)
 ParOldGen       total 43008K, used 4533K [0x73180000, 0x75b80000, 0x9dc00000)
  object space 43008K, 10% used [0x73180000,0x735ed748,0x75b80000)
 PSPermGen       total 16384K, used 4202K [0x6b180000, 0x6c180000, 0x73180000)
  object space 16384K, 25% used [0x6b180000,0x6b59abd0,0x6c180000)
}
Event: 4.680 GC heap before
{Heap before GC invocations=4 (full 0):
 PSYoungGen      total 19200K, used 19199K [0x9dc00000, 0xa0180000, 0xb3180000)
  eden space 16640K, 100% used [0x9dc00000,0x9ec40000,0x9ec40000)
  from space 2560K, 99% used [0x9ec40000,0x9eebfd30,0x9eec0000)
  to   space 2560K, 0% used [0x9ff00000,0x9ff00000,0xa0180000)
 ParOldGen       total 43008K, used 4533K [0x73180000, 0x75b80000, 0x9dc00000)
  object space 43008K, 10% used [0x73180000,0x735ed748,0x75b80000)
 PSPermGen       total 16384K, used 4233K [0x6b180000, 0x6c180000, 0x73180000)
  object space 16384K, 25% used [0x6b180000,0x6b5a2548,0x6c180000)
Event: 4.721 GC heap after
Heap after GC invocations=4 (full 0):
 PSYoungGen      total 35840K, used 2559K [0x9dc00000, 0xa0180000, 0xb3180000)
  eden space 33280K, 0% used [0x9dc00000,0x9dc00000,0x9fc80000)
  from space 2560K, 99% used [0x9ff00000,0xa017fd20,0xa0180000)
  to   space 2560K, 0% used [0x9fc80000,0x9fc80000,0x9ff00000)
 ParOldGen       total 43008K, used 7559K [0x73180000, 0x75b80000, 0x9dc00000)
  object space 43008K, 17% used [0x73180000,0x738e1cb8,0x75b80000)
 PSPermGen       total 16384K, used 4233K [0x6b180000, 0x6c180000, 0x73180000)
  object space 16384K, 25% used [0x6b180000,0x6b5a2548,0x6c180000)
}
Event: 7.756 GC heap before
{Heap before GC invocations=5 (full 0):
 PSYoungGen      total 35840K, used 35839K [0x9dc00000, 0xa0180000, 0xb3180000)
  eden space 33280K, 100% used [0x9dc00000,0x9fc80000,0x9fc80000)
  from space 2560K, 99% used [0x9ff00000,0xa017fd20,0xa0180000)
  to   space 2560K, 0% used [0x9fc80000,0x9fc80000,0x9ff00000)
 ParOldGen       total 43008K, used 7632K [0x73180000, 0x75b80000, 0x9dc00000)
  object space 43008K, 17% used [0x73180000,0x738f4008,0x75b80000)
 PSPermGen       total 16384K, used 4256K [0x6b180000, 0x6c180000, 0x73180000)
  object space 16384K, 25% used [0x6b180000,0x6b5a83c8,0x6c180000)
Event: 8.024 GC heap after
Heap after GC invocations=5 (full 0):
 PSYoungGen      total 35840K, used 2557K [0x9dc00000, 0xa3180000, 0xb3180000)
  eden space 33280K, 0% used [0x9dc00000,0x9dc00000,0x9fc80000)
  from space 2560K, 99% used [0x9fc80000,0x9feff610,0x9ff00000)
  to   space 10496K, 0% used [0xa2740000,0xa2740000,0xa3180000)
 ParOldGen       total 43008K, used 14233K [0x73180000, 0x75b80000, 0x9dc00000)
  object space 43008K, 33% used [0x73180000,0x73f66408,0x75b80000)
 PSPermGen       total 16384K, used 4256K [0x6b180000, 0x6c180000, 0x73180000)
  object space 16384K, 25% used [0x6b180000,0x6b5a83c8,0x6c180000)
}
Event: 10.348 GC heap before
{Heap before GC invocations=6 (full 0):
 PSYoungGen      total 35840K, used 35837K [0x9dc00000, 0xa3180000, 0xb3180000)
  eden space 33280K, 100% used [0x9dc00000,0x9fc80000,0x9fc80000)
  from space 2560K, 99% used [0x9fc80000,0x9feff610,0x9ff00000)
  to   space 10496K, 0% used [0xa2740000,0xa2740000,0xa3180000)
 ParOldGen       total 43008K, used 14234K [0x73180000, 0x75b80000, 0x9dc00000)
  object space 43008K, 33% used [0x73180000,0x73f66aa0,0x75b80000)
 PSPermGen       total 16384K, used 4268K [0x6b180000, 0x6c180000, 0x73180000)
  object space 16384K, 26% used [0x6b180000,0x6b5ab000,0x6c180000)
Event: 10.479 GC heap after
Heap after GC invocations=6 (full 0):
 PSYoungGen      total 76288K, used 8150K [0x9dc00000, 0xa3300000, 0xb3180000)
  eden space 65792K, 0% used [0x9dc00000,0x9dc00000,0xa1c40000)
  from space 10496K, 77% used [0xa2740000,0xa2f35b38,0xa3180000)
  to   space 11264K, 0% used [0xa1c40000,0xa1c40000,0xa2740000)
 ParOldGen       total 43008K, used 14234K [0x73180000, 0x75b80000, 0x9dc00000)
  object space 43008K, 33% used [0x73180000,0x73f66aa0,0x75b80000)
 PSPermGen       total 16384K, used 4268K [0x6b180000, 0x6c180000, 0x73180000)
  object space 16384K, 26% used [0x6b180000,0x6b5ab000,0x6c180000)
}
Event: 15.023 GC heap before
{Heap before GC invocations=7 (full 0):
 PSYoungGen      total 76288K, used 73942K [0x9dc00000, 0xa3300000, 0xb3180000)
  eden space 65792K, 100% used [0x9dc00000,0xa1c40000,0xa1c40000)
  from space 10496K, 77% used [0xa2740000,0xa2f35b38,0xa3180000)
  to   space 11264K, 0% used [0xa1c40000,0xa1c40000,0xa2740000)
 ParOldGen       total 43008K, used 14234K [0x73180000, 0x75b80000, 0x9dc00000)
  object space 43008K, 33% used [0x73180000,0x73f66aa0,0x75b80000)
 PSPermGen       total 16384K, used 4297K [0x6b180000, 0x6c180000, 0x73180000)
  object space 16384K, 26% used [0x6b180000,0x6b5b2770,0x6c180000)

Deoptimization events (10 events):
Event: 5.372 Thread 0x67144c00 Uncommon trap: reason=unstable_if action=reinterpret pc=0xb32ddf48 method=com.android.dx.rop.code.RegisterSpec.equals(ILcom/android/dx/rop/type/TypeBearer;Lcom/android/dx/rop/code/LocalItem;)Z @ 42
Event: 5.583 Thread 0x67146c00 Uncommon trap: reason=null_check action=make_not_entrant pc=0xb3319274 method=com.android.dx.ssa.SsaRenamer.getLocalForNewReg(I)Lcom/android/dx/rop/code/LocalItem; @ 19
Event: 9.443 Thread 0x67145c00 Uncommon trap: reason=unstable_if action=reinterpret pc=0xb3320744 method=com.android.dx.util.IntList.binarysearch(I)I @ 105
Event: 10.091 Thread 0xb6308400 Uncommon trap: reason=class_check action=maybe_recompile pc=0xb32f8278 method=java.util.HashMap.put(Ljava/lang/Object;Ljava/lang/Object;)Ljava/lang/Object; @ 83
Event: 10.491 Thread 0x67144c00 Uncommon trap: reason=unstable_if action=reinterpret pc=0xb32f3f2c method=com.android.dx.util.IntList.binarysearch(I)I @ 105
Event: 12.801 Thread 0x67146c00 Uncommon trap: reason=unstable_if action=reinterpret pc=0xb333d3d4 method=com.android.dx.ssa.SCCP.simulateBranch(Lcom/android/dx/ssa/SsaInsn;)V @ 64
Event: 12.898 Thread 0x67146c00 Uncommon trap: reason=class_check action=maybe_recompile pc=0xb32f8278 method=java.util.HashMap.put(Ljava/lang/Object;Ljava/lang/Object;)Ljava/lang/Object; @ 83
Event: 12.898 Thread 0x67146c00 Uncommon trap: reason=class_check action=maybe_recompile pc=0xb32f8278 method=java.util.HashMap.put(Ljava/lang/Object;Ljava/lang/Object;)Ljava/lang/Object; @ 83
Event: 12.898 Thread 0x67146c00 Uncommon trap: reason=class_check action=maybe_recompile pc=0xb32f8278 method=java.util.HashMap.put(Ljava/lang/Object;Ljava/lang/Object;)Ljava/lang/Object; @ 83
Event: 14.528 Thread 0x67146c00 Uncommon trap: reason=null_check action=make_not_entrant pc=0xb336f690 method=com.android.dx.cf.code.Ropper$CatchInfo.getSetup(Lcom/android/dx/rop/type/Type;)Lcom/android/dx/cf/code/Ropper$ExceptionHandlerSetup; @ 10

Internal exceptions (10 events):
Event: 1.556 Thread 0xb6308400 Threw 0x9e4eae80 at /build/openjdk-7-PdBaKN/openjdk-7-7u91-2.6.3/build/openjdk/hotspot/src/share/vm/prims/jvm.cpp:1322
Event: 1.765 Thread 0xb6308400 Threw 0x9e850f00 at /build/openjdk-7-PdBaKN/openjdk-7-7u91-2.6.3/build/openjdk/hotspot/src/share/vm/prims/jvm.cpp:1322
Event: 2.280 Thread 0x6713fc00 Threw 0x9deaaf58 at /build/openjdk-7-PdBaKN/openjdk-7-7u91-2.6.3/build/openjdk/hotspot/src/share/vm/prims/jvm.cpp:1322
Event: 2.975 Thread 0xb6308400 Implicit null exception at 0xb32f9162 to 0xb32f96ed
Event: 4.539 Thread 0xb6308400 Threw 0x9ea49bd0 at /build/openjdk-7-PdBaKN/openjdk-7-7u91-2.6.3/build/openjdk/hotspot/src/share/vm/prims/jvm.cpp:1322
Event: 5.583 Thread 0x67146c00 Implicit null exception at 0xb33180ab to 0xb3319265
Event: 6.183 Thread 0x67144c00 Threw 0x9ec2e9e8 at /build/openjdk-7-PdBaKN/openjdk-7-7u91-2.6.3/build/openjdk/hotspot/src/share/vm/prims/jvm.cpp:1322
Event: 6.334 Thread 0x67144c00 Threw 0x9f0508f0 at /build/openjdk-7-PdBaKN/openjdk-7-7u91-2.6.3/build/openjdk/hotspot/src/share/vm/prims/jvm.cpp:1322
Event: 13.946 Thread 0xb6308400 Threw 0xa0a5cbd0 at /build/openjdk-7-PdBaKN/openjdk-7-7u91-2.6.3/build/openjdk/hotspot/src/share/vm/prims/jvm.cpp:1322
Event: 14.528 Thread 0x67146c00 Implicit null exception at 0xb336c2d4 to 0xb336f65d

Events (10 events):
Event: 12.898 Thread 0x67146c00 Uncommon trap: trap_request=0xffffffde fr.pc=0xb32f8278
Event: 12.898 Thread 0x67146c00 DEOPT PACKING pc=0xb32f8278 sp=0x66a43b70
Event: 12.898 Thread 0x67146c00 DEOPT UNPACKING pc=0xb32a1bc8 sp=0x66a43b4c mode 2
Event: 13.946 loading class 0x67af5668
Event: 13.946 loading class 0x67af5668 done
Event: 14.528 Thread 0x67146c00 Uncommon trap: trap_request=0xfffffff4 fr.pc=0xb336f690
Event: 14.528 Thread 0x67146c00 DEOPT PACKING pc=0xb336f690 sp=0x66a43c20
Event: 14.528 Thread 0x67146c00 DEOPT UNPACKING pc=0xb32a1bc8 sp=0x66a43bfc mode 2
Event: 14.704 Thread 0x67aeb400 flushing nmethod 0xb32d4e08
Event: 15.002 Executing VM operation: ParallelGCFailedAllocation


Dynamic libraries:
08048000-08049000 r-xp 00000000 08:01 804961     /usr/lib/jvm/java-7-openjdk-i386/jre/bin/java
08049000-0804a000 r--p 00000000 08:01 804961     /usr/lib/jvm/java-7-openjdk-i386/jre/bin/java
0804a000-0804b000 rw-p 00001000 08:01 804961     /usr/lib/jvm/java-7-openjdk-i386/jre/bin/java
09ee6000-09fa8000 rw-p 00000000 00:00 0          [heap]
64f00000-64f68000 rw-p 00000000 00:00 0 
64f68000-65000000 ---p 00000000 00:00 0 
65100000-651e2000 rw-p 00000000 00:00 0 
651e2000-65200000 ---p 00000000 00:00 0 
65300000-653dd000 rw-p 00000000 00:00 0 
653dd000-65400000 ---p 00000000 00:00 0 
65400000-65500000 rw-p 00000000 00:00 0 
65500000-655e9000 rw-p 00000000 00:00 0 
655e9000-65600000 ---p 00000000 00:00 0 
65600000-656f7000 rw-p 00000000 00:00 0 
656f7000-65700000 ---p 00000000 00:00 0 
65700000-657fe000 rw-p 00000000 00:00 0 
657fe000-65800000 ---p 00000000 00:00 0 
65800000-65900000 rw-p 00000000 00:00 0 
65900000-659fc000 rw-p 00000000 00:00 0 
659fc000-65a00000 ---p 00000000 00:00 0 
65a00000-65ae9000 rw-p 00000000 00:00 0 
65ae9000-65b00000 ---p 00000000 00:00 0 
65b00000-65bff000 rw-p 00000000 00:00 0 
65bff000-65c00000 ---p 00000000 00:00 0 
65c00000-65cfd000 rw-p 00000000 00:00 0 
65cfd000-65d00000 ---p 00000000 00:00 0 
65d00000-65dfc000 rw-p 00000000 00:00 0 
65dfc000-65e00000 ---p 00000000 00:00 0 
65e00000-65f00000 rw-p 00000000 00:00 0 
65f00000-66000000 rw-p 00000000 00:00 0 
66000000-660e9000 rw-p 00000000 00:00 0 
660e9000-66100000 ---p 00000000 00:00 0 
66100000-66200000 rw-p 00000000 00:00 0 
66200000-662f9000 rw-p 00000000 00:00 0 
662f9000-66300000 ---p 00000000 00:00 0 
66300000-663f9000 rw-p 00000000 00:00 0 
663f9000-66400000 ---p 00000000 00:00 0 
66400000-664fd000 rw-p 00000000 00:00 0 
664fd000-66500000 ---p 00000000 00:00 0 
66506000-66600000 rw-p 00000000 00:00 0 
66600000-66700000 rw-p 00000000 00:00 0 
66783000-66800000 rw-p 00000000 00:00 0 
66800000-668fa000 rw-p 00000000 00:00 0 
668fa000-66900000 ---p 00000000 00:00 0 
66977000-669f4000 rw-p 00000000 00:00 0 
669f4000-669f7000 ---p 00000000 00:00 0 
669f7000-66a45000 rw-p 00000000 00:00 0          [stack:14450]
66a45000-66a48000 ---p 00000000 00:00 0 
66a48000-66a96000 rw-p 00000000 00:00 0          [stack:14449]
66a96000-66a99000 ---p 00000000 00:00 0 
66a99000-66ae7000 rw-p 00000000 00:00 0          [stack:14448]
66ae7000-66aea000 ---p 00000000 00:00 0 
66aea000-66b38000 rw-p 00000000 00:00 0          [stack:14447]
66b38000-66b3b000 ---p 00000000 00:00 0 
66b3b000-66d4a000 rw-p 00000000 00:00 0          [stack:14446]
66d4a000-66dba000 r-xp 00000000 08:01 394656     /lib/i386-linux-gnu/libpcre.so.3.13.1
66dba000-66dbb000 r--p 0006f000 08:01 394656     /lib/i386-linux-gnu/libpcre.so.3.13.1
66dbb000-66dbc000 rw-p 00070000 08:01 394656     /lib/i386-linux-gnu/libpcre.so.3.13.1
66dbc000-66ee2000 r-xp 00000000 08:01 394573     /lib/i386-linux-gnu/libglib-2.0.so.0.4400.0
66ee2000-66ee3000 r--p 00125000 08:01 394573     /lib/i386-linux-gnu/libglib-2.0.so.0.4400.0
66ee3000-66ee4000 rw-p 00126000 08:01 394573     /lib/i386-linux-gnu/libglib-2.0.so.0.4400.0
66ee4000-66f3f000 r-xp 00000000 08:01 137385     /usr/lib/i386-linux-gnu/libgobject-2.0.so.0.4400.0
66f3f000-66f40000 r--p 0005b000 08:01 137385     /usr/lib/i386-linux-gnu/libgobject-2.0.so.0.4400.0
66f40000-66f41000 rw-p 0005c000 08:01 137385     /usr/lib/i386-linux-gnu/libgobject-2.0.so.0.4400.0
66f41000-670fa000 r-xp 00000000 08:01 137357     /usr/lib/i386-linux-gnu/libgio-2.0.so.0.4400.0
670fa000-670fd000 r--p 001b8000 08:01 137357     /usr/lib/i386-linux-gnu/libgio-2.0.so.0.4400.0
670fd000-670ff000 rw-p 001bb000 08:01 137357     /usr/lib/i386-linux-gnu/libgio-2.0.so.0.4400.0
670ff000-67100000 rw-p 00000000 00:00 0 
67100000-6715a000 rw-p 00000000 00:00 0 
6715a000-67200000 ---p 00000000 00:00 0 
6723f000-67240000 ---p 00000000 00:00 0 
67240000-672c0000 rw-p 00000000 00:00 0          [stack:14430]
672c0000-672c3000 ---p 00000000 00:00 0 
672c3000-67311000 rw-p 00000000 00:00 0          [stack:14429]
67311000-67314000 ---p 00000000 00:00 0 
67314000-67392000 rw-p 00000000 00:00 0          [stack:14428]
67392000-67395000 ---p 00000000 00:00 0 
67395000-67413000 rw-p 00000000 00:00 0          [stack:14427]
67413000-6755a000 r-xp 00000000 08:01 136931     /usr/lib/i386-linux-gnu/libX11.so.6.3.0
6755a000-6755b000 r--p 00146000 08:01 136931     /usr/lib/i386-linux-gnu/libX11.so.6.3.0
6755b000-6755d000 rw-p 00147000 08:01 136931     /usr/lib/i386-linux-gnu/libX11.so.6.3.0
6755d000-6755e000 rw-p 00000000 00:00 0 
6755e000-67561000 ---p 00000000 00:00 0 
67561000-675af000 rw-p 00000000 00:00 0          [stack:14414]
675af000-677af000 r--p 00000000 08:01 143362     /usr/lib/locale/locale-archive
677af000-677b2000 ---p 00000000 00:00 0 
677b2000-67800000 rw-p 00000000 00:00 0          [stack:14410]
67800000-678f2000 rw-p 00000000 00:00 0 
678f2000-67900000 ---p 00000000 00:00 0 
67900000-67921000 rw-p 00000000 00:00 0 
67921000-67a00000 ---p 00000000 00:00 0 
67a00000-67b00000 rw-p 00000000 00:00 0 
67b0d000-67b21000 r-xp 00000000 08:01 394679     /lib/i386-linux-gnu/libresolv-2.21.so
67b21000-67b23000 r--p 00013000 08:01 394679     /lib/i386-linux-gnu/libresolv-2.21.so
67b23000-67b24000 rw-p 00015000 08:01 394679     /lib/i386-linux-gnu/libresolv-2.21.so
67b24000-67b26000 rw-p 00000000 00:00 0 
67b26000-67b4a000 r-xp 00000000 08:01 394683     /lib/i386-linux-gnu/libselinux.so.1
67b4a000-67b4b000 r--p 00024000 08:01 394683     /lib/i386-linux-gnu/libselinux.so.1
67b4b000-67b4c000 rw-p 00025000 08:01 394683     /lib/i386-linux-gnu/libselinux.so.1
67b4c000-67b4d000 rw-p 00000000 00:00 0 
67b4d000-67b4e000 ---p 00000000 00:00 0 
67b4e000-67bce000 rw-p 00000000 00:00 0          [stack:14399]
67bce000-67d80000 r--s 01d2e000 08:01 804984     /usr/lib/jvm/java-7-openjdk-i386/jre/lib/rt.jar
67d80000-6a600000 rw-p 00000000 00:00 0 
6a600000-6a6e3000 rw-p 00000000 00:00 0 
6a6e3000-6a700000 ---p 00000000 00:00 0 
6a70d000-6a714000 r-xp 00000000 08:01 137254     /usr/lib/i386-linux-gnu/libffi.so.6.0.4
6a714000-6a716000 r--p 00006000 08:01 137254     /usr/lib/i386-linux-gnu/libffi.so.6.0.4
6a716000-6a717000 rw-p 00008000 08:01 137254     /usr/lib/i386-linux-gnu/libffi.so.6.0.4
6a72e000-6a731000 ---p 00000000 00:00 0 
6a731000-6a77f000 rw-p 00000000 00:00 0          [stack:14403]
6a77f000-6a780000 ---p 00000000 00:00 0 
6a780000-6a800000 rw-p 00000000 00:00 0          [stack:14395]
6a800000-6a821000 rw-p 00000000 00:00 0 
6a821000-6a900000 ---p 00000000 00:00 0 
6a904000-6a91b000 r-xp 00000000 08:01 805027     /usr/lib/jvm/java-7-openjdk-i386/jre/lib/i386/libnet.so
6a91b000-6a91c000 r--p 00016000 08:01 805027     /usr/lib/jvm/java-7-openjdk-i386/jre/lib/i386/libnet.so
6a91c000-6a91d000 rw-p 00017000 08:01 805027     /usr/lib/jvm/java-7-openjdk-i386/jre/lib/i386/libnet.so
6a91d000-6a92d000 r-xp 00000000 08:01 804991     /usr/lib/jvm/java-7-openjdk-i386/jre/lib/i386/libnio.so
6a92d000-6a92e000 r--p 00010000 08:01 804991     /usr/lib/jvm/java-7-openjdk-i386/jre/lib/i386/libnio.so
6a92e000-6a92f000 rw-p 00011000 08:01 804991     /usr/lib/jvm/java-7-openjdk-i386/jre/lib/i386/libnio.so
6a92f000-6a934000 r-xp 00000000 08:01 136946     /usr/lib/i386-linux-gnu/libXdmcp.so.6.0.0
6a934000-6a935000 r--p 00004000 08:01 136946     /usr/lib/i386-linux-gnu/libXdmcp.so.6.0.0
6a935000-6a936000 rw-p 00005000 08:01 136946     /usr/lib/i386-linux-gnu/libXdmcp.so.6.0.0
6a936000-6a97f000 rw-p 00000000 00:00 0 
6a97f000-6a980000 ---p 00000000 00:00 0 
6a980000-6aa00000 rw-p 00000000 00:00 0          [stack:14394]
6aa00000-6aa21000 rw-p 00000000 00:00 0 
6aa21000-6ab00000 ---p 00000000 00:00 0 
6ab02000-6ab22000 r-xp 00000000 08:01 138125     /usr/lib/i386-linux-gnu/libxcb.so.1.1.0
6ab22000-6ab23000 r--p 0001f000 08:01 138125     /usr/lib/i386-linux-gnu/libxcb.so.1.1.0
6ab23000-6ab24000 rw-p 00020000 08:01 138125     /usr/lib/i386-linux-gnu/libxcb.so.1.1.0
6ab24000-6ab7f000 rw-p 00000000 00:00 0 
6ab7f000-6ab80000 ---p 00000000 00:00 0 
6ab80000-6ac00000 rw-p 00000000 00:00 0          [stack:14393]
6ac00000-6ac25000 rw-p 00000000 00:00 0 
6ac25000-6ad00000 ---p 00000000 00:00 0 
6ad04000-6ad19000 r--s 000e5000 08:01 941706     /home/student/test/Pedometer/app/build/intermediates/exploded-aar/com.android.support/support-v4/23.1.1/jars/classes.jar
6ad19000-6ad28000 r--s 000df000 08:01 1068117    /home/student/Android/Sdk/build-tools/23.0.2/lib/dx.jar
6ad28000-6ad29000 ---p 00000000 00:00 0 
6ad29000-6adb1000 rw-p 00000000 00:00 0          [stack:14392]
6adb1000-6ade9000 rw-p 00000000 00:00 0 
6ade9000-6adfe000 rw-p 00000000 00:00 0 
6adfe000-6af3f000 rw-p 00000000 00:00 0 
6af3f000-6af47000 rw-p 00000000 00:00 0 
6af47000-6af7f000 rw-p 00000000 00:00 0 
6af7f000-6af94000 rw-p 00000000 00:00 0 
6af94000-6b0d4000 rw-p 00000000 00:00 0 
6b0d4000-6b100000 rw-p 00000000 00:00 0 
6b100000-6b17f000 rw-p 00000000 00:00 0 
6b17f000-6c180000 rw-p 00000000 00:00 0 
6c180000-73180000 rw-p 00000000 00:00 0 
73180000-75b80000 rw-p 00000000 00:00 0 
75b80000-9dc00000 rw-p 00000000 00:00 0 
9dc00000-a3300000 rw-p 00000000 00:00 0 
a7e00000-b3180000 rw-p 00000000 00:00 0 
b3181000-b3184000 r-xp 00000000 08:01 137371     /usr/lib/i386-linux-gnu/libgmodule-2.0.so.0.4400.0
b3184000-b3185000 r--p 00002000 08:01 137371     /usr/lib/i386-linux-gnu/libgmodule-2.0.so.0.4400.0
b3185000-b3186000 rw-p 00003000 08:01 137371     /usr/lib/i386-linux-gnu/libgmodule-2.0.so.0.4400.0
b3186000-b3188000 r-xp 00000000 08:01 136935     /usr/lib/i386-linux-gnu/libXau.so.6.0.0
b3188000-b3189000 r--p 00001000 08:01 136935     /usr/lib/i386-linux-gnu/libXau.so.6.0.0
b3189000-b318a000 rw-p 00002000 08:01 136935     /usr/lib/i386-linux-gnu/libXau.so.6.0.0
b318a000-b318c000 r-xp 00000000 08:01 141618     /usr/lib/jayatana/libjayatanaag.so
b318c000-b318d000 r--p 00001000 08:01 141618     /usr/lib/jayatana/libjayatanaag.so
b318d000-b318e000 rw-p 00002000 08:01 141618     /usr/lib/jayatana/libjayatanaag.so
b318e000-b3192000 r--s 00085000 08:01 804976     /usr/lib/jvm/java-7-openjdk-i386/jre/lib/ext/localedata.jar
b3192000-b3196000 r--s 00034000 08:01 804978     /usr/lib/jvm/java-7-openjdk-i386/jre/lib/ext/sunjce_provider.jar
b3196000-b319a000 r--s 0003c000 08:01 804979     /usr/lib/jvm/java-7-openjdk-i386/jre/lib/ext/sunpkcs11.jar
b319a000-b31be000 rw-p 00000000 00:00 0 
b31be000-b3275000 rw-p 00000000 00:00 0 
b3275000-b34b5000 rwxp 00000000 00:00 0 
b34b5000-b6275000 rw-p 00000000 00:00 0 
b6275000-b6281000 r-xp 00000000 08:01 394626     /lib/i386-linux-gnu/libnss_files-2.21.so
b6281000-b6282000 r--p 0000b000 08:01 394626     /lib/i386-linux-gnu/libnss_files-2.21.so
b6282000-b6283000 rw-p 0000c000 08:01 394626     /lib/i386-linux-gnu/libnss_files-2.21.so
b6283000-b628e000 r-xp 00000000 08:01 394636     /lib/i386-linux-gnu/libnss_nis-2.21.so
b628e000-b628f000 r--p 0000a000 08:01 394636     /lib/i386-linux-gnu/libnss_nis-2.21.so
b628f000-b6290000 rw-p 0000b000 08:01 394636     /lib/i386-linux-gnu/libnss_nis-2.21.so
b6290000-b62a7000 r-xp 00000000 08:01 394620     /lib/i386-linux-gnu/libnsl-2.21.so
b62a7000-b62a8000 r--p 00016000 08:01 394620     /lib/i386-linux-gnu/libnsl-2.21.so
b62a8000-b62a9000 rw-p 00017000 08:01 394620     /lib/i386-linux-gnu/libnsl-2.21.so
b62a9000-b62ab000 rw-p 00000000 00:00 0 
b62ab000-b62b3000 r-xp 00000000 08:01 394622     /lib/i386-linux-gnu/libnss_compat-2.21.so
b62b3000-b62b4000 r--p 00007000 08:01 394622     /lib/i386-linux-gnu/libnss_compat-2.21.so
b62b4000-b62b5000 rw-p 00008000 08:01 394622     /lib/i386-linux-gnu/libnss_compat-2.21.so
b62b5000-b62b8000 r--s 0000f000 08:01 804977     /usr/lib/jvm/java-7-openjdk-i386/jre/lib/ext/icedtea-sound.jar
b62b8000-b62ba000 r--s 00012000 08:01 804975     /usr/lib/jvm/java-7-openjdk-i386/jre/lib/ext/zipfs.jar
b62ba000-b62c2000 r-xp 00000000 08:01 804995     /usr/lib/jvm/java-7-openjdk-i386/jre/lib/i386/libzip.so
b62c2000-b62c3000 r--p 00007000 08:01 804995     /usr/lib/jvm/java-7-openjdk-i386/jre/lib/i386/libzip.so
b62c3000-b62c4000 rw-p 00008000 08:01 804995     /usr/lib/jvm/java-7-openjdk-i386/jre/lib/i386/libzip.so
b62c4000-b62cc000 rw-s 00000000 08:01 429216     /tmp/hsperfdata_student/14376
b62cc000-b62d6000 r-xp 00000000 08:01 805017     /usr/lib/jvm/java-7-openjdk-i386/jre/lib/i386/libinstrument.so
b62d6000-b62d7000 r--p 00009000 08:01 805017     /usr/lib/jvm/java-7-openjdk-i386/jre/lib/i386/libinstrument.so
b62d7000-b62d8000 rw-p 0000a000 08:01 805017     /usr/lib/jvm/java-7-openjdk-i386/jre/lib/i386/libinstrument.so
b62d8000-b62fe000 r-xp 00000000 08:01 805003     /usr/lib/jvm/java-7-openjdk-i386/jre/lib/i386/libjava.so
b62fe000-b62ff000 r--p 00025000 08:01 805003     /usr/lib/jvm/java-7-openjdk-i386/jre/lib/i386/libjava.so
b62ff000-b6300000 rw-p 00026000 08:01 805003     /usr/lib/jvm/java-7-openjdk-i386/jre/lib/i386/libjava.so
b6300000-b6400000 rw-p 00000000 00:00 0 
b6400000-b6401000 r--s 00000000 08:01 414147     /usr/share/java/jayatanaag.jar
b6401000-b6408000 r-xp 00000000 08:01 394681     /lib/i386-linux-gnu/librt-2.21.so
b6408000-b6409000 r--p 00006000 08:01 394681     /lib/i386-linux-gnu/librt-2.21.so
b6409000-b640a000 rw-p 00007000 08:01 394681     /lib/i386-linux-gnu/librt-2.21.so
b640a000-b640d000 ---p 00000000 00:00 0 
b640d000-b645b000 rw-p 00000000 00:00 0          [stack:14378]
b645b000-b6477000 r-xp 00000000 08:01 394569     /lib/i386-linux-gnu/libgcc_s.so.1
b6477000-b6478000 rw-p 0001b000 08:01 394569     /lib/i386-linux-gnu/libgcc_s.so.1
b6478000-b64c3000 r-xp 00000000 08:01 394599     /lib/i386-linux-gnu/libm-2.21.so
b64c3000-b64c4000 r--p 0004a000 08:01 394599     /lib/i386-linux-gnu/libm-2.21.so
b64c4000-b64c5000 rw-p 0004b000 08:01 394599     /lib/i386-linux-gnu/libm-2.21.so
b64c5000-b65ae000 r-xp 00000000 08:01 137921     /usr/lib/i386-linux-gnu/libstdc++.so.6.0.20
b65ae000-b65b2000 r--p 000e9000 08:01 137921     /usr/lib/i386-linux-gnu/libstdc++.so.6.0.20
b65b2000-b65b3000 rw-p 000ed000 08:01 137921     /usr/lib/i386-linux-gnu/libstdc++.so.6.0.20
b65b3000-b65ba000 rw-p 00000000 00:00 0 
b65ba000-b710d000 r-xp 00000000 08:01 805013     /usr/lib/jvm/java-7-openjdk-i386/jre/lib/i386/server/libjvm.so
b710d000-b7161000 r--p 00b52000 08:01 805013     /usr/lib/jvm/java-7-openjdk-i386/jre/lib/i386/server/libjvm.so
b7161000-b7175000 rw-p 00ba6000 08:01 805013     /usr/lib/jvm/java-7-openjdk-i386/jre/lib/i386/server/libjvm.so
b7175000-b7594000 rw-p 00000000 00:00 0 
b7594000-b75ad000 r-xp 00000000 08:01 394714     /lib/i386-linux-gnu/libz.so.1.2.8
b75ad000-b75ae000 r--p 00019000 08:01 394714     /lib/i386-linux-gnu/libz.so.1.2.8
b75ae000-b75af000 rw-p 0001a000 08:01 394714     /lib/i386-linux-gnu/libz.so.1.2.8
b75af000-b75c8000 r-xp 00000000 08:01 394673     /lib/i386-linux-gnu/libpthread-2.21.so
b75c8000-b75c9000 r--p 00018000 08:01 394673     /lib/i386-linux-gnu/libpthread-2.21.so
b75c9000-b75ca000 rw-p 00019000 08:01 394673     /lib/i386-linux-gnu/libpthread-2.21.so
b75ca000-b75cc000 rw-p 00000000 00:00 0 
b75cc000-b75cf000 r-xp 00000000 08:01 394557     /lib/i386-linux-gnu/libdl-2.21.so
b75cf000-b75d0000 r--p 00002000 08:01 394557     /lib/i386-linux-gnu/libdl-2.21.so
b75d0000-b75d1000 rw-p 00003000 08:01 394557     /lib/i386-linux-gnu/libdl-2.21.so
b75d1000-b7785000 r-xp 00000000 08:01 394540     /lib/i386-linux-gnu/libc-2.21.so
b7785000-b7788000 r--p 001b3000 08:01 394540     /lib/i386-linux-gnu/libc-2.21.so
b7788000-b778a000 rw-p 001b6000 08:01 394540     /lib/i386-linux-gnu/libc-2.21.so
b778a000-b778c000 rw-p 00000000 00:00 0 
b778c000-b778d000 r--s 00002000 08:01 804980     /usr/lib/jvm/java-7-openjdk-i386/jre/lib/ext/dnsns.jar
b778d000-b778f000 r--s 00006000 08:01 399091     /usr/share/java/java-atk-wrapper.jar
b778f000-b7790000 r--p 005e0000 08:01 143362     /usr/lib/locale/locale-archive
b7790000-b7791000 rw-p 00000000 00:00 0 
b7791000-b7792000 ---p 00000000 00:00 0 
b7792000-b77a0000 r-xp 00000000 08:01 805022     /usr/lib/jvm/java-7-openjdk-i386/jre/lib/i386/libverify.so
b77a0000-b77a2000 r--p 0000d000 08:01 805022     /usr/lib/jvm/java-7-openjdk-i386/jre/lib/i386/libverify.so
b77a2000-b77a3000 rw-p 0000f000 08:01 805022     /usr/lib/jvm/java-7-openjdk-i386/jre/lib/i386/libverify.so
b77a3000-b77af000 r-xp 00000000 08:01 805024     /usr/lib/jvm/java-7-openjdk-i386/jre/lib/i386/jli/libjli.so
b77af000-b77b0000 r--p 0000b000 08:01 805024     /usr/lib/jvm/java-7-openjdk-i386/jre/lib/i386/jli/libjli.so
b77b0000-b77b1000 rw-p 0000c000 08:01 805024     /usr/lib/jvm/java-7-openjdk-i386/jre/lib/i386/jli/libjli.so
b77b1000-b77b4000 rw-p 00000000 00:00 0 
b77b4000-b77b6000 r--p 00000000 00:00 0          [vvar]
b77b6000-b77b7000 r-xp 00000000 00:00 0          [vdso]
b77b7000-b77d9000 r-xp 00000000 08:01 394512     /lib/i386-linux-gnu/ld-2.21.so
b77d9000-b77da000 r--p 00021000 08:01 394512     /lib/i386-linux-gnu/ld-2.21.so
b77da000-b77db000 rw-p 00022000 08:01 394512     /lib/i386-linux-gnu/ld-2.21.so
bfd08000-bfd09000 rwxp 00000000 00:00 0 
bfd3a000-bfd5c000 rw-p 00000000 00:00 0          [stack]

VM Arguments:
jvm_args: -javaagent:/usr/share/java/jayatanaag.jar -Djava.awt.headless=true -Xmx1024M -Dfile.encoding=UTF-8 -Duser.country=US -Duser.language=en -Duser.variant 
java_command: com.android.dx.command.Main --dex --num-threads=4 --output /home/student/test/Pedometer/app/build/intermediates/pre-dexed/debug/com.android.support-support-v4-23.1.1_12beaacf3527bbe5452b9d2f71ebe9eaf1a78760.jar /home/student/test/Pedometer/app/build/intermediates/exploded-aar/com.android.support/support-v4/23.1.1/jars/classes.jar
Launcher Type: SUN_STANDARD

Environment Variables:
JAVA_TOOL_OPTIONS=-javaagent:/usr/share/java/jayatanaag.jar 
PATH=/home/student/.linuxbrew/bin:/usr/local/sbin:/usr/local/bin:/usr/sbin:/usr/bin:/sbin:/bin:/usr/games:/usr/local/games:/etc/android-studio/bin/:/home/student/Android/Sdk/platform-tools:/home/student/Android/Sdk/tools
LD_LIBRARY_PATH=/etc/android-studio/bin:
SHELL=/bin/bash
DISPLAY=:0

Signal Handlers:
SIGSEGV: [libjvm.so+0x7f7d00], sa_mask[0]=0x7ffbfeff, sa_flags=0x10000004
SIGBUS: [libjvm.so+0x7f7d00], sa_mask[0]=0x7ffbfeff, sa_flags=0x10000004
SIGFPE: [libjvm.so+0x67a9d0], sa_mask[0]=0x7ffbfeff, sa_flags=0x10000004
SIGPIPE: [libjvm.so+0x67a9d0], sa_mask[0]=0x7ffbfeff, sa_flags=0x10000004
SIGXFSZ: [libjvm.so+0x67a9d0], sa_mask[0]=0x7ffbfeff, sa_flags=0x10000004
SIGILL: [libjvm.so+0x67a9d0], sa_mask[0]=0x7ffbfeff, sa_flags=0x10000004
SIGUSR1: SIG_DFL, sa_mask[0]=0x00000000, sa_flags=0x00000000
SIGUSR2: [libjvm.so+0x67a820], sa_mask[0]=0x00000004, sa_flags=0x10000004
SIGHUP: [libjvm.so+0x67aa80], sa_mask[0]=0x7ffbfeff, sa_flags=0x10000004
SIGINT: [libjvm.so+0x67aa80], sa_mask[0]=0x7ffbfeff, sa_flags=0x10000004
SIGTERM: [libjvm.so+0x67aa80], sa_mask[0]=0x7ffbfeff, sa_flags=0x10000004
SIGQUIT: [libjvm.so+0x67aa80], sa_mask[0]=0x7ffbfeff, sa_flags=0x10000004
SIGTRAP: SIG_DFL, sa_mask[0]=0x00000000, sa_flags=0x00000000


---------------  S Y S T E M  ---------------

OS:Ubuntu 15.04 (vivid)
uname:Linux 3.19.0-18-generic #18-Ubuntu SMP Tue May 19 18:30:59 UTC 2015 i686
libc:glibc 2.21 NPTL 2.21 
rlimit: STACK 8192k, CORE 0k, NPROC 32177, NOFILE 65536, AS infinity
load average:6.89 3.21 2.46

/proc/meminfo:
MemTotal:        4139540 kB
MemFree:          213700 kB
MemAvailable:     157480 kB
Buffers:            8196 kB
Cached:            83828 kB
SwapCached:            0 kB
Active:          3572424 kB
Inactive:          59204 kB
Active(anon):    3541220 kB
Inactive(anon):    38228 kB
Active(file):      31204 kB
Inactive(file):    20976 kB
Unevictable:          32 kB
Mlocked:              32 kB
HighTotal:       3280776 kB
HighFree:          41960 kB
LowTotal:         858764 kB
LowFree:          171740 kB
SwapTotal:             0 kB
SwapFree:              0 kB
Dirty:               464 kB
Writeback:             0 kB
AnonPages:       3540224 kB
Mapped:            57776 kB
Shmem:             39388 kB
Slab:              50196 kB
SReclaimable:      24692 kB
SUnreclaim:        25504 kB
KernelStack:        5264 kB
PageTables:        15228 kB
NFS_Unstable:          0 kB
Bounce:                0 kB
WritebackTmp:          0 kB
CommitLimit:     2069768 kB
Committed_AS:    6705852 kB
VmallocTotal:     122880 kB
VmallocUsed:       23328 kB
VmallocChunk:      46892 kB
AnonHugePages:   2570240 kB
CmaTotal:              0 kB
CmaFree:               0 kB
HugePages_Total:       0
HugePages_Free:        0
HugePages_Rsvd:        0
HugePages_Surp:        0
Hugepagesize:       2048 kB
DirectMap4k:       59384 kB
DirectMap2M:      854016 kB


CPU:total 4 (1 cores per cpu, 1 threads per core) family 6 model 58 stepping 9, cmov, cx8, fxsr, mmx, sse, sse2, sse3, ssse3, sse4.1, sse4.2, popcnt, avx, aes, erms, tsc, tscinvbit, tscinv

/proc/cpuinfo:
processor	: 0
vendor_id	: GenuineIntel
cpu family	: 6
model		: 58
model name	: Intel(R) Core(TM) i5-3210M CPU @ 2.50GHz
stepping	: 9
microcode	: 0x15
cpu MHz		: 2494.111
cache size	: 3072 KB
physical id	: 0
siblings	: 1
core id		: 0
cpu cores	: 1
apicid		: 0
initial apicid	: 0
fdiv_bug	: no
f00f_bug	: no
coma_bug	: no
fpu		: yes
fpu_exception	: yes
cpuid level	: 13
wp		: yes
flags		: fpu vme de pse tsc msr pae mce cx8 apic sep mtrr pge mca cmov pat pse36 clflush dts mmx fxsr sse sse2 ss nx rdtscp lm constant_tsc arch_perfmon pebs bts xtopology tsc_reliable nonstop_tsc aperfmperf pni pclmulqdq ssse3 cx16 pcid sse4_1 sse4_2 x2apic popcnt tsc_deadline_timer aes xsave avx f16c rdrand hypervisor lahf_lm ida arat epb pln pts dtherm fsgsbase tsc_adjust smep
bugs		:
bogomips	: 4988.22
clflush size	: 64
cache_alignment	: 64
address sizes	: 42 bits physical, 48 bits virtual
power management:

processor	: 1
vendor_id	: GenuineIntel
cpu family	: 6
model		: 58
model name	: Intel(R) Core(TM) i5-3210M CPU @ 2.50GHz
stepping	: 9
microcode	: 0x15
cpu MHz		: 2494.111
cache size	: 3072 KB
physical id	: 2
siblings	: 1
core id		: 0
cpu cores	: 1
apicid		: 2
initial apicid	: 2
fdiv_bug	: no
f00f_bug	: no
coma_bug	: no
fpu		: yes
fpu_exception	: yes
cpuid level	: 13
wp		: yes
flags		: fpu vme de pse tsc msr pae mce cx8 apic sep mtrr pge mca cmov pat pse36 clflush dts mmx fxsr sse sse2 ss nx rdtscp lm constant_tsc arch_perfmon pebs bts xtopology tsc_reliable nonstop_tsc aperfmperf pni pclmulqdq ssse3 cx16 pcid sse4_1 sse4_2 x2apic popcnt tsc_deadline_timer aes xsave avx f16c rdrand hypervisor lahf_lm ida arat epb pln pts dtherm fsgsbase tsc_adjust smep
bugs		:
bogomips	: 4988.22
clflush size	: 64
cache_alignment	: 64
address sizes	: 42 bits physical, 48 bits virtual
power management:

processor	: 2
vendor_id	: GenuineIntel
cpu family	: 6
model		: 58
model name	: Intel(R) Core(TM) i5-3210M CPU @ 2.50GHz
stepping	: 9
microcode	: 0x15
cpu MHz		: 2494.111
cache size	: 3072 KB
physical id	: 4
siblings	: 1
core id		: 0
cpu cores	: 1
apicid		: 4
initial apicid	: 4
fdiv_bug	: no
f00f_bug	: no
coma_bug	: no
fpu		: yes
fpu_exception	: yes
cpuid level	: 13
wp		: yes
flags		: fpu vme de pse tsc msr pae mce cx8 apic sep mtrr pge mca cmov pat pse36 clflush dts mmx fxsr sse sse2 ss nx rdtscp lm constant_tsc arch_perfmon pebs bts xtopology tsc_reliable nonstop_tsc aperfmperf pni pclmulqdq ssse3 cx16 pcid sse4_1 sse4_2 x2apic popcnt tsc_deadline_timer aes xsave avx f16c rdrand hypervisor lahf_lm ida arat epb pln pts dtherm fsgsbase tsc_adjust smep
bugs		:
bogomips	: 4988.22
clflush size	: 64
cache_alignment	: 64
address sizes	: 42 bits physical, 48 bits virtual
power management:

processor	: 3
vendor_id	: GenuineIntel
cpu family	: 6
model		: 58
model name	: Intel(R) Core(TM) i5-3210M CPU @ 2.50GHz
stepping	: 9
microcode	: 0x15
cpu MHz		: 2494.111
cache size	: 3072 KB
physical id	: 6
siblings	: 1
core id		: 0
cpu cores	: 1
apicid		: 6
initial apicid	: 6
fdiv_bug	: no
f00f_bug	: no
coma_bug	: no
fpu		: yes
fpu_exception	: yes
cpuid level	: 13
wp		: yes
flags		: fpu vme de pse tsc msr pae mce cx8 apic sep mtrr pge mca cmov pat pse36 clflush dts mmx fxsr sse sse2 ss nx rdtscp lm constant_tsc arch_perfmon pebs bts xtopology tsc_reliable nonstop_tsc aperfmperf pni pclmulqdq ssse3 cx16 pcid sse4_1 sse4_2 x2apic popcnt tsc_deadline_timer aes xsave avx f16c rdrand hypervisor lahf_lm ida arat epb pln pts dtherm fsgsbase tsc_adjust smep
bugs		:
bogomips	: 4988.22
clflush size	: 64
cache_alignment	: 64
address sizes	: 42 bits physical, 48 bits virtual
power management:



Memory: 4k page, physical 4139540k(214300k free), swap 0k(0k free)

vm_info: OpenJDK Server VM (24.91-b01) for linux-x86 JRE (1.7.0_91-b02), built on Nov 19 2015 06:25:06 by "buildd" with gcc 4.9.2

time: Sun May  1 13:49:14 2016
elapsed time: 15 seconds

