#
# There is insufficient memory for the Java Runtime Environment to continue.
# Native memory allocation (malloc) failed to allocate 93323264 bytes for committing reserved memory.
# Possible reasons:
#   The system is out of physical RAM or swap space
#   In 32 bit mode, the process size limit was hit
# Possible solutions:
#   Reduce memory load on the system
#   Increase physical memory or swap space
#   Check if swap backing store is full
#   Use 64 bit Java on a 64 bit OS
#   Decrease Java heap size (-Xmx/-Xms)
#   Decrease number of Java threads
#   Decrease Java thread stack sizes (-Xss)
#   Set larger code cache with -XX:ReservedCodeCacheSize=
# This output file may be truncated or incomplete.
#
#  Out of Memory Error (os_linux.cpp:2827), pid=7485, tid=1740430144
#
# JRE version: OpenJDK Runtime Environment (7.0_91-b02) (build 1.7.0_91-b02)
# Java VM: OpenJDK Server VM (24.91-b01 mixed mode linux-x86 )
# Derivative: IcedTea 2.6.3
# Distribution: Ubuntu 15.04, package 7u91-2.6.3-0ubuntu0.15.04.1
# Failed to write core dump. Core dumps have been disabled. To enable core dumping, try "ulimit -c unlimited" before starting Java again
#

---------------  T H R E A D  ---------------

Current thread (0x67a81400):  VMThread [stack: 0x67b4d000,0x67bce000] [id=7513]

Stack: [0x67b4d000,0x67bce000]
VM_Operation (0x66ae4a44): ParallelGCFailedAllocation, mode: safepoint, requested by thread 0x6704ec00


---------------  P R O C E S S  ---------------

Java Threads: ( => current thread )
  0x67056000 JavaThread "pool-1-thread-4" [_thread_blocked, id=7563, stack(0x66951000,0x669a2000)]
  0x67054c00 JavaThread "pool-1-thread-3" [_thread_blocked, id=7562, stack(0x669a2000,0x669f3000)]
  0x67054000 JavaThread "pool-1-thread-2" [_thread_blocked, id=7561, stack(0x669f3000,0x66a44000)]
  0x67051000 JavaThread "pool-2-thread-1" [_thread_blocked, id=7560, stack(0x66a44000,0x66a95000)]
  0x6704ec00 JavaThread "pool-1-thread-1" [_thread_blocked, id=7559, stack(0x66a95000,0x66ae6000)]
  0x67aed800 JavaThread "Service Thread" daemon [_thread_blocked, id=7533, stack(0x67262000,0x672b3000)]
  0x67aeb800 JavaThread "C2 CompilerThread1" daemon [_thread_in_native, id=7530, stack(0x672b3000,0x67334000)]
  0x67aea400 JavaThread "C2 CompilerThread0" daemon [_thread_in_native, id=7528, stack(0x67334000,0x673b5000)]
  0x67a97400 JavaThread "Signal Dispatcher" daemon [_thread_blocked, id=7525, stack(0x6790d000,0x6795e000)]
  0x67a85400 JavaThread "Finalizer" daemon [_thread_blocked, id=7523, stack(0x6795e000,0x679af000)]
  0x67a83c00 JavaThread "Reference Handler" daemon [_thread_blocked, id=7522, stack(0x679af000,0x67a00000)]
  0xb6208400 JavaThread "main" [_thread_blocked, id=7492, stack(0xb635c000,0xb63ad000)]

Other Threads:
=>0x67a81400 VMThread [stack: 0x67b4d000,0x67bce000] [id=7513]
  0x67aef800 WatcherThread [stack: 0x671e1000,0x67262000] [id=7537]

VM state:at safepoint (normal execution)

VM Mutex/Monitor currently owned by a thread:  ([mutex/lock_event])
[0xb6205df0] Threads_lock - owner thread: 0x67a81400
[0xb6206200] Heap_lock - owner thread: 0x6704ec00

Heap
 PSYoungGen      total 69120K, used 2557K [0x9db80000, 0xa2180000, 0xb3100000)
  eden space 66560K, 0% used [0x9db80000,0x9db80000,0xa1c80000)
  from space 2560K, 99% used [0xa1c80000,0xa1eff4d8,0xa1f00000)
  to   space 2560K, 0% used [0xa1f00000,0xa1f00000,0xa2180000)
 ParOldGen       total 43008K, used 22482K [0x73100000, 0x75b00000, 0x9db80000)
  object space 43008K, 52% used [0x73100000,0x746f4be0,0x75b00000)
 PSPermGen       total 16384K, used 4286K [0x6b100000, 0x6c100000, 0x73100000)
  object space 16384K, 26% used [0x6b100000,0x6b52f8a8,0x6c100000)

Card table byte_map: [0x6aebf000,0x6b100000] byte_map_base: 0x6ab66800

Polling page: 0xb76e3000

Code Cache  [0xb31c0000, 0xb3400000, 0xb61c0000)
 total_blobs=392 nmethods=269 adapters=76 free_code_cache=48247Kb largest_free_block=49369216

Compilation events (10 events):
Event: 11.307 Thread 0x67aea400 nmethod 266 0xb3285cc8 code [0xb3285da0, 0xb3285df0]
Event: 11.307 Thread 0x67aea400  267             com.android.dx.ssa.SsaMethod::getExitBlock (26 bytes)
Event: 11.308 Thread 0x67aea400 nmethod 267 0xb3294f48 code [0xb3295040, 0xb3295130]
Event: 11.308 Thread 0x67aea400  268             com.android.dx.util.LabeledList::set (45 bytes)
Event: 11.311 Thread 0x67aea400 nmethod 268 0xb3294988 code [0xb3294ac0, 0xb3294cc4]
Event: 11.311 Thread 0x67aea400  269             com.android.dx.util.FixedSizeList::hashCode (8 bytes)
Event: 11.359 Thread 0x67aea400 nmethod 269 0xb3294608 code [0xb3294700, 0xb3294830]
Event: 11.363 Thread 0x67aea400  270             com.android.dx.rop.cst.CstNat::getName (5 bytes)
Event: 11.446 Thread 0x67aea400 nmethod 270 0xb3286348 code [0xb3286420, 0xb3286470]
Event: 11.446 Thread 0x67aea400  271   !         com.android.dx.cf.code.Ropper::processBlock (1101 bytes)

GC Heap History (9 events):
Event: 0.921 GC heap before
{Heap before GC invocations=1 (full 0):
 PSYoungGen      total 19200K, used 16640K [0x9db80000, 0x9f0c0000, 0xb3100000)
  eden space 16640K, 100% used [0x9db80000,0x9ebc0000,0x9ebc0000)
  from space 2560K, 0% used [0x9ee40000,0x9ee40000,0x9f0c0000)
  to   space 2560K, 0% used [0x9ebc0000,0x9ebc0000,0x9ee40000)
 ParOldGen       total 43008K, used 0K [0x73100000, 0x75b00000, 0x9db80000)
  object space 43008K, 0% used [0x73100000,0x73100000,0x75b00000)
 PSPermGen       total 16384K, used 3034K [0x6b100000, 0x6c100000, 0x73100000)
  object space 16384K, 18% used [0x6b100000,0x6b3f6940,0x6c100000)
Event: 0.950 GC heap after
Heap after GC invocations=1 (full 0):
 PSYoungGen      total 19200K, used 1225K [0x9db80000, 0xa0100000, 0xb3100000)
  eden space 16640K, 0% used [0x9db80000,0x9db80000,0x9ebc0000)
  from space 2560K, 47% used [0x9ebc0000,0x9ecf2748,0x9ee40000)
  to   space 2560K, 0% used [0x9fe80000,0x9fe80000,0xa0100000)
 ParOldGen       total 43008K, used 4K [0x73100000, 0x75b00000, 0x9db80000)
  object space 43008K, 0% used [0x73100000,0x73101000,0x75b00000)
 PSPermGen       total 16384K, used 3034K [0x6b100000, 0x6c100000, 0x73100000)
  object space 16384K, 18% used [0x6b100000,0x6b3f6940,0x6c100000)
}
Event: 2.004 GC heap before
{Heap before GC invocations=2 (full 0):
 PSYoungGen      total 19200K, used 17865K [0x9db80000, 0xa0100000, 0xb3100000)
  eden space 16640K, 100% used [0x9db80000,0x9ebc0000,0x9ebc0000)
  from space 2560K, 47% used [0x9ebc0000,0x9ecf2748,0x9ee40000)
  to   space 2560K, 0% used [0x9fe80000,0x9fe80000,0xa0100000)
 ParOldGen       total 43008K, used 4K [0x73100000, 0x75b00000, 0x9db80000)
  object space 43008K, 0% used [0x73100000,0x73101000,0x75b00000)
 PSPermGen       total 16384K, used 4122K [0x6b100000, 0x6c100000, 0x73100000)
  object space 16384K, 25% used [0x6b100000,0x6b506890,0x6c100000)
Event: 2.021 GC heap after
Heap after GC invocations=2 (full 0):
 PSYoungGen      total 35840K, used 2556K [0x9db80000, 0xa0100000, 0xb3100000)
  eden space 33280K, 0% used [0x9db80000,0x9db80000,0x9fc00000)
  from space 2560K, 99% used [0x9fe80000,0xa00ff170,0xa0100000)
  to   space 2560K, 0% used [0x9fc00000,0x9fc00000,0x9fe80000)
 ParOldGen       total 43008K, used 1950K [0x73100000, 0x75b00000, 0x9db80000)
  object space 43008K, 4% used [0x73100000,0x732e7a40,0x75b00000)
 PSPermGen       total 16384K, used 4122K [0x6b100000, 0x6c100000, 0x73100000)
  object space 16384K, 25% used [0x6b100000,0x6b506890,0x6c100000)
}
Event: 3.884 GC heap before
{Heap before GC invocations=3 (full 0):
 PSYoungGen      total 35840K, used 35836K [0x9db80000, 0xa0100000, 0xb3100000)
  eden space 33280K, 100% used [0x9db80000,0x9fc00000,0x9fc00000)
  from space 2560K, 99% used [0x9fe80000,0xa00ff170,0xa0100000)
  to   space 2560K, 0% used [0x9fc00000,0x9fc00000,0x9fe80000)
 ParOldGen       total 43008K, used 1950K [0x73100000, 0x75b00000, 0x9db80000)
  object space 43008K, 4% used [0x73100000,0x732e7a40,0x75b00000)
 PSPermGen       total 16384K, used 4230K [0x6b100000, 0x6c100000, 0x73100000)
  object space 16384K, 25% used [0x6b100000,0x6b521b80,0x6c100000)
Event: 4.025 GC heap after
Heap after GC invocations=3 (full 0):
 PSYoungGen      total 35840K, used 2558K [0x9db80000, 0xa2180000, 0xb3100000)
  eden space 33280K, 0% used [0x9db80000,0x9db80000,0x9fc00000)
  from space 2560K, 99% used [0x9fc00000,0x9fe7f8f0,0x9fe80000)
  to   space 2560K, 0% used [0xa1f00000,0xa1f00000,0xa2180000)
 ParOldGen       total 43008K, used 6997K [0x73100000, 0x75b00000, 0x9db80000)
  object space 43008K, 16% used [0x73100000,0x737d57f0,0x75b00000)
 PSPermGen       total 16384K, used 4230K [0x6b100000, 0x6c100000, 0x73100000)
  object space 16384K, 25% used [0x6b100000,0x6b521b80,0x6c100000)
}
Event: 6.776 GC heap before
{Heap before GC invocations=4 (full 0):
 PSYoungGen      total 35840K, used 35838K [0x9db80000, 0xa2180000, 0xb3100000)
  eden space 33280K, 100% used [0x9db80000,0x9fc00000,0x9fc00000)
  from space 2560K, 99% used [0x9fc00000,0x9fe7f8f0,0x9fe80000)
  to   space 2560K, 0% used [0xa1f00000,0xa1f00000,0xa2180000)
 ParOldGen       total 43008K, used 6997K [0x73100000, 0x75b00000, 0x9db80000)
  object space 43008K, 16% used [0x73100000,0x737d57f0,0x75b00000)
 PSPermGen       total 16384K, used 4258K [0x6b100000, 0x6c100000, 0x73100000)
  object space 16384K, 25% used [0x6b100000,0x6b528b00,0x6c100000)
Event: 6.977 GC heap after
Heap after GC invocations=4 (full 0):
 PSYoungGen      total 69120K, used 2549K [0x9db80000, 0xa2180000, 0xb3100000)
  eden space 66560K, 0% used [0x9db80000,0x9db80000,0xa1c80000)
  from space 2560K, 99% used [0xa1f00000,0xa217d5a0,0xa2180000)
  to   space 2560K, 0% used [0xa1c80000,0xa1c80000,0xa1f00000)
 ParOldGen       total 43008K, used 12066K [0x73100000, 0x75b00000, 0x9db80000)
  object space 43008K, 28% used [0x73100000,0x73cc8920,0x75b00000)
 PSPermGen       total 16384K, used 4258K [0x6b100000, 0x6c100000, 0x73100000)
  object space 16384K, 25% used [0x6b100000,0x6b528b00,0x6c100000)
}
Event: 13.488 GC heap before
{Heap before GC invocations=5 (full 0):
 PSYoungGen      total 69120K, used 69109K [0x9db80000, 0xa2180000, 0xb3100000)
  eden space 66560K, 100% used [0x9db80000,0xa1c80000,0xa1c80000)
  from space 2560K, 99% used [0xa1f00000,0xa217d5a0,0xa2180000)
  to   space 2560K, 0% used [0xa1c80000,0xa1c80000,0xa1f00000)
 ParOldGen       total 43008K, used 12066K [0x73100000, 0x75b00000, 0x9db80000)
  object space 43008K, 28% used [0x73100000,0x73cc8920,0x75b00000)
 PSPermGen       total 16384K, used 4286K [0x6b100000, 0x6c100000, 0x73100000)
  object space 16384K, 26% used [0x6b100000,0x6b52f8a8,0x6c100000)

Deoptimization events (10 events):
Event: 3.073 Thread 0xb6208400 Uncommon trap: reason=unstable_if action=reinterpret pc=0xb324a964 method=com.android.dx.rop.code.RegisterSpecSet.put(Lcom/android/dx/rop/code/RegisterSpec;)V @ 77
Event: 3.663 Thread 0xb6208400 Uncommon trap: reason=unstable_if action=reinterpret pc=0xb322d330 method=com.android.dx.rop.code.RegisterSpec.equals(ILcom/android/dx/rop/type/TypeBearer;Lcom/android/dx/rop/code/LocalItem;)Z @ 42
Event: 3.787 Thread 0x67054000 Uncommon trap: reason=null_check action=make_not_entrant pc=0xb325efc4 method=com.android.dx.ssa.SsaRenamer.getLocalForNewReg(I)Lcom/android/dx/rop/code/LocalItem; @ 19
Event: 4.395 Thread 0x67054000 Uncommon trap: reason=class_check action=maybe_recompile pc=0xb32442b8 method=java.util.HashMap.put(Ljava/lang/Object;Ljava/lang/Object;)Ljava/lang/Object; @ 83
Event: 4.395 Thread 0x67054000 Uncommon trap: reason=class_check action=maybe_recompile pc=0xb32442b8 method=java.util.HashMap.put(Ljava/lang/Object;Ljava/lang/Object;)Ljava/lang/Object; @ 83
Event: 4.395 Thread 0x67054000 Uncommon trap: reason=class_check action=maybe_recompile pc=0xb32442b8 method=java.util.HashMap.put(Ljava/lang/Object;Ljava/lang/Object;)Ljava/lang/Object; @ 83
Event: 4.396 Thread 0x67054000 Uncommon trap: reason=class_check action=maybe_recompile pc=0xb32442b8 method=java.util.HashMap.put(Ljava/lang/Object;Ljava/lang/Object;)Ljava/lang/Object; @ 83
Event: 7.916 Thread 0x6704ec00 Uncommon trap: reason=unstable_if action=reinterpret pc=0xb327a444 method=com.android.dx.util.IntList.binarysearch(I)I @ 105
Event: 10.113 Thread 0x67054c00 Uncommon trap: reason=unstable_if action=reinterpret pc=0xb3237d2c method=com.android.dx.util.IntList.binarysearch(I)I @ 105
Event: 12.543 Thread 0xb6208400 Uncommon trap: reason=unstable_if action=reinterpret pc=0xb327e570 method=com.android.dx.ssa.SCCP.simulateBranch(Lcom/android/dx/ssa/SsaInsn;)V @ 64

Internal exceptions (10 events):
Event: 1.575 Thread 0x67056000 Threw 0x9e3eb4e0 at /build/openjdk-7-PdBaKN/openjdk-7-7u91-2.6.3/build/openjdk/hotspot/src/share/vm/prims/jvm.cpp:1322
Event: 1.615 Thread 0xb6208400 Threw 0x9e5cee18 at /build/openjdk-7-PdBaKN/openjdk-7-7u91-2.6.3/build/openjdk/hotspot/src/share/vm/prims/jvm.cpp:1322
Event: 1.615 Thread 0xb6208400 Threw 0x9e5d1ab8 at /build/openjdk-7-PdBaKN/openjdk-7-7u91-2.6.3/build/openjdk/hotspot/src/share/vm/prims/jvm.cpp:1322
Event: 1.733 Thread 0xb6208400 Threw 0x9e7a0288 at /build/openjdk-7-PdBaKN/openjdk-7-7u91-2.6.3/build/openjdk/hotspot/src/share/vm/prims/jvm.cpp:1322
Event: 2.069 Thread 0x67054c00 Threw 0x9dbac3f0 at /build/openjdk-7-PdBaKN/openjdk-7-7u91-2.6.3/build/openjdk/hotspot/src/share/vm/prims/jvm.cpp:1322
Event: 2.781 Thread 0xb6208400 Implicit null exception at 0xb324216a to 0xb3242701
Event: 3.787 Thread 0x67054000 Implicit null exception at 0xb325dc0b to 0xb325efb5
Event: 4.381 Thread 0xb6208400 Threw 0x9df70310 at /build/openjdk-7-PdBaKN/openjdk-7-7u91-2.6.3/build/openjdk/hotspot/src/share/vm/prims/jvm.cpp:1322
Event: 5.102 Thread 0x67054c00 Threw 0x9e941020 at /build/openjdk-7-PdBaKN/openjdk-7-7u91-2.6.3/build/openjdk/hotspot/src/share/vm/prims/jvm.cpp:1322
Event: 5.766 Thread 0xb6208400 Threw 0x9f00dab8 at /build/openjdk-7-PdBaKN/openjdk-7-7u91-2.6.3/build/openjdk/hotspot/src/share/vm/prims/jvm.cpp:1322

Events (10 events):
Event: 7.916 Thread 0x6704ec00 Uncommon trap: trap_request=0xffffff75 fr.pc=0xb327a444
Event: 7.916 Thread 0x6704ec00 DEOPT PACKING pc=0xb327a444 sp=0x66ae4c20
Event: 7.916 Thread 0x6704ec00 DEOPT UNPACKING pc=0xb31ecbc8 sp=0x66ae4bc8 mode 2
Event: 10.098 Thread 0x67054c00 Uncommon trap: trap_request=0xffffff75 fr.pc=0xb3237d2c
Event: 10.113 Thread 0x67054c00 DEOPT PACKING pc=0xb3237d2c sp=0x669f1bf0
Event: 10.120 Thread 0x67054c00 DEOPT UNPACKING pc=0xb31ecbc8 sp=0x669f1bcc mode 2
Event: 12.543 Thread 0xb6208400 Uncommon trap: trap_request=0xffffff75 fr.pc=0xb327e570
Event: 12.543 Thread 0xb6208400 DEOPT PACKING pc=0xb327e570 sp=0xb63ab780
Event: 12.568 Thread 0xb6208400 DEOPT UNPACKING pc=0xb31ecbc8 sp=0xb63ab768 mode 2
Event: 13.469 Executing VM operation: ParallelGCFailedAllocation


Dynamic libraries:
08048000-08049000 r-xp 00000000 08:01 804961     /usr/lib/jvm/java-7-openjdk-i386/jre/bin/java
08049000-0804a000 r--p 00000000 08:01 804961     /usr/lib/jvm/java-7-openjdk-i386/jre/bin/java
0804a000-0804b000 rw-p 00001000 08:01 804961     /usr/lib/jvm/java-7-openjdk-i386/jre/bin/java
08ca9000-08d30000 rw-p 00000000 00:00 0          [heap]
64e00000-64ee0000 rw-p 00000000 00:00 0 
64ee0000-64f00000 ---p 00000000 00:00 0 
65000000-650f0000 rw-p 00000000 00:00 0 
650f0000-65100000 ---p 00000000 00:00 0 
65100000-651ff000 rw-p 00000000 00:00 0 
651ff000-65200000 ---p 00000000 00:00 0 
65200000-652f5000 rw-p 00000000 00:00 0 
652f5000-65300000 ---p 00000000 00:00 0 
65300000-653f8000 rw-p 00000000 00:00 0 
653f8000-65400000 ---p 00000000 00:00 0 
65400000-654fd000 rw-p 00000000 00:00 0 
654fd000-65500000 ---p 00000000 00:00 0 
65600000-65700000 rw-p 00000000 00:00 0 
65700000-657f9000 rw-p 00000000 00:00 0 
657f9000-65800000 ---p 00000000 00:00 0 
65800000-658f9000 rw-p 00000000 00:00 0 
658f9000-65900000 ---p 00000000 00:00 0 
65a00000-65bfd000 rw-p 00000000 00:00 0 
65bfd000-65c00000 ---p 00000000 00:00 0 
65c00000-65cff000 rw-p 00000000 00:00 0 
65cff000-65d00000 ---p 00000000 00:00 0 
65e00000-65efc000 rw-p 00000000 00:00 0 
65efc000-65f00000 ---p 00000000 00:00 0 
65f00000-65ffc000 rw-p 00000000 00:00 0 
65ffc000-66000000 ---p 00000000 00:00 0 
66000000-660fd000 rw-p 00000000 00:00 0 
660fd000-66100000 ---p 00000000 00:00 0 
66200000-662fe000 rw-p 00000000 00:00 0 
662fe000-66300000 ---p 00000000 00:00 0 
66300000-663fd000 rw-p 00000000 00:00 0 
663fd000-66400000 ---p 00000000 00:00 0 
66400000-664d5000 rw-p 00000000 00:00 0 
664d5000-66500000 ---p 00000000 00:00 0 
66500000-66600000 rw-p 00000000 00:00 0 
66600000-666fb000 rw-p 00000000 00:00 0 
666fb000-66700000 ---p 00000000 00:00 0 
66772000-66800000 rw-p 00000000 00:00 0 
66800000-668fc000 rw-p 00000000 00:00 0 
668fc000-66900000 ---p 00000000 00:00 0 
66951000-66954000 ---p 00000000 00:00 0 
66954000-669a2000 rw-p 00000000 00:00 0          [stack:7563]
669a2000-669a5000 ---p 00000000 00:00 0 
669a5000-669f3000 rw-p 00000000 00:00 0          [stack:7562]
669f3000-669f6000 ---p 00000000 00:00 0 
669f6000-66a44000 rw-p 00000000 00:00 0          [stack:7561]
66a44000-66a47000 ---p 00000000 00:00 0 
66a47000-66a95000 rw-p 00000000 00:00 0          [stack:7560]
66a95000-66a98000 ---p 00000000 00:00 0 
66a98000-66ca7000 rw-p 00000000 00:00 0          [stack:7559]
66ca7000-66d17000 r-xp 00000000 08:01 394656     /lib/i386-linux-gnu/libpcre.so.3.13.1
66d17000-66d18000 r--p 0006f000 08:01 394656     /lib/i386-linux-gnu/libpcre.so.3.13.1
66d18000-66d19000 rw-p 00070000 08:01 394656     /lib/i386-linux-gnu/libpcre.so.3.13.1
66d19000-66e3f000 r-xp 00000000 08:01 394573     /lib/i386-linux-gnu/libglib-2.0.so.0.4400.0
66e3f000-66e40000 r--p 00125000 08:01 394573     /lib/i386-linux-gnu/libglib-2.0.so.0.4400.0
66e40000-66e41000 rw-p 00126000 08:01 394573     /lib/i386-linux-gnu/libglib-2.0.so.0.4400.0
66e41000-66ffa000 r-xp 00000000 08:01 137357     /usr/lib/i386-linux-gnu/libgio-2.0.so.0.4400.0
66ffa000-66ffd000 r--p 001b8000 08:01 137357     /usr/lib/i386-linux-gnu/libgio-2.0.so.0.4400.0
66ffd000-66fff000 rw-p 001bb000 08:01 137357     /usr/lib/i386-linux-gnu/libgio-2.0.so.0.4400.0
66fff000-67000000 rw-p 00000000 00:00 0 
67000000-67073000 rw-p 00000000 00:00 0 
67073000-67100000 ---p 00000000 00:00 0 
6712d000-67141000 r-xp 00000000 08:01 394679     /lib/i386-linux-gnu/libresolv-2.21.so
67141000-67143000 r--p 00013000 08:01 394679     /lib/i386-linux-gnu/libresolv-2.21.so
67143000-67144000 rw-p 00015000 08:01 394679     /lib/i386-linux-gnu/libresolv-2.21.so
67144000-67146000 rw-p 00000000 00:00 0 
67146000-6716a000 r-xp 00000000 08:01 394683     /lib/i386-linux-gnu/libselinux.so.1
6716a000-6716b000 r--p 00024000 08:01 394683     /lib/i386-linux-gnu/libselinux.so.1
6716b000-6716c000 rw-p 00025000 08:01 394683     /lib/i386-linux-gnu/libselinux.so.1
6716c000-6716d000 rw-p 00000000 00:00 0 
6716d000-671c8000 r-xp 00000000 08:01 137385     /usr/lib/i386-linux-gnu/libgobject-2.0.so.0.4400.0
671c8000-671c9000 r--p 0005b000 08:01 137385     /usr/lib/i386-linux-gnu/libgobject-2.0.so.0.4400.0
671c9000-671ca000 rw-p 0005c000 08:01 137385     /usr/lib/i386-linux-gnu/libgobject-2.0.so.0.4400.0
671e1000-671e2000 ---p 00000000 00:00 0 
671e2000-67262000 rw-p 00000000 00:00 0          [stack:7537]
67262000-67265000 ---p 00000000 00:00 0 
67265000-672b3000 rw-p 00000000 00:00 0          [stack:7533]
672b3000-672b6000 ---p 00000000 00:00 0 
672b6000-67334000 rw-p 00000000 00:00 0          [stack:7530]
67334000-67337000 ---p 00000000 00:00 0 
67337000-673b5000 rw-p 00000000 00:00 0          [stack:7528]
673b5000-674fc000 r-xp 00000000 08:01 136931     /usr/lib/i386-linux-gnu/libX11.so.6.3.0
674fc000-674fd000 r--p 00146000 08:01 136931     /usr/lib/i386-linux-gnu/libX11.so.6.3.0
674fd000-674ff000 rw-p 00147000 08:01 136931     /usr/lib/i386-linux-gnu/libX11.so.6.3.0
674ff000-67500000 rw-p 00000000 00:00 0 
67500000-67700000 r--p 00000000 08:01 143362     /usr/lib/locale/locale-archive
67700000-67721000 rw-p 00000000 00:00 0 
67721000-67800000 ---p 00000000 00:00 0 
67800000-678fb000 rw-p 00000000 00:00 0 
678fb000-67900000 ---p 00000000 00:00 0 
6790d000-67910000 ---p 00000000 00:00 0 
67910000-6795e000 rw-p 00000000 00:00 0          [stack:7525]
6795e000-67961000 ---p 00000000 00:00 0 
67961000-679af000 rw-p 00000000 00:00 0          [stack:7523]
679af000-679b2000 ---p 00000000 00:00 0 
679b2000-67a00000 rw-p 00000000 00:00 0          [stack:7522]
67a00000-67b00000 rw-p 00000000 00:00 0 
67b12000-67b29000 r-xp 00000000 08:01 805027     /usr/lib/jvm/java-7-openjdk-i386/jre/lib/i386/libnet.so
67b29000-67b2a000 r--p 00016000 08:01 805027     /usr/lib/jvm/java-7-openjdk-i386/jre/lib/i386/libnet.so
67b2a000-67b2b000 rw-p 00017000 08:01 805027     /usr/lib/jvm/java-7-openjdk-i386/jre/lib/i386/libnet.so
67b2b000-67b4b000 r-xp 00000000 08:01 138125     /usr/lib/i386-linux-gnu/libxcb.so.1.1.0
67b4b000-67b4c000 r--p 0001f000 08:01 138125     /usr/lib/i386-linux-gnu/libxcb.so.1.1.0
67b4c000-67b4d000 rw-p 00020000 08:01 138125     /usr/lib/i386-linux-gnu/libxcb.so.1.1.0
67b4d000-67b4e000 ---p 00000000 00:00 0 
67b4e000-67bce000 rw-p 00000000 00:00 0          [stack:7513]
67bce000-67d80000 r--s 01d2e000 08:01 804984     /usr/lib/jvm/java-7-openjdk-i386/jre/lib/rt.jar
67d80000-6a600000 rw-p 00000000 00:00 0 
6a600000-6a6e4000 rw-p 00000000 00:00 0 
6a6e4000-6a700000 ---p 00000000 00:00 0 
6a705000-6a70c000 r-xp 00000000 08:01 137254     /usr/lib/i386-linux-gnu/libffi.so.6.0.4
6a70c000-6a70e000 r--p 00006000 08:01 137254     /usr/lib/i386-linux-gnu/libffi.so.6.0.4
6a70e000-6a70f000 rw-p 00008000 08:01 137254     /usr/lib/i386-linux-gnu/libffi.so.6.0.4
6a70f000-6a71f000 r-xp 00000000 08:01 804991     /usr/lib/jvm/java-7-openjdk-i386/jre/lib/i386/libnio.so
6a71f000-6a720000 r--p 00010000 08:01 804991     /usr/lib/jvm/java-7-openjdk-i386/jre/lib/i386/libnio.so
6a720000-6a721000 rw-p 00011000 08:01 804991     /usr/lib/jvm/java-7-openjdk-i386/jre/lib/i386/libnio.so
6a721000-6a736000 r--s 000e5000 08:01 941709     /home/student/test/Pedometer/app/build/intermediates/exploded-aar/com.android.support/support-v4/23.1.1/jars/classes.jar
6a736000-6a77f000 rw-p 00000000 00:00 0 
6a77f000-6a780000 ---p 00000000 00:00 0 
6a780000-6a800000 rw-p 00000000 00:00 0          [stack:7504]
6a800000-6a821000 rw-p 00000000 00:00 0 
6a821000-6a900000 ---p 00000000 00:00 0 
6a900000-6a921000 rw-p 00000000 00:00 0 
6a921000-6aa00000 ---p 00000000 00:00 0 
6aa05000-6aa08000 r-xp 00000000 08:01 137371     /usr/lib/i386-linux-gnu/libgmodule-2.0.so.0.4400.0
6aa08000-6aa09000 r--p 00002000 08:01 137371     /usr/lib/i386-linux-gnu/libgmodule-2.0.so.0.4400.0
6aa09000-6aa0a000 rw-p 00003000 08:01 137371     /usr/lib/i386-linux-gnu/libgmodule-2.0.so.0.4400.0
6aa0a000-6aa0f000 r-xp 00000000 08:01 136946     /usr/lib/i386-linux-gnu/libXdmcp.so.6.0.0
6aa0f000-6aa10000 r--p 00004000 08:01 136946     /usr/lib/i386-linux-gnu/libXdmcp.so.6.0.0
6aa10000-6aa11000 rw-p 00005000 08:01 136946     /usr/lib/i386-linux-gnu/libXdmcp.so.6.0.0
6aa11000-6aa13000 r-xp 00000000 08:01 136935     /usr/lib/i386-linux-gnu/libXau.so.6.0.0
6aa13000-6aa14000 r--p 00001000 08:01 136935     /usr/lib/i386-linux-gnu/libXau.so.6.0.0
6aa14000-6aa15000 rw-p 00002000 08:01 136935     /usr/lib/i386-linux-gnu/libXau.so.6.0.0
6aa15000-6aa24000 r--s 000df000 08:01 1068117    /home/student/Android/Sdk/build-tools/23.0.2/lib/dx.jar
6aa24000-6aa7f000 rw-p 00000000 00:00 0 
6aa7f000-6aa80000 ---p 00000000 00:00 0 
6aa80000-6ab00000 rw-p 00000000 00:00 0          [stack:7501]
6ab00000-6ab35000 rw-p 00000000 00:00 0 
6ab35000-6ac00000 ---p 00000000 00:00 0 
6ac03000-6ac05000 r-xp 00000000 08:01 141618     /usr/lib/jayatana/libjayatanaag.so
6ac05000-6ac06000 r--p 00001000 08:01 141618     /usr/lib/jayatana/libjayatanaag.so
6ac06000-6ac07000 rw-p 00002000 08:01 141618     /usr/lib/jayatana/libjayatanaag.so
6ac07000-6ac08000 r--s 00000000 08:01 414147     /usr/share/java/jayatanaag.jar
6ac08000-6ac0c000 r--s 00085000 08:01 804976     /usr/lib/jvm/java-7-openjdk-i386/jre/lib/ext/localedata.jar
6ac0c000-6ac27000 rw-p 00000000 00:00 0 
6ac27000-6ac28000 ---p 00000000 00:00 0 
6ac28000-6aca8000 rw-p 00000000 00:00 0          [stack:7499]
6aca8000-6aca9000 ---p 00000000 00:00 0 
6aca9000-6ad31000 rw-p 00000000 00:00 0          [stack:7496]
6ad31000-6ad69000 rw-p 00000000 00:00 0 
6ad69000-6ad7e000 rw-p 00000000 00:00 0 
6ad7e000-6aebf000 rw-p 00000000 00:00 0 
6aebf000-6aec7000 rw-p 00000000 00:00 0 
6aec7000-6aeff000 rw-p 00000000 00:00 0 
6aeff000-6af14000 rw-p 00000000 00:00 0 
6af14000-6b054000 rw-p 00000000 00:00 0 
6b054000-6b078000 rw-p 00000000 00:00 0 
6b078000-6b0ff000 rw-p 00000000 00:00 0 
6b0ff000-6c100000 rw-p 00000000 00:00 0 
6c100000-73100000 rw-p 00000000 00:00 0 
73100000-75b00000 rw-p 00000000 00:00 0 
75b00000-9db80000 rw-p 00000000 00:00 0 
9db80000-a2180000 rw-p 00000000 00:00 0 
a79dd000-a7a80000 rw-p 00000000 00:00 0 
a7a80000-b3100000 rw-p 00000000 00:00 0 
b3100000-b3109000 rw-p 00000000 00:00 0 
b3109000-b31c0000 rw-p 00000000 00:00 0 
b31c0000-b3400000 rwxp 00000000 00:00 0 
b3400000-b61c0000 rw-p 00000000 00:00 0 
b61c0000-b61cc000 r-xp 00000000 08:01 394626     /lib/i386-linux-gnu/libnss_files-2.21.so
b61cc000-b61cd000 r--p 0000b000 08:01 394626     /lib/i386-linux-gnu/libnss_files-2.21.so
b61cd000-b61ce000 rw-p 0000c000 08:01 394626     /lib/i386-linux-gnu/libnss_files-2.21.so
b61ce000-b61d9000 r-xp 00000000 08:01 394636     /lib/i386-linux-gnu/libnss_nis-2.21.so
b61d9000-b61da000 r--p 0000a000 08:01 394636     /lib/i386-linux-gnu/libnss_nis-2.21.so
b61da000-b61db000 rw-p 0000b000 08:01 394636     /lib/i386-linux-gnu/libnss_nis-2.21.so
b61db000-b61f2000 r-xp 00000000 08:01 394620     /lib/i386-linux-gnu/libnsl-2.21.so
b61f2000-b61f3000 r--p 00016000 08:01 394620     /lib/i386-linux-gnu/libnsl-2.21.so
b61f3000-b61f4000 rw-p 00017000 08:01 394620     /lib/i386-linux-gnu/libnsl-2.21.so
b61f4000-b61f6000 rw-p 00000000 00:00 0 
b61f6000-b61fe000 r-xp 00000000 08:01 394622     /lib/i386-linux-gnu/libnss_compat-2.21.so
b61fe000-b61ff000 r--p 00007000 08:01 394622     /lib/i386-linux-gnu/libnss_compat-2.21.so
b61ff000-b6200000 rw-p 00008000 08:01 394622     /lib/i386-linux-gnu/libnss_compat-2.21.so
b6200000-b6300000 rw-p 00000000 00:00 0 
b6300000-b6303000 r--s 0000f000 08:01 804977     /usr/lib/jvm/java-7-openjdk-i386/jre/lib/ext/icedtea-sound.jar
b6303000-b6307000 r--s 00034000 08:01 804978     /usr/lib/jvm/java-7-openjdk-i386/jre/lib/ext/sunjce_provider.jar
b6307000-b630b000 r--s 0003c000 08:01 804979     /usr/lib/jvm/java-7-openjdk-i386/jre/lib/ext/sunpkcs11.jar
b630b000-b630d000 r--s 00012000 08:01 804975     /usr/lib/jvm/java-7-openjdk-i386/jre/lib/ext/zipfs.jar
b630d000-b6315000 r-xp 00000000 08:01 804995     /usr/lib/jvm/java-7-openjdk-i386/jre/lib/i386/libzip.so
b6315000-b6316000 r--p 00007000 08:01 804995     /usr/lib/jvm/java-7-openjdk-i386/jre/lib/i386/libzip.so
b6316000-b6317000 rw-p 00008000 08:01 804995     /usr/lib/jvm/java-7-openjdk-i386/jre/lib/i386/libzip.so
b6317000-b631f000 rw-s 00000000 08:01 429060     /tmp/hsperfdata_student/7485
b631f000-b6329000 r-xp 00000000 08:01 805017     /usr/lib/jvm/java-7-openjdk-i386/jre/lib/i386/libinstrument.so
b6329000-b632a000 r--p 00009000 08:01 805017     /usr/lib/jvm/java-7-openjdk-i386/jre/lib/i386/libinstrument.so
b632a000-b632b000 rw-p 0000a000 08:01 805017     /usr/lib/jvm/java-7-openjdk-i386/jre/lib/i386/libinstrument.so
b632b000-b6351000 r-xp 00000000 08:01 805003     /usr/lib/jvm/java-7-openjdk-i386/jre/lib/i386/libjava.so
b6351000-b6352000 r--p 00025000 08:01 805003     /usr/lib/jvm/java-7-openjdk-i386/jre/lib/i386/libjava.so
b6352000-b6353000 rw-p 00026000 08:01 805003     /usr/lib/jvm/java-7-openjdk-i386/jre/lib/i386/libjava.so
b6353000-b635a000 r-xp 00000000 08:01 394681     /lib/i386-linux-gnu/librt-2.21.so
b635a000-b635b000 r--p 00006000 08:01 394681     /lib/i386-linux-gnu/librt-2.21.so
b635b000-b635c000 rw-p 00007000 08:01 394681     /lib/i386-linux-gnu/librt-2.21.so
b635c000-b635f000 ---p 00000000 00:00 0 
b635f000-b63ad000 rw-p 00000000 00:00 0          [stack:7492]
b63ad000-b63c9000 r-xp 00000000 08:01 394569     /lib/i386-linux-gnu/libgcc_s.so.1
b63c9000-b63ca000 rw-p 0001b000 08:01 394569     /lib/i386-linux-gnu/libgcc_s.so.1
b63ca000-b6415000 r-xp 00000000 08:01 394599     /lib/i386-linux-gnu/libm-2.21.so
b6415000-b6416000 r--p 0004a000 08:01 394599     /lib/i386-linux-gnu/libm-2.21.so
b6416000-b6417000 rw-p 0004b000 08:01 394599     /lib/i386-linux-gnu/libm-2.21.so
b6417000-b6500000 r-xp 00000000 08:01 137921     /usr/lib/i386-linux-gnu/libstdc++.so.6.0.20
b6500000-b6504000 r--p 000e9000 08:01 137921     /usr/lib/i386-linux-gnu/libstdc++.so.6.0.20
b6504000-b6505000 rw-p 000ed000 08:01 137921     /usr/lib/i386-linux-gnu/libstdc++.so.6.0.20
b6505000-b650c000 rw-p 00000000 00:00 0 
b650c000-b705f000 r-xp 00000000 08:01 805013     /usr/lib/jvm/java-7-openjdk-i386/jre/lib/i386/server/libjvm.so
b705f000-b70b3000 r--p 00b52000 08:01 805013     /usr/lib/jvm/java-7-openjdk-i386/jre/lib/i386/server/libjvm.so
b70b3000-b70c7000 rw-p 00ba6000 08:01 805013     /usr/lib/jvm/java-7-openjdk-i386/jre/lib/i386/server/libjvm.so
b70c7000-b74e6000 rw-p 00000000 00:00 0 
b74e6000-b74ff000 r-xp 00000000 08:01 394714     /lib/i386-linux-gnu/libz.so.1.2.8
b74ff000-b7500000 r--p 00019000 08:01 394714     /lib/i386-linux-gnu/libz.so.1.2.8
b7500000-b7501000 rw-p 0001a000 08:01 394714     /lib/i386-linux-gnu/libz.so.1.2.8
b7501000-b751a000 r-xp 00000000 08:01 394673     /lib/i386-linux-gnu/libpthread-2.21.so
b751a000-b751b000 r--p 00018000 08:01 394673     /lib/i386-linux-gnu/libpthread-2.21.so
b751b000-b751c000 rw-p 00019000 08:01 394673     /lib/i386-linux-gnu/libpthread-2.21.so
b751c000-b751e000 rw-p 00000000 00:00 0 
b751e000-b7521000 r-xp 00000000 08:01 394557     /lib/i386-linux-gnu/libdl-2.21.so
b7521000-b7522000 r--p 00002000 08:01 394557     /lib/i386-linux-gnu/libdl-2.21.so
b7522000-b7523000 rw-p 00003000 08:01 394557     /lib/i386-linux-gnu/libdl-2.21.so
b7523000-b76d7000 r-xp 00000000 08:01 394540     /lib/i386-linux-gnu/libc-2.21.so
b76d7000-b76da000 r--p 001b3000 08:01 394540     /lib/i386-linux-gnu/libc-2.21.so
b76da000-b76dc000 rw-p 001b6000 08:01 394540     /lib/i386-linux-gnu/libc-2.21.so
b76dc000-b76de000 rw-p 00000000 00:00 0 
b76de000-b76df000 r--s 00002000 08:01 804980     /usr/lib/jvm/java-7-openjdk-i386/jre/lib/ext/dnsns.jar
b76df000-b76e1000 r--s 00006000 08:01 399091     /usr/share/java/java-atk-wrapper.jar
b76e1000-b76e2000 r--p 005e0000 08:01 143362     /usr/lib/locale/locale-archive
b76e2000-b76e3000 rw-p 00000000 00:00 0 
b76e3000-b76e4000 ---p 00000000 00:00 0 
b76e4000-b76f2000 r-xp 00000000 08:01 805022     /usr/lib/jvm/java-7-openjdk-i386/jre/lib/i386/libverify.so
b76f2000-b76f4000 r--p 0000d000 08:01 805022     /usr/lib/jvm/java-7-openjdk-i386/jre/lib/i386/libverify.so
b76f4000-b76f5000 rw-p 0000f000 08:01 805022     /usr/lib/jvm/java-7-openjdk-i386/jre/lib/i386/libverify.so
b76f5000-b7701000 r-xp 00000000 08:01 805024     /usr/lib/jvm/java-7-openjdk-i386/jre/lib/i386/jli/libjli.so
b7701000-b7702000 r--p 0000b000 08:01 805024     /usr/lib/jvm/java-7-openjdk-i386/jre/lib/i386/jli/libjli.so
b7702000-b7703000 rw-p 0000c000 08:01 805024     /usr/lib/jvm/java-7-openjdk-i386/jre/lib/i386/jli/libjli.so
b7703000-b7706000 rw-p 00000000 00:00 0 
b7706000-b7708000 r--p 00000000 00:00 0          [vvar]
b7708000-b7709000 r-xp 00000000 00:00 0          [vdso]
b7709000-b772b000 r-xp 00000000 08:01 394512     /lib/i386-linux-gnu/ld-2.21.so
b772b000-b772c000 r--p 00021000 08:01 394512     /lib/i386-linux-gnu/ld-2.21.so
b772c000-b772d000 rw-p 00022000 08:01 394512     /lib/i386-linux-gnu/ld-2.21.so
bf942000-bf943000 rwxp 00000000 00:00 0 
bf974000-bf996000 rw-p 00000000 00:00 0          [stack]

VM Arguments:
jvm_args: -javaagent:/usr/share/java/jayatanaag.jar -Djava.awt.headless=true -Xmx1024M -Dfile.encoding=UTF-8 -Duser.country=US -Duser.language=en -Duser.variant 
java_command: com.android.dx.command.Main --dex --num-threads=4 --output /home/student/test/Pedometer/app/build/intermediates/pre-dexed/debug/com.android.support-support-v4-23.1.1_12beaacf3527bbe5452b9d2f71ebe9eaf1a78760.jar /home/student/test/Pedometer/app/build/intermediates/exploded-aar/com.android.support/support-v4/23.1.1/jars/classes.jar
Launcher Type: SUN_STANDARD

Environment Variables:
JAVA_TOOL_OPTIONS=-javaagent:/usr/share/java/jayatanaag.jar 
PATH=/home/student/.linuxbrew/bin:/usr/local/sbin:/usr/local/bin:/usr/sbin:/usr/bin:/sbin:/bin:/usr/games:/usr/local/games:/etc/android-studio/bin/:/home/student/Android/Sdk/platform-tools:/home/student/Android/Sdk/tools
LD_LIBRARY_PATH=/etc/android-studio/bin:
SHELL=/bin/bash
DISPLAY=:0

Signal Handlers:
SIGSEGV: [libjvm.so+0x7f7d00], sa_mask[0]=0x7ffbfeff, sa_flags=0x10000004
SIGBUS: [libjvm.so+0x7f7d00], sa_mask[0]=0x7ffbfeff, sa_flags=0x10000004
SIGFPE: [libjvm.so+0x67a9d0], sa_mask[0]=0x7ffbfeff, sa_flags=0x10000004
SIGPIPE: [libjvm.so+0x67a9d0], sa_mask[0]=0x7ffbfeff, sa_flags=0x10000004
SIGXFSZ: [libjvm.so+0x67a9d0], sa_mask[0]=0x7ffbfeff, sa_flags=0x10000004
SIGILL: [libjvm.so+0x67a9d0], sa_mask[0]=0x7ffbfeff, sa_flags=0x10000004
SIGUSR1: SIG_DFL, sa_mask[0]=0x00000000, sa_flags=0x00000000
SIGUSR2: [libjvm.so+0x67a820], sa_mask[0]=0x00000004, sa_flags=0x10000004
SIGHUP: [libjvm.so+0x67aa80], sa_mask[0]=0x7ffbfeff, sa_flags=0x10000004
SIGINT: [libjvm.so+0x67aa80], sa_mask[0]=0x7ffbfeff, sa_flags=0x10000004
SIGTERM: [libjvm.so+0x67aa80], sa_mask[0]=0x7ffbfeff, sa_flags=0x10000004
SIGQUIT: [libjvm.so+0x67aa80], sa_mask[0]=0x7ffbfeff, sa_flags=0x10000004
SIGTRAP: SIG_DFL, sa_mask[0]=0x00000000, sa_flags=0x00000000


---------------  S Y S T E M  ---------------

OS:Ubuntu 15.04 (vivid)
uname:Linux 3.19.0-18-generic #18-Ubuntu SMP Tue May 19 18:30:59 UTC 2015 i686
libc:glibc 2.21 NPTL 2.21 
rlimit: STACK 8192k, CORE 0k, NPROC 32177, NOFILE 65536, AS infinity
load average:4.31 1.17 0.64

/proc/meminfo:
MemTotal:        4139540 kB
MemFree:          229740 kB
MemAvailable:     161036 kB
Buffers:            7672 kB
Cached:            43252 kB
SwapCached:            0 kB
Active:          3598308 kB
Inactive:          33844 kB
Active(anon):    3582880 kB
Inactive(anon):    19468 kB
Active(file):      15428 kB
Inactive(file):    14376 kB
Unevictable:          32 kB
Mlocked:              32 kB
HighTotal:       3280776 kB
HighFree:          41148 kB
LowTotal:         858764 kB
LowFree:          188592 kB
SwapTotal:             0 kB
SwapFree:              0 kB
Dirty:              1088 kB
Writeback:             0 kB
AnonPages:       3581908 kB
Mapped:            39752 kB
Shmem:             20552 kB
Slab:              45796 kB
SReclaimable:      22104 kB
SUnreclaim:        23692 kB
KernelStack:        5160 kB
PageTables:        14768 kB
NFS_Unstable:          0 kB
Bounce:                0 kB
WritebackTmp:          0 kB
CommitLimit:     2069768 kB
Committed_AS:    6401308 kB
VmallocTotal:     122880 kB
VmallocUsed:       23056 kB
VmallocChunk:      82740 kB
AnonHugePages:   2803712 kB
CmaTotal:              0 kB
CmaFree:               0 kB
HugePages_Total:       0
HugePages_Free:        0
HugePages_Rsvd:        0
HugePages_Surp:        0
Hugepagesize:       2048 kB
DirectMap4k:       36856 kB
DirectMap2M:      876544 kB


CPU:total 4 (1 cores per cpu, 1 threads per core) family 6 model 58 stepping 9, cmov, cx8, fxsr, mmx, sse, sse2, sse3, ssse3, sse4.1, sse4.2, popcnt, avx, aes, erms, tsc, tscinvbit, tscinv

/proc/cpuinfo:
processor	: 0
vendor_id	: GenuineIntel
cpu family	: 6
model		: 58
model name	: Intel(R) Core(TM) i5-3210M CPU @ 2.50GHz
stepping	: 9
microcode	: 0x15
cpu MHz		: 2494.111
cache size	: 3072 KB
physical id	: 0
siblings	: 1
core id		: 0
cpu cores	: 1
apicid		: 0
initial apicid	: 0
fdiv_bug	: no
f00f_bug	: no
coma_bug	: no
fpu		: yes
fpu_exception	: yes
cpuid level	: 13
wp		: yes
flags		: fpu vme de pse tsc msr pae mce cx8 apic sep mtrr pge mca cmov pat pse36 clflush dts mmx fxsr sse sse2 ss nx rdtscp lm constant_tsc arch_perfmon pebs bts xtopology tsc_reliable nonstop_tsc aperfmperf pni pclmulqdq ssse3 cx16 pcid sse4_1 sse4_2 x2apic popcnt tsc_deadline_timer aes xsave avx f16c rdrand hypervisor lahf_lm ida arat epb pln pts dtherm fsgsbase tsc_adjust smep
bugs		:
bogomips	: 4988.22
clflush size	: 64
cache_alignment	: 64
address sizes	: 42 bits physical, 48 bits virtual
power management:

processor	: 1
vendor_id	: GenuineIntel
cpu family	: 6
model		: 58
model name	: Intel(R) Core(TM) i5-3210M CPU @ 2.50GHz
stepping	: 9
microcode	: 0x15
cpu MHz		: 2494.111
cache size	: 3072 KB
physical id	: 2
siblings	: 1
core id		: 0
cpu cores	: 1
apicid		: 2
initial apicid	: 2
fdiv_bug	: no
f00f_bug	: no
coma_bug	: no
fpu		: yes
fpu_exception	: yes
cpuid level	: 13
wp		: yes
flags		: fpu vme de pse tsc msr pae mce cx8 apic sep mtrr pge mca cmov pat pse36 clflush dts mmx fxsr sse sse2 ss nx rdtscp lm constant_tsc arch_perfmon pebs bts xtopology tsc_reliable nonstop_tsc aperfmperf pni pclmulqdq ssse3 cx16 pcid sse4_1 sse4_2 x2apic popcnt tsc_deadline_timer aes xsave avx f16c rdrand hypervisor lahf_lm ida arat epb pln pts dtherm fsgsbase tsc_adjust smep
bugs		:
bogomips	: 4988.22
clflush size	: 64
cache_alignment	: 64
address sizes	: 42 bits physical, 48 bits virtual
power management:

processor	: 2
vendor_id	: GenuineIntel
cpu family	: 6
model		: 58
model name	: Intel(R) Core(TM) i5-3210M CPU @ 2.50GHz
stepping	: 9
microcode	: 0x15
cpu MHz		: 2494.111
cache size	: 3072 KB
physical id	: 4
siblings	: 1
core id		: 0
cpu cores	: 1
apicid		: 4
initial apicid	: 4
fdiv_bug	: no
f00f_bug	: no
coma_bug	: no
fpu		: yes
fpu_exception	: yes
cpuid level	: 13
wp		: yes
flags		: fpu vme de pse tsc msr pae mce cx8 apic sep mtrr pge mca cmov pat pse36 clflush dts mmx fxsr sse sse2 ss nx rdtscp lm constant_tsc arch_perfmon pebs bts xtopology tsc_reliable nonstop_tsc aperfmperf pni pclmulqdq ssse3 cx16 pcid sse4_1 sse4_2 x2apic popcnt tsc_deadline_timer aes xsave avx f16c rdrand hypervisor lahf_lm ida arat epb pln pts dtherm fsgsbase tsc_adjust smep
bugs		:
bogomips	: 4988.22
clflush size	: 64
cache_alignment	: 64
address sizes	: 42 bits physical, 48 bits virtual
power management:

processor	: 3
vendor_id	: GenuineIntel
cpu family	: 6
model		: 58
model name	: Intel(R) Core(TM) i5-3210M CPU @ 2.50GHz
stepping	: 9
microcode	: 0x15
cpu MHz		: 2494.111
cache size	: 3072 KB
physical id	: 6
siblings	: 1
core id		: 0
cpu cores	: 1
apicid		: 6
initial apicid	: 6
fdiv_bug	: no
f00f_bug	: no
coma_bug	: no
fpu		: yes
fpu_exception	: yes
cpuid level	: 13
wp		: yes
flags		: fpu vme de pse tsc msr pae mce cx8 apic sep mtrr pge mca cmov pat pse36 clflush dts mmx fxsr sse sse2 ss nx rdtscp lm constant_tsc arch_perfmon pebs bts xtopology tsc_reliable nonstop_tsc aperfmperf pni pclmulqdq ssse3 cx16 pcid sse4_1 sse4_2 x2apic popcnt tsc_deadline_timer aes xsave avx f16c rdrand hypervisor lahf_lm ida arat epb pln pts dtherm fsgsbase tsc_adjust smep
bugs		:
bogomips	: 4988.22
clflush size	: 64
cache_alignment	: 64
address sizes	: 42 bits physical, 48 bits virtual
power management:



Memory: 4k page, physical 4139540k(229740k free), swap 0k(0k free)

vm_info: OpenJDK Server VM (24.91-b01) for linux-x86 JRE (1.7.0_91-b02), built on Nov 19 2015 06:25:06 by "buildd" with gcc 4.9.2

time: Sun May  1 02:54:37 2016
elapsed time: 13 seconds

