#
# There is insufficient memory for the Java Runtime Environment to continue.
# Native memory allocation (malloc) failed to allocate 17039360 bytes for committing reserved memory.
# Possible reasons:
#   The system is out of physical RAM or swap space
#   In 32 bit mode, the process size limit was hit
# Possible solutions:
#   Reduce memory load on the system
#   Increase physical memory or swap space
#   Check if swap backing store is full
#   Use 64 bit Java on a 64 bit OS
#   Decrease Java heap size (-Xmx/-Xms)
#   Decrease number of Java threads
#   Decrease Java thread stack sizes (-Xss)
#   Set larger code cache with -XX:ReservedCodeCacheSize=
# This output file may be truncated or incomplete.
#
#  Out of Memory Error (os_linux.cpp:2827), pid=8954, tid=1740430144
#
# JRE version: OpenJDK Runtime Environment (7.0_91-b02) (build 1.7.0_91-b02)
# Java VM: OpenJDK Server VM (24.91-b01 mixed mode linux-x86 )
# Derivative: IcedTea 2.6.3
# Distribution: Ubuntu 15.04, package 7u91-2.6.3-0ubuntu0.15.04.1
# Failed to write core dump. Core dumps have been disabled. To enable core dumping, try "ulimit -c unlimited" before starting Java again
#

---------------  T H R E A D  ---------------

Current thread (0x67a81000):  VMThread [stack: 0x67b4d000,0x67bce000] [id=8996]

Stack: [0x67b4d000,0x67bce000]
VM_Operation (0x66fadb5c): ParallelGCFailedAllocation, mode: safepoint, requested by thread 0x67031400


---------------  P R O C E S S  ---------------

Java Threads: ( => current thread )
  0x67032400 JavaThread "pool-1-thread-4" [_thread_blocked, id=9032, stack(0x66f0d000,0x66f5e000)]
  0x67031400 JavaThread "pool-1-thread-3" [_thread_blocked, id=9031, stack(0x66f5e000,0x66faf000)]
  0x6702f000 JavaThread "pool-1-thread-2" [_thread_blocked, id=9030, stack(0x66faf000,0x67000000)]
  0x6702d800 JavaThread "pool-2-thread-1" [_thread_blocked, id=9029, stack(0x6713f000,0x67190000)]
  0x6702cc00 JavaThread "pool-1-thread-1" [_thread_blocked, id=9028, stack(0x67190000,0x671e1000)]
  0x67aee800 JavaThread "Service Thread" daemon [_thread_blocked, id=9023, stack(0x67262000,0x672b3000)]
  0x67aec800 JavaThread "C2 CompilerThread1" daemon [_thread_blocked, id=9016, stack(0x672b3000,0x67334000)]
  0x67aeb400 JavaThread "C2 CompilerThread0" daemon [_thread_blocked, id=9015, stack(0x67334000,0x673b5000)]
  0x67a98400 JavaThread "Signal Dispatcher" daemon [_thread_blocked, id=9011, stack(0x6790d000,0x6795e000)]
  0x67a85400 JavaThread "Finalizer" daemon [_thread_blocked, id=9004, stack(0x6795e000,0x679af000)]
  0x67a83c00 JavaThread "Reference Handler" daemon [_thread_blocked, id=9001, stack(0x679af000,0x67a00000)]
  0xb6208400 JavaThread "main" [_thread_blocked, id=8976, stack(0xb6388000,0xb63d9000)]

Other Threads:
=>0x67a81000 VMThread [stack: 0x67b4d000,0x67bce000] [id=8996]
  0x67af0400 WatcherThread [stack: 0x671e1000,0x67262000] [id=9024]

VM state:at safepoint (normal execution)

VM Mutex/Monitor currently owned by a thread:  ([mutex/lock_event])
[0xb6205d50] Threads_lock - owner thread: 0x67a81000
[0xb6206160] Heap_lock - owner thread: 0x67031400
[0xb6206640] MethodData_lock - owner thread: 0x6702f000

Heap
 PSYoungGen      total 19200K, used 2557K [0x9db80000, 0x9f0c0000, 0xb3100000)
  eden space 16640K, 0% used [0x9db80000,0x9db80000,0x9ebc0000)
  from space 2560K, 99% used [0x9ebc0000,0x9ee3f4f8,0x9ee40000)
  to   space 2560K, 0% used [0x9ee40000,0x9ee40000,0x9f0c0000)
 ParOldGen       total 43008K, used 1760K [0x73100000, 0x75b00000, 0x9db80000)
  object space 43008K, 4% used [0x73100000,0x732b8258,0x75b00000)
 PSPermGen       total 16384K, used 3719K [0x6b100000, 0x6c100000, 0x73100000)
  object space 16384K, 22% used [0x6b100000,0x6b4a1f38,0x6c100000)

Card table byte_map: [0x6aebf000,0x6b100000] byte_map_base: 0x6ab66800

Polling page: 0xb770f000

Code Cache  [0xb31f2000, 0xb3432000, 0xb61f2000)
 total_blobs=218 nmethods=99 adapters=72 free_code_cache=48745Kb largest_free_block=49887232

Compilation events (10 events):
Event: 3.111 Thread 0x67aeb400 nmethod 96 0xb3258188 code [0xb3258280, 0xb3258330]
Event: 3.111 Thread 0x67aeb400   97             com.android.dx.cf.code.LineNumberList$Item::getStartPc (5 bytes)
Event: 3.111 Thread 0x67aeb400 nmethod 97 0xb3258008 code [0xb32580e0, 0xb3258130]
Event: 3.118 Thread 0x67aec800 nmethod 95 0xb3259708 code [0xb3259800, 0xb3259a30]
Event: 3.129 Thread 0x67aeb400   98             com.android.dx.rop.code.InsnList::get (9 bytes)
Event: 3.136 Thread 0x67aeb400 nmethod 98 0xb3259448 code [0xb3259540, 0xb32595f0]
Event: 3.186 Thread 0x67aec800   99             com.android.dx.ssa.SsaRenamer$BlockRenamer::addMapping (143 bytes)
Event: 3.189 Thread 0x67aeb400  100   !         com.android.dx.cf.cst.ConstantPoolParser::parse0 (731 bytes)
Event: 3.199 Thread 0x67aec800 nmethod 99 0xb3258908 code [0xb3258a40, 0xb3258f3c]
Event: 3.200 Thread 0x67aec800  101             com.android.dx.rop.cst.StdConstantPool::set (123 bytes)

GC Heap History (1 events):
Event: 3.295 GC heap before
{Heap before GC invocations=1 (full 0):
 PSYoungGen      total 19200K, used 16640K [0x9db80000, 0x9f0c0000, 0xb3100000)
  eden space 16640K, 100% used [0x9db80000,0x9ebc0000,0x9ebc0000)
  from space 2560K, 0% used [0x9ee40000,0x9ee40000,0x9f0c0000)
  to   space 2560K, 0% used [0x9ebc0000,0x9ebc0000,0x9ee40000)
 ParOldGen       total 43008K, used 0K [0x73100000, 0x75b00000, 0x9db80000)
  object space 43008K, 0% used [0x73100000,0x73100000,0x75b00000)
 PSPermGen       total 16384K, used 3719K [0x6b100000, 0x6c100000, 0x73100000)
  object space 16384K, 22% used [0x6b100000,0x6b4a1f38,0x6c100000)

Deoptimization events (10 events):
Event: 2.334 Thread 0xb6208400 Uncommon trap: reason=unstable_if action=reinterpret pc=0xb3242a04 method=com.android.dx.rop.cst.CstFieldRef.compareTo0(Lcom/android/dx/rop/cst/Constant;)I @ 7
Event: 2.829 Thread 0xb6208400 Uncommon trap: reason=unstable_if action=reinterpret pc=0xb3240ecc method=java.lang.String.equals(Ljava/lang/Object;)Z @ 66
Event: 2.869 Thread 0xb6208400 Uncommon trap: reason=bimorphic action=maybe_recompile pc=0xb324bcc8 method=java.util.HashMap.getEntry(Ljava/lang/Object;)Ljava/util/HashMap$Entry; @ 68
Event: 2.913 Thread 0xb6208400 Uncommon trap: reason=bimorphic action=maybe_recompile pc=0xb324bcc8 method=java.util.HashMap.getEntry(Ljava/lang/Object;)Ljava/util/HashMap$Entry; @ 68
Event: 2.990 Thread 0x6702f000 Uncommon trap: reason=unstable_if action=reinterpret pc=0xb3255cd8 method=com.android.dx.rop.code.RopMethod.calcPredecessors()V @ 115
Event: 3.012 Thread 0x6702f000 Uncommon trap: reason=bimorphic action=maybe_recompile pc=0xb324bcc8 method=java.util.HashMap.getEntry(Ljava/lang/Object;)Ljava/util/HashMap$Entry; @ 68
Event: 3.022 Thread 0x6702f000 Uncommon trap: reason=class_check action=maybe_recompile pc=0xb325387c method=com.android.dx.ssa.SsaBasicBlock.forEachInsn(Lcom/android/dx/ssa/SsaInsn$Visitor;)V @ 23
Event: 3.023 Thread 0x6702f000 Uncommon trap: reason=class_check action=maybe_recompile pc=0xb325387c method=com.android.dx.ssa.SsaBasicBlock.forEachInsn(Lcom/android/dx/ssa/SsaInsn$Visitor;)V @ 23
Event: 3.023 Thread 0x6702f000 Uncommon trap: reason=class_check action=maybe_recompile pc=0xb325387c method=com.android.dx.ssa.SsaBasicBlock.forEachInsn(Lcom/android/dx/ssa/SsaInsn$Visitor;)V @ 23
Event: 3.023 Thread 0x6702f000 Uncommon trap: reason=class_check action=maybe_recompile pc=0xb325387c method=com.android.dx.ssa.SsaBasicBlock.forEachInsn(Lcom/android/dx/ssa/SsaInsn$Visitor;)V @ 23

Internal exceptions (10 events):
Event: 1.803 Thread 0xb6208400 Threw 0x9e684768 at /build/openjdk-7-PdBaKN/openjdk-7-7u91-2.6.3/build/openjdk/hotspot/src/share/vm/prims/jvm.cpp:1322
Event: 1.818 Thread 0xb6208400 Threw 0x9e6926c0 at /build/openjdk-7-PdBaKN/openjdk-7-7u91-2.6.3/build/openjdk/hotspot/src/share/vm/prims/jvm.cpp:1322
Event: 1.819 Thread 0xb6208400 Threw 0x9e699650 at /build/openjdk-7-PdBaKN/openjdk-7-7u91-2.6.3/build/openjdk/hotspot/src/share/vm/prims/jvm.cpp:1322
Event: 1.820 Thread 0xb6208400 Threw 0x9e69d5d8 at /build/openjdk-7-PdBaKN/openjdk-7-7u91-2.6.3/build/openjdk/hotspot/src/share/vm/prims/jvm.cpp:1322
Event: 1.845 Thread 0xb6208400 Threw 0x9e6a6940 at /build/openjdk-7-PdBaKN/openjdk-7-7u91-2.6.3/build/openjdk/hotspot/src/share/vm/prims/jvm.cpp:1322
Event: 2.865 Thread 0xb6208400 Threw 0x9ea2b6d0 at /build/openjdk-7-PdBaKN/openjdk-7-7u91-2.6.3/build/openjdk/hotspot/src/share/vm/prims/jvm.cpp:1322
Event: 2.908 Thread 0xb6208400 Threw 0x9ea31c98 at /build/openjdk-7-PdBaKN/openjdk-7-7u91-2.6.3/build/openjdk/hotspot/src/share/vm/prims/jvm.cpp:1322
Event: 3.000 Thread 0x6702f000 Threw 0x9eaa8c80 at /build/openjdk-7-PdBaKN/openjdk-7-7u91-2.6.3/build/openjdk/hotspot/src/share/vm/prims/jvm.cpp:1322
Event: 3.026 Thread 0x6702f000 Threw 0x9eaafce0 at /build/openjdk-7-PdBaKN/openjdk-7-7u91-2.6.3/build/openjdk/hotspot/src/share/vm/prims/jvm.cpp:1322
Event: 3.210 Thread 0x6702f000 Implicit null exception at 0xb3258bd9 to 0xb3258e7d

Events (10 events):
Event: 3.023 Thread 0x6702f000 Uncommon trap: trap_request=0xffffffde fr.pc=0xb325387c
Event: 3.023 Thread 0x6702f000 DEOPT PACKING pc=0xb325387c sp=0x66ffeaa0
Event: 3.023 Thread 0x6702f000 DEOPT UNPACKING pc=0xb321ebc8 sp=0x66ffea9c mode 2
Event: 3.023 Thread 0x6702f000 Uncommon trap: trap_request=0xffffffde fr.pc=0xb325387c
Event: 3.023 Thread 0x6702f000 DEOPT PACKING pc=0xb325387c sp=0x66ffea70
Event: 3.023 Thread 0x6702f000 DEOPT UNPACKING pc=0xb321ebc8 sp=0x66ffea6c mode 2
Event: 3.025 loading class 0x09898e70
Event: 3.025 loading class 0x09898e70 done
Event: 3.209 Executing VM operation: ParallelGCFailedAllocation
Event: 3.210 Thread 0x6702f000 Uncommon trap: trap_request=0xfffffff4 fr.pc=0xb3258e90


Dynamic libraries:
08048000-08049000 r-xp 00000000 08:01 804961     /usr/lib/jvm/java-7-openjdk-i386/jre/bin/java
08049000-0804a000 r--p 00000000 08:01 804961     /usr/lib/jvm/java-7-openjdk-i386/jre/bin/java
0804a000-0804b000 rw-p 00001000 08:01 804961     /usr/lib/jvm/java-7-openjdk-i386/jre/bin/java
0988c000-098ad000 rw-p 00000000 00:00 0          [heap]
66e00000-66e54000 rw-p 00000000 00:00 0 
66e54000-66f00000 ---p 00000000 00:00 0 
66f0d000-66f10000 ---p 00000000 00:00 0 
66f10000-66f5e000 rw-p 00000000 00:00 0          [stack:9032]
66f5e000-66f61000 ---p 00000000 00:00 0 
66f61000-66faf000 rw-p 00000000 00:00 0          [stack:9031]
66faf000-66fb2000 ---p 00000000 00:00 0 
66fb2000-67000000 rw-p 00000000 00:00 0          [stack:9030]
67000000-6704e000 rw-p 00000000 00:00 0 
6704e000-67100000 ---p 00000000 00:00 0 
6713f000-67142000 ---p 00000000 00:00 0 
67142000-67190000 rw-p 00000000 00:00 0          [stack:9029]
67190000-67193000 ---p 00000000 00:00 0 
67193000-671e1000 rw-p 00000000 00:00 0          [stack:9028]
671e1000-671e2000 ---p 00000000 00:00 0 
671e2000-67262000 rw-p 00000000 00:00 0          [stack:9024]
67262000-67265000 ---p 00000000 00:00 0 
67265000-672b3000 rw-p 00000000 00:00 0          [stack:9023]
672b3000-672b6000 ---p 00000000 00:00 0 
672b6000-67334000 rw-p 00000000 00:00 0          [stack:9016]
67334000-67337000 ---p 00000000 00:00 0 
67337000-673b5000 rw-p 00000000 00:00 0          [stack:9015]
673b5000-674fc000 r-xp 00000000 08:01 136931     /usr/lib/i386-linux-gnu/libX11.so.6.3.0
674fc000-674fd000 r--p 00146000 08:01 136931     /usr/lib/i386-linux-gnu/libX11.so.6.3.0
674fd000-674ff000 rw-p 00147000 08:01 136931     /usr/lib/i386-linux-gnu/libX11.so.6.3.0
674ff000-67500000 rw-p 00000000 00:00 0 
67500000-67700000 r--p 00000000 08:01 143362     /usr/lib/locale/locale-archive
67700000-67721000 rw-p 00000000 00:00 0 
67721000-67800000 ---p 00000000 00:00 0 
67800000-678fa000 rw-p 00000000 00:00 0 
678fa000-67900000 ---p 00000000 00:00 0 
6790d000-67910000 ---p 00000000 00:00 0 
67910000-6795e000 rw-p 00000000 00:00 0          [stack:9011]
6795e000-67961000 ---p 00000000 00:00 0 
67961000-679af000 rw-p 00000000 00:00 0          [stack:9004]
679af000-679b2000 ---p 00000000 00:00 0 
679b2000-67a00000 rw-p 00000000 00:00 0          [stack:9001]
67a00000-67b00000 rw-p 00000000 00:00 0 
67b4d000-67b4e000 ---p 00000000 00:00 0 
67b4e000-67bce000 rw-p 00000000 00:00 0          [stack:8996]
67bce000-67d80000 r--s 01d2e000 08:01 804984     /usr/lib/jvm/java-7-openjdk-i386/jre/lib/rt.jar
67d80000-6a600000 rw-p 00000000 00:00 0 
6a600000-6a684000 rw-p 00000000 00:00 0 
6a684000-6a700000 ---p 00000000 00:00 0 
6a72f000-6a734000 r-xp 00000000 08:01 136946     /usr/lib/i386-linux-gnu/libXdmcp.so.6.0.0
6a734000-6a735000 r--p 00004000 08:01 136946     /usr/lib/i386-linux-gnu/libXdmcp.so.6.0.0
6a735000-6a736000 rw-p 00005000 08:01 136946     /usr/lib/i386-linux-gnu/libXdmcp.so.6.0.0
6a736000-6a77f000 rw-p 00000000 00:00 0 
6a77f000-6a780000 ---p 00000000 00:00 0 
6a780000-6a800000 rw-p 00000000 00:00 0          [stack:8995]
6a800000-6a821000 rw-p 00000000 00:00 0 
6a821000-6a900000 ---p 00000000 00:00 0 
6a900000-6a921000 rw-p 00000000 00:00 0 
6a921000-6aa00000 ---p 00000000 00:00 0 
6aa02000-6aa22000 r-xp 00000000 08:01 138125     /usr/lib/i386-linux-gnu/libxcb.so.1.1.0
6aa22000-6aa23000 r--p 0001f000 08:01 138125     /usr/lib/i386-linux-gnu/libxcb.so.1.1.0
6aa23000-6aa24000 rw-p 00020000 08:01 138125     /usr/lib/i386-linux-gnu/libxcb.so.1.1.0
6aa24000-6aa7f000 rw-p 00000000 00:00 0 
6aa7f000-6aa80000 ---p 00000000 00:00 0 
6aa80000-6ab00000 rw-p 00000000 00:00 0          [stack:8990]
6ab00000-6ab21000 rw-p 00000000 00:00 0 
6ab21000-6ac00000 ---p 00000000 00:00 0 
6ac18000-6ac27000 r--s 000df000 08:01 1068117    /home/student/Android/Sdk/build-tools/23.0.2/lib/dx.jar
6ac27000-6ac28000 ---p 00000000 00:00 0 
6ac28000-6aca8000 rw-p 00000000 00:00 0          [stack:8985]
6aca8000-6aca9000 ---p 00000000 00:00 0 
6aca9000-6ad31000 rw-p 00000000 00:00 0          [stack:8982]
6ad31000-6ad69000 rw-p 00000000 00:00 0 
6ad69000-6ad7e000 rw-p 00000000 00:00 0 
6ad7e000-6aebf000 rw-p 00000000 00:00 0 
6aebf000-6aec7000 rw-p 00000000 00:00 0 
6aec7000-6aeff000 rw-p 00000000 00:00 0 
6aeff000-6af14000 rw-p 00000000 00:00 0 
6af14000-6b054000 rw-p 00000000 00:00 0 
6b054000-6b05f000 rw-p 00000000 00:00 0 
6b05f000-6b0ff000 rw-p 00000000 00:00 0 
6b0ff000-6c100000 rw-p 00000000 00:00 0 
6c100000-73100000 rw-p 00000000 00:00 0 
73100000-75b00000 rw-p 00000000 00:00 0 
75b00000-9db80000 rw-p 00000000 00:00 0 
9db80000-9f0c0000 rw-p 00000000 00:00 0 
a0100000-b3100000 rw-p 00000000 00:00 0 
b3103000-b3105000 r-xp 00000000 08:01 136935     /usr/lib/i386-linux-gnu/libXau.so.6.0.0
b3105000-b3106000 r--p 00001000 08:01 136935     /usr/lib/i386-linux-gnu/libXau.so.6.0.0
b3106000-b3107000 rw-p 00002000 08:01 136935     /usr/lib/i386-linux-gnu/libXau.so.6.0.0
b3107000-b3109000 r-xp 00000000 08:01 141618     /usr/lib/jayatana/libjayatanaag.so
b3109000-b310a000 r--p 00001000 08:01 141618     /usr/lib/jayatana/libjayatanaag.so
b310a000-b310b000 rw-p 00002000 08:01 141618     /usr/lib/jayatana/libjayatanaag.so
b310b000-b310f000 r--s 00085000 08:01 804976     /usr/lib/jvm/java-7-openjdk-i386/jre/lib/ext/localedata.jar
b310f000-b3113000 r--s 00034000 08:01 804978     /usr/lib/jvm/java-7-openjdk-i386/jre/lib/ext/sunjce_provider.jar
b3113000-b3117000 r--s 0003c000 08:01 804979     /usr/lib/jvm/java-7-openjdk-i386/jre/lib/ext/sunpkcs11.jar
b3117000-b313b000 rw-p 00000000 00:00 0 
b313b000-b31f2000 rw-p 00000000 00:00 0 
b31f2000-b3432000 rwxp 00000000 00:00 0 
b3432000-b61f2000 rw-p 00000000 00:00 0 
b61f2000-b61fe000 r-xp 00000000 08:01 394626     /lib/i386-linux-gnu/libnss_files-2.21.so
b61fe000-b61ff000 r--p 0000b000 08:01 394626     /lib/i386-linux-gnu/libnss_files-2.21.so
b61ff000-b6200000 rw-p 0000c000 08:01 394626     /lib/i386-linux-gnu/libnss_files-2.21.so
b6200000-b6300000 rw-p 00000000 00:00 0 
b6301000-b6302000 r--s 00000000 08:01 414147     /usr/share/java/jayatanaag.jar
b6302000-b630d000 r-xp 00000000 08:01 394636     /lib/i386-linux-gnu/libnss_nis-2.21.so
b630d000-b630e000 r--p 0000a000 08:01 394636     /lib/i386-linux-gnu/libnss_nis-2.21.so
b630e000-b630f000 rw-p 0000b000 08:01 394636     /lib/i386-linux-gnu/libnss_nis-2.21.so
b630f000-b6326000 r-xp 00000000 08:01 394620     /lib/i386-linux-gnu/libnsl-2.21.so
b6326000-b6327000 r--p 00016000 08:01 394620     /lib/i386-linux-gnu/libnsl-2.21.so
b6327000-b6328000 rw-p 00017000 08:01 394620     /lib/i386-linux-gnu/libnsl-2.21.so
b6328000-b632a000 rw-p 00000000 00:00 0 
b632a000-b6332000 r-xp 00000000 08:01 394622     /lib/i386-linux-gnu/libnss_compat-2.21.so
b6332000-b6333000 r--p 00007000 08:01 394622     /lib/i386-linux-gnu/libnss_compat-2.21.so
b6333000-b6334000 rw-p 00008000 08:01 394622     /lib/i386-linux-gnu/libnss_compat-2.21.so
b6334000-b6337000 r--s 0000f000 08:01 804977     /usr/lib/jvm/java-7-openjdk-i386/jre/lib/ext/icedtea-sound.jar
b6337000-b6339000 r--s 00012000 08:01 804975     /usr/lib/jvm/java-7-openjdk-i386/jre/lib/ext/zipfs.jar
b6339000-b6341000 r-xp 00000000 08:01 804995     /usr/lib/jvm/java-7-openjdk-i386/jre/lib/i386/libzip.so
b6341000-b6342000 r--p 00007000 08:01 804995     /usr/lib/jvm/java-7-openjdk-i386/jre/lib/i386/libzip.so
b6342000-b6343000 rw-p 00008000 08:01 804995     /usr/lib/jvm/java-7-openjdk-i386/jre/lib/i386/libzip.so
b6343000-b634b000 rw-s 00000000 08:01 429077     /tmp/hsperfdata_student/8954
b634b000-b6355000 r-xp 00000000 08:01 805017     /usr/lib/jvm/java-7-openjdk-i386/jre/lib/i386/libinstrument.so
b6355000-b6356000 r--p 00009000 08:01 805017     /usr/lib/jvm/java-7-openjdk-i386/jre/lib/i386/libinstrument.so
b6356000-b6357000 rw-p 0000a000 08:01 805017     /usr/lib/jvm/java-7-openjdk-i386/jre/lib/i386/libinstrument.so
b6357000-b637d000 r-xp 00000000 08:01 805003     /usr/lib/jvm/java-7-openjdk-i386/jre/lib/i386/libjava.so
b637d000-b637e000 r--p 00025000 08:01 805003     /usr/lib/jvm/java-7-openjdk-i386/jre/lib/i386/libjava.so
b637e000-b637f000 rw-p 00026000 08:01 805003     /usr/lib/jvm/java-7-openjdk-i386/jre/lib/i386/libjava.so
b637f000-b6386000 r-xp 00000000 08:01 394681     /lib/i386-linux-gnu/librt-2.21.so
b6386000-b6387000 r--p 00006000 08:01 394681     /lib/i386-linux-gnu/librt-2.21.so
b6387000-b6388000 rw-p 00007000 08:01 394681     /lib/i386-linux-gnu/librt-2.21.so
b6388000-b638b000 ---p 00000000 00:00 0 
b638b000-b63d9000 rw-p 00000000 00:00 0          [stack:8976]
b63d9000-b63f5000 r-xp 00000000 08:01 394569     /lib/i386-linux-gnu/libgcc_s.so.1
b63f5000-b63f6000 rw-p 0001b000 08:01 394569     /lib/i386-linux-gnu/libgcc_s.so.1
b63f6000-b6441000 r-xp 00000000 08:01 394599     /lib/i386-linux-gnu/libm-2.21.so
b6441000-b6442000 r--p 0004a000 08:01 394599     /lib/i386-linux-gnu/libm-2.21.so
b6442000-b6443000 rw-p 0004b000 08:01 394599     /lib/i386-linux-gnu/libm-2.21.so
b6443000-b652c000 r-xp 00000000 08:01 137921     /usr/lib/i386-linux-gnu/libstdc++.so.6.0.20
b652c000-b6530000 r--p 000e9000 08:01 137921     /usr/lib/i386-linux-gnu/libstdc++.so.6.0.20
b6530000-b6531000 rw-p 000ed000 08:01 137921     /usr/lib/i386-linux-gnu/libstdc++.so.6.0.20
b6531000-b6538000 rw-p 00000000 00:00 0 
b6538000-b708b000 r-xp 00000000 08:01 805013     /usr/lib/jvm/java-7-openjdk-i386/jre/lib/i386/server/libjvm.so
b708b000-b70df000 r--p 00b52000 08:01 805013     /usr/lib/jvm/java-7-openjdk-i386/jre/lib/i386/server/libjvm.so
b70df000-b70f3000 rw-p 00ba6000 08:01 805013     /usr/lib/jvm/java-7-openjdk-i386/jre/lib/i386/server/libjvm.so
b70f3000-b7512000 rw-p 00000000 00:00 0 
b7512000-b752b000 r-xp 00000000 08:01 394714     /lib/i386-linux-gnu/libz.so.1.2.8
b752b000-b752c000 r--p 00019000 08:01 394714     /lib/i386-linux-gnu/libz.so.1.2.8
b752c000-b752d000 rw-p 0001a000 08:01 394714     /lib/i386-linux-gnu/libz.so.1.2.8
b752d000-b7546000 r-xp 00000000 08:01 394673     /lib/i386-linux-gnu/libpthread-2.21.so
b7546000-b7547000 r--p 00018000 08:01 394673     /lib/i386-linux-gnu/libpthread-2.21.so
b7547000-b7548000 rw-p 00019000 08:01 394673     /lib/i386-linux-gnu/libpthread-2.21.so
b7548000-b754a000 rw-p 00000000 00:00 0 
b754a000-b754d000 r-xp 00000000 08:01 394557     /lib/i386-linux-gnu/libdl-2.21.so
b754d000-b754e000 r--p 00002000 08:01 394557     /lib/i386-linux-gnu/libdl-2.21.so
b754e000-b754f000 rw-p 00003000 08:01 394557     /lib/i386-linux-gnu/libdl-2.21.so
b754f000-b7703000 r-xp 00000000 08:01 394540     /lib/i386-linux-gnu/libc-2.21.so
b7703000-b7706000 r--p 001b3000 08:01 394540     /lib/i386-linux-gnu/libc-2.21.so
b7706000-b7708000 rw-p 001b6000 08:01 394540     /lib/i386-linux-gnu/libc-2.21.so
b7708000-b770a000 rw-p 00000000 00:00 0 
b770a000-b770b000 r--s 00002000 08:01 804980     /usr/lib/jvm/java-7-openjdk-i386/jre/lib/ext/dnsns.jar
b770b000-b770d000 r--s 00006000 08:01 399091     /usr/share/java/java-atk-wrapper.jar
b770d000-b770e000 r--p 005e0000 08:01 143362     /usr/lib/locale/locale-archive
b770e000-b770f000 rw-p 00000000 00:00 0 
b770f000-b7710000 ---p 00000000 00:00 0 
b7710000-b771e000 r-xp 00000000 08:01 805022     /usr/lib/jvm/java-7-openjdk-i386/jre/lib/i386/libverify.so
b771e000-b7720000 r--p 0000d000 08:01 805022     /usr/lib/jvm/java-7-openjdk-i386/jre/lib/i386/libverify.so
b7720000-b7721000 rw-p 0000f000 08:01 805022     /usr/lib/jvm/java-7-openjdk-i386/jre/lib/i386/libverify.so
b7721000-b772d000 r-xp 00000000 08:01 805024     /usr/lib/jvm/java-7-openjdk-i386/jre/lib/i386/jli/libjli.so
b772d000-b772e000 r--p 0000b000 08:01 805024     /usr/lib/jvm/java-7-openjdk-i386/jre/lib/i386/jli/libjli.so
b772e000-b772f000 rw-p 0000c000 08:01 805024     /usr/lib/jvm/java-7-openjdk-i386/jre/lib/i386/jli/libjli.so
b772f000-b7732000 rw-p 00000000 00:00 0 
b7732000-b7734000 r--p 00000000 00:00 0          [vvar]
b7734000-b7735000 r-xp 00000000 00:00 0          [vdso]
b7735000-b7757000 r-xp 00000000 08:01 394512     /lib/i386-linux-gnu/ld-2.21.so
b7757000-b7758000 r--p 00021000 08:01 394512     /lib/i386-linux-gnu/ld-2.21.so
b7758000-b7759000 rw-p 00022000 08:01 394512     /lib/i386-linux-gnu/ld-2.21.so
bfeb5000-bfeb6000 rwxp 00000000 00:00 0 
bfee8000-bff09000 rw-p 00000000 00:00 0          [stack]

VM Arguments:
jvm_args: -javaagent:/usr/share/java/jayatanaag.jar -Djava.awt.headless=true -Xmx1024M -Dfile.encoding=UTF-8 -Duser.country=US -Duser.language=en -Duser.variant 
java_command: com.android.dx.command.Main --dex --num-threads=4 --output /home/student/test/Pedometer/app/build/intermediates/pre-dexed/debug/debug_b0e53994b397fd47f8b45cd9bb0743ac4f418dc1.jar /home/student/test/Pedometer/app/build/intermediates/classes/debug
Launcher Type: SUN_STANDARD

Environment Variables:
JAVA_TOOL_OPTIONS=-javaagent:/usr/share/java/jayatanaag.jar 
PATH=/home/student/.linuxbrew/bin:/usr/local/sbin:/usr/local/bin:/usr/sbin:/usr/bin:/sbin:/bin:/usr/games:/usr/local/games:/etc/android-studio/bin/:/home/student/Android/Sdk/platform-tools:/home/student/Android/Sdk/tools
LD_LIBRARY_PATH=/etc/android-studio/bin:
SHELL=/bin/bash
DISPLAY=:0

Signal Handlers:
SIGSEGV: [libjvm.so+0x7f7d00], sa_mask[0]=0x7ffbfeff, sa_flags=0x10000004
SIGBUS: [libjvm.so+0x7f7d00], sa_mask[0]=0x7ffbfeff, sa_flags=0x10000004
SIGFPE: [libjvm.so+0x67a9d0], sa_mask[0]=0x7ffbfeff, sa_flags=0x10000004
SIGPIPE: [libjvm.so+0x67a9d0], sa_mask[0]=0x7ffbfeff, sa_flags=0x10000004
SIGXFSZ: [libjvm.so+0x67a9d0], sa_mask[0]=0x7ffbfeff, sa_flags=0x10000004
SIGILL: [libjvm.so+0x67a9d0], sa_mask[0]=0x7ffbfeff, sa_flags=0x10000004
SIGUSR1: SIG_DFL, sa_mask[0]=0x00000000, sa_flags=0x00000000
SIGUSR2: [libjvm.so+0x67a820], sa_mask[0]=0x00000004, sa_flags=0x10000004
SIGHUP: [libjvm.so+0x67aa80], sa_mask[0]=0x7ffbfeff, sa_flags=0x10000004
SIGINT: [libjvm.so+0x67aa80], sa_mask[0]=0x7ffbfeff, sa_flags=0x10000004
SIGTERM: [libjvm.so+0x67aa80], sa_mask[0]=0x7ffbfeff, sa_flags=0x10000004
SIGQUIT: [libjvm.so+0x67aa80], sa_mask[0]=0x7ffbfeff, sa_flags=0x10000004
SIGTRAP: SIG_DFL, sa_mask[0]=0x00000000, sa_flags=0x00000000


---------------  S Y S T E M  ---------------

OS:Ubuntu 15.04 (vivid)
uname:Linux 3.19.0-18-generic #18-Ubuntu SMP Tue May 19 18:30:59 UTC 2015 i686
libc:glibc 2.21 NPTL 2.21 
rlimit: STACK 8192k, CORE 0k, NPROC 32177, NOFILE 65536, AS infinity
load average:1.37 0.89 0.90

/proc/meminfo:
MemTotal:        4139540 kB
MemFree:          243368 kB
MemAvailable:     169204 kB
Buffers:            2632 kB
Cached:            60076 kB
SwapCached:            0 kB
Active:          3518240 kB
Inactive:          48900 kB
Active(anon):    3506460 kB
Inactive(anon):    39460 kB
Active(file):      11780 kB
Inactive(file):     9440 kB
Unevictable:          32 kB
Mlocked:              32 kB
HighTotal:       3280776 kB
HighFree:          50008 kB
LowTotal:         858764 kB
LowFree:          193360 kB
SwapTotal:             0 kB
SwapFree:              0 kB
Dirty:               388 kB
Writeback:             0 kB
AnonPages:       3505396 kB
Mapped:            45072 kB
Shmem:             40556 kB
Slab:              45580 kB
SReclaimable:      19764 kB
SUnreclaim:        25816 kB
KernelStack:        5432 kB
PageTables:        17308 kB
NFS_Unstable:          0 kB
Bounce:                0 kB
WritebackTmp:          0 kB
CommitLimit:     2069768 kB
Committed_AS:    6858616 kB
VmallocTotal:     122880 kB
VmallocUsed:       23364 kB
VmallocChunk:      82740 kB
AnonHugePages:   2764800 kB
CmaTotal:              0 kB
CmaFree:               0 kB
HugePages_Total:       0
HugePages_Free:        0
HugePages_Rsvd:        0
HugePages_Surp:        0
Hugepagesize:       2048 kB
DirectMap4k:       55288 kB
DirectMap2M:      858112 kB


CPU:total 4 (1 cores per cpu, 1 threads per core) family 6 model 58 stepping 9, cmov, cx8, fxsr, mmx, sse, sse2, sse3, ssse3, sse4.1, sse4.2, popcnt, avx, aes, erms, tsc, tscinvbit, tscinv

/proc/cpuinfo:
processor	: 0
vendor_id	: GenuineIntel
cpu family	: 6
model		: 58
model name	: Intel(R) Core(TM) i5-3210M CPU @ 2.50GHz
stepping	: 9
microcode	: 0x15
cpu MHz		: 2494.111
cache size	: 3072 KB
physical id	: 0
siblings	: 1
core id		: 0
cpu cores	: 1
apicid		: 0
initial apicid	: 0
fdiv_bug	: no
f00f_bug	: no
coma_bug	: no
fpu		: yes
fpu_exception	: yes
cpuid level	: 13
wp		: yes
flags		: fpu vme de pse tsc msr pae mce cx8 apic sep mtrr pge mca cmov pat pse36 clflush dts mmx fxsr sse sse2 ss nx rdtscp lm constant_tsc arch_perfmon pebs bts xtopology tsc_reliable nonstop_tsc aperfmperf pni pclmulqdq ssse3 cx16 pcid sse4_1 sse4_2 x2apic popcnt tsc_deadline_timer aes xsave avx f16c rdrand hypervisor lahf_lm ida arat epb pln pts dtherm fsgsbase tsc_adjust smep
bugs		:
bogomips	: 4988.22
clflush size	: 64
cache_alignment	: 64
address sizes	: 42 bits physical, 48 bits virtual
power management:

processor	: 1
vendor_id	: GenuineIntel
cpu family	: 6
model		: 58
model name	: Intel(R) Core(TM) i5-3210M CPU @ 2.50GHz
stepping	: 9
microcode	: 0x15
cpu MHz		: 2494.111
cache size	: 3072 KB
physical id	: 2
siblings	: 1
core id		: 0
cpu cores	: 1
apicid		: 2
initial apicid	: 2
fdiv_bug	: no
f00f_bug	: no
coma_bug	: no
fpu		: yes
fpu_exception	: yes
cpuid level	: 13
wp		: yes
flags		: fpu vme de pse tsc msr pae mce cx8 apic sep mtrr pge mca cmov pat pse36 clflush dts mmx fxsr sse sse2 ss nx rdtscp lm constant_tsc arch_perfmon pebs bts xtopology tsc_reliable nonstop_tsc aperfmperf pni pclmulqdq ssse3 cx16 pcid sse4_1 sse4_2 x2apic popcnt tsc_deadline_timer aes xsave avx f16c rdrand hypervisor lahf_lm ida arat epb pln pts dtherm fsgsbase tsc_adjust smep
bugs		:
bogomips	: 4988.22
clflush size	: 64
cache_alignment	: 64
address sizes	: 42 bits physical, 48 bits virtual
power management:

processor	: 2
vendor_id	: GenuineIntel
cpu family	: 6
model		: 58
model name	: Intel(R) Core(TM) i5-3210M CPU @ 2.50GHz
stepping	: 9
microcode	: 0x15
cpu MHz		: 2494.111
cache size	: 3072 KB
physical id	: 4
siblings	: 1
core id		: 0
cpu cores	: 1
apicid		: 4
initial apicid	: 4
fdiv_bug	: no
f00f_bug	: no
coma_bug	: no
fpu		: yes
fpu_exception	: yes
cpuid level	: 13
wp		: yes
flags		: fpu vme de pse tsc msr pae mce cx8 apic sep mtrr pge mca cmov pat pse36 clflush dts mmx fxsr sse sse2 ss nx rdtscp lm constant_tsc arch_perfmon pebs bts xtopology tsc_reliable nonstop_tsc aperfmperf pni pclmulqdq ssse3 cx16 pcid sse4_1 sse4_2 x2apic popcnt tsc_deadline_timer aes xsave avx f16c rdrand hypervisor lahf_lm ida arat epb pln pts dtherm fsgsbase tsc_adjust smep
bugs		:
bogomips	: 4988.22
clflush size	: 64
cache_alignment	: 64
address sizes	: 42 bits physical, 48 bits virtual
power management:

processor	: 3
vendor_id	: GenuineIntel
cpu family	: 6
model		: 58
model name	: Intel(R) Core(TM) i5-3210M CPU @ 2.50GHz
stepping	: 9
microcode	: 0x15
cpu MHz		: 2494.111
cache size	: 3072 KB
physical id	: 6
siblings	: 1
core id		: 0
cpu cores	: 1
apicid		: 6
initial apicid	: 6
fdiv_bug	: no
f00f_bug	: no
coma_bug	: no
fpu		: yes
fpu_exception	: yes
cpuid level	: 13
wp		: yes
flags		: fpu vme de pse tsc msr pae mce cx8 apic sep mtrr pge mca cmov pat pse36 clflush dts mmx fxsr sse sse2 ss nx rdtscp lm constant_tsc arch_perfmon pebs bts xtopology tsc_reliable nonstop_tsc aperfmperf pni pclmulqdq ssse3 cx16 pcid sse4_1 sse4_2 x2apic popcnt tsc_deadline_timer aes xsave avx f16c rdrand hypervisor lahf_lm ida arat epb pln pts dtherm fsgsbase tsc_adjust smep
bugs		:
bogomips	: 4988.22
clflush size	: 64
cache_alignment	: 64
address sizes	: 42 bits physical, 48 bits virtual
power management:



Memory: 4k page, physical 4139540k(242872k free), swap 0k(0k free)

vm_info: OpenJDK Server VM (24.91-b01) for linux-x86 JRE (1.7.0_91-b02), built on Nov 19 2015 06:25:06 by "buildd" with gcc 4.9.2

time: Sun May  1 03:22:44 2016
elapsed time: 3 seconds

