#
# There is insufficient memory for the Java Runtime Environment to continue.
# Native memory allocation (malloc) failed to allocate 17039360 bytes for committing reserved memory.
# Possible reasons:
#   The system is out of physical RAM or swap space
#   In 32 bit mode, the process size limit was hit
# Possible solutions:
#   Reduce memory load on the system
#   Increase physical memory or swap space
#   Check if swap backing store is full
#   Use 64 bit Java on a 64 bit OS
#   Decrease Java heap size (-Xmx/-Xms)
#   Decrease number of Java threads
#   Decrease Java thread stack sizes (-Xss)
#   Set larger code cache with -XX:ReservedCodeCacheSize=
# This output file may be truncated or incomplete.
#
#  Out of Memory Error (os_linux.cpp:2827), pid=14757, tid=1740430144
#
# JRE version: OpenJDK Runtime Environment (7.0_91-b02) (build 1.7.0_91-b02)
# Java VM: OpenJDK Server VM (24.91-b01 mixed mode linux-x86 )
# Derivative: IcedTea 2.6.3
# Distribution: Ubuntu 15.04, package 7u91-2.6.3-0ubuntu0.15.04.1
# Failed to write core dump. Core dumps have been disabled. To enable core dumping, try "ulimit -c unlimited" before starting Java again
#

---------------  T H R E A D  ---------------

Current thread (0x67a81400):  VMThread [stack: 0x67b4d000,0x67bce000] [id=14767]

Stack: [0x67b4d000,0x67bce000]
VM_Operation (0xb63f191c): ParallelGCFailedAllocation, mode: safepoint, requested by thread 0xb6208400


---------------  P R O C E S S  ---------------

Java Threads: ( => current thread )
  0x67141c00 JavaThread "pool-1-thread-4" [_thread_blocked, id=14779, stack(0x669db000,0x66a2c000)]
  0x67140c00 JavaThread "pool-1-thread-3" [_thread_blocked, id=14778, stack(0x66a2c000,0x66a7d000)]
  0x6714d000 JavaThread "pool-1-thread-2" [_thread_blocked, id=14777, stack(0x66a7d000,0x66ace000)]
  0x6713f800 JavaThread "pool-2-thread-1" [_thread_blocked, id=14776, stack(0x66ace000,0x66b1f000)]
  0x6713d400 JavaThread "pool-1-thread-1" [_thread_blocked, id=14775, stack(0x66b1f000,0x66b70000)]
  0x67aee800 JavaThread "Service Thread" daemon [_thread_blocked, id=14773, stack(0x672c0000,0x67311000)]
  0x67aec800 JavaThread "C2 CompilerThread1" daemon [_thread_blocked, id=14772, stack(0x67311000,0x67392000)]
  0x67aeb400 JavaThread "C2 CompilerThread0" daemon [_thread_blocked, id=14771, stack(0x67392000,0x67413000)]
  0x67a98400 JavaThread "Signal Dispatcher" daemon [_thread_blocked, id=14770, stack(0x6755e000,0x675af000)]
  0x67a85400 JavaThread "Finalizer" daemon [_thread_blocked, id=14769, stack(0x677af000,0x67800000)]
  0x67a83c00 JavaThread "Reference Handler" daemon [_thread_blocked, id=14768, stack(0x6a72e000,0x6a77f000)]
  0xb6208400 JavaThread "main" [_thread_blocked, id=14760, stack(0xb63a2000,0xb63f3000)]

Other Threads:
=>0x67a81400 VMThread [stack: 0x67b4d000,0x67bce000] [id=14767]
  0x67af0800 WatcherThread [stack: 0x6723f000,0x672c0000] [id=14774]

VM state:at safepoint (normal execution)

VM Mutex/Monitor currently owned by a thread:  ([mutex/lock_event])
[0xb6205de0] Threads_lock - owner thread: 0x67a81400
[0xb62061f0] Heap_lock - owner thread: 0xb6208400

Heap
 PSYoungGen      total 19200K, used 2548K [0x9dbc0000, 0x9f100000, 0xb3140000)
  eden space 16640K, 0% used [0x9dbc0000,0x9dbc0000,0x9ec00000)
  from space 2560K, 99% used [0x9ee80000,0x9f0fd3a0,0x9f100000)
  to   space 2560K, 0% used [0x9ec00000,0x9ec00000,0x9ee80000)
 ParOldGen       total 43008K, used 2647K [0x73140000, 0x75b40000, 0x9dbc0000)
  object space 43008K, 6% used [0x73140000,0x733d5db8,0x75b40000)
 PSPermGen       total 16384K, used 4180K [0x6b140000, 0x6c140000, 0x73140000)
  object space 16384K, 25% used [0x6b140000,0x6b5550c0,0x6c140000)

Card table byte_map: [0x6aeff000,0x6b140000] byte_map_base: 0x6aba6600

Polling page: 0xb7729000

Code Cache  [0xb3200000, 0xb3440000, 0xb6200000)
 total_blobs=291 nmethods=168 adapters=76 free_code_cache=48639Kb largest_free_block=49787520

Compilation events (10 events):
Event: 4.936 Thread 0x67aeb400 nmethod 163 0xb3259288 code [0xb32593c0, 0xb325969c]
Event: 4.936 Thread 0x67aeb400  164             com.android.dx.ssa.SsaInsn::getBlock (5 bytes)
Event: 4.936 Thread 0x67aeb400 nmethod 164 0xb32751c8 code [0xb32752a0, 0xb32752f0]
Event: 4.936 Thread 0x67aeb400  165   !         com.android.dx.rop.cst.StdConstantPool::getOrNull (13 bytes)
Event: 4.937 Thread 0x67aeb400 nmethod 165 0xb3259088 code [0xb3259180, 0xb32591f0]
Event: 4.937 Thread 0x67aeb400  166             com.android.dx.rop.code.BasicBlock::getSuccessors (5 bytes)
Event: 4.937 Thread 0x67aeb400 nmethod 166 0xb3279d08 code [0xb3279de0, 0xb3279e30]
Event: 4.937 Thread 0x67aeb400  167             com.android.dx.ssa.NormalSsaInsn::hasSideEffect (76 bytes)
Event: 4.956 Thread 0x67aeb400 nmethod 167 0xb3283088 code [0xb32831a0, 0xb32832f0]
Event: 4.956 Thread 0x67aeb400  168             com.android.dx.ssa.back.LivenessAnalyzer::run (231 bytes)

GC Heap History (3 events):
Event: 3.676 GC heap before
{Heap before GC invocations=1 (full 0):
 PSYoungGen      total 19200K, used 16640K [0x9dbc0000, 0x9f100000, 0xb3140000)
  eden space 16640K, 100% used [0x9dbc0000,0x9ec00000,0x9ec00000)
  from space 2560K, 0% used [0x9ee80000,0x9ee80000,0x9f100000)
  to   space 2560K, 0% used [0x9ec00000,0x9ec00000,0x9ee80000)
 ParOldGen       total 43008K, used 0K [0x73140000, 0x75b40000, 0x9dbc0000)
  object space 43008K, 0% used [0x73140000,0x73140000,0x75b40000)
 PSPermGen       total 16384K, used 4008K [0x6b140000, 0x6c140000, 0x73140000)
  object space 16384K, 24% used [0x6b140000,0x6b52a3f0,0x6c140000)
Event: 3.704 GC heap after
Heap after GC invocations=1 (full 0):
 PSYoungGen      total 19200K, used 2555K [0x9dbc0000, 0x9f100000, 0xb3140000)
  eden space 16640K, 0% used [0x9dbc0000,0x9dbc0000,0x9ec00000)
  from space 2560K, 99% used [0x9ec00000,0x9ee7ef30,0x9ee80000)
  to   space 2560K, 0% used [0x9ee80000,0x9ee80000,0x9f100000)
 ParOldGen       total 43008K, used 771K [0x73140000, 0x75b40000, 0x9dbc0000)
  object space 43008K, 1% used [0x73140000,0x73200d00,0x75b40000)
 PSPermGen       total 16384K, used 4008K [0x6b140000, 0x6c140000, 0x73140000)
  object space 16384K, 24% used [0x6b140000,0x6b52a3f0,0x6c140000)
}
Event: 5.085 GC heap before
{Heap before GC invocations=2 (full 0):
 PSYoungGen      total 19200K, used 19195K [0x9dbc0000, 0x9f100000, 0xb3140000)
  eden space 16640K, 100% used [0x9dbc0000,0x9ec00000,0x9ec00000)
  from space 2560K, 99% used [0x9ec00000,0x9ee7ef30,0x9ee80000)
  to   space 2560K, 0% used [0x9ee80000,0x9ee80000,0x9f100000)
 ParOldGen       total 43008K, used 771K [0x73140000, 0x75b40000, 0x9dbc0000)
  object space 43008K, 1% used [0x73140000,0x73200d00,0x75b40000)
 PSPermGen       total 16384K, used 4180K [0x6b140000, 0x6c140000, 0x73140000)
  object space 16384K, 25% used [0x6b140000,0x6b5550c0,0x6c140000)

Deoptimization events (8 events):
Event: 2.158 Thread 0xb6208400 Uncommon trap: reason=unstable_if action=reinterpret pc=0xb3249fb8 method=java.lang.String.indexOf(II)I @ 49
Event: 3.863 Thread 0x67140c00 Uncommon trap: reason=unstable_if action=reinterpret pc=0xb325b908 method=java.util.BitSet.nextSetBit(I)I @ 87
Event: 3.942 Thread 0x67141c00 Uncommon trap: reason=null_check action=make_not_entrant pc=0xb3260d0c method=com.android.dx.rop.code.LocalItem.equals(Ljava/lang/Object;)Z @ 1
Event: 3.942 Thread 0x67140c00 Uncommon trap: reason=null_check action=make_not_entrant pc=0xb3260d0c method=com.android.dx.rop.code.LocalItem.equals(Ljava/lang/Object;)Z @ 1
Event: 3.947 Thread 0xb6208400 Uncommon trap: reason=null_check action=make_not_entrant pc=0xb3260d0c method=com.android.dx.rop.code.LocalItem.equals(Ljava/lang/Object;)Z @ 1
Event: 4.614 Thread 0x6713d400 Uncommon trap: reason=unstable_if action=reinterpret pc=0xb326d324 method=com.android.dx.rop.code.RegisterSpec.equals(ILcom/android/dx/rop/type/TypeBearer;Lcom/android/dx/rop/code/LocalItem;)Z @ 16
Event: 4.863 Thread 0x6713d400 Uncommon trap: reason=null_check action=make_not_entrant pc=0xb3278210 method=com.android.dx.rop.type.Type.equals(Ljava/lang/Object;)Z @ 8
Event: 4.864 Thread 0xb6208400 Uncommon trap: reason=unstable_if action=reinterpret pc=0xb326b454 method=com.android.dx.rop.cst.Constant.compareTo(Lcom/android/dx/rop/cst/Constant;)I @ 12

Internal exceptions (10 events):
Event: 3.925 Thread 0x67140c00 Implicit null exception at 0xb3260b3e to 0xb3260cf1
Event: 3.926 Thread 0x67141c00 Implicit null exception at 0xb3260b3e to 0xb3260cf1
Event: 3.927 Thread 0xb6208400 Implicit null exception at 0xb3260b3e to 0xb3260cf1
Event: 3.966 Thread 0xb6208400 Threw 0x9de07c38 at /build/openjdk-7-PdBaKN/openjdk-7-7u91-2.6.3/build/openjdk/hotspot/src/share/vm/prims/jvm.cpp:1322
Event: 4.037 Thread 0x6713d400 Threw 0x9dea5f48 at /build/openjdk-7-PdBaKN/openjdk-7-7u91-2.6.3/build/openjdk/hotspot/src/share/vm/prims/jvm.cpp:1322
Event: 4.045 Thread 0x6713d400 Threw 0x9dead498 at /build/openjdk-7-PdBaKN/openjdk-7-7u91-2.6.3/build/openjdk/hotspot/src/share/vm/prims/jvm.cpp:1322
Event: 4.057 Thread 0x6713d400 Threw 0x9deb4608 at /build/openjdk-7-PdBaKN/openjdk-7-7u91-2.6.3/build/openjdk/hotspot/src/share/vm/prims/jvm.cpp:1322
Event: 4.134 Thread 0x6713d400 Threw 0x9dfaea48 at /build/openjdk-7-PdBaKN/openjdk-7-7u91-2.6.3/build/openjdk/hotspot/src/share/vm/prims/jvm.cpp:1322
Event: 4.160 Thread 0xb6208400 Threw 0x9e051b88 at /build/openjdk-7-PdBaKN/openjdk-7-7u91-2.6.3/build/openjdk/hotspot/src/share/vm/prims/jvm.cpp:1322
Event: 4.863 Thread 0x6713d400 Implicit null exception at 0xb327812b to 0xb3278202

Events (10 events):
Event: 4.614 Thread 0x6713d400 Uncommon trap: trap_request=0xffffff75 fr.pc=0xb326d324
Event: 4.614 Thread 0x6713d400 DEOPT PACKING pc=0xb326d324 sp=0x66b6e9b0
Event: 4.614 Thread 0x6713d400 DEOPT UNPACKING pc=0xb322cbc8 sp=0x66b6e994 mode 2
Event: 4.863 Thread 0x6713d400 Uncommon trap: trap_request=0xfffffff4 fr.pc=0xb3278210
Event: 4.863 Thread 0x6713d400 DEOPT PACKING pc=0xb3278210 sp=0x66b6ead0
Event: 4.863 Thread 0x6713d400 DEOPT UNPACKING pc=0xb322cbc8 sp=0x66b6eaa4 mode 2
Event: 4.864 Thread 0xb6208400 Uncommon trap: trap_request=0xffffff75 fr.pc=0xb326b454
Event: 4.864 Thread 0xb6208400 DEOPT PACKING pc=0xb326b454 sp=0xb63f1660
Event: 4.864 Thread 0xb6208400 DEOPT UNPACKING pc=0xb322cbc8 sp=0xb63f1638 mode 2
Event: 5.069 Executing VM operation: ParallelGCFailedAllocation


Dynamic libraries:
08048000-08049000 r-xp 00000000 08:01 804961     /usr/lib/jvm/java-7-openjdk-i386/jre/bin/java
08049000-0804a000 r--p 00000000 08:01 804961     /usr/lib/jvm/java-7-openjdk-i386/jre/bin/java
0804a000-0804b000 rw-p 00001000 08:01 804961     /usr/lib/jvm/java-7-openjdk-i386/jre/bin/java
0828c000-082cf000 rw-p 00000000 00:00 0          [heap]
66400000-66486000 rw-p 00000000 00:00 0 
66486000-66500000 ---p 00000000 00:00 0 
66500000-66557000 rw-p 00000000 00:00 0 
66557000-66600000 ---p 00000000 00:00 0 
66600000-666fb000 rw-p 00000000 00:00 0 
666fb000-66700000 ---p 00000000 00:00 0 
66800000-66900000 rw-p 00000000 00:00 0 
669db000-669de000 ---p 00000000 00:00 0 
669de000-66a2c000 rw-p 00000000 00:00 0          [stack:14779]
66a2c000-66a2f000 ---p 00000000 00:00 0 
66a2f000-66a7d000 rw-p 00000000 00:00 0          [stack:14778]
66a7d000-66a80000 ---p 00000000 00:00 0 
66a80000-66ace000 rw-p 00000000 00:00 0          [stack:14777]
66ace000-66ad1000 ---p 00000000 00:00 0 
66ad1000-66b1f000 rw-p 00000000 00:00 0          [stack:14776]
66b1f000-66b22000 ---p 00000000 00:00 0 
66b22000-66d31000 rw-p 00000000 00:00 0          [stack:14775]
66d31000-66da1000 r-xp 00000000 08:01 394656     /lib/i386-linux-gnu/libpcre.so.3.13.1
66da1000-66da2000 r--p 0006f000 08:01 394656     /lib/i386-linux-gnu/libpcre.so.3.13.1
66da2000-66da3000 rw-p 00070000 08:01 394656     /lib/i386-linux-gnu/libpcre.so.3.13.1
66da3000-66db7000 r-xp 00000000 08:01 394679     /lib/i386-linux-gnu/libresolv-2.21.so
66db7000-66db9000 r--p 00013000 08:01 394679     /lib/i386-linux-gnu/libresolv-2.21.so
66db9000-66dba000 rw-p 00015000 08:01 394679     /lib/i386-linux-gnu/libresolv-2.21.so
66dba000-66dbc000 rw-p 00000000 00:00 0 
66dbc000-66ee2000 r-xp 00000000 08:01 394573     /lib/i386-linux-gnu/libglib-2.0.so.0.4400.0
66ee2000-66ee3000 r--p 00125000 08:01 394573     /lib/i386-linux-gnu/libglib-2.0.so.0.4400.0
66ee3000-66ee4000 rw-p 00126000 08:01 394573     /lib/i386-linux-gnu/libglib-2.0.so.0.4400.0
66ee4000-66f3f000 r-xp 00000000 08:01 137385     /usr/lib/i386-linux-gnu/libgobject-2.0.so.0.4400.0
66f3f000-66f40000 r--p 0005b000 08:01 137385     /usr/lib/i386-linux-gnu/libgobject-2.0.so.0.4400.0
66f40000-66f41000 rw-p 0005c000 08:01 137385     /usr/lib/i386-linux-gnu/libgobject-2.0.so.0.4400.0
66f41000-670fa000 r-xp 00000000 08:01 137357     /usr/lib/i386-linux-gnu/libgio-2.0.so.0.4400.0
670fa000-670fd000 r--p 001b8000 08:01 137357     /usr/lib/i386-linux-gnu/libgio-2.0.so.0.4400.0
670fd000-670ff000 rw-p 001bb000 08:01 137357     /usr/lib/i386-linux-gnu/libgio-2.0.so.0.4400.0
670ff000-67100000 rw-p 00000000 00:00 0 
67100000-67158000 rw-p 00000000 00:00 0 
67158000-67200000 ---p 00000000 00:00 0 
67218000-6723c000 r-xp 00000000 08:01 394683     /lib/i386-linux-gnu/libselinux.so.1
6723c000-6723d000 r--p 00024000 08:01 394683     /lib/i386-linux-gnu/libselinux.so.1
6723d000-6723e000 rw-p 00025000 08:01 394683     /lib/i386-linux-gnu/libselinux.so.1
6723e000-6723f000 rw-p 00000000 00:00 0 
6723f000-67240000 ---p 00000000 00:00 0 
67240000-672c0000 rw-p 00000000 00:00 0          [stack:14774]
672c0000-672c3000 ---p 00000000 00:00 0 
672c3000-67311000 rw-p 00000000 00:00 0          [stack:14773]
67311000-67314000 ---p 00000000 00:00 0 
67314000-67392000 rw-p 00000000 00:00 0          [stack:14772]
67392000-67395000 ---p 00000000 00:00 0 
67395000-67413000 rw-p 00000000 00:00 0          [stack:14771]
67413000-6755a000 r-xp 00000000 08:01 136931     /usr/lib/i386-linux-gnu/libX11.so.6.3.0
6755a000-6755b000 r--p 00146000 08:01 136931     /usr/lib/i386-linux-gnu/libX11.so.6.3.0
6755b000-6755d000 rw-p 00147000 08:01 136931     /usr/lib/i386-linux-gnu/libX11.so.6.3.0
6755d000-6755e000 rw-p 00000000 00:00 0 
6755e000-67561000 ---p 00000000 00:00 0 
67561000-675af000 rw-p 00000000 00:00 0          [stack:14770]
675af000-677af000 r--p 00000000 08:01 143362     /usr/lib/locale/locale-archive
677af000-677b2000 ---p 00000000 00:00 0 
677b2000-67800000 rw-p 00000000 00:00 0          [stack:14769]
67800000-67900000 rw-p 00000000 00:00 0 
67900000-67921000 rw-p 00000000 00:00 0 
67921000-67a00000 ---p 00000000 00:00 0 
67a00000-67b00000 rw-p 00000000 00:00 0 
67b05000-67b0c000 r-xp 00000000 08:01 137254     /usr/lib/i386-linux-gnu/libffi.so.6.0.4
67b0c000-67b0e000 r--p 00006000 08:01 137254     /usr/lib/i386-linux-gnu/libffi.so.6.0.4
67b0e000-67b0f000 rw-p 00008000 08:01 137254     /usr/lib/i386-linux-gnu/libffi.so.6.0.4
67b0f000-67b12000 r-xp 00000000 08:01 137371     /usr/lib/i386-linux-gnu/libgmodule-2.0.so.0.4400.0
67b12000-67b13000 r--p 00002000 08:01 137371     /usr/lib/i386-linux-gnu/libgmodule-2.0.so.0.4400.0
67b13000-67b14000 rw-p 00003000 08:01 137371     /usr/lib/i386-linux-gnu/libgmodule-2.0.so.0.4400.0
67b2b000-67b4b000 r-xp 00000000 08:01 138125     /usr/lib/i386-linux-gnu/libxcb.so.1.1.0
67b4b000-67b4c000 r--p 0001f000 08:01 138125     /usr/lib/i386-linux-gnu/libxcb.so.1.1.0
67b4c000-67b4d000 rw-p 00020000 08:01 138125     /usr/lib/i386-linux-gnu/libxcb.so.1.1.0
67b4d000-67b4e000 ---p 00000000 00:00 0 
67b4e000-67bce000 rw-p 00000000 00:00 0          [stack:14767]
67bce000-67d80000 r--s 01d2e000 08:01 804984     /usr/lib/jvm/java-7-openjdk-i386/jre/lib/rt.jar
67d80000-6a600000 rw-p 00000000 00:00 0 
6a600000-6a6fa000 rw-p 00000000 00:00 0 
6a6fa000-6a700000 ---p 00000000 00:00 0 
6a703000-6a71a000 r-xp 00000000 08:01 805027     /usr/lib/jvm/java-7-openjdk-i386/jre/lib/i386/libnet.so
6a71a000-6a71b000 r--p 00016000 08:01 805027     /usr/lib/jvm/java-7-openjdk-i386/jre/lib/i386/libnet.so
6a71b000-6a71c000 rw-p 00017000 08:01 805027     /usr/lib/jvm/java-7-openjdk-i386/jre/lib/i386/libnet.so
6a71c000-6a72c000 r-xp 00000000 08:01 804991     /usr/lib/jvm/java-7-openjdk-i386/jre/lib/i386/libnio.so
6a72c000-6a72d000 r--p 00010000 08:01 804991     /usr/lib/jvm/java-7-openjdk-i386/jre/lib/i386/libnio.so
6a72d000-6a72e000 rw-p 00011000 08:01 804991     /usr/lib/jvm/java-7-openjdk-i386/jre/lib/i386/libnio.so
6a72e000-6a731000 ---p 00000000 00:00 0 
6a731000-6a77f000 rw-p 00000000 00:00 0          [stack:14768]
6a77f000-6a780000 ---p 00000000 00:00 0 
6a780000-6a800000 rw-p 00000000 00:00 0          [stack:14766]
6a800000-6a821000 rw-p 00000000 00:00 0 
6a821000-6a900000 ---p 00000000 00:00 0 
6a900000-6a921000 rw-p 00000000 00:00 0 
6a921000-6aa00000 ---p 00000000 00:00 0 
6aa01000-6aa06000 r--s 00039000 08:01 941666     /home/student/test/Pedometer/app/build/intermediates/exploded-aar/com.android.support/design/23.1.1/jars/classes.jar
6aa06000-6aa0b000 r-xp 00000000 08:01 136946     /usr/lib/i386-linux-gnu/libXdmcp.so.6.0.0
6aa0b000-6aa0c000 r--p 00004000 08:01 136946     /usr/lib/i386-linux-gnu/libXdmcp.so.6.0.0
6aa0c000-6aa0d000 rw-p 00005000 08:01 136946     /usr/lib/i386-linux-gnu/libXdmcp.so.6.0.0
6aa0d000-6aa0f000 r-xp 00000000 08:01 136935     /usr/lib/i386-linux-gnu/libXau.so.6.0.0
6aa0f000-6aa10000 r--p 00001000 08:01 136935     /usr/lib/i386-linux-gnu/libXau.so.6.0.0
6aa10000-6aa11000 rw-p 00002000 08:01 136935     /usr/lib/i386-linux-gnu/libXau.so.6.0.0
6aa11000-6aa13000 r-xp 00000000 08:01 141618     /usr/lib/jayatana/libjayatanaag.so
6aa13000-6aa14000 r--p 00001000 08:01 141618     /usr/lib/jayatana/libjayatanaag.so
6aa14000-6aa15000 rw-p 00002000 08:01 141618     /usr/lib/jayatana/libjayatanaag.so
6aa15000-6aa24000 r--s 000df000 08:01 1068117    /home/student/Android/Sdk/build-tools/23.0.2/lib/dx.jar
6aa24000-6aa7f000 rw-p 00000000 00:00 0 
6aa7f000-6aa80000 ---p 00000000 00:00 0 
6aa80000-6ab00000 rw-p 00000000 00:00 0          [stack:14764]
6ab00000-6ab23000 rw-p 00000000 00:00 0 
6ab23000-6ac00000 ---p 00000000 00:00 0 
6ac03000-6ac67000 rw-p 00000000 00:00 0 
6ac67000-6ac68000 ---p 00000000 00:00 0 
6ac68000-6ace8000 rw-p 00000000 00:00 0          [stack:14763]
6ace8000-6ace9000 ---p 00000000 00:00 0 
6ace9000-6ad71000 rw-p 00000000 00:00 0          [stack:14762]
6ad71000-6ada9000 rw-p 00000000 00:00 0 
6ada9000-6adbe000 rw-p 00000000 00:00 0 
6adbe000-6aeff000 rw-p 00000000 00:00 0 
6aeff000-6af07000 rw-p 00000000 00:00 0 
6af07000-6af3f000 rw-p 00000000 00:00 0 
6af3f000-6af54000 rw-p 00000000 00:00 0 
6af54000-6b094000 rw-p 00000000 00:00 0 
6b094000-6b09f000 rw-p 00000000 00:00 0 
6b09f000-6b13f000 rw-p 00000000 00:00 0 
6b13f000-6c140000 rw-p 00000000 00:00 0 
6c140000-73140000 rw-p 00000000 00:00 0 
73140000-75b40000 rw-p 00000000 00:00 0 
75b40000-9dbc0000 rw-p 00000000 00:00 0 
9dbc0000-9f100000 rw-p 00000000 00:00 0 
a0140000-b3140000 rw-p 00000000 00:00 0 
b3140000-b3149000 rw-p 00000000 00:00 0 
b3149000-b3200000 rw-p 00000000 00:00 0 
b3200000-b3440000 rwxp 00000000 00:00 0 
b3440000-b6300000 rw-p 00000000 00:00 0 
b6301000-b6302000 r--s 00000000 08:01 414147     /usr/share/java/jayatanaag.jar
b6302000-b6306000 r--s 00085000 08:01 804976     /usr/lib/jvm/java-7-openjdk-i386/jre/lib/ext/localedata.jar
b6306000-b630a000 r--s 00034000 08:01 804978     /usr/lib/jvm/java-7-openjdk-i386/jre/lib/ext/sunjce_provider.jar
b630a000-b630e000 r--s 0003c000 08:01 804979     /usr/lib/jvm/java-7-openjdk-i386/jre/lib/ext/sunpkcs11.jar
b630e000-b631a000 r-xp 00000000 08:01 394626     /lib/i386-linux-gnu/libnss_files-2.21.so
b631a000-b631b000 r--p 0000b000 08:01 394626     /lib/i386-linux-gnu/libnss_files-2.21.so
b631b000-b631c000 rw-p 0000c000 08:01 394626     /lib/i386-linux-gnu/libnss_files-2.21.so
b631c000-b6327000 r-xp 00000000 08:01 394636     /lib/i386-linux-gnu/libnss_nis-2.21.so
b6327000-b6328000 r--p 0000a000 08:01 394636     /lib/i386-linux-gnu/libnss_nis-2.21.so
b6328000-b6329000 rw-p 0000b000 08:01 394636     /lib/i386-linux-gnu/libnss_nis-2.21.so
b6329000-b6340000 r-xp 00000000 08:01 394620     /lib/i386-linux-gnu/libnsl-2.21.so
b6340000-b6341000 r--p 00016000 08:01 394620     /lib/i386-linux-gnu/libnsl-2.21.so
b6341000-b6342000 rw-p 00017000 08:01 394620     /lib/i386-linux-gnu/libnsl-2.21.so
b6342000-b6344000 rw-p 00000000 00:00 0 
b6344000-b634c000 r-xp 00000000 08:01 394622     /lib/i386-linux-gnu/libnss_compat-2.21.so
b634c000-b634d000 r--p 00007000 08:01 394622     /lib/i386-linux-gnu/libnss_compat-2.21.so
b634d000-b634e000 rw-p 00008000 08:01 394622     /lib/i386-linux-gnu/libnss_compat-2.21.so
b634e000-b6351000 r--s 0000f000 08:01 804977     /usr/lib/jvm/java-7-openjdk-i386/jre/lib/ext/icedtea-sound.jar
b6351000-b6353000 r--s 00012000 08:01 804975     /usr/lib/jvm/java-7-openjdk-i386/jre/lib/ext/zipfs.jar
b6353000-b635b000 r-xp 00000000 08:01 804995     /usr/lib/jvm/java-7-openjdk-i386/jre/lib/i386/libzip.so
b635b000-b635c000 r--p 00007000 08:01 804995     /usr/lib/jvm/java-7-openjdk-i386/jre/lib/i386/libzip.so
b635c000-b635d000 rw-p 00008000 08:01 804995     /usr/lib/jvm/java-7-openjdk-i386/jre/lib/i386/libzip.so
b635d000-b6365000 rw-s 00000000 08:01 429218     /tmp/hsperfdata_student/14757
b6365000-b636f000 r-xp 00000000 08:01 805017     /usr/lib/jvm/java-7-openjdk-i386/jre/lib/i386/libinstrument.so
b636f000-b6370000 r--p 00009000 08:01 805017     /usr/lib/jvm/java-7-openjdk-i386/jre/lib/i386/libinstrument.so
b6370000-b6371000 rw-p 0000a000 08:01 805017     /usr/lib/jvm/java-7-openjdk-i386/jre/lib/i386/libinstrument.so
b6371000-b6397000 r-xp 00000000 08:01 805003     /usr/lib/jvm/java-7-openjdk-i386/jre/lib/i386/libjava.so
b6397000-b6398000 r--p 00025000 08:01 805003     /usr/lib/jvm/java-7-openjdk-i386/jre/lib/i386/libjava.so
b6398000-b6399000 rw-p 00026000 08:01 805003     /usr/lib/jvm/java-7-openjdk-i386/jre/lib/i386/libjava.so
b6399000-b63a0000 r-xp 00000000 08:01 394681     /lib/i386-linux-gnu/librt-2.21.so
b63a0000-b63a1000 r--p 00006000 08:01 394681     /lib/i386-linux-gnu/librt-2.21.so
b63a1000-b63a2000 rw-p 00007000 08:01 394681     /lib/i386-linux-gnu/librt-2.21.so
b63a2000-b63a5000 ---p 00000000 00:00 0 
b63a5000-b63f3000 rw-p 00000000 00:00 0          [stack:14760]
b63f3000-b640f000 r-xp 00000000 08:01 394569     /lib/i386-linux-gnu/libgcc_s.so.1
b640f000-b6410000 rw-p 0001b000 08:01 394569     /lib/i386-linux-gnu/libgcc_s.so.1
b6410000-b645b000 r-xp 00000000 08:01 394599     /lib/i386-linux-gnu/libm-2.21.so
b645b000-b645c000 r--p 0004a000 08:01 394599     /lib/i386-linux-gnu/libm-2.21.so
b645c000-b645d000 rw-p 0004b000 08:01 394599     /lib/i386-linux-gnu/libm-2.21.so
b645d000-b6546000 r-xp 00000000 08:01 137921     /usr/lib/i386-linux-gnu/libstdc++.so.6.0.20
b6546000-b654a000 r--p 000e9000 08:01 137921     /usr/lib/i386-linux-gnu/libstdc++.so.6.0.20
b654a000-b654b000 rw-p 000ed000 08:01 137921     /usr/lib/i386-linux-gnu/libstdc++.so.6.0.20
b654b000-b6552000 rw-p 00000000 00:00 0 
b6552000-b70a5000 r-xp 00000000 08:01 805013     /usr/lib/jvm/java-7-openjdk-i386/jre/lib/i386/server/libjvm.so
b70a5000-b70f9000 r--p 00b52000 08:01 805013     /usr/lib/jvm/java-7-openjdk-i386/jre/lib/i386/server/libjvm.so
b70f9000-b710d000 rw-p 00ba6000 08:01 805013     /usr/lib/jvm/java-7-openjdk-i386/jre/lib/i386/server/libjvm.so
b710d000-b752c000 rw-p 00000000 00:00 0 
b752c000-b7545000 r-xp 00000000 08:01 394714     /lib/i386-linux-gnu/libz.so.1.2.8
b7545000-b7546000 r--p 00019000 08:01 394714     /lib/i386-linux-gnu/libz.so.1.2.8
b7546000-b7547000 rw-p 0001a000 08:01 394714     /lib/i386-linux-gnu/libz.so.1.2.8
b7547000-b7560000 r-xp 00000000 08:01 394673     /lib/i386-linux-gnu/libpthread-2.21.so
b7560000-b7561000 r--p 00018000 08:01 394673     /lib/i386-linux-gnu/libpthread-2.21.so
b7561000-b7562000 rw-p 00019000 08:01 394673     /lib/i386-linux-gnu/libpthread-2.21.so
b7562000-b7564000 rw-p 00000000 00:00 0 
b7564000-b7567000 r-xp 00000000 08:01 394557     /lib/i386-linux-gnu/libdl-2.21.so
b7567000-b7568000 r--p 00002000 08:01 394557     /lib/i386-linux-gnu/libdl-2.21.so
b7568000-b7569000 rw-p 00003000 08:01 394557     /lib/i386-linux-gnu/libdl-2.21.so
b7569000-b771d000 r-xp 00000000 08:01 394540     /lib/i386-linux-gnu/libc-2.21.so
b771d000-b7720000 r--p 001b3000 08:01 394540     /lib/i386-linux-gnu/libc-2.21.so
b7720000-b7722000 rw-p 001b6000 08:01 394540     /lib/i386-linux-gnu/libc-2.21.so
b7722000-b7724000 rw-p 00000000 00:00 0 
b7724000-b7725000 r--s 00002000 08:01 804980     /usr/lib/jvm/java-7-openjdk-i386/jre/lib/ext/dnsns.jar
b7725000-b7727000 r--s 00006000 08:01 399091     /usr/share/java/java-atk-wrapper.jar
b7727000-b7728000 r--p 005e0000 08:01 143362     /usr/lib/locale/locale-archive
b7728000-b7729000 rw-p 00000000 00:00 0 
b7729000-b772a000 ---p 00000000 00:00 0 
b772a000-b7738000 r-xp 00000000 08:01 805022     /usr/lib/jvm/java-7-openjdk-i386/jre/lib/i386/libverify.so
b7738000-b773a000 r--p 0000d000 08:01 805022     /usr/lib/jvm/java-7-openjdk-i386/jre/lib/i386/libverify.so
b773a000-b773b000 rw-p 0000f000 08:01 805022     /usr/lib/jvm/java-7-openjdk-i386/jre/lib/i386/libverify.so
b773b000-b7747000 r-xp 00000000 08:01 805024     /usr/lib/jvm/java-7-openjdk-i386/jre/lib/i386/jli/libjli.so
b7747000-b7748000 r--p 0000b000 08:01 805024     /usr/lib/jvm/java-7-openjdk-i386/jre/lib/i386/jli/libjli.so
b7748000-b7749000 rw-p 0000c000 08:01 805024     /usr/lib/jvm/java-7-openjdk-i386/jre/lib/i386/jli/libjli.so
b7749000-b774c000 rw-p 00000000 00:00 0 
b774c000-b774e000 r--p 00000000 00:00 0          [vvar]
b774e000-b774f000 r-xp 00000000 00:00 0          [vdso]
b774f000-b7771000 r-xp 00000000 08:01 394512     /lib/i386-linux-gnu/ld-2.21.so
b7771000-b7772000 r--p 00021000 08:01 394512     /lib/i386-linux-gnu/ld-2.21.so
b7772000-b7773000 rw-p 00022000 08:01 394512     /lib/i386-linux-gnu/ld-2.21.so
bf855000-bf856000 rwxp 00000000 00:00 0 
bf887000-bf8a9000 rw-p 00000000 00:00 0          [stack]

VM Arguments:
jvm_args: -javaagent:/usr/share/java/jayatanaag.jar -Djava.awt.headless=true -Xmx1024M -Dfile.encoding=UTF-8 -Duser.country=US -Duser.language=en -Duser.variant 
java_command: com.android.dx.command.Main --dex --num-threads=4 --output /home/student/test/Pedometer/app/build/intermediates/pre-dexed/debug/com.android.support-design-23.1.1_c68a9838b4179cc1f8726edc56f0ba99c01b5834.jar /home/student/test/Pedometer/app/build/intermediates/exploded-aar/com.android.support/design/23.1.1/jars/classes.jar
Launcher Type: SUN_STANDARD

Environment Variables:
JAVA_TOOL_OPTIONS=-javaagent:/usr/share/java/jayatanaag.jar 
PATH=/home/student/.linuxbrew/bin:/usr/local/sbin:/usr/local/bin:/usr/sbin:/usr/bin:/sbin:/bin:/usr/games:/usr/local/games:/etc/android-studio/bin/:/home/student/Android/Sdk/platform-tools:/home/student/Android/Sdk/tools
LD_LIBRARY_PATH=/etc/android-studio/bin:
SHELL=/bin/bash
DISPLAY=:0

Signal Handlers:
SIGSEGV: [libjvm.so+0x7f7d00], sa_mask[0]=0x7ffbfeff, sa_flags=0x10000004
SIGBUS: [libjvm.so+0x7f7d00], sa_mask[0]=0x7ffbfeff, sa_flags=0x10000004
SIGFPE: [libjvm.so+0x67a9d0], sa_mask[0]=0x7ffbfeff, sa_flags=0x10000004
SIGPIPE: [libjvm.so+0x67a9d0], sa_mask[0]=0x7ffbfeff, sa_flags=0x10000004
SIGXFSZ: [libjvm.so+0x67a9d0], sa_mask[0]=0x7ffbfeff, sa_flags=0x10000004
SIGILL: [libjvm.so+0x67a9d0], sa_mask[0]=0x7ffbfeff, sa_flags=0x10000004
SIGUSR1: SIG_DFL, sa_mask[0]=0x00000000, sa_flags=0x00000000
SIGUSR2: [libjvm.so+0x67a820], sa_mask[0]=0x00000004, sa_flags=0x10000004
SIGHUP: [libjvm.so+0x67aa80], sa_mask[0]=0x7ffbfeff, sa_flags=0x10000004
SIGINT: [libjvm.so+0x67aa80], sa_mask[0]=0x7ffbfeff, sa_flags=0x10000004
SIGTERM: [libjvm.so+0x67aa80], sa_mask[0]=0x7ffbfeff, sa_flags=0x10000004
SIGQUIT: [libjvm.so+0x67aa80], sa_mask[0]=0x7ffbfeff, sa_flags=0x10000004
SIGTRAP: SIG_DFL, sa_mask[0]=0x00000000, sa_flags=0x00000000


---------------  S Y S T E M  ---------------

OS:Ubuntu 15.04 (vivid)
uname:Linux 3.19.0-18-generic #18-Ubuntu SMP Tue May 19 18:30:59 UTC 2015 i686
libc:glibc 2.21 NPTL 2.21 
rlimit: STACK 8192k, CORE 0k, NPROC 32177, NOFILE 65536, AS infinity
load average:1.93 1.69 2.00

/proc/meminfo:
MemTotal:        4139540 kB
MemFree:          222548 kB
MemAvailable:     153000 kB
Buffers:           10180 kB
Cached:            57960 kB
SwapCached:            0 kB
Active:          3571136 kB
Inactive:          53728 kB
Active(anon):    3558492 kB
Inactive(anon):    38232 kB
Active(file):      12644 kB
Inactive(file):    15496 kB
Unevictable:          32 kB
Mlocked:              32 kB
HighTotal:       3280776 kB
HighFree:          41128 kB
LowTotal:         858764 kB
LowFree:          181420 kB
SwapTotal:             0 kB
SwapFree:              0 kB
Dirty:               396 kB
Writeback:             0 kB
AnonPages:       3557304 kB
Mapped:            38348 kB
Shmem:             39388 kB
Slab:              47488 kB
SReclaimable:      22080 kB
SUnreclaim:        25408 kB
KernelStack:        5336 kB
PageTables:        15148 kB
NFS_Unstable:          0 kB
Bounce:                0 kB
WritebackTmp:          0 kB
CommitLimit:     2069768 kB
Committed_AS:    6636276 kB
VmallocTotal:     122880 kB
VmallocUsed:       23328 kB
VmallocChunk:      46892 kB
AnonHugePages:   2684928 kB
CmaTotal:              0 kB
CmaFree:               0 kB
HugePages_Total:       0
HugePages_Free:        0
HugePages_Rsvd:        0
HugePages_Surp:        0
Hugepagesize:       2048 kB
DirectMap4k:       59384 kB
DirectMap2M:      854016 kB


CPU:total 4 (1 cores per cpu, 1 threads per core) family 6 model 58 stepping 9, cmov, cx8, fxsr, mmx, sse, sse2, sse3, ssse3, sse4.1, sse4.2, popcnt, avx, aes, erms, tsc, tscinvbit, tscinv

/proc/cpuinfo:
processor	: 0
vendor_id	: GenuineIntel
cpu family	: 6
model		: 58
model name	: Intel(R) Core(TM) i5-3210M CPU @ 2.50GHz
stepping	: 9
microcode	: 0x15
cpu MHz		: 2494.111
cache size	: 3072 KB
physical id	: 0
siblings	: 1
core id		: 0
cpu cores	: 1
apicid		: 0
initial apicid	: 0
fdiv_bug	: no
f00f_bug	: no
coma_bug	: no
fpu		: yes
fpu_exception	: yes
cpuid level	: 13
wp		: yes
flags		: fpu vme de pse tsc msr pae mce cx8 apic sep mtrr pge mca cmov pat pse36 clflush dts mmx fxsr sse sse2 ss nx rdtscp lm constant_tsc arch_perfmon pebs bts xtopology tsc_reliable nonstop_tsc aperfmperf pni pclmulqdq ssse3 cx16 pcid sse4_1 sse4_2 x2apic popcnt tsc_deadline_timer aes xsave avx f16c rdrand hypervisor lahf_lm ida arat epb pln pts dtherm fsgsbase tsc_adjust smep
bugs		:
bogomips	: 4988.22
clflush size	: 64
cache_alignment	: 64
address sizes	: 42 bits physical, 48 bits virtual
power management:

processor	: 1
vendor_id	: GenuineIntel
cpu family	: 6
model		: 58
model name	: Intel(R) Core(TM) i5-3210M CPU @ 2.50GHz
stepping	: 9
microcode	: 0x15
cpu MHz		: 2494.111
cache size	: 3072 KB
physical id	: 2
siblings	: 1
core id		: 0
cpu cores	: 1
apicid		: 2
initial apicid	: 2
fdiv_bug	: no
f00f_bug	: no
coma_bug	: no
fpu		: yes
fpu_exception	: yes
cpuid level	: 13
wp		: yes
flags		: fpu vme de pse tsc msr pae mce cx8 apic sep mtrr pge mca cmov pat pse36 clflush dts mmx fxsr sse sse2 ss nx rdtscp lm constant_tsc arch_perfmon pebs bts xtopology tsc_reliable nonstop_tsc aperfmperf pni pclmulqdq ssse3 cx16 pcid sse4_1 sse4_2 x2apic popcnt tsc_deadline_timer aes xsave avx f16c rdrand hypervisor lahf_lm ida arat epb pln pts dtherm fsgsbase tsc_adjust smep
bugs		:
bogomips	: 4988.22
clflush size	: 64
cache_alignment	: 64
address sizes	: 42 bits physical, 48 bits virtual
power management:

processor	: 2
vendor_id	: GenuineIntel
cpu family	: 6
model		: 58
model name	: Intel(R) Core(TM) i5-3210M CPU @ 2.50GHz
stepping	: 9
microcode	: 0x15
cpu MHz		: 2494.111
cache size	: 3072 KB
physical id	: 4
siblings	: 1
core id		: 0
cpu cores	: 1
apicid		: 4
initial apicid	: 4
fdiv_bug	: no
f00f_bug	: no
coma_bug	: no
fpu		: yes
fpu_exception	: yes
cpuid level	: 13
wp		: yes
flags		: fpu vme de pse tsc msr pae mce cx8 apic sep mtrr pge mca cmov pat pse36 clflush dts mmx fxsr sse sse2 ss nx rdtscp lm constant_tsc arch_perfmon pebs bts xtopology tsc_reliable nonstop_tsc aperfmperf pni pclmulqdq ssse3 cx16 pcid sse4_1 sse4_2 x2apic popcnt tsc_deadline_timer aes xsave avx f16c rdrand hypervisor lahf_lm ida arat epb pln pts dtherm fsgsbase tsc_adjust smep
bugs		:
bogomips	: 4988.22
clflush size	: 64
cache_alignment	: 64
address sizes	: 42 bits physical, 48 bits virtual
power management:

processor	: 3
vendor_id	: GenuineIntel
cpu family	: 6
model		: 58
model name	: Intel(R) Core(TM) i5-3210M CPU @ 2.50GHz
stepping	: 9
microcode	: 0x15
cpu MHz		: 2494.111
cache size	: 3072 KB
physical id	: 6
siblings	: 1
core id		: 0
cpu cores	: 1
apicid		: 6
initial apicid	: 6
fdiv_bug	: no
f00f_bug	: no
coma_bug	: no
fpu		: yes
fpu_exception	: yes
cpuid level	: 13
wp		: yes
flags		: fpu vme de pse tsc msr pae mce cx8 apic sep mtrr pge mca cmov pat pse36 clflush dts mmx fxsr sse sse2 ss nx rdtscp lm constant_tsc arch_perfmon pebs bts xtopology tsc_reliable nonstop_tsc aperfmperf pni pclmulqdq ssse3 cx16 pcid sse4_1 sse4_2 x2apic popcnt tsc_deadline_timer aes xsave avx f16c rdrand hypervisor lahf_lm ida arat epb pln pts dtherm fsgsbase tsc_adjust smep
bugs		:
bogomips	: 4988.22
clflush size	: 64
cache_alignment	: 64
address sizes	: 42 bits physical, 48 bits virtual
power management:



Memory: 4k page, physical 4139540k(222548k free), swap 0k(0k free)

vm_info: OpenJDK Server VM (24.91-b01) for linux-x86 JRE (1.7.0_91-b02), built on Nov 19 2015 06:25:06 by "buildd" with gcc 4.9.2

time: Sun May  1 13:54:59 2016
elapsed time: 5 seconds

