#
# There is insufficient memory for the Java Runtime Environment to continue.
# Native memory allocation (malloc) failed to allocate 92274688 bytes for committing reserved memory.
# Possible reasons:
#   The system is out of physical RAM or swap space
#   In 32 bit mode, the process size limit was hit
# Possible solutions:
#   Reduce memory load on the system
#   Increase physical memory or swap space
#   Check if swap backing store is full
#   Use 64 bit Java on a 64 bit OS
#   Decrease Java heap size (-Xmx/-Xms)
#   Decrease number of Java threads
#   Decrease Java thread stack sizes (-Xss)
#   Set larger code cache with -XX:ReservedCodeCacheSize=
# This output file may be truncated or incomplete.
#
#  Out of Memory Error (os_linux.cpp:2827), pid=14023, tid=1739381568
#
# JRE version: OpenJDK Runtime Environment (7.0_91-b02) (build 1.7.0_91-b02)
# Java VM: OpenJDK Server VM (24.91-b01 mixed mode linux-x86 )
# Derivative: IcedTea 2.6.3
# Distribution: Ubuntu 15.04, package 7u91-2.6.3-0ubuntu0.15.04.1
# Failed to write core dump. Core dumps have been disabled. To enable core dumping, try "ulimit -c unlimited" before starting Java again
#

---------------  T H R E A D  ---------------

Current thread (0x67981400):  VMThread [stack: 0x67a4d000,0x67ace000] [id=14052]

Stack: [0x67a4d000,0x67ace000]
VM_Operation (0xb639e874): ParallelGCFailedAllocation, mode: safepoint, requested by thread 0xb6208400


---------------  P R O C E S S  ---------------

Java Threads: ( => current thread )
  0x67047400 JavaThread "pool-1-thread-4" [_thread_blocked, id=14089, stack(0x66951000,0x669a2000)]
  0x67046000 JavaThread "pool-1-thread-3" [_thread_blocked, id=14088, stack(0x669a2000,0x669f3000)]
  0x67044c00 JavaThread "pool-1-thread-2" [_thread_blocked, id=14087, stack(0x669f3000,0x66a44000)]
  0x67042000 JavaThread "pool-2-thread-1" [_thread_blocked, id=14086, stack(0x66a44000,0x66a95000)]
  0x6703fc00 JavaThread "pool-1-thread-1" [_thread_blocked, id=14085, stack(0x66a95000,0x66ae6000)]
  0x679ee800 JavaThread "Service Thread" daemon [_thread_blocked, id=14072, stack(0x67211000,0x67262000)]
  0x679ec800 JavaThread "C2 CompilerThread1" daemon [_thread_blocked, id=14071, stack(0x67262000,0x672e3000)]
  0x679eb400 JavaThread "C2 CompilerThread0" daemon [_thread_blocked, id=14070, stack(0x672e3000,0x67364000)]
  0x67998400 JavaThread "Signal Dispatcher" daemon [_thread_blocked, id=14062, stack(0x674af000,0x67500000)]
  0x67985400 JavaThread "Finalizer" daemon [_thread_blocked, id=14054, stack(0x6a62e000,0x6a67f000)]
  0x67983c00 JavaThread "Reference Handler" daemon [_thread_blocked, id=14053, stack(0x6a82e000,0x6a87f000)]
  0xb6208400 JavaThread "main" [_thread_blocked, id=14028, stack(0xb634f000,0xb63a0000)]

Other Threads:
=>0x67981400 VMThread [stack: 0x67a4d000,0x67ace000] [id=14052]
  0x679f0800 WatcherThread [stack: 0x67190000,0x67211000] [id=14073]

VM state:at safepoint (normal execution)

VM Mutex/Monitor currently owned by a thread:  ([mutex/lock_event])
[0xb6205df0] Threads_lock - owner thread: 0x67981400
[0xb6206200] Heap_lock - owner thread: 0xb6208400

Heap
 PSYoungGen      total 146944K, used 20976K [0x9db40000, 0xa83c0000, 0xb30c0000)
  eden space 125952K, 0% used [0x9db40000,0x9db40000,0xa5640000)
  from space 20992K, 99% used [0xa5640000,0xa6abc2a8,0xa6ac0000)
  to   space 16384K, 0% used [0xa6ac0000,0xa6ac0000,0xa7ac0000)
 ParOldGen       total 43008K, used 38639K [0x730c0000, 0x75ac0000, 0x9db40000)
  object space 43008K, 89% used [0x730c0000,0x7567bfe0,0x75ac0000)
 PSPermGen       total 16384K, used 4352K [0x6b0c0000, 0x6c0c0000, 0x730c0000)
  object space 16384K, 26% used [0x6b0c0000,0x6b500300,0x6c0c0000)

Card table byte_map: [0x6ae7f000,0x6b0c0000] byte_map_base: 0x6ab26a00

Polling page: 0xb76d6000

Code Cache  [0xb31b3000, 0xb33f3000, 0xb61b3000)
 total_blobs=527 nmethods=404 adapters=76 free_code_cache=47593Kb largest_free_block=48664512

Compilation events (10 events):
Event: 24.487 Thread 0x679ec800 nmethod 417 0xb326be08 code [0xb326bee0, 0xb326bf30]
Event: 24.487 Thread 0x679ec800  420             com.android.dx.ssa.SsaMethod::returnSpareRegisters (6 bytes)
Event: 24.487 Thread 0x679ec800 nmethod 420 0xb32a5d08 code [0xb32a5de0, 0xb32a5e30]
Event: 24.487 Thread 0x679ec800  421             com.android.dx.ssa.DeadCodeRemover::run (194 bytes)
Event: 24.496 Thread 0x679eb400 nmethod 419 0xb326d8c8 code [0xb326d9e0, 0xb326dc50]
Event: 24.496 Thread 0x679eb400  422             com.android.dx.ssa.SsaRenamer::setNameForSsaReg (54 bytes)
Event: 24.528 Thread 0x679eb400 nmethod 422 0xb326f308 code [0xb326f460, 0xb326f7d8]
Event: 24.528 Thread 0x679eb400  423             com.android.dx.ssa.SsaRenamer$BlockRenamer$RenamingMapper::map (28 bytes)
Event: 24.529 Thread 0x679eb400 nmethod 423 0xb326ef48 code [0xb326f060, 0xb326f15c]
Event: 24.529 Thread 0x679eb400  424             com.android.dx.ssa.back.InterferenceGraph::add (46 bytes)

GC Heap History (10 events):
Event: 4.663 GC heap after
Heap after GC invocations=4 (full 0):
 PSYoungGen      total 35840K, used 2545K [0x9db40000, 0xa00c0000, 0xb30c0000)
  eden space 33280K, 0% used [0x9db40000,0x9db40000,0x9fbc0000)
  from space 2560K, 99% used [0x9fe40000,0xa00bc6a0,0xa00c0000)
  to   space 2560K, 0% used [0x9fbc0000,0x9fbc0000,0x9fe40000)
 ParOldGen       total 43008K, used 7312K [0x730c0000, 0x75ac0000, 0x9db40000)
  object space 43008K, 17% used [0x730c0000,0x737e43b8,0x75ac0000)
 PSPermGen       total 16384K, used 4231K [0x6b0c0000, 0x6c0c0000, 0x730c0000)
  object space 16384K, 25% used [0x6b0c0000,0x6b4e1fa0,0x6c0c0000)
}
Event: 7.886 GC heap before
{Heap before GC invocations=5 (full 0):
 PSYoungGen      total 35840K, used 35825K [0x9db40000, 0xa00c0000, 0xb30c0000)
  eden space 33280K, 100% used [0x9db40000,0x9fbc0000,0x9fbc0000)
  from space 2560K, 99% used [0x9fe40000,0xa00bc6a0,0xa00c0000)
  to   space 2560K, 0% used [0x9fbc0000,0x9fbc0000,0x9fe40000)
 ParOldGen       total 43008K, used 7312K [0x730c0000, 0x75ac0000, 0x9db40000)
  object space 43008K, 17% used [0x730c0000,0x737e43b8,0x75ac0000)
 PSPermGen       total 16384K, used 4257K [0x6b0c0000, 0x6c0c0000, 0x730c0000)
  object space 16384K, 25% used [0x6b0c0000,0x6b4e85f8,0x6c0c0000)
Event: 7.970 GC heap after
Heap after GC invocations=5 (full 0):
 PSYoungGen      total 35840K, used 2556K [0x9db40000, 0xa2e40000, 0xb30c0000)
  eden space 33280K, 0% used [0x9db40000,0x9db40000,0x9fbc0000)
  from space 2560K, 99% used [0x9fbc0000,0x9fe3f380,0x9fe40000)
  to   space 9216K, 0% used [0xa2540000,0xa2540000,0xa2e40000)
 ParOldGen       total 43008K, used 12414K [0x730c0000, 0x75ac0000, 0x9db40000)
  object space 43008K, 28% used [0x730c0000,0x73cdf988,0x75ac0000)
 PSPermGen       total 16384K, used 4257K [0x6b0c0000, 0x6c0c0000, 0x730c0000)
  object space 16384K, 25% used [0x6b0c0000,0x6b4e85f8,0x6c0c0000)
}
Event: 11.175 GC heap before
{Heap before GC invocations=6 (full 0):
 PSYoungGen      total 35840K, used 35836K [0x9db40000, 0xa2e40000, 0xb30c0000)
  eden space 33280K, 100% used [0x9db40000,0x9fbc0000,0x9fbc0000)
  from space 2560K, 99% used [0x9fbc0000,0x9fe3f380,0x9fe40000)
  to   space 9216K, 0% used [0xa2540000,0xa2540000,0xa2e40000)
 ParOldGen       total 43008K, used 12414K [0x730c0000, 0x75ac0000, 0x9db40000)
  object space 43008K, 28% used [0x730c0000,0x73cdf988,0x75ac0000)
 PSPermGen       total 16384K, used 4269K [0x6b0c0000, 0x6c0c0000, 0x730c0000)
  object space 16384K, 26% used [0x6b0c0000,0x6b4eb548,0x6c0c0000)
Event: 11.341 GC heap after
Heap after GC invocations=6 (full 0):
 PSYoungGen      total 74496K, used 8208K [0x9db40000, 0xa30c0000, 0xb30c0000)
  eden space 65280K, 0% used [0x9db40000,0x9db40000,0xa1b00000)
  from space 9216K, 89% used [0xa2540000,0xa2d44030,0xa2e40000)
  to   space 10496K, 0% used [0xa1b00000,0xa1b00000,0xa2540000)
 ParOldGen       total 43008K, used 12414K [0x730c0000, 0x75ac0000, 0x9db40000)
  object space 43008K, 28% used [0x730c0000,0x73cdf988,0x75ac0000)
 PSPermGen       total 16384K, used 4269K [0x6b0c0000, 0x6c0c0000, 0x730c0000)
  object space 16384K, 26% used [0x6b0c0000,0x6b4eb548,0x6c0c0000)
}
Event: 15.604 GC heap before
{Heap before GC invocations=7 (full 0):
 PSYoungGen      total 74496K, used 73488K [0x9db40000, 0xa30c0000, 0xb30c0000)
  eden space 65280K, 100% used [0x9db40000,0xa1b00000,0xa1b00000)
  from space 9216K, 89% used [0xa2540000,0xa2d44030,0xa2e40000)
  to   space 10496K, 0% used [0xa1b00000,0xa1b00000,0xa2540000)
 ParOldGen       total 43008K, used 12414K [0x730c0000, 0x75ac0000, 0x9db40000)
  object space 43008K, 28% used [0x730c0000,0x73cdf988,0x75ac0000)
 PSPermGen       total 16384K, used 4297K [0x6b0c0000, 0x6c0c0000, 0x730c0000)
  object space 16384K, 26% used [0x6b0c0000,0x6b4f2648,0x6c0c0000)
Event: 15.693 GC heap after
Heap after GC invocations=7 (full 0):
 PSYoungGen      total 75776K, used 10490K [0x9db40000, 0xa7ac0000, 0xb30c0000)
  eden space 65280K, 0% used [0x9db40000,0x9db40000,0xa1b00000)
  from space 10496K, 99% used [0xa1b00000,0xa253e828,0xa2540000)
  to   space 16384K, 0% used [0xa6ac0000,0xa6ac0000,0xa7ac0000)
 ParOldGen       total 43008K, used 20198K [0x730c0000, 0x75ac0000, 0x9db40000)
  object space 43008K, 46% used [0x730c0000,0x74479ab8,0x75ac0000)
 PSPermGen       total 16384K, used 4297K [0x6b0c0000, 0x6c0c0000, 0x730c0000)
  object space 16384K, 26% used [0x6b0c0000,0x6b4f2648,0x6c0c0000)
}
Event: 19.130 GC heap before
{Heap before GC invocations=8 (full 0):
 PSYoungGen      total 75776K, used 75770K [0x9db40000, 0xa7ac0000, 0xb30c0000)
  eden space 65280K, 100% used [0x9db40000,0xa1b00000,0xa1b00000)
  from space 10496K, 99% used [0xa1b00000,0xa253e828,0xa2540000)
  to   space 16384K, 0% used [0xa6ac0000,0xa6ac0000,0xa7ac0000)
 ParOldGen       total 43008K, used 20198K [0x730c0000, 0x75ac0000, 0x9db40000)
  object space 43008K, 46% used [0x730c0000,0x74479ab8,0x75ac0000)
 PSPermGen       total 16384K, used 4316K [0x6b0c0000, 0x6c0c0000, 0x730c0000)
  object space 16384K, 26% used [0x6b0c0000,0x6b4f7098,0x6c0c0000)
Event: 19.256 GC heap after
Heap after GC invocations=8 (full 0):
 PSYoungGen      total 142336K, used 16377K [0x9db40000, 0xa83c0000, 0xb30c0000)
  eden space 125952K, 0% used [0x9db40000,0x9db40000,0xa5640000)
  from space 16384K, 99% used [0xa6ac0000,0xa7abe610,0xa7ac0000)
  to   space 20992K, 0% used [0xa5640000,0xa5640000,0xa6ac0000)
 ParOldGen       total 43008K, used 24432K [0x730c0000, 0x75ac0000, 0x9db40000)
  object space 43008K, 56% used [0x730c0000,0x7489c110,0x75ac0000)
 PSPermGen       total 16384K, used 4316K [0x6b0c0000, 0x6c0c0000, 0x730c0000)
  object space 16384K, 26% used [0x6b0c0000,0x6b4f7098,0x6c0c0000)
}
Event: 24.559 GC heap before
{Heap before GC invocations=9 (full 0):
 PSYoungGen      total 142336K, used 142329K [0x9db40000, 0xa83c0000, 0xb30c0000)
  eden space 125952K, 100% used [0x9db40000,0xa5640000,0xa5640000)
  from space 16384K, 99% used [0xa6ac0000,0xa7abe610,0xa7ac0000)
  to   space 20992K, 0% used [0xa5640000,0xa5640000,0xa6ac0000)
 ParOldGen       total 43008K, used 24432K [0x730c0000, 0x75ac0000, 0x9db40000)
  object space 43008K, 56% used [0x730c0000,0x7489c110,0x75ac0000)
 PSPermGen       total 16384K, used 4352K [0x6b0c0000, 0x6c0c0000, 0x730c0000)
  object space 16384K, 26% used [0x6b0c0000,0x6b500300,0x6c0c0000)

Deoptimization events (10 events):
Event: 13.284 Thread 0x67044c00 Uncommon trap: reason=unstable_if action=reinterpret pc=0xb3267824 method=com.android.dx.ssa.SCCP.simulateBranch(Lcom/android/dx/ssa/SsaInsn;)V @ 548
Event: 15.704 Thread 0xb6208400 Uncommon trap: reason=null_check action=make_not_entrant pc=0xb32cfad4 method=com.android.dx.cf.code.Ropper$CatchInfo.getSetup(Lcom/android/dx/rop/type/Type;)Lcom/android/dx/cf/code/Ropper$ExceptionHandlerSetup; @ 10
Event: 16.862 Thread 0x67046000 Uncommon trap: reason=unstable_if action=reinterpret pc=0xb32dae34 method=java.util.BitSet.ensureCapacity(I)V @ 6
Event: 18.575 Thread 0xb6208400 Uncommon trap: reason=unstable_if action=reinterpret pc=0xb32702f4 method=com.android.dx.ssa.Dominators.run()V @ 346
Event: 18.687 Thread 0xb6208400 Uncommon trap: reason=unstable_if action=reinterpret pc=0xb32a7860 method=com.android.dx.ssa.SCCP.simulateStmt(Lcom/android/dx/ssa/SsaInsn;)V @ 59
Event: 20.830 Thread 0x67046000 Uncommon trap: reason=bimorphic action=maybe_recompile pc=0xb3302950 method=com.android.dx.cf.code.BytecodeArray.parseInstruction(ILcom/android/dx/cf/code/BytecodeArray$Visitor;)I @ 971
Event: 20.830 Thread 0x67046000 Uncommon trap: reason=bimorphic action=maybe_recompile pc=0xb3302950 method=com.android.dx.cf.code.BytecodeArray.parseInstruction(ILcom/android/dx/cf/code/BytecodeArray$Visitor;)I @ 971
Event: 22.803 Thread 0x6703fc00 Uncommon trap: reason=bimorphic action=maybe_recompile pc=0xb3302e60 method=com.android.dx.cf.code.BytecodeArray.parseInstruction(ILcom/android/dx/cf/code/BytecodeArray$Visitor;)I @ 1161
Event: 22.803 Thread 0x6703fc00 Uncommon trap: reason=bimorphic action=maybe_recompile pc=0xb3302bb8 method=com.android.dx.cf.code.BytecodeArray.parseInstruction(ILcom/android/dx/cf/code/BytecodeArray$Visitor;)I @ 1035
Event: 22.803 Thread 0x6703fc00 Uncommon trap: reason=bimorphic action=maybe_recompile pc=0xb3302950 method=com.android.dx.cf.code.BytecodeArray.parseInstruction(ILcom/android/dx/cf/code/BytecodeArray$Visitor;)I @ 971

Internal exceptions (10 events):
Event: 1.260 Thread 0x67046000 Threw 0x9e39e060 at /build/openjdk-7-PdBaKN/openjdk-7-7u91-2.6.3/build/openjdk/hotspot/src/share/vm/prims/jvm.cpp:1322
Event: 1.535 Thread 0x67046000 Threw 0x9e6fb900 at /build/openjdk-7-PdBaKN/openjdk-7-7u91-2.6.3/build/openjdk/hotspot/src/share/vm/prims/jvm.cpp:1322
Event: 1.625 Thread 0xb6208400 Threw 0x9e782c28 at /build/openjdk-7-PdBaKN/openjdk-7-7u91-2.6.3/build/openjdk/hotspot/src/share/vm/prims/jvm.cpp:1322
Event: 2.249 Thread 0x67046000 Threw 0x9dba7bf8 at /build/openjdk-7-PdBaKN/openjdk-7-7u91-2.6.3/build/openjdk/hotspot/src/share/vm/prims/jvm.cpp:1322
Event: 3.205 Thread 0xb6208400 Implicit null exception at 0xb32307a2 to 0xb3230d2d
Event: 5.015 Thread 0xb6208400 Threw 0x9df7b178 at /build/openjdk-7-PdBaKN/openjdk-7-7u91-2.6.3/build/openjdk/hotspot/src/share/vm/prims/jvm.cpp:1322
Event: 5.933 Thread 0x67046000 Threw 0x9e99fa00 at /build/openjdk-7-PdBaKN/openjdk-7-7u91-2.6.3/build/openjdk/hotspot/src/share/vm/prims/jvm.cpp:1322
Event: 6.383 Thread 0x67044c00 Threw 0x9ef50570 at /build/openjdk-7-PdBaKN/openjdk-7-7u91-2.6.3/build/openjdk/hotspot/src/share/vm/prims/jvm.cpp:1322
Event: 14.574 Thread 0xb6208400 Threw 0xa0ab5330 at /build/openjdk-7-PdBaKN/openjdk-7-7u91-2.6.3/build/openjdk/hotspot/src/share/vm/prims/jvm.cpp:1322
Event: 15.704 Thread 0xb6208400 Implicit null exception at 0xb32cc78c to 0xb32cfaa1

Events (10 events):
Event: 22.803 Thread 0x6703fc00 DEOPT PACKING pc=0xb3302bb8 sp=0x66ae4ac0
Event: 22.803 Thread 0x6703fc00 DEOPT UNPACKING pc=0xb31dfbc8 sp=0x66ae4ac4 mode 2
Event: 22.803 Thread 0x6703fc00 Uncommon trap: trap_request=0xffffffc6 fr.pc=0xb3302950
Event: 22.803 Thread 0x6703fc00 DEOPT PACKING pc=0xb3302950 sp=0x66ae4ac0
Event: 22.803 Thread 0x6703fc00 DEOPT UNPACKING pc=0xb31dfbc8 sp=0x66ae4ac4 mode 2
Event: 23.287 Thread 0x679eb400 flushing nmethod 0xb32ca0c8
Event: 23.523 Thread 0x679ec800 flushing nmethod 0xb326d548
Event: 23.543 Thread 0x679ec800 flushing nmethod 0xb32a5d08
Event: 23.548 Thread 0x679ec800 flushing nmethod 0xb32d9408
Event: 24.541 Executing VM operation: ParallelGCFailedAllocation


Dynamic libraries:
08048000-08049000 r-xp 00000000 08:01 804961     /usr/lib/jvm/java-7-openjdk-i386/jre/bin/java
08049000-0804a000 r--p 00000000 08:01 804961     /usr/lib/jvm/java-7-openjdk-i386/jre/bin/java
0804a000-0804b000 rw-p 00001000 08:01 804961     /usr/lib/jvm/java-7-openjdk-i386/jre/bin/java
09939000-099e8000 rw-p 00000000 00:00 0          [heap]
64900000-64958000 rw-p 00000000 00:00 0 
64958000-64a00000 ---p 00000000 00:00 0 
64d00000-64dfd000 rw-p 00000000 00:00 0 
64dfd000-64e00000 ---p 00000000 00:00 0 
64f00000-64ffc000 rw-p 00000000 00:00 0 
64ffc000-65000000 ---p 00000000 00:00 0 
65000000-650e9000 rw-p 00000000 00:00 0 
650e9000-65100000 ---p 00000000 00:00 0 
65100000-651fc000 rw-p 00000000 00:00 0 
651fc000-65200000 ---p 00000000 00:00 0 
65200000-652fc000 rw-p 00000000 00:00 0 
652fc000-65300000 ---p 00000000 00:00 0 
65300000-653de000 rw-p 00000000 00:00 0 
653de000-65400000 ---p 00000000 00:00 0 
65400000-654fb000 rw-p 00000000 00:00 0 
654fb000-65500000 ---p 00000000 00:00 0 
65600000-656fe000 rw-p 00000000 00:00 0 
656fe000-65700000 ---p 00000000 00:00 0 
65700000-657f9000 rw-p 00000000 00:00 0 
657f9000-65800000 ---p 00000000 00:00 0 
65800000-658fe000 rw-p 00000000 00:00 0 
658fe000-65900000 ---p 00000000 00:00 0 
65a00000-65afe000 rw-p 00000000 00:00 0 
65afe000-65b00000 ---p 00000000 00:00 0 
65c00000-65cfe000 rw-p 00000000 00:00 0 
65cfe000-65d00000 ---p 00000000 00:00 0 
65e00000-65ef7000 rw-p 00000000 00:00 0 
65ef7000-65f00000 ---p 00000000 00:00 0 
65f00000-65ffe000 rw-p 00000000 00:00 0 
65ffe000-66000000 ---p 00000000 00:00 0 
66000000-660f8000 rw-p 00000000 00:00 0 
660f8000-66100000 ---p 00000000 00:00 0 
66100000-661ed000 rw-p 00000000 00:00 0 
661ed000-66200000 ---p 00000000 00:00 0 
66200000-662ff000 rw-p 00000000 00:00 0 
662ff000-66300000 ---p 00000000 00:00 0 
66300000-663f5000 rw-p 00000000 00:00 0 
663f5000-66400000 ---p 00000000 00:00 0 
66400000-664fd000 rw-p 00000000 00:00 0 
664fd000-66500000 ---p 00000000 00:00 0 
66500000-665f0000 rw-p 00000000 00:00 0 
665f0000-66600000 ---p 00000000 00:00 0 
66600000-666ff000 rw-p 00000000 00:00 0 
666ff000-66700000 ---p 00000000 00:00 0 
66800000-668fc000 rw-p 00000000 00:00 0 
668fc000-66900000 ---p 00000000 00:00 0 
66951000-66954000 ---p 00000000 00:00 0 
66954000-669a2000 rw-p 00000000 00:00 0          [stack:14089]
669a2000-669a5000 ---p 00000000 00:00 0 
669a5000-669f3000 rw-p 00000000 00:00 0          [stack:14088]
669f3000-669f6000 ---p 00000000 00:00 0 
669f6000-66a44000 rw-p 00000000 00:00 0          [stack:14087]
66a44000-66a47000 ---p 00000000 00:00 0 
66a47000-66a95000 rw-p 00000000 00:00 0          [stack:14086]
66a95000-66a98000 ---p 00000000 00:00 0 
66a98000-66ca7000 rw-p 00000000 00:00 0          [stack:14085]
66ca7000-66d17000 r-xp 00000000 08:01 394656     /lib/i386-linux-gnu/libpcre.so.3.13.1
66d17000-66d18000 r--p 0006f000 08:01 394656     /lib/i386-linux-gnu/libpcre.so.3.13.1
66d18000-66d19000 rw-p 00070000 08:01 394656     /lib/i386-linux-gnu/libpcre.so.3.13.1
66d19000-66e3f000 r-xp 00000000 08:01 394573     /lib/i386-linux-gnu/libglib-2.0.so.0.4400.0
66e3f000-66e40000 r--p 00125000 08:01 394573     /lib/i386-linux-gnu/libglib-2.0.so.0.4400.0
66e40000-66e41000 rw-p 00126000 08:01 394573     /lib/i386-linux-gnu/libglib-2.0.so.0.4400.0
66e41000-66ffa000 r-xp 00000000 08:01 137357     /usr/lib/i386-linux-gnu/libgio-2.0.so.0.4400.0
66ffa000-66ffd000 r--p 001b8000 08:01 137357     /usr/lib/i386-linux-gnu/libgio-2.0.so.0.4400.0
66ffd000-66fff000 rw-p 001bb000 08:01 137357     /usr/lib/i386-linux-gnu/libgio-2.0.so.0.4400.0
66fff000-67000000 rw-p 00000000 00:00 0 
67000000-67072000 rw-p 00000000 00:00 0 
67072000-67100000 ---p 00000000 00:00 0 
6711a000-6712e000 r-xp 00000000 08:01 394679     /lib/i386-linux-gnu/libresolv-2.21.so
6712e000-67130000 r--p 00013000 08:01 394679     /lib/i386-linux-gnu/libresolv-2.21.so
67130000-67131000 rw-p 00015000 08:01 394679     /lib/i386-linux-gnu/libresolv-2.21.so
67131000-67133000 rw-p 00000000 00:00 0 
67133000-6718e000 r-xp 00000000 08:01 137385     /usr/lib/i386-linux-gnu/libgobject-2.0.so.0.4400.0
6718e000-6718f000 r--p 0005b000 08:01 137385     /usr/lib/i386-linux-gnu/libgobject-2.0.so.0.4400.0
6718f000-67190000 rw-p 0005c000 08:01 137385     /usr/lib/i386-linux-gnu/libgobject-2.0.so.0.4400.0
67190000-67191000 ---p 00000000 00:00 0 
67191000-67211000 rw-p 00000000 00:00 0          [stack:14073]
67211000-67214000 ---p 00000000 00:00 0 
67214000-67262000 rw-p 00000000 00:00 0          [stack:14072]
67262000-67265000 ---p 00000000 00:00 0 
67265000-672e3000 rw-p 00000000 00:00 0          [stack:14071]
672e3000-672e6000 ---p 00000000 00:00 0 
672e6000-67364000 rw-p 00000000 00:00 0          [stack:14070]
67364000-674ab000 r-xp 00000000 08:01 136931     /usr/lib/i386-linux-gnu/libX11.so.6.3.0
674ab000-674ac000 r--p 00146000 08:01 136931     /usr/lib/i386-linux-gnu/libX11.so.6.3.0
674ac000-674ae000 rw-p 00147000 08:01 136931     /usr/lib/i386-linux-gnu/libX11.so.6.3.0
674ae000-674af000 rw-p 00000000 00:00 0 
674af000-674b2000 ---p 00000000 00:00 0 
674b2000-67500000 rw-p 00000000 00:00 0          [stack:14062]
67500000-67700000 r--p 00000000 08:01 143362     /usr/lib/locale/locale-archive
67700000-677f6000 rw-p 00000000 00:00 0 
677f6000-67800000 ---p 00000000 00:00 0 
67800000-67821000 rw-p 00000000 00:00 0 
67821000-67900000 ---p 00000000 00:00 0 
67900000-67a00000 rw-p 00000000 00:00 0 
67a0f000-67a33000 r-xp 00000000 08:01 394683     /lib/i386-linux-gnu/libselinux.so.1
67a33000-67a34000 r--p 00024000 08:01 394683     /lib/i386-linux-gnu/libselinux.so.1
67a34000-67a35000 rw-p 00025000 08:01 394683     /lib/i386-linux-gnu/libselinux.so.1
67a35000-67a36000 rw-p 00000000 00:00 0 
67a4d000-67a4e000 ---p 00000000 00:00 0 
67a4e000-67ace000 rw-p 00000000 00:00 0          [stack:14052]
67ace000-67c80000 r--s 01d2e000 08:01 804984     /usr/lib/jvm/java-7-openjdk-i386/jre/lib/rt.jar
67c80000-6a500000 rw-p 00000000 00:00 0 
6a500000-6a5fc000 rw-p 00000000 00:00 0 
6a5fc000-6a600000 ---p 00000000 00:00 0 
6a615000-6a62c000 r-xp 00000000 08:01 805027     /usr/lib/jvm/java-7-openjdk-i386/jre/lib/i386/libnet.so
6a62c000-6a62d000 r--p 00016000 08:01 805027     /usr/lib/jvm/java-7-openjdk-i386/jre/lib/i386/libnet.so
6a62d000-6a62e000 rw-p 00017000 08:01 805027     /usr/lib/jvm/java-7-openjdk-i386/jre/lib/i386/libnet.so
6a62e000-6a631000 ---p 00000000 00:00 0 
6a631000-6a67f000 rw-p 00000000 00:00 0          [stack:14054]
6a67f000-6a680000 ---p 00000000 00:00 0 
6a680000-6a700000 rw-p 00000000 00:00 0          [stack:14043]
6a700000-6a721000 rw-p 00000000 00:00 0 
6a721000-6a800000 ---p 00000000 00:00 0 
6a80c000-6a82c000 r-xp 00000000 08:01 138125     /usr/lib/i386-linux-gnu/libxcb.so.1.1.0
6a82c000-6a82d000 r--p 0001f000 08:01 138125     /usr/lib/i386-linux-gnu/libxcb.so.1.1.0
6a82d000-6a82e000 rw-p 00020000 08:01 138125     /usr/lib/i386-linux-gnu/libxcb.so.1.1.0
6a82e000-6a831000 ---p 00000000 00:00 0 
6a831000-6a87f000 rw-p 00000000 00:00 0          [stack:14053]
6a87f000-6a880000 ---p 00000000 00:00 0 
6a880000-6a900000 rw-p 00000000 00:00 0          [stack:14041]
6a900000-6a921000 rw-p 00000000 00:00 0 
6a921000-6aa00000 ---p 00000000 00:00 0 
6aa00000-6aa07000 r-xp 00000000 08:01 137254     /usr/lib/i386-linux-gnu/libffi.so.6.0.4
6aa07000-6aa09000 r--p 00006000 08:01 137254     /usr/lib/i386-linux-gnu/libffi.so.6.0.4
6aa09000-6aa0a000 rw-p 00008000 08:01 137254     /usr/lib/i386-linux-gnu/libffi.so.6.0.4
6aa0a000-6aa0d000 r-xp 00000000 08:01 137371     /usr/lib/i386-linux-gnu/libgmodule-2.0.so.0.4400.0
6aa0d000-6aa0e000 r--p 00002000 08:01 137371     /usr/lib/i386-linux-gnu/libgmodule-2.0.so.0.4400.0
6aa0e000-6aa0f000 rw-p 00003000 08:01 137371     /usr/lib/i386-linux-gnu/libgmodule-2.0.so.0.4400.0
6aa0f000-6aa1f000 r-xp 00000000 08:01 804991     /usr/lib/jvm/java-7-openjdk-i386/jre/lib/i386/libnio.so
6aa1f000-6aa20000 r--p 00010000 08:01 804991     /usr/lib/jvm/java-7-openjdk-i386/jre/lib/i386/libnio.so
6aa20000-6aa21000 rw-p 00011000 08:01 804991     /usr/lib/jvm/java-7-openjdk-i386/jre/lib/i386/libnio.so
6aa21000-6aa36000 r--s 000e5000 08:01 941706     /home/student/test/Pedometer/app/build/intermediates/exploded-aar/com.android.support/support-v4/23.1.1/jars/classes.jar
6aa36000-6aa7f000 rw-p 00000000 00:00 0 
6aa7f000-6aa80000 ---p 00000000 00:00 0 
6aa80000-6ab00000 rw-p 00000000 00:00 0          [stack:14040]
6ab00000-6ab2b000 rw-p 00000000 00:00 0 
6ab2b000-6ac00000 ---p 00000000 00:00 0 
6ac02000-6ac07000 r-xp 00000000 08:01 136946     /usr/lib/i386-linux-gnu/libXdmcp.so.6.0.0
6ac07000-6ac08000 r--p 00004000 08:01 136946     /usr/lib/i386-linux-gnu/libXdmcp.so.6.0.0
6ac08000-6ac09000 rw-p 00005000 08:01 136946     /usr/lib/i386-linux-gnu/libXdmcp.so.6.0.0
6ac09000-6ac0b000 r-xp 00000000 08:01 136935     /usr/lib/i386-linux-gnu/libXau.so.6.0.0
6ac0b000-6ac0c000 r--p 00001000 08:01 136935     /usr/lib/i386-linux-gnu/libXau.so.6.0.0
6ac0c000-6ac0d000 rw-p 00002000 08:01 136935     /usr/lib/i386-linux-gnu/libXau.so.6.0.0
6ac0d000-6ac68000 rw-p 00000000 00:00 0 
6ac68000-6ac69000 ---p 00000000 00:00 0 
6ac69000-6acf1000 rw-p 00000000 00:00 0          [stack:14030]
6acf1000-6ad29000 rw-p 00000000 00:00 0 
6ad29000-6ad3e000 rw-p 00000000 00:00 0 
6ad3e000-6ae7f000 rw-p 00000000 00:00 0 
6ae7f000-6ae87000 rw-p 00000000 00:00 0 
6ae87000-6aebf000 rw-p 00000000 00:00 0 
6aebf000-6aed4000 rw-p 00000000 00:00 0 
6aed4000-6b014000 rw-p 00000000 00:00 0 
6b014000-6b069000 rw-p 00000000 00:00 0 
6b069000-6b0bf000 rw-p 00000000 00:00 0 
6b0bf000-6c0c0000 rw-p 00000000 00:00 0 
6c0c0000-730c0000 rw-p 00000000 00:00 0 
730c0000-75ac0000 rw-p 00000000 00:00 0 
75ac0000-9db40000 rw-p 00000000 00:00 0 
9db40000-a83c0000 rw-p 00000000 00:00 0 
adbc0000-b30c0000 rw-p 00000000 00:00 0 
b30c0000-b30c2000 r-xp 00000000 08:01 141618     /usr/lib/jayatana/libjayatanaag.so
b30c2000-b30c3000 r--p 00001000 08:01 141618     /usr/lib/jayatana/libjayatanaag.so
b30c3000-b30c4000 rw-p 00002000 08:01 141618     /usr/lib/jayatana/libjayatanaag.so
b30c4000-b30c5000 r--s 00000000 08:01 414147     /usr/share/java/jayatanaag.jar
b30c5000-b30d4000 r--s 000df000 08:01 1068117    /home/student/Android/Sdk/build-tools/23.0.2/lib/dx.jar
b30d4000-b30d8000 r--s 00085000 08:01 804976     /usr/lib/jvm/java-7-openjdk-i386/jre/lib/ext/localedata.jar
b30d8000-b30fc000 rw-p 00000000 00:00 0 
b30fc000-b31b3000 rw-p 00000000 00:00 0 
b31b3000-b33f3000 rwxp 00000000 00:00 0 
b33f3000-b61b3000 rw-p 00000000 00:00 0 
b61b3000-b61bf000 r-xp 00000000 08:01 394626     /lib/i386-linux-gnu/libnss_files-2.21.so
b61bf000-b61c0000 r--p 0000b000 08:01 394626     /lib/i386-linux-gnu/libnss_files-2.21.so
b61c0000-b61c1000 rw-p 0000c000 08:01 394626     /lib/i386-linux-gnu/libnss_files-2.21.so
b61c1000-b61cc000 r-xp 00000000 08:01 394636     /lib/i386-linux-gnu/libnss_nis-2.21.so
b61cc000-b61cd000 r--p 0000a000 08:01 394636     /lib/i386-linux-gnu/libnss_nis-2.21.so
b61cd000-b61ce000 rw-p 0000b000 08:01 394636     /lib/i386-linux-gnu/libnss_nis-2.21.so
b61ce000-b61e5000 r-xp 00000000 08:01 394620     /lib/i386-linux-gnu/libnsl-2.21.so
b61e5000-b61e6000 r--p 00016000 08:01 394620     /lib/i386-linux-gnu/libnsl-2.21.so
b61e6000-b61e7000 rw-p 00017000 08:01 394620     /lib/i386-linux-gnu/libnsl-2.21.so
b61e7000-b61e9000 rw-p 00000000 00:00 0 
b61e9000-b61ec000 r--s 0000f000 08:01 804977     /usr/lib/jvm/java-7-openjdk-i386/jre/lib/ext/icedtea-sound.jar
b61ec000-b61f0000 r--s 00034000 08:01 804978     /usr/lib/jvm/java-7-openjdk-i386/jre/lib/ext/sunjce_provider.jar
b61f0000-b61f4000 r--s 0003c000 08:01 804979     /usr/lib/jvm/java-7-openjdk-i386/jre/lib/ext/sunpkcs11.jar
b61f4000-b61f6000 r--s 00012000 08:01 804975     /usr/lib/jvm/java-7-openjdk-i386/jre/lib/ext/zipfs.jar
b61f6000-b61fe000 r-xp 00000000 08:01 804995     /usr/lib/jvm/java-7-openjdk-i386/jre/lib/i386/libzip.so
b61fe000-b61ff000 r--p 00007000 08:01 804995     /usr/lib/jvm/java-7-openjdk-i386/jre/lib/i386/libzip.so
b61ff000-b6200000 rw-p 00008000 08:01 804995     /usr/lib/jvm/java-7-openjdk-i386/jre/lib/i386/libzip.so
b6200000-b6300000 rw-p 00000000 00:00 0 
b6300000-b6308000 rw-s 00000000 08:01 429182     /tmp/hsperfdata_student/14023
b6308000-b6310000 r-xp 00000000 08:01 394622     /lib/i386-linux-gnu/libnss_compat-2.21.so
b6310000-b6311000 r--p 00007000 08:01 394622     /lib/i386-linux-gnu/libnss_compat-2.21.so
b6311000-b6312000 rw-p 00008000 08:01 394622     /lib/i386-linux-gnu/libnss_compat-2.21.so
b6312000-b631c000 r-xp 00000000 08:01 805017     /usr/lib/jvm/java-7-openjdk-i386/jre/lib/i386/libinstrument.so
b631c000-b631d000 r--p 00009000 08:01 805017     /usr/lib/jvm/java-7-openjdk-i386/jre/lib/i386/libinstrument.so
b631d000-b631e000 rw-p 0000a000 08:01 805017     /usr/lib/jvm/java-7-openjdk-i386/jre/lib/i386/libinstrument.so
b631e000-b6344000 r-xp 00000000 08:01 805003     /usr/lib/jvm/java-7-openjdk-i386/jre/lib/i386/libjava.so
b6344000-b6345000 r--p 00025000 08:01 805003     /usr/lib/jvm/java-7-openjdk-i386/jre/lib/i386/libjava.so
b6345000-b6346000 rw-p 00026000 08:01 805003     /usr/lib/jvm/java-7-openjdk-i386/jre/lib/i386/libjava.so
b6346000-b634d000 r-xp 00000000 08:01 394681     /lib/i386-linux-gnu/librt-2.21.so
b634d000-b634e000 r--p 00006000 08:01 394681     /lib/i386-linux-gnu/librt-2.21.so
b634e000-b634f000 rw-p 00007000 08:01 394681     /lib/i386-linux-gnu/librt-2.21.so
b634f000-b6352000 ---p 00000000 00:00 0 
b6352000-b63a0000 rw-p 00000000 00:00 0          [stack:14028]
b63a0000-b63bc000 r-xp 00000000 08:01 394569     /lib/i386-linux-gnu/libgcc_s.so.1
b63bc000-b63bd000 rw-p 0001b000 08:01 394569     /lib/i386-linux-gnu/libgcc_s.so.1
b63bd000-b6408000 r-xp 00000000 08:01 394599     /lib/i386-linux-gnu/libm-2.21.so
b6408000-b6409000 r--p 0004a000 08:01 394599     /lib/i386-linux-gnu/libm-2.21.so
b6409000-b640a000 rw-p 0004b000 08:01 394599     /lib/i386-linux-gnu/libm-2.21.so
b640a000-b64f3000 r-xp 00000000 08:01 137921     /usr/lib/i386-linux-gnu/libstdc++.so.6.0.20
b64f3000-b64f7000 r--p 000e9000 08:01 137921     /usr/lib/i386-linux-gnu/libstdc++.so.6.0.20
b64f7000-b64f8000 rw-p 000ed000 08:01 137921     /usr/lib/i386-linux-gnu/libstdc++.so.6.0.20
b64f8000-b64ff000 rw-p 00000000 00:00 0 
b64ff000-b7052000 r-xp 00000000 08:01 805013     /usr/lib/jvm/java-7-openjdk-i386/jre/lib/i386/server/libjvm.so
b7052000-b70a6000 r--p 00b52000 08:01 805013     /usr/lib/jvm/java-7-openjdk-i386/jre/lib/i386/server/libjvm.so
b70a6000-b70ba000 rw-p 00ba6000 08:01 805013     /usr/lib/jvm/java-7-openjdk-i386/jre/lib/i386/server/libjvm.so
b70ba000-b74d9000 rw-p 00000000 00:00 0 
b74d9000-b74f2000 r-xp 00000000 08:01 394714     /lib/i386-linux-gnu/libz.so.1.2.8
b74f2000-b74f3000 r--p 00019000 08:01 394714     /lib/i386-linux-gnu/libz.so.1.2.8
b74f3000-b74f4000 rw-p 0001a000 08:01 394714     /lib/i386-linux-gnu/libz.so.1.2.8
b74f4000-b750d000 r-xp 00000000 08:01 394673     /lib/i386-linux-gnu/libpthread-2.21.so
b750d000-b750e000 r--p 00018000 08:01 394673     /lib/i386-linux-gnu/libpthread-2.21.so
b750e000-b750f000 rw-p 00019000 08:01 394673     /lib/i386-linux-gnu/libpthread-2.21.so
b750f000-b7511000 rw-p 00000000 00:00 0 
b7511000-b7514000 r-xp 00000000 08:01 394557     /lib/i386-linux-gnu/libdl-2.21.so
b7514000-b7515000 r--p 00002000 08:01 394557     /lib/i386-linux-gnu/libdl-2.21.so
b7515000-b7516000 rw-p 00003000 08:01 394557     /lib/i386-linux-gnu/libdl-2.21.so
b7516000-b76ca000 r-xp 00000000 08:01 394540     /lib/i386-linux-gnu/libc-2.21.so
b76ca000-b76cd000 r--p 001b3000 08:01 394540     /lib/i386-linux-gnu/libc-2.21.so
b76cd000-b76cf000 rw-p 001b6000 08:01 394540     /lib/i386-linux-gnu/libc-2.21.so
b76cf000-b76d1000 rw-p 00000000 00:00 0 
b76d1000-b76d2000 r--s 00002000 08:01 804980     /usr/lib/jvm/java-7-openjdk-i386/jre/lib/ext/dnsns.jar
b76d2000-b76d4000 r--s 00006000 08:01 399091     /usr/share/java/java-atk-wrapper.jar
b76d4000-b76d5000 r--p 005e0000 08:01 143362     /usr/lib/locale/locale-archive
b76d5000-b76d6000 rw-p 00000000 00:00 0 
b76d6000-b76d7000 ---p 00000000 00:00 0 
b76d7000-b76e5000 r-xp 00000000 08:01 805022     /usr/lib/jvm/java-7-openjdk-i386/jre/lib/i386/libverify.so
b76e5000-b76e7000 r--p 0000d000 08:01 805022     /usr/lib/jvm/java-7-openjdk-i386/jre/lib/i386/libverify.so
b76e7000-b76e8000 rw-p 0000f000 08:01 805022     /usr/lib/jvm/java-7-openjdk-i386/jre/lib/i386/libverify.so
b76e8000-b76f4000 r-xp 00000000 08:01 805024     /usr/lib/jvm/java-7-openjdk-i386/jre/lib/i386/jli/libjli.so
b76f4000-b76f5000 r--p 0000b000 08:01 805024     /usr/lib/jvm/java-7-openjdk-i386/jre/lib/i386/jli/libjli.so
b76f5000-b76f6000 rw-p 0000c000 08:01 805024     /usr/lib/jvm/java-7-openjdk-i386/jre/lib/i386/jli/libjli.so
b76f6000-b76f9000 rw-p 00000000 00:00 0 
b76f9000-b76fb000 r--p 00000000 00:00 0          [vvar]
b76fb000-b76fc000 r-xp 00000000 00:00 0          [vdso]
b76fc000-b771e000 r-xp 00000000 08:01 394512     /lib/i386-linux-gnu/ld-2.21.so
b771e000-b771f000 r--p 00021000 08:01 394512     /lib/i386-linux-gnu/ld-2.21.so
b771f000-b7720000 rw-p 00022000 08:01 394512     /lib/i386-linux-gnu/ld-2.21.so
bfef3000-bfef4000 rwxp 00000000 00:00 0 
bff25000-bff47000 rw-p 00000000 00:00 0          [stack]

VM Arguments:
jvm_args: -javaagent:/usr/share/java/jayatanaag.jar -Djava.awt.headless=true -Xmx1024M -Dfile.encoding=UTF-8 -Duser.country=US -Duser.language=en -Duser.variant 
java_command: com.android.dx.command.Main --dex --num-threads=4 --output /home/student/test/Pedometer/app/build/intermediates/pre-dexed/debug/com.android.support-support-v4-23.1.1_12beaacf3527bbe5452b9d2f71ebe9eaf1a78760.jar /home/student/test/Pedometer/app/build/intermediates/exploded-aar/com.android.support/support-v4/23.1.1/jars/classes.jar
Launcher Type: SUN_STANDARD

Environment Variables:
JAVA_TOOL_OPTIONS=-javaagent:/usr/share/java/jayatanaag.jar 
PATH=/home/student/.linuxbrew/bin:/usr/local/sbin:/usr/local/bin:/usr/sbin:/usr/bin:/sbin:/bin:/usr/games:/usr/local/games:/etc/android-studio/bin/:/home/student/Android/Sdk/platform-tools:/home/student/Android/Sdk/tools
LD_LIBRARY_PATH=/etc/android-studio/bin:
SHELL=/bin/bash
DISPLAY=:0

Signal Handlers:
SIGSEGV: [libjvm.so+0x7f7d00], sa_mask[0]=0x7ffbfeff, sa_flags=0x10000004
SIGBUS: [libjvm.so+0x7f7d00], sa_mask[0]=0x7ffbfeff, sa_flags=0x10000004
SIGFPE: [libjvm.so+0x67a9d0], sa_mask[0]=0x7ffbfeff, sa_flags=0x10000004
SIGPIPE: [libjvm.so+0x67a9d0], sa_mask[0]=0x7ffbfeff, sa_flags=0x10000004
SIGXFSZ: [libjvm.so+0x67a9d0], sa_mask[0]=0x7ffbfeff, sa_flags=0x10000004
SIGILL: [libjvm.so+0x67a9d0], sa_mask[0]=0x7ffbfeff, sa_flags=0x10000004
SIGUSR1: SIG_DFL, sa_mask[0]=0x00000000, sa_flags=0x00000000
SIGUSR2: [libjvm.so+0x67a820], sa_mask[0]=0x00000004, sa_flags=0x10000004
SIGHUP: [libjvm.so+0x67aa80], sa_mask[0]=0x7ffbfeff, sa_flags=0x10000004
SIGINT: [libjvm.so+0x67aa80], sa_mask[0]=0x7ffbfeff, sa_flags=0x10000004
SIGTERM: [libjvm.so+0x67aa80], sa_mask[0]=0x7ffbfeff, sa_flags=0x10000004
SIGQUIT: [libjvm.so+0x67aa80], sa_mask[0]=0x7ffbfeff, sa_flags=0x10000004
SIGTRAP: SIG_DFL, sa_mask[0]=0x00000000, sa_flags=0x00000000


---------------  S Y S T E M  ---------------

OS:Ubuntu 15.04 (vivid)
uname:Linux 3.19.0-18-generic #18-Ubuntu SMP Tue May 19 18:30:59 UTC 2015 i686
libc:glibc 2.21 NPTL 2.21 
rlimit: STACK 8192k, CORE 0k, NPROC 32177, NOFILE 65536, AS infinity
load average:9.77 4.49 2.60

/proc/meminfo:
MemTotal:        4139540 kB
MemFree:          215228 kB
MemAvailable:     154572 kB
Buffers:            4352 kB
Cached:            81768 kB
SwapCached:            0 kB
Active:          3574740 kB
Inactive:          60736 kB
Active(anon):    3550580 kB
Inactive(anon):    38228 kB
Active(file):      24160 kB
Inactive(file):    22508 kB
Unevictable:          32 kB
Mlocked:              32 kB
HighTotal:       3280776 kB
HighFree:          42088 kB
LowTotal:         858764 kB
LowFree:          173140 kB
SwapTotal:             0 kB
SwapFree:              0 kB
Dirty:                76 kB
Writeback:             0 kB
AnonPages:       3549436 kB
Mapped:            55712 kB
Shmem:             39392 kB
Slab:              46640 kB
SReclaimable:      21336 kB
SUnreclaim:        25304 kB
KernelStack:        4992 kB
PageTables:        14972 kB
NFS_Unstable:          0 kB
Bounce:                0 kB
WritebackTmp:          0 kB
CommitLimit:     2069768 kB
Committed_AS:    6488580 kB
VmallocTotal:     122880 kB
VmallocUsed:       23328 kB
VmallocChunk:      46892 kB
AnonHugePages:   2580480 kB
CmaTotal:              0 kB
CmaFree:               0 kB
HugePages_Total:       0
HugePages_Free:        0
HugePages_Rsvd:        0
HugePages_Surp:        0
Hugepagesize:       2048 kB
DirectMap4k:       59384 kB
DirectMap2M:      854016 kB


CPU:total 4 (1 cores per cpu, 1 threads per core) family 6 model 58 stepping 9, cmov, cx8, fxsr, mmx, sse, sse2, sse3, ssse3, sse4.1, sse4.2, popcnt, avx, aes, erms, tsc, tscinvbit, tscinv

/proc/cpuinfo:
processor	: 0
vendor_id	: GenuineIntel
cpu family	: 6
model		: 58
model name	: Intel(R) Core(TM) i5-3210M CPU @ 2.50GHz
stepping	: 9
microcode	: 0x15
cpu MHz		: 2494.111
cache size	: 3072 KB
physical id	: 0
siblings	: 1
core id		: 0
cpu cores	: 1
apicid		: 0
initial apicid	: 0
fdiv_bug	: no
f00f_bug	: no
coma_bug	: no
fpu		: yes
fpu_exception	: yes
cpuid level	: 13
wp		: yes
flags		: fpu vme de pse tsc msr pae mce cx8 apic sep mtrr pge mca cmov pat pse36 clflush dts mmx fxsr sse sse2 ss nx rdtscp lm constant_tsc arch_perfmon pebs bts xtopology tsc_reliable nonstop_tsc aperfmperf pni pclmulqdq ssse3 cx16 pcid sse4_1 sse4_2 x2apic popcnt tsc_deadline_timer aes xsave avx f16c rdrand hypervisor lahf_lm ida arat epb pln pts dtherm fsgsbase tsc_adjust smep
bugs		:
bogomips	: 4988.22
clflush size	: 64
cache_alignment	: 64
address sizes	: 42 bits physical, 48 bits virtual
power management:

processor	: 1
vendor_id	: GenuineIntel
cpu family	: 6
model		: 58
model name	: Intel(R) Core(TM) i5-3210M CPU @ 2.50GHz
stepping	: 9
microcode	: 0x15
cpu MHz		: 2494.111
cache size	: 3072 KB
physical id	: 2
siblings	: 1
core id		: 0
cpu cores	: 1
apicid		: 2
initial apicid	: 2
fdiv_bug	: no
f00f_bug	: no
coma_bug	: no
fpu		: yes
fpu_exception	: yes
cpuid level	: 13
wp		: yes
flags		: fpu vme de pse tsc msr pae mce cx8 apic sep mtrr pge mca cmov pat pse36 clflush dts mmx fxsr sse sse2 ss nx rdtscp lm constant_tsc arch_perfmon pebs bts xtopology tsc_reliable nonstop_tsc aperfmperf pni pclmulqdq ssse3 cx16 pcid sse4_1 sse4_2 x2apic popcnt tsc_deadline_timer aes xsave avx f16c rdrand hypervisor lahf_lm ida arat epb pln pts dtherm fsgsbase tsc_adjust smep
bugs		:
bogomips	: 4988.22
clflush size	: 64
cache_alignment	: 64
address sizes	: 42 bits physical, 48 bits virtual
power management:

processor	: 2
vendor_id	: GenuineIntel
cpu family	: 6
model		: 58
model name	: Intel(R) Core(TM) i5-3210M CPU @ 2.50GHz
stepping	: 9
microcode	: 0x15
cpu MHz		: 2494.111
cache size	: 3072 KB
physical id	: 4
siblings	: 1
core id		: 0
cpu cores	: 1
apicid		: 4
initial apicid	: 4
fdiv_bug	: no
f00f_bug	: no
coma_bug	: no
fpu		: yes
fpu_exception	: yes
cpuid level	: 13
wp		: yes
flags		: fpu vme de pse tsc msr pae mce cx8 apic sep mtrr pge mca cmov pat pse36 clflush dts mmx fxsr sse sse2 ss nx rdtscp lm constant_tsc arch_perfmon pebs bts xtopology tsc_reliable nonstop_tsc aperfmperf pni pclmulqdq ssse3 cx16 pcid sse4_1 sse4_2 x2apic popcnt tsc_deadline_timer aes xsave avx f16c rdrand hypervisor lahf_lm ida arat epb pln pts dtherm fsgsbase tsc_adjust smep
bugs		:
bogomips	: 4988.22
clflush size	: 64
cache_alignment	: 64
address sizes	: 42 bits physical, 48 bits virtual
power management:

processor	: 3
vendor_id	: GenuineIntel
cpu family	: 6
model		: 58
model name	: Intel(R) Core(TM) i5-3210M CPU @ 2.50GHz
stepping	: 9
microcode	: 0x15
cpu MHz		: 2494.111
cache size	: 3072 KB
physical id	: 6
siblings	: 1
core id		: 0
cpu cores	: 1
apicid		: 6
initial apicid	: 6
fdiv_bug	: no
f00f_bug	: no
coma_bug	: no
fpu		: yes
fpu_exception	: yes
cpuid level	: 13
wp		: yes
flags		: fpu vme de pse tsc msr pae mce cx8 apic sep mtrr pge mca cmov pat pse36 clflush dts mmx fxsr sse sse2 ss nx rdtscp lm constant_tsc arch_perfmon pebs bts xtopology tsc_reliable nonstop_tsc aperfmperf pni pclmulqdq ssse3 cx16 pcid sse4_1 sse4_2 x2apic popcnt tsc_deadline_timer aes xsave avx f16c rdrand hypervisor lahf_lm ida arat epb pln pts dtherm fsgsbase tsc_adjust smep
bugs		:
bogomips	: 4988.22
clflush size	: 64
cache_alignment	: 64
address sizes	: 42 bits physical, 48 bits virtual
power management:



Memory: 4k page, physical 4139540k(215228k free), swap 0k(0k free)

vm_info: OpenJDK Server VM (24.91-b01) for linux-x86 JRE (1.7.0_91-b02), built on Nov 19 2015 06:25:06 by "buildd" with gcc 4.9.2

time: Sun May  1 13:42:33 2016
elapsed time: 24 seconds

