#
# There is insufficient memory for the Java Runtime Environment to continue.
# Native memory allocation (malloc) failed to allocate 34078720 bytes for committing reserved memory.
# Possible reasons:
#   The system is out of physical RAM or swap space
#   In 32 bit mode, the process size limit was hit
# Possible solutions:
#   Reduce memory load on the system
#   Increase physical memory or swap space
#   Check if swap backing store is full
#   Use 64 bit Java on a 64 bit OS
#   Decrease Java heap size (-Xmx/-Xms)
#   Decrease number of Java threads
#   Decrease Java thread stack sizes (-Xss)
#   Set larger code cache with -XX:ReservedCodeCacheSize=
# This output file may be truncated or incomplete.
#
#  Out of Memory Error (os_linux.cpp:2827), pid=8791, tid=1740430144
#
# JRE version: OpenJDK Runtime Environment (7.0_91-b02) (build 1.7.0_91-b02)
# Java VM: OpenJDK Server VM (24.91-b01 mixed mode linux-x86 )
# Derivative: IcedTea 2.6.3
# Distribution: Ubuntu 15.04, package 7u91-2.6.3-0ubuntu0.15.04.1
# Failed to write core dump. Core dumps have been disabled. To enable core dumping, try "ulimit -c unlimited" before starting Java again
#

---------------  T H R E A D  ---------------

Current thread (0x67a81400):  VMThread [stack: 0x67b4d000,0x67bce000] [id=8804]

Stack: [0x67b4d000,0x67bce000]
VM_Operation (0x669b4a70): ParallelGCFailedAllocation, mode: safepoint, requested by thread 0x6714b400


---------------  P R O C E S S  ---------------

Java Threads: ( => current thread )
  0x6714c400 JavaThread "pool-1-thread-4" [_thread_blocked, id=8845, stack(0x66914000,0x66965000)]
  0x6714b400 JavaThread "pool-1-thread-3" [_thread_blocked, id=8844, stack(0x66965000,0x669b6000)]
  0x6714a400 JavaThread "pool-1-thread-2" [_thread_blocked, id=8843, stack(0x669b6000,0x66a07000)]
  0x67146800 JavaThread "pool-2-thread-1" [_thread_blocked, id=8840, stack(0x66a07000,0x66a58000)]
  0x67144400 JavaThread "pool-1-thread-1" [_thread_blocked, id=8836, stack(0x6703d000,0x6708e000)]
  0x67aed800 JavaThread "Service Thread" daemon [_thread_blocked, id=8828, stack(0x67311000,0x67362000)]
  0x67aeb800 JavaThread "C2 CompilerThread1" daemon [_thread_in_native, id=8825, stack(0x67362000,0x673e3000)]
  0x67aea400 JavaThread "C2 CompilerThread0" daemon [_thread_blocked, id=8824, stack(0x673e3000,0x67464000)]
  0x67a97400 JavaThread "Signal Dispatcher" daemon [_thread_blocked, id=8815, stack(0x675af000,0x67600000)]
  0x67a85400 JavaThread "Finalizer" daemon [_thread_blocked, id=8806, stack(0x6a72e000,0x6a77f000)]
  0x67a83c00 JavaThread "Reference Handler" daemon [_thread_blocked, id=8805, stack(0x6a92e000,0x6a97f000)]
  0xb6308400 JavaThread "main" [_thread_blocked, id=8796, stack(0xb642b000,0xb647c000)]

Other Threads:
=>0x67a81400 VMThread [stack: 0x67b4d000,0x67bce000] [id=8804]
  0x67aef800 WatcherThread [stack: 0x67290000,0x67311000] [id=8829]

VM state:at safepoint (normal execution)

VM Mutex/Monitor currently owned by a thread:  ([mutex/lock_event])
[0xb6305de0] Threads_lock - owner thread: 0x67a81400
[0xb63061f0] Heap_lock - owner thread: 0x6714b400

Heap
 PSYoungGen      total 35840K, used 2547K [0x9dc40000, 0xa01c0000, 0xb31c0000)
  eden space 33280K, 0% used [0x9dc40000,0x9dc40000,0x9fcc0000)
  from space 2560K, 99% used [0x9fcc0000,0x9ff3cfd8,0x9ff40000)
  to   space 2560K, 0% used [0x9ff40000,0x9ff40000,0xa01c0000)
 ParOldGen       total 43008K, used 7653K [0x731c0000, 0x75bc0000, 0x9dc40000)
  object space 43008K, 17% used [0x731c0000,0x73939690,0x75bc0000)
 PSPermGen       total 16384K, used 4240K [0x6b1c0000, 0x6c1c0000, 0x731c0000)
  object space 16384K, 25% used [0x6b1c0000,0x6b5e41b0,0x6c1c0000)

Card table byte_map: [0x6af7f000,0x6b1c0000] byte_map_base: 0x6ac26200

Polling page: 0xb77b2000

Code Cache  [0xb328b000, 0xb34cb000, 0xb628b000)
 total_blobs=328 nmethods=205 adapters=76 free_code_cache=48473Kb largest_free_block=49597824

Compilation events (10 events):
Event: 5.364 Thread 0x67aea400 nmethod 200 0xb3311708 code [0xb3311820, 0xb33119b0]
Event: 5.364 Thread 0x67aea400  201             com.android.dx.dex.code.DalvInsn::<init> (67 bytes)
Event: 5.381 Thread 0x67aea400 nmethod 201 0xb3316c48 code [0xb3316d40, 0xb3316e10]
Event: 5.381 Thread 0x67aea400  202             com.android.dx.ssa.SsaBasicBlock::getRopLabel (5 bytes)
Event: 5.381 Thread 0x67aea400 nmethod 202 0xb331e308 code [0xb331e3e0, 0xb331e430]
Event: 5.381 Thread 0x67aea400  203             com.android.dx.ssa.SsaMethod::bitSetFromLabelList (47 bytes)
Event: 5.427 Thread 0x67aea400 nmethod 203 0xb331fe08 code [0xb331ff20, 0xb3320430]
Event: 5.427 Thread 0x67aea400  204             com.android.dx.dex.code.OutputFinisher::add (15 bytes)
Event: 5.471 Thread 0x67aea400 nmethod 204 0xb331f488 code [0xb331f5c0, 0xb331f950]
Event: 5.471 Thread 0x67aea400  205             com.android.dx.dex.code.OutputFinisher::updateInfo (44 bytes)

GC Heap History (5 events):
Event: 2.453 GC heap before
{Heap before GC invocations=1 (full 0):
 PSYoungGen      total 19200K, used 16640K [0x9dc40000, 0x9f180000, 0xb31c0000)
  eden space 16640K, 100% used [0x9dc40000,0x9ec80000,0x9ec80000)
  from space 2560K, 0% used [0x9ef00000,0x9ef00000,0x9f180000)
  to   space 2560K, 0% used [0x9ec80000,0x9ec80000,0x9ef00000)
 ParOldGen       total 43008K, used 0K [0x731c0000, 0x75bc0000, 0x9dc40000)
  object space 43008K, 0% used [0x731c0000,0x731c0000,0x75bc0000)
 PSPermGen       total 16384K, used 4001K [0x6b1c0000, 0x6c1c0000, 0x731c0000)
  object space 16384K, 24% used [0x6b1c0000,0x6b5a8790,0x6c1c0000)
Event: 2.499 GC heap after
Heap after GC invocations=1 (full 0):
 PSYoungGen      total 19200K, used 2559K [0x9dc40000, 0xa01c0000, 0xb31c0000)
  eden space 16640K, 0% used [0x9dc40000,0x9dc40000,0x9ec80000)
  from space 2560K, 99% used [0x9ec80000,0x9eefff88,0x9ef00000)
  to   space 2560K, 0% used [0x9ff40000,0x9ff40000,0xa01c0000)
 ParOldGen       total 43008K, used 727K [0x731c0000, 0x75bc0000, 0x9dc40000)
  object space 43008K, 1% used [0x731c0000,0x73275c98,0x75bc0000)
 PSPermGen       total 16384K, used 4001K [0x6b1c0000, 0x6c1c0000, 0x731c0000)
  object space 16384K, 24% used [0x6b1c0000,0x6b5a8790,0x6c1c0000)
}
Event: 3.912 GC heap before
{Heap before GC invocations=2 (full 0):
 PSYoungGen      total 19200K, used 19199K [0x9dc40000, 0xa01c0000, 0xb31c0000)
  eden space 16640K, 100% used [0x9dc40000,0x9ec80000,0x9ec80000)
  from space 2560K, 99% used [0x9ec80000,0x9eefff88,0x9ef00000)
  to   space 2560K, 0% used [0x9ff40000,0x9ff40000,0xa01c0000)
 ParOldGen       total 43008K, used 727K [0x731c0000, 0x75bc0000, 0x9dc40000)
  object space 43008K, 1% used [0x731c0000,0x73275c98,0x75bc0000)
 PSPermGen       total 16384K, used 4182K [0x6b1c0000, 0x6c1c0000, 0x731c0000)
  object space 16384K, 25% used [0x6b1c0000,0x6b5d5a90,0x6c1c0000)
Event: 3.944 GC heap after
Heap after GC invocations=2 (full 0):
 PSYoungGen      total 35840K, used 2554K [0x9dc40000, 0xa01c0000, 0xb31c0000)
  eden space 33280K, 0% used [0x9dc40000,0x9dc40000,0x9fcc0000)
  from space 2560K, 99% used [0x9ff40000,0xa01be930,0xa01c0000)
  to   space 2560K, 0% used [0x9fcc0000,0x9fcc0000,0x9ff40000)
 ParOldGen       total 43008K, used 2588K [0x731c0000, 0x75bc0000, 0x9dc40000)
  object space 43008K, 6% used [0x731c0000,0x73447100,0x75bc0000)
 PSPermGen       total 16384K, used 4182K [0x6b1c0000, 0x6c1c0000, 0x731c0000)
  object space 16384K, 25% used [0x6b1c0000,0x6b5d5a90,0x6c1c0000)
}
Event: 5.504 GC heap before
{Heap before GC invocations=3 (full 0):
 PSYoungGen      total 35840K, used 35834K [0x9dc40000, 0xa01c0000, 0xb31c0000)
  eden space 33280K, 100% used [0x9dc40000,0x9fcc0000,0x9fcc0000)
  from space 2560K, 99% used [0x9ff40000,0xa01be930,0xa01c0000)
  to   space 2560K, 0% used [0x9fcc0000,0x9fcc0000,0x9ff40000)
 ParOldGen       total 43008K, used 2588K [0x731c0000, 0x75bc0000, 0x9dc40000)
  object space 43008K, 6% used [0x731c0000,0x73447100,0x75bc0000)
 PSPermGen       total 16384K, used 4240K [0x6b1c0000, 0x6c1c0000, 0x731c0000)
  object space 16384K, 25% used [0x6b1c0000,0x6b5e41b0,0x6c1c0000)

Deoptimization events (8 events):
Event: 1.819 Thread 0xb6308400 Uncommon trap: reason=unstable_if action=reinterpret pc=0xb32d4fb8 method=java.lang.String.indexOf(II)I @ 49
Event: 2.583 Thread 0xb6308400 Uncommon trap: reason=unstable_if action=reinterpret pc=0xb32e4088 method=java.util.BitSet.nextSetBit(I)I @ 87
Event: 2.672 Thread 0x6714b400 Uncommon trap: reason=null_check action=make_not_entrant pc=0xb32e88a0 method=com.android.dx.rop.code.LocalItem.equals(Ljava/lang/Object;)Z @ 1
Event: 3.565 Thread 0x6714c400 Uncommon trap: reason=unstable_if action=reinterpret pc=0xb32f90a4 method=com.android.dx.rop.code.RegisterSpec.equals(ILcom/android/dx/rop/type/TypeBearer;Lcom/android/dx/rop/code/LocalItem;)Z @ 16
Event: 3.807 Thread 0x6714c400 Uncommon trap: reason=null_check action=make_not_entrant pc=0xb32fa290 method=com.android.dx.rop.type.Type.equals(Ljava/lang/Object;)Z @ 8
Event: 3.961 Thread 0x67144400 Uncommon trap: reason=unstable_if action=reinterpret pc=0xb32ef414 method=com.android.dx.rop.cst.Constant.compareTo(Lcom/android/dx/rop/cst/Constant;)I @ 12
Event: 4.271 Thread 0x67144400 Uncommon trap: reason=unstable_if action=reinterpret pc=0xb32eec90 method=com.android.dx.cf.code.Ropper.labelToResultIndex(I)I @ 34
Event: 5.414 Thread 0x6714a400 Uncommon trap: reason=null_check action=make_not_entrant pc=0xb33390f0 method=com.android.dx.ssa.SsaRenamer.getLocalForNewReg(I)Lcom/android/dx/rop/code/LocalItem; @ 19

Internal exceptions (10 events):
Event: 2.694 Thread 0xb6308400 Threw 0x9dde6b18 at /build/openjdk-7-PdBaKN/openjdk-7-7u91-2.6.3/build/openjdk/hotspot/src/share/vm/prims/jvm.cpp:1322
Event: 2.696 Thread 0xb6308400 Threw 0x9ddee258 at /build/openjdk-7-PdBaKN/openjdk-7-7u91-2.6.3/build/openjdk/hotspot/src/share/vm/prims/jvm.cpp:1322
Event: 2.698 Thread 0xb6308400 Threw 0x9ddf55b8 at /build/openjdk-7-PdBaKN/openjdk-7-7u91-2.6.3/build/openjdk/hotspot/src/share/vm/prims/jvm.cpp:1322
Event: 2.858 Thread 0x6714c400 Threw 0x9dfa5e00 at /build/openjdk-7-PdBaKN/openjdk-7-7u91-2.6.3/build/openjdk/hotspot/src/share/vm/prims/jvm.cpp:1322
Event: 2.972 Thread 0xb6308400 Threw 0x9e011c80 at /build/openjdk-7-PdBaKN/openjdk-7-7u91-2.6.3/build/openjdk/hotspot/src/share/vm/prims/jvm.cpp:1322
Event: 3.141 Thread 0x6714b400 Threw 0x9e196b68 at /build/openjdk-7-PdBaKN/openjdk-7-7u91-2.6.3/build/openjdk/hotspot/src/share/vm/prims/jvm.cpp:1322
Event: 3.214 Thread 0x6714a400 Threw 0x9e3470e0 at /build/openjdk-7-PdBaKN/openjdk-7-7u91-2.6.3/build/openjdk/hotspot/src/share/vm/prims/jvm.cpp:1322
Event: 3.807 Thread 0x6714c400 Implicit null exception at 0xb32fa1ab to 0xb32fa282
Event: 4.268 Thread 0x67144400 Threw 0x9e230f10 at /build/openjdk-7-PdBaKN/openjdk-7-7u91-2.6.3/build/openjdk/hotspot/src/share/vm/prims/jvm.cpp:1322
Event: 5.414 Thread 0x6714a400 Implicit null exception at 0xb3337b83 to 0xb33390e1

Events (10 events):
Event: 4.270 loading class 0x6ab59e70
Event: 4.271 loading class 0x6ab59e70 done
Event: 4.271 Thread 0x67144400 Uncommon trap: trap_request=0xffffff75 fr.pc=0xb32eec90
Event: 4.271 Thread 0x67144400 DEOPT PACKING pc=0xb32eec90 sp=0x6708cc20
Event: 4.271 Thread 0x67144400 DEOPT UNPACKING pc=0xb32b7bc8 sp=0x6708cc04 mode 2
Event: 4.959 Thread 0x67aea400 flushing nmethod 0xb32d4dc8
Event: 5.414 Thread 0x6714a400 Uncommon trap: trap_request=0xfffffff4 fr.pc=0xb33390f0
Event: 5.414 Thread 0x6714a400 DEOPT PACKING pc=0xb33390f0 sp=0x66a05b90
Event: 5.414 Thread 0x6714a400 DEOPT UNPACKING pc=0xb32b7bc8 sp=0x66a05a74 mode 2
Event: 5.486 Executing VM operation: ParallelGCFailedAllocation


Dynamic libraries:
08048000-08049000 r-xp 00000000 08:01 804961     /usr/lib/jvm/java-7-openjdk-i386/jre/bin/java
08049000-0804a000 r--p 00000000 08:01 804961     /usr/lib/jvm/java-7-openjdk-i386/jre/bin/java
0804a000-0804b000 rw-p 00001000 08:01 804961     /usr/lib/jvm/java-7-openjdk-i386/jre/bin/java
093b0000-093d1000 rw-p 00000000 00:00 0          [heap]
66000000-6602f000 rw-p 00000000 00:00 0 
6602f000-66100000 ---p 00000000 00:00 0 
66200000-662d3000 rw-p 00000000 00:00 0 
662d3000-66300000 ---p 00000000 00:00 0 
66400000-664ff000 rw-p 00000000 00:00 0 
664ff000-66500000 ---p 00000000 00:00 0 
66500000-665fe000 rw-p 00000000 00:00 0 
665fe000-66600000 ---p 00000000 00:00 0 
66600000-666f2000 rw-p 00000000 00:00 0 
666f2000-66700000 ---p 00000000 00:00 0 
66700000-667f9000 rw-p 00000000 00:00 0 
667f9000-66800000 ---p 00000000 00:00 0 
66800000-668e3000 rw-p 00000000 00:00 0 
668e3000-66900000 ---p 00000000 00:00 0 
66914000-66917000 ---p 00000000 00:00 0 
66917000-66965000 rw-p 00000000 00:00 0          [stack:8845]
66965000-66968000 ---p 00000000 00:00 0 
66968000-669b6000 rw-p 00000000 00:00 0          [stack:8844]
669b6000-669b9000 ---p 00000000 00:00 0 
669b9000-66a07000 rw-p 00000000 00:00 0          [stack:8843]
66a07000-66a0a000 ---p 00000000 00:00 0 
66a0a000-66c19000 rw-p 00000000 00:00 0          [stack:8840]
66c19000-66d3f000 r-xp 00000000 08:01 394573     /lib/i386-linux-gnu/libglib-2.0.so.0.4400.0
66d3f000-66d40000 r--p 00125000 08:01 394573     /lib/i386-linux-gnu/libglib-2.0.so.0.4400.0
66d40000-66d41000 rw-p 00126000 08:01 394573     /lib/i386-linux-gnu/libglib-2.0.so.0.4400.0
66d41000-66efa000 r-xp 00000000 08:01 137357     /usr/lib/i386-linux-gnu/libgio-2.0.so.0.4400.0
66efa000-66efd000 r--p 001b8000 08:01 137357     /usr/lib/i386-linux-gnu/libgio-2.0.so.0.4400.0
66efd000-66eff000 rw-p 001bb000 08:01 137357     /usr/lib/i386-linux-gnu/libgio-2.0.so.0.4400.0
66eff000-66f00000 rw-p 00000000 00:00 0 
66f00000-66ff2000 rw-p 00000000 00:00 0 
66ff2000-67000000 ---p 00000000 00:00 0 
6703d000-67040000 ---p 00000000 00:00 0 
67040000-6708e000 rw-p 00000000 00:00 0          [stack:8836]
6708e000-670fe000 r-xp 00000000 08:01 394656     /lib/i386-linux-gnu/libpcre.so.3.13.1
670fe000-670ff000 r--p 0006f000 08:01 394656     /lib/i386-linux-gnu/libpcre.so.3.13.1
670ff000-67100000 rw-p 00070000 08:01 394656     /lib/i386-linux-gnu/libpcre.so.3.13.1
67100000-6715c000 rw-p 00000000 00:00 0 
6715c000-67200000 ---p 00000000 00:00 0 
6721a000-6722e000 r-xp 00000000 08:01 394679     /lib/i386-linux-gnu/libresolv-2.21.so
6722e000-67230000 r--p 00013000 08:01 394679     /lib/i386-linux-gnu/libresolv-2.21.so
67230000-67231000 rw-p 00015000 08:01 394679     /lib/i386-linux-gnu/libresolv-2.21.so
67231000-67233000 rw-p 00000000 00:00 0 
67233000-6728e000 r-xp 00000000 08:01 137385     /usr/lib/i386-linux-gnu/libgobject-2.0.so.0.4400.0
6728e000-6728f000 r--p 0005b000 08:01 137385     /usr/lib/i386-linux-gnu/libgobject-2.0.so.0.4400.0
6728f000-67290000 rw-p 0005c000 08:01 137385     /usr/lib/i386-linux-gnu/libgobject-2.0.so.0.4400.0
67290000-67291000 ---p 00000000 00:00 0 
67291000-67311000 rw-p 00000000 00:00 0          [stack:8829]
67311000-67314000 ---p 00000000 00:00 0 
67314000-67362000 rw-p 00000000 00:00 0          [stack:8828]
67362000-67365000 ---p 00000000 00:00 0 
67365000-673e3000 rw-p 00000000 00:00 0          [stack:8825]
673e3000-673e6000 ---p 00000000 00:00 0 
673e6000-67464000 rw-p 00000000 00:00 0          [stack:8824]
67464000-675ab000 r-xp 00000000 08:01 136931     /usr/lib/i386-linux-gnu/libX11.so.6.3.0
675ab000-675ac000 r--p 00146000 08:01 136931     /usr/lib/i386-linux-gnu/libX11.so.6.3.0
675ac000-675ae000 rw-p 00147000 08:01 136931     /usr/lib/i386-linux-gnu/libX11.so.6.3.0
675ae000-675af000 rw-p 00000000 00:00 0 
675af000-675b2000 ---p 00000000 00:00 0 
675b2000-67600000 rw-p 00000000 00:00 0          [stack:8815]
67600000-67800000 r--p 00000000 08:01 143362     /usr/lib/locale/locale-archive
67800000-678f9000 rw-p 00000000 00:00 0 
678f9000-67900000 ---p 00000000 00:00 0 
67900000-67921000 rw-p 00000000 00:00 0 
67921000-67a00000 ---p 00000000 00:00 0 
67a00000-67b00000 rw-p 00000000 00:00 0 
67b0f000-67b33000 r-xp 00000000 08:01 394683     /lib/i386-linux-gnu/libselinux.so.1
67b33000-67b34000 r--p 00024000 08:01 394683     /lib/i386-linux-gnu/libselinux.so.1
67b34000-67b35000 rw-p 00025000 08:01 394683     /lib/i386-linux-gnu/libselinux.so.1
67b35000-67b36000 rw-p 00000000 00:00 0 
67b4d000-67b4e000 ---p 00000000 00:00 0 
67b4e000-67bce000 rw-p 00000000 00:00 0          [stack:8804]
67bce000-67d80000 r--s 01d2e000 08:01 804984     /usr/lib/jvm/java-7-openjdk-i386/jre/lib/rt.jar
67d80000-6a600000 rw-p 00000000 00:00 0 
6a600000-6a6ec000 rw-p 00000000 00:00 0 
6a6ec000-6a700000 ---p 00000000 00:00 0 
6a702000-6a709000 r-xp 00000000 08:01 137254     /usr/lib/i386-linux-gnu/libffi.so.6.0.4
6a709000-6a70b000 r--p 00006000 08:01 137254     /usr/lib/i386-linux-gnu/libffi.so.6.0.4
6a70b000-6a70c000 rw-p 00008000 08:01 137254     /usr/lib/i386-linux-gnu/libffi.so.6.0.4
6a70c000-6a72c000 r-xp 00000000 08:01 138125     /usr/lib/i386-linux-gnu/libxcb.so.1.1.0
6a72c000-6a72d000 r--p 0001f000 08:01 138125     /usr/lib/i386-linux-gnu/libxcb.so.1.1.0
6a72d000-6a72e000 rw-p 00020000 08:01 138125     /usr/lib/i386-linux-gnu/libxcb.so.1.1.0
6a72e000-6a731000 ---p 00000000 00:00 0 
6a731000-6a77f000 rw-p 00000000 00:00 0          [stack:8806]
6a77f000-6a780000 ---p 00000000 00:00 0 
6a780000-6a800000 rw-p 00000000 00:00 0          [stack:8800]
6a800000-6a821000 rw-p 00000000 00:00 0 
6a821000-6a900000 ---p 00000000 00:00 0 
6a903000-6a91a000 r-xp 00000000 08:01 805027     /usr/lib/jvm/java-7-openjdk-i386/jre/lib/i386/libnet.so
6a91a000-6a91b000 r--p 00016000 08:01 805027     /usr/lib/jvm/java-7-openjdk-i386/jre/lib/i386/libnet.so
6a91b000-6a91c000 rw-p 00017000 08:01 805027     /usr/lib/jvm/java-7-openjdk-i386/jre/lib/i386/libnet.so
6a91c000-6a92c000 r-xp 00000000 08:01 804991     /usr/lib/jvm/java-7-openjdk-i386/jre/lib/i386/libnio.so
6a92c000-6a92d000 r--p 00010000 08:01 804991     /usr/lib/jvm/java-7-openjdk-i386/jre/lib/i386/libnio.so
6a92d000-6a92e000 rw-p 00011000 08:01 804991     /usr/lib/jvm/java-7-openjdk-i386/jre/lib/i386/libnio.so
6a92e000-6a931000 ---p 00000000 00:00 0 
6a931000-6a97f000 rw-p 00000000 00:00 0          [stack:8805]
6a97f000-6a980000 ---p 00000000 00:00 0 
6a980000-6aa00000 rw-p 00000000 00:00 0          [stack:8799]
6aa00000-6aa21000 rw-p 00000000 00:00 0 
6aa21000-6ab00000 ---p 00000000 00:00 0 
6ab04000-6ab07000 r-xp 00000000 08:01 137371     /usr/lib/i386-linux-gnu/libgmodule-2.0.so.0.4400.0
6ab07000-6ab08000 r--p 00002000 08:01 137371     /usr/lib/i386-linux-gnu/libgmodule-2.0.so.0.4400.0
6ab08000-6ab09000 rw-p 00003000 08:01 137371     /usr/lib/i386-linux-gnu/libgmodule-2.0.so.0.4400.0
6ab09000-6ab0e000 r--s 00039000 08:01 941666     /home/student/test/Pedometer/app/build/intermediates/exploded-aar/com.android.support/design/23.1.1/jars/classes.jar
6ab0e000-6ab13000 r-xp 00000000 08:01 136946     /usr/lib/i386-linux-gnu/libXdmcp.so.6.0.0
6ab13000-6ab14000 r--p 00004000 08:01 136946     /usr/lib/i386-linux-gnu/libXdmcp.so.6.0.0
6ab14000-6ab15000 rw-p 00005000 08:01 136946     /usr/lib/i386-linux-gnu/libXdmcp.so.6.0.0
6ab15000-6ab24000 r--s 000df000 08:01 1068117    /home/student/Android/Sdk/build-tools/23.0.2/lib/dx.jar
6ab24000-6ab7f000 rw-p 00000000 00:00 0 
6ab7f000-6ab80000 ---p 00000000 00:00 0 
6ab80000-6ac00000 rw-p 00000000 00:00 0          [stack:8798]
6ac00000-6ac47000 rw-p 00000000 00:00 0 
6ac47000-6ad00000 ---p 00000000 00:00 0 
6ad04000-6ad68000 rw-p 00000000 00:00 0 
6ad68000-6ad69000 ---p 00000000 00:00 0 
6ad69000-6adf1000 rw-p 00000000 00:00 0          [stack:8797]
6adf1000-6ae29000 rw-p 00000000 00:00 0 
6ae29000-6ae3e000 rw-p 00000000 00:00 0 
6ae3e000-6af7f000 rw-p 00000000 00:00 0 
6af7f000-6af87000 rw-p 00000000 00:00 0 
6af87000-6afbf000 rw-p 00000000 00:00 0 
6afbf000-6afd4000 rw-p 00000000 00:00 0 
6afd4000-6b114000 rw-p 00000000 00:00 0 
6b114000-6b127000 rw-p 00000000 00:00 0 
6b127000-6b1bf000 rw-p 00000000 00:00 0 
6b1bf000-6c1c0000 rw-p 00000000 00:00 0 
6c1c0000-731c0000 rw-p 00000000 00:00 0 
731c0000-75bc0000 rw-p 00000000 00:00 0 
75bc0000-9dc40000 rw-p 00000000 00:00 0 
9dc40000-a01c0000 rw-p 00000000 00:00 0 
a2240000-b31c0000 rw-p 00000000 00:00 0 
b31c0000-b31c2000 r-xp 00000000 08:01 136935     /usr/lib/i386-linux-gnu/libXau.so.6.0.0
b31c2000-b31c3000 r--p 00001000 08:01 136935     /usr/lib/i386-linux-gnu/libXau.so.6.0.0
b31c3000-b31c4000 rw-p 00002000 08:01 136935     /usr/lib/i386-linux-gnu/libXau.so.6.0.0
b31c4000-b31c6000 r-xp 00000000 08:01 141618     /usr/lib/jayatana/libjayatanaag.so
b31c6000-b31c7000 r--p 00001000 08:01 141618     /usr/lib/jayatana/libjayatanaag.so
b31c7000-b31c8000 rw-p 00002000 08:01 141618     /usr/lib/jayatana/libjayatanaag.so
b31c8000-b31cb000 r--s 0000f000 08:01 804977     /usr/lib/jvm/java-7-openjdk-i386/jre/lib/ext/icedtea-sound.jar
b31cb000-b31d4000 rw-p 00000000 00:00 0 
b31d4000-b328b000 rw-p 00000000 00:00 0 
b328b000-b34cb000 rwxp 00000000 00:00 0 
b34cb000-b628b000 rw-p 00000000 00:00 0 
b628b000-b6297000 r-xp 00000000 08:01 394626     /lib/i386-linux-gnu/libnss_files-2.21.so
b6297000-b6298000 r--p 0000b000 08:01 394626     /lib/i386-linux-gnu/libnss_files-2.21.so
b6298000-b6299000 rw-p 0000c000 08:01 394626     /lib/i386-linux-gnu/libnss_files-2.21.so
b6299000-b62a4000 r-xp 00000000 08:01 394636     /lib/i386-linux-gnu/libnss_nis-2.21.so
b62a4000-b62a5000 r--p 0000a000 08:01 394636     /lib/i386-linux-gnu/libnss_nis-2.21.so
b62a5000-b62a6000 rw-p 0000b000 08:01 394636     /lib/i386-linux-gnu/libnss_nis-2.21.so
b62a6000-b62bd000 r-xp 00000000 08:01 394620     /lib/i386-linux-gnu/libnsl-2.21.so
b62bd000-b62be000 r--p 00016000 08:01 394620     /lib/i386-linux-gnu/libnsl-2.21.so
b62be000-b62bf000 rw-p 00017000 08:01 394620     /lib/i386-linux-gnu/libnsl-2.21.so
b62bf000-b62c1000 rw-p 00000000 00:00 0 
b62c2000-b62c6000 r--s 00085000 08:01 804976     /usr/lib/jvm/java-7-openjdk-i386/jre/lib/ext/localedata.jar
b62c6000-b62ca000 r--s 00034000 08:01 804978     /usr/lib/jvm/java-7-openjdk-i386/jre/lib/ext/sunjce_provider.jar
b62ca000-b62ce000 r--s 0003c000 08:01 804979     /usr/lib/jvm/java-7-openjdk-i386/jre/lib/ext/sunpkcs11.jar
b62ce000-b62d6000 r-xp 00000000 08:01 804995     /usr/lib/jvm/java-7-openjdk-i386/jre/lib/i386/libzip.so
b62d6000-b62d7000 r--p 00007000 08:01 804995     /usr/lib/jvm/java-7-openjdk-i386/jre/lib/i386/libzip.so
b62d7000-b62d8000 rw-p 00008000 08:01 804995     /usr/lib/jvm/java-7-openjdk-i386/jre/lib/i386/libzip.so
b62d8000-b62fe000 r-xp 00000000 08:01 805003     /usr/lib/jvm/java-7-openjdk-i386/jre/lib/i386/libjava.so
b62fe000-b62ff000 r--p 00025000 08:01 805003     /usr/lib/jvm/java-7-openjdk-i386/jre/lib/i386/libjava.so
b62ff000-b6300000 rw-p 00026000 08:01 805003     /usr/lib/jvm/java-7-openjdk-i386/jre/lib/i386/libjava.so
b6300000-b6400000 rw-p 00000000 00:00 0 
b6401000-b6402000 r--s 00000000 08:01 414147     /usr/share/java/jayatanaag.jar
b6402000-b6404000 r--s 00012000 08:01 804975     /usr/lib/jvm/java-7-openjdk-i386/jre/lib/ext/zipfs.jar
b6404000-b640c000 rw-s 00000000 08:01 429073     /tmp/hsperfdata_student/8791
b640c000-b6414000 r-xp 00000000 08:01 394622     /lib/i386-linux-gnu/libnss_compat-2.21.so
b6414000-b6415000 r--p 00007000 08:01 394622     /lib/i386-linux-gnu/libnss_compat-2.21.so
b6415000-b6416000 rw-p 00008000 08:01 394622     /lib/i386-linux-gnu/libnss_compat-2.21.so
b6416000-b6420000 r-xp 00000000 08:01 805017     /usr/lib/jvm/java-7-openjdk-i386/jre/lib/i386/libinstrument.so
b6420000-b6421000 r--p 00009000 08:01 805017     /usr/lib/jvm/java-7-openjdk-i386/jre/lib/i386/libinstrument.so
b6421000-b6422000 rw-p 0000a000 08:01 805017     /usr/lib/jvm/java-7-openjdk-i386/jre/lib/i386/libinstrument.so
b6422000-b6429000 r-xp 00000000 08:01 394681     /lib/i386-linux-gnu/librt-2.21.so
b6429000-b642a000 r--p 00006000 08:01 394681     /lib/i386-linux-gnu/librt-2.21.so
b642a000-b642b000 rw-p 00007000 08:01 394681     /lib/i386-linux-gnu/librt-2.21.so
b642b000-b642e000 ---p 00000000 00:00 0 
b642e000-b647c000 rw-p 00000000 00:00 0          [stack:8796]
b647c000-b6498000 r-xp 00000000 08:01 394569     /lib/i386-linux-gnu/libgcc_s.so.1
b6498000-b6499000 rw-p 0001b000 08:01 394569     /lib/i386-linux-gnu/libgcc_s.so.1
b6499000-b64e4000 r-xp 00000000 08:01 394599     /lib/i386-linux-gnu/libm-2.21.so
b64e4000-b64e5000 r--p 0004a000 08:01 394599     /lib/i386-linux-gnu/libm-2.21.so
b64e5000-b64e6000 rw-p 0004b000 08:01 394599     /lib/i386-linux-gnu/libm-2.21.so
b64e6000-b65cf000 r-xp 00000000 08:01 137921     /usr/lib/i386-linux-gnu/libstdc++.so.6.0.20
b65cf000-b65d3000 r--p 000e9000 08:01 137921     /usr/lib/i386-linux-gnu/libstdc++.so.6.0.20
b65d3000-b65d4000 rw-p 000ed000 08:01 137921     /usr/lib/i386-linux-gnu/libstdc++.so.6.0.20
b65d4000-b65db000 rw-p 00000000 00:00 0 
b65db000-b712e000 r-xp 00000000 08:01 805013     /usr/lib/jvm/java-7-openjdk-i386/jre/lib/i386/server/libjvm.so
b712e000-b7182000 r--p 00b52000 08:01 805013     /usr/lib/jvm/java-7-openjdk-i386/jre/lib/i386/server/libjvm.so
b7182000-b7196000 rw-p 00ba6000 08:01 805013     /usr/lib/jvm/java-7-openjdk-i386/jre/lib/i386/server/libjvm.so
b7196000-b75b5000 rw-p 00000000 00:00 0 
b75b5000-b75ce000 r-xp 00000000 08:01 394714     /lib/i386-linux-gnu/libz.so.1.2.8
b75ce000-b75cf000 r--p 00019000 08:01 394714     /lib/i386-linux-gnu/libz.so.1.2.8
b75cf000-b75d0000 rw-p 0001a000 08:01 394714     /lib/i386-linux-gnu/libz.so.1.2.8
b75d0000-b75e9000 r-xp 00000000 08:01 394673     /lib/i386-linux-gnu/libpthread-2.21.so
b75e9000-b75ea000 r--p 00018000 08:01 394673     /lib/i386-linux-gnu/libpthread-2.21.so
b75ea000-b75eb000 rw-p 00019000 08:01 394673     /lib/i386-linux-gnu/libpthread-2.21.so
b75eb000-b75ed000 rw-p 00000000 00:00 0 
b75ed000-b75f0000 r-xp 00000000 08:01 394557     /lib/i386-linux-gnu/libdl-2.21.so
b75f0000-b75f1000 r--p 00002000 08:01 394557     /lib/i386-linux-gnu/libdl-2.21.so
b75f1000-b75f2000 rw-p 00003000 08:01 394557     /lib/i386-linux-gnu/libdl-2.21.so
b75f2000-b77a6000 r-xp 00000000 08:01 394540     /lib/i386-linux-gnu/libc-2.21.so
b77a6000-b77a9000 r--p 001b3000 08:01 394540     /lib/i386-linux-gnu/libc-2.21.so
b77a9000-b77ab000 rw-p 001b6000 08:01 394540     /lib/i386-linux-gnu/libc-2.21.so
b77ab000-b77ad000 rw-p 00000000 00:00 0 
b77ad000-b77ae000 r--s 00002000 08:01 804980     /usr/lib/jvm/java-7-openjdk-i386/jre/lib/ext/dnsns.jar
b77ae000-b77b0000 r--s 00006000 08:01 399091     /usr/share/java/java-atk-wrapper.jar
b77b0000-b77b1000 r--p 005e0000 08:01 143362     /usr/lib/locale/locale-archive
b77b1000-b77b2000 rw-p 00000000 00:00 0 
b77b2000-b77b3000 ---p 00000000 00:00 0 
b77b3000-b77c1000 r-xp 00000000 08:01 805022     /usr/lib/jvm/java-7-openjdk-i386/jre/lib/i386/libverify.so
b77c1000-b77c3000 r--p 0000d000 08:01 805022     /usr/lib/jvm/java-7-openjdk-i386/jre/lib/i386/libverify.so
b77c3000-b77c4000 rw-p 0000f000 08:01 805022     /usr/lib/jvm/java-7-openjdk-i386/jre/lib/i386/libverify.so
b77c4000-b77d0000 r-xp 00000000 08:01 805024     /usr/lib/jvm/java-7-openjdk-i386/jre/lib/i386/jli/libjli.so
b77d0000-b77d1000 r--p 0000b000 08:01 805024     /usr/lib/jvm/java-7-openjdk-i386/jre/lib/i386/jli/libjli.so
b77d1000-b77d2000 rw-p 0000c000 08:01 805024     /usr/lib/jvm/java-7-openjdk-i386/jre/lib/i386/jli/libjli.so
b77d2000-b77d5000 rw-p 00000000 00:00 0 
b77d5000-b77d7000 r--p 00000000 00:00 0          [vvar]
b77d7000-b77d8000 r-xp 00000000 00:00 0          [vdso]
b77d8000-b77fa000 r-xp 00000000 08:01 394512     /lib/i386-linux-gnu/ld-2.21.so
b77fa000-b77fb000 r--p 00021000 08:01 394512     /lib/i386-linux-gnu/ld-2.21.so
b77fb000-b77fc000 rw-p 00022000 08:01 394512     /lib/i386-linux-gnu/ld-2.21.so
bfc65000-bfc66000 rwxp 00000000 00:00 0 
bfc97000-bfcb9000 rw-p 00000000 00:00 0          [stack]

VM Arguments:
jvm_args: -javaagent:/usr/share/java/jayatanaag.jar -Djava.awt.headless=true -Xmx1024M -Dfile.encoding=UTF-8 -Duser.country=US -Duser.language=en -Duser.variant 
java_command: com.android.dx.command.Main --dex --num-threads=4 --output /home/student/test/Pedometer/app/build/intermediates/pre-dexed/debug/com.android.support-design-23.1.1_c68a9838b4179cc1f8726edc56f0ba99c01b5834.jar /home/student/test/Pedometer/app/build/intermediates/exploded-aar/com.android.support/design/23.1.1/jars/classes.jar
Launcher Type: SUN_STANDARD

Environment Variables:
JAVA_TOOL_OPTIONS=-javaagent:/usr/share/java/jayatanaag.jar 
PATH=/home/student/.linuxbrew/bin:/usr/local/sbin:/usr/local/bin:/usr/sbin:/usr/bin:/sbin:/bin:/usr/games:/usr/local/games:/etc/android-studio/bin/:/home/student/Android/Sdk/platform-tools:/home/student/Android/Sdk/tools
LD_LIBRARY_PATH=/etc/android-studio/bin:
SHELL=/bin/bash
DISPLAY=:0

Signal Handlers:
SIGSEGV: [libjvm.so+0x7f7d00], sa_mask[0]=0x7ffbfeff, sa_flags=0x10000004
SIGBUS: [libjvm.so+0x7f7d00], sa_mask[0]=0x7ffbfeff, sa_flags=0x10000004
SIGFPE: [libjvm.so+0x67a9d0], sa_mask[0]=0x7ffbfeff, sa_flags=0x10000004
SIGPIPE: [libjvm.so+0x67a9d0], sa_mask[0]=0x7ffbfeff, sa_flags=0x10000004
SIGXFSZ: [libjvm.so+0x67a9d0], sa_mask[0]=0x7ffbfeff, sa_flags=0x10000004
SIGILL: [libjvm.so+0x67a9d0], sa_mask[0]=0x7ffbfeff, sa_flags=0x10000004
SIGUSR1: SIG_DFL, sa_mask[0]=0x00000000, sa_flags=0x00000000
SIGUSR2: [libjvm.so+0x67a820], sa_mask[0]=0x00000004, sa_flags=0x10000004
SIGHUP: [libjvm.so+0x67aa80], sa_mask[0]=0x7ffbfeff, sa_flags=0x10000004
SIGINT: [libjvm.so+0x67aa80], sa_mask[0]=0x7ffbfeff, sa_flags=0x10000004
SIGTERM: [libjvm.so+0x67aa80], sa_mask[0]=0x7ffbfeff, sa_flags=0x10000004
SIGQUIT: [libjvm.so+0x67aa80], sa_mask[0]=0x7ffbfeff, sa_flags=0x10000004
SIGTRAP: SIG_DFL, sa_mask[0]=0x00000000, sa_flags=0x00000000


---------------  S Y S T E M  ---------------

OS:Ubuntu 15.04 (vivid)
uname:Linux 3.19.0-18-generic #18-Ubuntu SMP Tue May 19 18:30:59 UTC 2015 i686
libc:glibc 2.21 NPTL 2.21 
rlimit: STACK 8192k, CORE 0k, NPROC 32177, NOFILE 65536, AS infinity
load average:2.92 1.40 1.04

/proc/meminfo:
MemTotal:        4139540 kB
MemFree:          212332 kB
MemAvailable:     147940 kB
Buffers:            3472 kB
Cached:            77996 kB
SwapCached:            0 kB
Active:          3536200 kB
Inactive:          63456 kB
Active(anon):    3519524 kB
Inactive(anon):    39456 kB
Active(file):      16676 kB
Inactive(file):    24000 kB
Unevictable:          32 kB
Mlocked:              32 kB
HighTotal:       3280776 kB
HighFree:          39644 kB
LowTotal:         858764 kB
LowFree:          172688 kB
SwapTotal:             0 kB
SwapFree:              0 kB
Dirty:              2036 kB
Writeback:             0 kB
AnonPages:       3518388 kB
Mapped:            52872 kB
Shmem:             40552 kB
Slab:              45604 kB
SReclaimable:      19852 kB
SUnreclaim:        25752 kB
KernelStack:        5416 kB
PageTables:        17364 kB
NFS_Unstable:          0 kB
Bounce:                0 kB
WritebackTmp:          0 kB
CommitLimit:     2069768 kB
Committed_AS:    6909920 kB
VmallocTotal:     122880 kB
VmallocUsed:       23364 kB
VmallocChunk:      82740 kB
AnonHugePages:   2768896 kB
CmaTotal:              0 kB
CmaFree:               0 kB
HugePages_Total:       0
HugePages_Free:        0
HugePages_Rsvd:        0
HugePages_Surp:        0
Hugepagesize:       2048 kB
DirectMap4k:       55288 kB
DirectMap2M:      858112 kB


CPU:total 4 (1 cores per cpu, 1 threads per core) family 6 model 58 stepping 9, cmov, cx8, fxsr, mmx, sse, sse2, sse3, ssse3, sse4.1, sse4.2, popcnt, avx, aes, erms, tsc, tscinvbit, tscinv

/proc/cpuinfo:
processor	: 0
vendor_id	: GenuineIntel
cpu family	: 6
model		: 58
model name	: Intel(R) Core(TM) i5-3210M CPU @ 2.50GHz
stepping	: 9
microcode	: 0x15
cpu MHz		: 2494.111
cache size	: 3072 KB
physical id	: 0
siblings	: 1
core id		: 0
cpu cores	: 1
apicid		: 0
initial apicid	: 0
fdiv_bug	: no
f00f_bug	: no
coma_bug	: no
fpu		: yes
fpu_exception	: yes
cpuid level	: 13
wp		: yes
flags		: fpu vme de pse tsc msr pae mce cx8 apic sep mtrr pge mca cmov pat pse36 clflush dts mmx fxsr sse sse2 ss nx rdtscp lm constant_tsc arch_perfmon pebs bts xtopology tsc_reliable nonstop_tsc aperfmperf pni pclmulqdq ssse3 cx16 pcid sse4_1 sse4_2 x2apic popcnt tsc_deadline_timer aes xsave avx f16c rdrand hypervisor lahf_lm ida arat epb pln pts dtherm fsgsbase tsc_adjust smep
bugs		:
bogomips	: 4988.22
clflush size	: 64
cache_alignment	: 64
address sizes	: 42 bits physical, 48 bits virtual
power management:

processor	: 1
vendor_id	: GenuineIntel
cpu family	: 6
model		: 58
model name	: Intel(R) Core(TM) i5-3210M CPU @ 2.50GHz
stepping	: 9
microcode	: 0x15
cpu MHz		: 2494.111
cache size	: 3072 KB
physical id	: 2
siblings	: 1
core id		: 0
cpu cores	: 1
apicid		: 2
initial apicid	: 2
fdiv_bug	: no
f00f_bug	: no
coma_bug	: no
fpu		: yes
fpu_exception	: yes
cpuid level	: 13
wp		: yes
flags		: fpu vme de pse tsc msr pae mce cx8 apic sep mtrr pge mca cmov pat pse36 clflush dts mmx fxsr sse sse2 ss nx rdtscp lm constant_tsc arch_perfmon pebs bts xtopology tsc_reliable nonstop_tsc aperfmperf pni pclmulqdq ssse3 cx16 pcid sse4_1 sse4_2 x2apic popcnt tsc_deadline_timer aes xsave avx f16c rdrand hypervisor lahf_lm ida arat epb pln pts dtherm fsgsbase tsc_adjust smep
bugs		:
bogomips	: 4988.22
clflush size	: 64
cache_alignment	: 64
address sizes	: 42 bits physical, 48 bits virtual
power management:

processor	: 2
vendor_id	: GenuineIntel
cpu family	: 6
model		: 58
model name	: Intel(R) Core(TM) i5-3210M CPU @ 2.50GHz
stepping	: 9
microcode	: 0x15
cpu MHz		: 2494.111
cache size	: 3072 KB
physical id	: 4
siblings	: 1
core id		: 0
cpu cores	: 1
apicid		: 4
initial apicid	: 4
fdiv_bug	: no
f00f_bug	: no
coma_bug	: no
fpu		: yes
fpu_exception	: yes
cpuid level	: 13
wp		: yes
flags		: fpu vme de pse tsc msr pae mce cx8 apic sep mtrr pge mca cmov pat pse36 clflush dts mmx fxsr sse sse2 ss nx rdtscp lm constant_tsc arch_perfmon pebs bts xtopology tsc_reliable nonstop_tsc aperfmperf pni pclmulqdq ssse3 cx16 pcid sse4_1 sse4_2 x2apic popcnt tsc_deadline_timer aes xsave avx f16c rdrand hypervisor lahf_lm ida arat epb pln pts dtherm fsgsbase tsc_adjust smep
bugs		:
bogomips	: 4988.22
clflush size	: 64
cache_alignment	: 64
address sizes	: 42 bits physical, 48 bits virtual
power management:

processor	: 3
vendor_id	: GenuineIntel
cpu family	: 6
model		: 58
model name	: Intel(R) Core(TM) i5-3210M CPU @ 2.50GHz
stepping	: 9
microcode	: 0x15
cpu MHz		: 2494.111
cache size	: 3072 KB
physical id	: 6
siblings	: 1
core id		: 0
cpu cores	: 1
apicid		: 6
initial apicid	: 6
fdiv_bug	: no
f00f_bug	: no
coma_bug	: no
fpu		: yes
fpu_exception	: yes
cpuid level	: 13
wp		: yes
flags		: fpu vme de pse tsc msr pae mce cx8 apic sep mtrr pge mca cmov pat pse36 clflush dts mmx fxsr sse sse2 ss nx rdtscp lm constant_tsc arch_perfmon pebs bts xtopology tsc_reliable nonstop_tsc aperfmperf pni pclmulqdq ssse3 cx16 pcid sse4_1 sse4_2 x2apic popcnt tsc_deadline_timer aes xsave avx f16c rdrand hypervisor lahf_lm ida arat epb pln pts dtherm fsgsbase tsc_adjust smep
bugs		:
bogomips	: 4988.22
clflush size	: 64
cache_alignment	: 64
address sizes	: 42 bits physical, 48 bits virtual
power management:



Memory: 4k page, physical 4139540k(212332k free), swap 0k(0k free)

vm_info: OpenJDK Server VM (24.91-b01) for linux-x86 JRE (1.7.0_91-b02), built on Nov 19 2015 06:25:06 by "buildd" with gcc 4.9.2

time: Sun May  1 03:17:00 2016
elapsed time: 5 seconds

