#
# There is insufficient memory for the Java Runtime Environment to continue.
# Native memory allocation (malloc) failed to allocate 34078720 bytes for committing reserved memory.
# Possible reasons:
#   The system is out of physical RAM or swap space
#   In 32 bit mode, the process size limit was hit
# Possible solutions:
#   Reduce memory load on the system
#   Increase physical memory or swap space
#   Check if swap backing store is full
#   Use 64 bit Java on a 64 bit OS
#   Decrease Java heap size (-Xmx/-Xms)
#   Decrease number of Java threads
#   Decrease Java thread stack sizes (-Xss)
#   Set larger code cache with -XX:ReservedCodeCacheSize=
# This output file may be truncated or incomplete.
#
#  Out of Memory Error (os_linux.cpp:2827), pid=8701, tid=1740430144
#
# JRE version: OpenJDK Runtime Environment (7.0_91-b02) (build 1.7.0_91-b02)
# Java VM: OpenJDK Server VM (24.91-b01 mixed mode linux-x86 )
# Derivative: IcedTea 2.6.3
# Distribution: Ubuntu 15.04, package 7u91-2.6.3-0ubuntu0.15.04.1
# Failed to write core dump. Core dumps have been disabled. To enable core dumping, try "ulimit -c unlimited" before starting Java again
#

---------------  T H R E A D  ---------------

Current thread (0x67a81400):  VMThread [stack: 0x67b4d000,0x67bce000] [id=8728]

Stack: [0x67b4d000,0x67bce000]
VM_Operation (0xb64668fc): ParallelGCFailedAllocation, mode: safepoint, requested by thread 0xb6308400


---------------  P R O C E S S  ---------------

Java Threads: ( => current thread )
  0x67156800 JavaThread "pool-1-thread-4" [_thread_blocked, id=8778, stack(0x66914000,0x66965000)]
  0x67154400 JavaThread "pool-1-thread-3" [_thread_blocked, id=8777, stack(0x66965000,0x669b6000)]
  0x67155c00 JavaThread "pool-1-thread-2" [_thread_blocked, id=8776, stack(0x669b6000,0x66a07000)]
  0x67151400 JavaThread "pool-2-thread-1" [_thread_blocked, id=8775, stack(0x66a07000,0x66a58000)]
  0x6714f000 JavaThread "pool-1-thread-1" [_thread_blocked, id=8772, stack(0x67024000,0x67075000)]
  0x67aed800 JavaThread "Service Thread" daemon [_thread_blocked, id=8752, stack(0x67311000,0x67362000)]
  0x67aeb800 JavaThread "C2 CompilerThread1" daemon [_thread_blocked, id=8750, stack(0x67362000,0x673e3000)]
  0x67aea400 JavaThread "C2 CompilerThread0" daemon [_thread_in_native, id=8743, stack(0x673e3000,0x67464000)]
  0x67a97400 JavaThread "Signal Dispatcher" daemon [_thread_blocked, id=8742, stack(0x675af000,0x67600000)]
  0x67a85400 JavaThread "Finalizer" daemon [_thread_blocked, id=8737, stack(0x6a72e000,0x6a77f000)]
  0x67a83c00 JavaThread "Reference Handler" daemon [_thread_blocked, id=8735, stack(0x6a92e000,0x6a97f000)]
  0xb6308400 JavaThread "main" [_thread_blocked, id=8707, stack(0xb6417000,0xb6468000)]

Other Threads:
=>0x67a81400 VMThread [stack: 0x67b4d000,0x67bce000] [id=8728]
  0x67aef800 WatcherThread [stack: 0x67290000,0x67311000] [id=8757]

VM state:at safepoint (normal execution)

VM Mutex/Monitor currently owned by a thread:  ([mutex/lock_event])
[0xb6305df0] Threads_lock - owner thread: 0x67a81400
[0xb6306200] Heap_lock - owner thread: 0xb6308400

Heap
 PSYoungGen      total 35840K, used 2551K [0x9dc40000, 0xa01c0000, 0xb31c0000)
  eden space 33280K, 0% used [0x9dc40000,0x9dc40000,0x9fcc0000)
  from space 2560K, 99% used [0x9fcc0000,0x9ff3dd10,0x9ff40000)
  to   space 2560K, 0% used [0x9ff40000,0x9ff40000,0xa01c0000)
 ParOldGen       total 43008K, used 7679K [0x731c0000, 0x75bc0000, 0x9dc40000)
  object space 43008K, 17% used [0x731c0000,0x7393fe20,0x75bc0000)
 PSPermGen       total 16384K, used 4234K [0x6b1c0000, 0x6c1c0000, 0x731c0000)
  object space 16384K, 25% used [0x6b1c0000,0x6b5e2b28,0x6c1c0000)

Card table byte_map: [0x6af7f000,0x6b1c0000] byte_map_base: 0x6ac26200

Polling page: 0xb779e000

Code Cache  [0xb3281000, 0xb34c1000, 0xb6281000)
 total_blobs=342 nmethods=219 adapters=76 free_code_cache=48503Kb largest_free_block=49647424

Compilation events (10 events):
Event: 3.293 Thread 0x67aea400 nmethod 215 0xb331f4c8 code [0xb331f680, 0xb331fce4]
Event: 3.300 Thread 0x67aea400  216             com.android.dx.dex.code.ZeroSizeInsn::<init> (12 bytes)
Event: 3.301 Thread 0x67aea400 nmethod 216 0xb32caf48 code [0xb32cb040, 0xb32cb0d0]
Event: 3.301 Thread 0x67aea400  217             com.android.dx.rop.code.PlainInsn::accept (8 bytes)
Event: 3.301 Thread 0x67aea400 nmethod 217 0xb32d51c8 code [0xb32d52c0, 0xb32d5310]
Event: 3.301 Thread 0x67aea400  218             java.util.Arrays::hashCode (56 bytes)
Event: 3.307 Thread 0x67aea400 nmethod 218 0xb3304fc8 code [0xb33050c0, 0xb33051d0]
Event: 3.307 Thread 0x67aea400  219             com.android.dx.ssa.DeadCodeRemover::pruneDeadInstructions (246 bytes)
Event: 3.320 Thread 0x67aea400 nmethod 219 0xb331cbc8 code [0xb331cd20, 0xb331d244]
Event: 3.320 Thread 0x67aea400  220             com.android.dx.ssa.SCCP::simulateBranch (666 bytes)

GC Heap History (5 events):
Event: 0.845 GC heap before
{Heap before GC invocations=1 (full 0):
 PSYoungGen      total 19200K, used 16640K [0x9dc40000, 0x9f180000, 0xb31c0000)
  eden space 16640K, 100% used [0x9dc40000,0x9ec80000,0x9ec80000)
  from space 2560K, 0% used [0x9ef00000,0x9ef00000,0x9f180000)
  to   space 2560K, 0% used [0x9ec80000,0x9ec80000,0x9ef00000)
 ParOldGen       total 43008K, used 0K [0x731c0000, 0x75bc0000, 0x9dc40000)
  object space 43008K, 0% used [0x731c0000,0x731c0000,0x75bc0000)
 PSPermGen       total 16384K, used 3027K [0x6b1c0000, 0x6c1c0000, 0x731c0000)
  object space 16384K, 18% used [0x6b1c0000,0x6b4b4fd0,0x6c1c0000)
Event: 0.878 GC heap after
Heap after GC invocations=1 (full 0):
 PSYoungGen      total 19200K, used 1173K [0x9dc40000, 0xa01c0000, 0xb31c0000)
  eden space 16640K, 0% used [0x9dc40000,0x9dc40000,0x9ec80000)
  from space 2560K, 45% used [0x9ec80000,0x9eda5798,0x9ef00000)
  to   space 2560K, 0% used [0x9ff40000,0x9ff40000,0xa01c0000)
 ParOldGen       total 43008K, used 0K [0x731c0000, 0x75bc0000, 0x9dc40000)
  object space 43008K, 0% used [0x731c0000,0x731c0000,0x75bc0000)
 PSPermGen       total 16384K, used 3027K [0x6b1c0000, 0x6c1c0000, 0x731c0000)
  object space 16384K, 18% used [0x6b1c0000,0x6b4b4fd0,0x6c1c0000)
}
Event: 2.213 GC heap before
{Heap before GC invocations=2 (full 0):
 PSYoungGen      total 19200K, used 17813K [0x9dc40000, 0xa01c0000, 0xb31c0000)
  eden space 16640K, 100% used [0x9dc40000,0x9ec80000,0x9ec80000)
  from space 2560K, 45% used [0x9ec80000,0x9eda5798,0x9ef00000)
  to   space 2560K, 0% used [0x9ff40000,0x9ff40000,0xa01c0000)
 ParOldGen       total 43008K, used 0K [0x731c0000, 0x75bc0000, 0x9dc40000)
  object space 43008K, 0% used [0x731c0000,0x731c0000,0x75bc0000)
 PSPermGen       total 16384K, used 4125K [0x6b1c0000, 0x6c1c0000, 0x731c0000)
  object space 16384K, 25% used [0x6b1c0000,0x6b5c75e0,0x6c1c0000)
Event: 2.229 GC heap after
Heap after GC invocations=2 (full 0):
 PSYoungGen      total 35840K, used 2557K [0x9dc40000, 0xa01c0000, 0xb31c0000)
  eden space 33280K, 0% used [0x9dc40000,0x9dc40000,0x9fcc0000)
  from space 2560K, 99% used [0x9ff40000,0xa01bf470,0xa01c0000)
  to   space 2560K, 0% used [0x9fcc0000,0x9fcc0000,0x9ff40000)
 ParOldGen       total 43008K, used 1707K [0x731c0000, 0x75bc0000, 0x9dc40000)
  object space 43008K, 3% used [0x731c0000,0x7336acc0,0x75bc0000)
 PSPermGen       total 16384K, used 4125K [0x6b1c0000, 0x6c1c0000, 0x731c0000)
  object space 16384K, 25% used [0x6b1c0000,0x6b5c75e0,0x6c1c0000)
}
Event: 3.464 GC heap before
{Heap before GC invocations=3 (full 0):
 PSYoungGen      total 35840K, used 35837K [0x9dc40000, 0xa01c0000, 0xb31c0000)
  eden space 33280K, 100% used [0x9dc40000,0x9fcc0000,0x9fcc0000)
  from space 2560K, 99% used [0x9ff40000,0xa01bf470,0xa01c0000)
  to   space 2560K, 0% used [0x9fcc0000,0x9fcc0000,0x9ff40000)
 ParOldGen       total 43008K, used 1707K [0x731c0000, 0x75bc0000, 0x9dc40000)
  object space 43008K, 3% used [0x731c0000,0x7336acc0,0x75bc0000)
 PSPermGen       total 16384K, used 4234K [0x6b1c0000, 0x6c1c0000, 0x731c0000)
  object space 16384K, 25% used [0x6b1c0000,0x6b5e2b28,0x6c1c0000)

Deoptimization events (10 events):
Event: 2.238 Thread 0x67154400 Uncommon trap: reason=unstable_if action=reinterpret pc=0xb32eaa48 method=java.util.BitSet.nextSetBit(I)I @ 87
Event: 2.432 Thread 0x67156800 Uncommon trap: reason=unstable_if action=reinterpret pc=0xb32ed850 method=com.android.dx.cf.code.Ropper.labelToResultIndex(I)I @ 34
Event: 2.432 Thread 0x67156800 Uncommon trap: reason=class_check action=maybe_recompile pc=0xb32e8f2c method=com.android.dx.rop.type.Type.equals(Ljava/lang/Object;)Z @ 8
Event: 2.432 Thread 0x67156800 Uncommon trap: reason=class_check action=maybe_recompile pc=0xb32e8f2c method=com.android.dx.rop.type.Type.equals(Ljava/lang/Object;)Z @ 8
Event: 2.432 Thread 0x67156800 Uncommon trap: reason=class_check action=maybe_recompile pc=0xb32e8f2c method=com.android.dx.rop.type.Type.equals(Ljava/lang/Object;)Z @ 8
Event: 2.477 Thread 0x67156800 Uncommon trap: reason=class_check action=maybe_recompile pc=0xb32e8f2c method=com.android.dx.rop.type.Type.equals(Ljava/lang/Object;)Z @ 8
Event: 3.282 Thread 0xb6308400 Uncommon trap: reason=null_check action=make_not_entrant pc=0xb330d5f4 method=com.android.dx.rop.type.Type.putIntern(Lcom/android/dx/rop/type/Type;)Lcom/android/dx/rop/type/Type; @ 18
Event: 3.398 Thread 0x6714f000 Uncommon trap: reason=unstable_if action=reinterpret pc=0xb32e3914 method=com.android.dx.rop.cst.Constant.compareTo(Lcom/android/dx/rop/cst/Constant;)I @ 12
Event: 3.398 Thread 0x67155c00 Uncommon trap: reason=unstable_if action=reinterpret pc=0xb32e3914 method=com.android.dx.rop.cst.Constant.compareTo(Lcom/android/dx/rop/cst/Constant;)I @ 12
Event: 3.408 Thread 0x67154400 Uncommon trap: reason=null_check action=make_not_entrant pc=0xb3322710 method=com.android.dx.ssa.SsaRenamer.getLocalForNewReg(I)Lcom/android/dx/rop/code/LocalItem; @ 19

Internal exceptions (10 events):
Event: 1.675 Thread 0x6714f000 Threw 0x9e467608 at /build/openjdk-7-PdBaKN/openjdk-7-7u91-2.6.3/build/openjdk/hotspot/src/share/vm/prims/jvm.cpp:1322
Event: 1.946 Thread 0x6714f000 Threw 0x9e478410 at /build/openjdk-7-PdBaKN/openjdk-7-7u91-2.6.3/build/openjdk/hotspot/src/share/vm/prims/jvm.cpp:1322
Event: 1.948 Thread 0xb6308400 Threw 0x9e6e9b90 at /build/openjdk-7-PdBaKN/openjdk-7-7u91-2.6.3/build/openjdk/hotspot/src/share/vm/prims/jvm.cpp:1322
Event: 1.949 Thread 0xb6308400 Threw 0x9e6ec830 at /build/openjdk-7-PdBaKN/openjdk-7-7u91-2.6.3/build/openjdk/hotspot/src/share/vm/prims/jvm.cpp:1322
Event: 2.031 Thread 0xb6308400 Threw 0x9e884f28 at /build/openjdk-7-PdBaKN/openjdk-7-7u91-2.6.3/build/openjdk/hotspot/src/share/vm/prims/jvm.cpp:1322
Event: 2.403 Thread 0x67156800 Threw 0x9e144c70 at /build/openjdk-7-PdBaKN/openjdk-7-7u91-2.6.3/build/openjdk/hotspot/src/share/vm/prims/jvm.cpp:1322
Event: 3.282 Thread 0xb6308400 Implicit null exception at 0xb330d062 to 0xb330d5e9
Event: 3.393 Thread 0xb6308400 Threw 0x9f9b6008 at /build/openjdk-7-PdBaKN/openjdk-7-7u91-2.6.3/build/openjdk/hotspot/src/share/vm/prims/jvm.cpp:1322
Event: 3.408 Thread 0x67154400 Implicit null exception at 0xb33213e7 to 0xb3322701
Event: 3.424 Thread 0xb6308400 Threw 0x9fa0a398 at /build/openjdk-7-PdBaKN/openjdk-7-7u91-2.6.3/build/openjdk/hotspot/src/share/vm/prims/jvm.cpp:1322

Events (10 events):
Event: 3.398 Thread 0x67155c00 DEOPT PACKING pc=0xb32e3914 sp=0x66a05a00
Event: 3.398 Thread 0x6714f000 DEOPT PACKING pc=0xb32e3914 sp=0x67073a00
Event: 3.398 Thread 0x6714f000 DEOPT UNPACKING pc=0xb32adbc8 sp=0x670739d8 mode 2
Event: 3.398 Thread 0x67155c00 DEOPT UNPACKING pc=0xb32adbc8 sp=0x66a059d8 mode 2
Event: 3.408 Thread 0x67154400 Uncommon trap: trap_request=0xfffffff4 fr.pc=0xb3322710
Event: 3.408 Thread 0x67154400 DEOPT PACKING pc=0xb3322710 sp=0x669b4b90
Event: 3.408 Thread 0x67154400 DEOPT UNPACKING pc=0xb32adbc8 sp=0x669b4a74 mode 2
Event: 3.424 loading class 0x679149b8
Event: 3.424 loading class 0x679149b8 done
Event: 3.453 Executing VM operation: ParallelGCFailedAllocation


Dynamic libraries:
08048000-08049000 r-xp 00000000 08:01 804961     /usr/lib/jvm/java-7-openjdk-i386/jre/bin/java
08049000-0804a000 r--p 00000000 08:01 804961     /usr/lib/jvm/java-7-openjdk-i386/jre/bin/java
0804a000-0804b000 rw-p 00001000 08:01 804961     /usr/lib/jvm/java-7-openjdk-i386/jre/bin/java
094c6000-09525000 rw-p 00000000 00:00 0          [heap]
66000000-660fe000 rw-p 00000000 00:00 0 
660fe000-66100000 ---p 00000000 00:00 0 
66100000-66199000 rw-p 00000000 00:00 0 
66199000-66200000 ---p 00000000 00:00 0 
66200000-662f6000 rw-p 00000000 00:00 0 
662f6000-66300000 ---p 00000000 00:00 0 
66300000-663f7000 rw-p 00000000 00:00 0 
663f7000-66400000 ---p 00000000 00:00 0 
66400000-664fe000 rw-p 00000000 00:00 0 
664fe000-66500000 ---p 00000000 00:00 0 
66600000-667fd000 rw-p 00000000 00:00 0 
667fd000-66800000 ---p 00000000 00:00 0 
66800000-668fa000 rw-p 00000000 00:00 0 
668fa000-66900000 ---p 00000000 00:00 0 
66914000-66917000 ---p 00000000 00:00 0 
66917000-66965000 rw-p 00000000 00:00 0          [stack:8778]
66965000-66968000 ---p 00000000 00:00 0 
66968000-669b6000 rw-p 00000000 00:00 0          [stack:8777]
669b6000-669b9000 ---p 00000000 00:00 0 
669b9000-66a07000 rw-p 00000000 00:00 0          [stack:8776]
66a07000-66a0a000 ---p 00000000 00:00 0 
66a0a000-66c19000 rw-p 00000000 00:00 0          [stack:8775]
66c19000-66d3f000 r-xp 00000000 08:01 394573     /lib/i386-linux-gnu/libglib-2.0.so.0.4400.0
66d3f000-66d40000 r--p 00125000 08:01 394573     /lib/i386-linux-gnu/libglib-2.0.so.0.4400.0
66d40000-66d41000 rw-p 00126000 08:01 394573     /lib/i386-linux-gnu/libglib-2.0.so.0.4400.0
66d41000-66efa000 r-xp 00000000 08:01 137357     /usr/lib/i386-linux-gnu/libgio-2.0.so.0.4400.0
66efa000-66efd000 r--p 001b8000 08:01 137357     /usr/lib/i386-linux-gnu/libgio-2.0.so.0.4400.0
66efd000-66eff000 rw-p 001bb000 08:01 137357     /usr/lib/i386-linux-gnu/libgio-2.0.so.0.4400.0
66eff000-66f00000 rw-p 00000000 00:00 0 
66f00000-66ffd000 rw-p 00000000 00:00 0 
66ffd000-67000000 ---p 00000000 00:00 0 
67024000-67027000 ---p 00000000 00:00 0 
67027000-67075000 rw-p 00000000 00:00 0          [stack:8772]
67075000-670e5000 r-xp 00000000 08:01 394656     /lib/i386-linux-gnu/libpcre.so.3.13.1
670e5000-670e6000 r--p 0006f000 08:01 394656     /lib/i386-linux-gnu/libpcre.so.3.13.1
670e6000-670e7000 rw-p 00070000 08:01 394656     /lib/i386-linux-gnu/libpcre.so.3.13.1
670e7000-670fb000 r-xp 00000000 08:01 394679     /lib/i386-linux-gnu/libresolv-2.21.so
670fb000-670fd000 r--p 00013000 08:01 394679     /lib/i386-linux-gnu/libresolv-2.21.so
670fd000-670fe000 rw-p 00015000 08:01 394679     /lib/i386-linux-gnu/libresolv-2.21.so
670fe000-67100000 rw-p 00000000 00:00 0 
67100000-6716e000 rw-p 00000000 00:00 0 
6716e000-67200000 ---p 00000000 00:00 0 
6720c000-67230000 r-xp 00000000 08:01 394683     /lib/i386-linux-gnu/libselinux.so.1
67230000-67231000 r--p 00024000 08:01 394683     /lib/i386-linux-gnu/libselinux.so.1
67231000-67232000 rw-p 00025000 08:01 394683     /lib/i386-linux-gnu/libselinux.so.1
67232000-67233000 rw-p 00000000 00:00 0 
67233000-6728e000 r-xp 00000000 08:01 137385     /usr/lib/i386-linux-gnu/libgobject-2.0.so.0.4400.0
6728e000-6728f000 r--p 0005b000 08:01 137385     /usr/lib/i386-linux-gnu/libgobject-2.0.so.0.4400.0
6728f000-67290000 rw-p 0005c000 08:01 137385     /usr/lib/i386-linux-gnu/libgobject-2.0.so.0.4400.0
67290000-67291000 ---p 00000000 00:00 0 
67291000-67311000 rw-p 00000000 00:00 0          [stack:8757]
67311000-67314000 ---p 00000000 00:00 0 
67314000-67362000 rw-p 00000000 00:00 0          [stack:8752]
67362000-67365000 ---p 00000000 00:00 0 
67365000-673e3000 rw-p 00000000 00:00 0          [stack:8750]
673e3000-673e6000 ---p 00000000 00:00 0 
673e6000-67464000 rw-p 00000000 00:00 0          [stack:8743]
67464000-675ab000 r-xp 00000000 08:01 136931     /usr/lib/i386-linux-gnu/libX11.so.6.3.0
675ab000-675ac000 r--p 00146000 08:01 136931     /usr/lib/i386-linux-gnu/libX11.so.6.3.0
675ac000-675ae000 rw-p 00147000 08:01 136931     /usr/lib/i386-linux-gnu/libX11.so.6.3.0
675ae000-675af000 rw-p 00000000 00:00 0 
675af000-675b2000 ---p 00000000 00:00 0 
675b2000-67600000 rw-p 00000000 00:00 0          [stack:8742]
67600000-67800000 r--p 00000000 08:01 143362     /usr/lib/locale/locale-archive
67800000-678fc000 rw-p 00000000 00:00 0 
678fc000-67900000 ---p 00000000 00:00 0 
67900000-67924000 rw-p 00000000 00:00 0 
67924000-67a00000 ---p 00000000 00:00 0 
67a00000-67b00000 rw-p 00000000 00:00 0 
67b22000-67b39000 r-xp 00000000 08:01 805027     /usr/lib/jvm/java-7-openjdk-i386/jre/lib/i386/libnet.so
67b39000-67b3a000 r--p 00016000 08:01 805027     /usr/lib/jvm/java-7-openjdk-i386/jre/lib/i386/libnet.so
67b3a000-67b3b000 rw-p 00017000 08:01 805027     /usr/lib/jvm/java-7-openjdk-i386/jre/lib/i386/libnet.so
67b3b000-67b4b000 r-xp 00000000 08:01 804991     /usr/lib/jvm/java-7-openjdk-i386/jre/lib/i386/libnio.so
67b4b000-67b4c000 r--p 00010000 08:01 804991     /usr/lib/jvm/java-7-openjdk-i386/jre/lib/i386/libnio.so
67b4c000-67b4d000 rw-p 00011000 08:01 804991     /usr/lib/jvm/java-7-openjdk-i386/jre/lib/i386/libnio.so
67b4d000-67b4e000 ---p 00000000 00:00 0 
67b4e000-67bce000 rw-p 00000000 00:00 0          [stack:8728]
67bce000-67d80000 r--s 01d2e000 08:01 804984     /usr/lib/jvm/java-7-openjdk-i386/jre/lib/rt.jar
67d80000-6a600000 rw-p 00000000 00:00 0 
6a600000-6a6ff000 rw-p 00000000 00:00 0 
6a6ff000-6a700000 ---p 00000000 00:00 0 
6a70c000-6a72c000 r-xp 00000000 08:01 138125     /usr/lib/i386-linux-gnu/libxcb.so.1.1.0
6a72c000-6a72d000 r--p 0001f000 08:01 138125     /usr/lib/i386-linux-gnu/libxcb.so.1.1.0
6a72d000-6a72e000 rw-p 00020000 08:01 138125     /usr/lib/i386-linux-gnu/libxcb.so.1.1.0
6a72e000-6a731000 ---p 00000000 00:00 0 
6a731000-6a77f000 rw-p 00000000 00:00 0          [stack:8737]
6a77f000-6a780000 ---p 00000000 00:00 0 
6a780000-6a800000 rw-p 00000000 00:00 0          [stack:8724]
6a800000-6a821000 rw-p 00000000 00:00 0 
6a821000-6a900000 ---p 00000000 00:00 0 
6a906000-6a90d000 r-xp 00000000 08:01 137254     /usr/lib/i386-linux-gnu/libffi.so.6.0.4
6a90d000-6a90f000 r--p 00006000 08:01 137254     /usr/lib/i386-linux-gnu/libffi.so.6.0.4
6a90f000-6a910000 rw-p 00008000 08:01 137254     /usr/lib/i386-linux-gnu/libffi.so.6.0.4
6a910000-6a915000 r-xp 00000000 08:01 136946     /usr/lib/i386-linux-gnu/libXdmcp.so.6.0.0
6a915000-6a916000 r--p 00004000 08:01 136946     /usr/lib/i386-linux-gnu/libXdmcp.so.6.0.0
6a916000-6a917000 rw-p 00005000 08:01 136946     /usr/lib/i386-linux-gnu/libXdmcp.so.6.0.0
6a919000-6a92e000 r--s 000e5000 08:01 941706     /home/student/test/Pedometer/app/build/intermediates/exploded-aar/com.android.support/support-v4/23.1.1/jars/classes.jar
6a92e000-6a931000 ---p 00000000 00:00 0 
6a931000-6a97f000 rw-p 00000000 00:00 0          [stack:8735]
6a97f000-6a980000 ---p 00000000 00:00 0 
6a980000-6aa00000 rw-p 00000000 00:00 0          [stack:8722]
6aa00000-6aa21000 rw-p 00000000 00:00 0 
6aa21000-6ab00000 ---p 00000000 00:00 0 
6ab01000-6ab04000 r-xp 00000000 08:01 137371     /usr/lib/i386-linux-gnu/libgmodule-2.0.so.0.4400.0
6ab04000-6ab05000 r--p 00002000 08:01 137371     /usr/lib/i386-linux-gnu/libgmodule-2.0.so.0.4400.0
6ab05000-6ab06000 rw-p 00003000 08:01 137371     /usr/lib/i386-linux-gnu/libgmodule-2.0.so.0.4400.0
6ab06000-6ab08000 r-xp 00000000 08:01 136935     /usr/lib/i386-linux-gnu/libXau.so.6.0.0
6ab08000-6ab09000 r--p 00001000 08:01 136935     /usr/lib/i386-linux-gnu/libXau.so.6.0.0
6ab09000-6ab0a000 rw-p 00002000 08:01 136935     /usr/lib/i386-linux-gnu/libXau.so.6.0.0
6ab0a000-6ab0c000 r-xp 00000000 08:01 141618     /usr/lib/jayatana/libjayatanaag.so
6ab0c000-6ab0d000 r--p 00001000 08:01 141618     /usr/lib/jayatana/libjayatanaag.so
6ab0d000-6ab0e000 rw-p 00002000 08:01 141618     /usr/lib/jayatana/libjayatanaag.so
6ab0e000-6ab1d000 r--s 000df000 08:01 1068117    /home/student/Android/Sdk/build-tools/23.0.2/lib/dx.jar
6ab1d000-6ab20000 r--s 0000f000 08:01 804977     /usr/lib/jvm/java-7-openjdk-i386/jre/lib/ext/icedtea-sound.jar
6ab20000-6ab24000 r--s 00085000 08:01 804976     /usr/lib/jvm/java-7-openjdk-i386/jre/lib/ext/localedata.jar
6ab24000-6ab7f000 rw-p 00000000 00:00 0 
6ab7f000-6ab80000 ---p 00000000 00:00 0 
6ab80000-6ac00000 rw-p 00000000 00:00 0          [stack:8720]
6ac00000-6ac2c000 rw-p 00000000 00:00 0 
6ac2c000-6ad00000 ---p 00000000 00:00 0 
6ad00000-6ad04000 r--s 00034000 08:01 804978     /usr/lib/jvm/java-7-openjdk-i386/jre/lib/ext/sunjce_provider.jar
6ad04000-6ad68000 rw-p 00000000 00:00 0 
6ad68000-6ad69000 ---p 00000000 00:00 0 
6ad69000-6adf1000 rw-p 00000000 00:00 0          [stack:8718]
6adf1000-6ae29000 rw-p 00000000 00:00 0 
6ae29000-6ae3e000 rw-p 00000000 00:00 0 
6ae3e000-6af7f000 rw-p 00000000 00:00 0 
6af7f000-6af87000 rw-p 00000000 00:00 0 
6af87000-6afbf000 rw-p 00000000 00:00 0 
6afbf000-6afd4000 rw-p 00000000 00:00 0 
6afd4000-6b114000 rw-p 00000000 00:00 0 
6b114000-6b127000 rw-p 00000000 00:00 0 
6b127000-6b1bf000 rw-p 00000000 00:00 0 
6b1bf000-6c1c0000 rw-p 00000000 00:00 0 
6c1c0000-731c0000 rw-p 00000000 00:00 0 
731c0000-75bc0000 rw-p 00000000 00:00 0 
75bc0000-9dc40000 rw-p 00000000 00:00 0 
9dc40000-a01c0000 rw-p 00000000 00:00 0 
a2240000-b31c0000 rw-p 00000000 00:00 0 
b31c1000-b31ca000 rw-p 00000000 00:00 0 
b31ca000-b3281000 rw-p 00000000 00:00 0 
b3281000-b34c1000 rwxp 00000000 00:00 0 
b34c1000-b6281000 rw-p 00000000 00:00 0 
b6281000-b628d000 r-xp 00000000 08:01 394626     /lib/i386-linux-gnu/libnss_files-2.21.so
b628d000-b628e000 r--p 0000b000 08:01 394626     /lib/i386-linux-gnu/libnss_files-2.21.so
b628e000-b628f000 rw-p 0000c000 08:01 394626     /lib/i386-linux-gnu/libnss_files-2.21.so
b628f000-b629a000 r-xp 00000000 08:01 394636     /lib/i386-linux-gnu/libnss_nis-2.21.so
b629a000-b629b000 r--p 0000a000 08:01 394636     /lib/i386-linux-gnu/libnss_nis-2.21.so
b629b000-b629c000 rw-p 0000b000 08:01 394636     /lib/i386-linux-gnu/libnss_nis-2.21.so
b629c000-b62b3000 r-xp 00000000 08:01 394620     /lib/i386-linux-gnu/libnsl-2.21.so
b62b3000-b62b4000 r--p 00016000 08:01 394620     /lib/i386-linux-gnu/libnsl-2.21.so
b62b4000-b62b5000 rw-p 00017000 08:01 394620     /lib/i386-linux-gnu/libnsl-2.21.so
b62b5000-b62b7000 rw-p 00000000 00:00 0 
b62b7000-b62bf000 r-xp 00000000 08:01 394622     /lib/i386-linux-gnu/libnss_compat-2.21.so
b62bf000-b62c0000 r--p 00007000 08:01 394622     /lib/i386-linux-gnu/libnss_compat-2.21.so
b62c0000-b62c1000 rw-p 00008000 08:01 394622     /lib/i386-linux-gnu/libnss_compat-2.21.so
b62c1000-b62c2000 r--s 00000000 08:01 414147     /usr/share/java/jayatanaag.jar
b62c2000-b62c6000 r--s 0003c000 08:01 804979     /usr/lib/jvm/java-7-openjdk-i386/jre/lib/ext/sunpkcs11.jar
b62c6000-b62ce000 r-xp 00000000 08:01 804995     /usr/lib/jvm/java-7-openjdk-i386/jre/lib/i386/libzip.so
b62ce000-b62cf000 r--p 00007000 08:01 804995     /usr/lib/jvm/java-7-openjdk-i386/jre/lib/i386/libzip.so
b62cf000-b62d0000 rw-p 00008000 08:01 804995     /usr/lib/jvm/java-7-openjdk-i386/jre/lib/i386/libzip.so
b62d0000-b62d8000 rw-s 00000000 08:01 429076     /tmp/hsperfdata_student/8701
b62d8000-b62fe000 r-xp 00000000 08:01 805003     /usr/lib/jvm/java-7-openjdk-i386/jre/lib/i386/libjava.so
b62fe000-b62ff000 r--p 00025000 08:01 805003     /usr/lib/jvm/java-7-openjdk-i386/jre/lib/i386/libjava.so
b62ff000-b6300000 rw-p 00026000 08:01 805003     /usr/lib/jvm/java-7-openjdk-i386/jre/lib/i386/libjava.so
b6300000-b6400000 rw-p 00000000 00:00 0 
b6400000-b6402000 r--s 00012000 08:01 804975     /usr/lib/jvm/java-7-openjdk-i386/jre/lib/ext/zipfs.jar
b6402000-b640c000 r-xp 00000000 08:01 805017     /usr/lib/jvm/java-7-openjdk-i386/jre/lib/i386/libinstrument.so
b640c000-b640d000 r--p 00009000 08:01 805017     /usr/lib/jvm/java-7-openjdk-i386/jre/lib/i386/libinstrument.so
b640d000-b640e000 rw-p 0000a000 08:01 805017     /usr/lib/jvm/java-7-openjdk-i386/jre/lib/i386/libinstrument.so
b640e000-b6415000 r-xp 00000000 08:01 394681     /lib/i386-linux-gnu/librt-2.21.so
b6415000-b6416000 r--p 00006000 08:01 394681     /lib/i386-linux-gnu/librt-2.21.so
b6416000-b6417000 rw-p 00007000 08:01 394681     /lib/i386-linux-gnu/librt-2.21.so
b6417000-b641a000 ---p 00000000 00:00 0 
b641a000-b6468000 rw-p 00000000 00:00 0          [stack:8707]
b6468000-b6484000 r-xp 00000000 08:01 394569     /lib/i386-linux-gnu/libgcc_s.so.1
b6484000-b6485000 rw-p 0001b000 08:01 394569     /lib/i386-linux-gnu/libgcc_s.so.1
b6485000-b64d0000 r-xp 00000000 08:01 394599     /lib/i386-linux-gnu/libm-2.21.so
b64d0000-b64d1000 r--p 0004a000 08:01 394599     /lib/i386-linux-gnu/libm-2.21.so
b64d1000-b64d2000 rw-p 0004b000 08:01 394599     /lib/i386-linux-gnu/libm-2.21.so
b64d2000-b65bb000 r-xp 00000000 08:01 137921     /usr/lib/i386-linux-gnu/libstdc++.so.6.0.20
b65bb000-b65bf000 r--p 000e9000 08:01 137921     /usr/lib/i386-linux-gnu/libstdc++.so.6.0.20
b65bf000-b65c0000 rw-p 000ed000 08:01 137921     /usr/lib/i386-linux-gnu/libstdc++.so.6.0.20
b65c0000-b65c7000 rw-p 00000000 00:00 0 
b65c7000-b711a000 r-xp 00000000 08:01 805013     /usr/lib/jvm/java-7-openjdk-i386/jre/lib/i386/server/libjvm.so
b711a000-b716e000 r--p 00b52000 08:01 805013     /usr/lib/jvm/java-7-openjdk-i386/jre/lib/i386/server/libjvm.so
b716e000-b7182000 rw-p 00ba6000 08:01 805013     /usr/lib/jvm/java-7-openjdk-i386/jre/lib/i386/server/libjvm.so
b7182000-b75a1000 rw-p 00000000 00:00 0 
b75a1000-b75ba000 r-xp 00000000 08:01 394714     /lib/i386-linux-gnu/libz.so.1.2.8
b75ba000-b75bb000 r--p 00019000 08:01 394714     /lib/i386-linux-gnu/libz.so.1.2.8
b75bb000-b75bc000 rw-p 0001a000 08:01 394714     /lib/i386-linux-gnu/libz.so.1.2.8
b75bc000-b75d5000 r-xp 00000000 08:01 394673     /lib/i386-linux-gnu/libpthread-2.21.so
b75d5000-b75d6000 r--p 00018000 08:01 394673     /lib/i386-linux-gnu/libpthread-2.21.so
b75d6000-b75d7000 rw-p 00019000 08:01 394673     /lib/i386-linux-gnu/libpthread-2.21.so
b75d7000-b75d9000 rw-p 00000000 00:00 0 
b75d9000-b75dc000 r-xp 00000000 08:01 394557     /lib/i386-linux-gnu/libdl-2.21.so
b75dc000-b75dd000 r--p 00002000 08:01 394557     /lib/i386-linux-gnu/libdl-2.21.so
b75dd000-b75de000 rw-p 00003000 08:01 394557     /lib/i386-linux-gnu/libdl-2.21.so
b75de000-b7792000 r-xp 00000000 08:01 394540     /lib/i386-linux-gnu/libc-2.21.so
b7792000-b7795000 r--p 001b3000 08:01 394540     /lib/i386-linux-gnu/libc-2.21.so
b7795000-b7797000 rw-p 001b6000 08:01 394540     /lib/i386-linux-gnu/libc-2.21.so
b7797000-b7799000 rw-p 00000000 00:00 0 
b7799000-b779a000 r--s 00002000 08:01 804980     /usr/lib/jvm/java-7-openjdk-i386/jre/lib/ext/dnsns.jar
b779a000-b779c000 r--s 00006000 08:01 399091     /usr/share/java/java-atk-wrapper.jar
b779c000-b779d000 r--p 005e0000 08:01 143362     /usr/lib/locale/locale-archive
b779d000-b779e000 rw-p 00000000 00:00 0 
b779e000-b779f000 ---p 00000000 00:00 0 
b779f000-b77ad000 r-xp 00000000 08:01 805022     /usr/lib/jvm/java-7-openjdk-i386/jre/lib/i386/libverify.so
b77ad000-b77af000 r--p 0000d000 08:01 805022     /usr/lib/jvm/java-7-openjdk-i386/jre/lib/i386/libverify.so
b77af000-b77b0000 rw-p 0000f000 08:01 805022     /usr/lib/jvm/java-7-openjdk-i386/jre/lib/i386/libverify.so
b77b0000-b77bc000 r-xp 00000000 08:01 805024     /usr/lib/jvm/java-7-openjdk-i386/jre/lib/i386/jli/libjli.so
b77bc000-b77bd000 r--p 0000b000 08:01 805024     /usr/lib/jvm/java-7-openjdk-i386/jre/lib/i386/jli/libjli.so
b77bd000-b77be000 rw-p 0000c000 08:01 805024     /usr/lib/jvm/java-7-openjdk-i386/jre/lib/i386/jli/libjli.so
b77be000-b77c1000 rw-p 00000000 00:00 0 
b77c1000-b77c3000 r--p 00000000 00:00 0          [vvar]
b77c3000-b77c4000 r-xp 00000000 00:00 0          [vdso]
b77c4000-b77e6000 r-xp 00000000 08:01 394512     /lib/i386-linux-gnu/ld-2.21.so
b77e6000-b77e7000 r--p 00021000 08:01 394512     /lib/i386-linux-gnu/ld-2.21.so
b77e7000-b77e8000 rw-p 00022000 08:01 394512     /lib/i386-linux-gnu/ld-2.21.so
bfadc000-bfadd000 rwxp 00000000 00:00 0 
bfb0e000-bfb30000 rw-p 00000000 00:00 0          [stack]

VM Arguments:
jvm_args: -javaagent:/usr/share/java/jayatanaag.jar -Djava.awt.headless=true -Xmx1024M -Dfile.encoding=UTF-8 -Duser.country=US -Duser.language=en -Duser.variant 
java_command: com.android.dx.command.Main --dex --num-threads=4 --output /home/student/test/Pedometer/app/build/intermediates/pre-dexed/debug/com.android.support-support-v4-23.1.1_12beaacf3527bbe5452b9d2f71ebe9eaf1a78760.jar /home/student/test/Pedometer/app/build/intermediates/exploded-aar/com.android.support/support-v4/23.1.1/jars/classes.jar
Launcher Type: SUN_STANDARD

Environment Variables:
JAVA_TOOL_OPTIONS=-javaagent:/usr/share/java/jayatanaag.jar 
PATH=/home/student/.linuxbrew/bin:/usr/local/sbin:/usr/local/bin:/usr/sbin:/usr/bin:/sbin:/bin:/usr/games:/usr/local/games:/etc/android-studio/bin/:/home/student/Android/Sdk/platform-tools:/home/student/Android/Sdk/tools
LD_LIBRARY_PATH=/etc/android-studio/bin:
SHELL=/bin/bash
DISPLAY=:0

Signal Handlers:
SIGSEGV: [libjvm.so+0x7f7d00], sa_mask[0]=0x7ffbfeff, sa_flags=0x10000004
SIGBUS: [libjvm.so+0x7f7d00], sa_mask[0]=0x7ffbfeff, sa_flags=0x10000004
SIGFPE: [libjvm.so+0x67a9d0], sa_mask[0]=0x7ffbfeff, sa_flags=0x10000004
SIGPIPE: [libjvm.so+0x67a9d0], sa_mask[0]=0x7ffbfeff, sa_flags=0x10000004
SIGXFSZ: [libjvm.so+0x67a9d0], sa_mask[0]=0x7ffbfeff, sa_flags=0x10000004
SIGILL: [libjvm.so+0x67a9d0], sa_mask[0]=0x7ffbfeff, sa_flags=0x10000004
SIGUSR1: SIG_DFL, sa_mask[0]=0x00000000, sa_flags=0x00000000
SIGUSR2: [libjvm.so+0x67a820], sa_mask[0]=0x00000004, sa_flags=0x10000004
SIGHUP: [libjvm.so+0x67aa80], sa_mask[0]=0x7ffbfeff, sa_flags=0x10000004
SIGINT: [libjvm.so+0x67aa80], sa_mask[0]=0x7ffbfeff, sa_flags=0x10000004
SIGTERM: [libjvm.so+0x67aa80], sa_mask[0]=0x7ffbfeff, sa_flags=0x10000004
SIGQUIT: [libjvm.so+0x67aa80], sa_mask[0]=0x7ffbfeff, sa_flags=0x10000004
SIGTRAP: SIG_DFL, sa_mask[0]=0x00000000, sa_flags=0x00000000


---------------  S Y S T E M  ---------------

OS:Ubuntu 15.04 (vivid)
uname:Linux 3.19.0-18-generic #18-Ubuntu SMP Tue May 19 18:30:59 UTC 2015 i686
libc:glibc 2.21 NPTL 2.21 
rlimit: STACK 8192k, CORE 0k, NPROC 32177, NOFILE 65536, AS infinity
load average:1.26 1.05 0.93

/proc/meminfo:
MemTotal:        4139540 kB
MemFree:          241388 kB
MemAvailable:     175300 kB
Buffers:            6140 kB
Cached:            71840 kB
SwapCached:            0 kB
Active:          3514728 kB
Inactive:          54472 kB
Active(anon):    3492720 kB
Inactive(anon):    39456 kB
Active(file):      22008 kB
Inactive(file):    15016 kB
Unevictable:          32 kB
Mlocked:              32 kB
HighTotal:       3280776 kB
HighFree:          41204 kB
LowTotal:         858764 kB
LowFree:          200184 kB
SwapTotal:             0 kB
SwapFree:              0 kB
Dirty:              1204 kB
Writeback:             0 kB
AnonPages:       3491672 kB
Mapped:            54264 kB
Shmem:             40552 kB
Slab:              45912 kB
SReclaimable:      20116 kB
SUnreclaim:        25796 kB
KernelStack:        5544 kB
PageTables:        17484 kB
NFS_Unstable:          0 kB
Bounce:                0 kB
WritebackTmp:          0 kB
CommitLimit:     2069768 kB
Committed_AS:    7154384 kB
VmallocTotal:     122880 kB
VmallocUsed:       23364 kB
VmallocChunk:      82740 kB
AnonHugePages:   2738176 kB
CmaTotal:              0 kB
CmaFree:               0 kB
HugePages_Total:       0
HugePages_Free:        0
HugePages_Rsvd:        0
HugePages_Surp:        0
Hugepagesize:       2048 kB
DirectMap4k:       55288 kB
DirectMap2M:      858112 kB


CPU:total 4 (1 cores per cpu, 1 threads per core) family 6 model 58 stepping 9, cmov, cx8, fxsr, mmx, sse, sse2, sse3, ssse3, sse4.1, sse4.2, popcnt, avx, aes, erms, tsc, tscinvbit, tscinv

/proc/cpuinfo:
processor	: 0
vendor_id	: GenuineIntel
cpu family	: 6
model		: 58
model name	: Intel(R) Core(TM) i5-3210M CPU @ 2.50GHz
stepping	: 9
microcode	: 0x15
cpu MHz		: 2494.111
cache size	: 3072 KB
physical id	: 0
siblings	: 1
core id		: 0
cpu cores	: 1
apicid		: 0
initial apicid	: 0
fdiv_bug	: no
f00f_bug	: no
coma_bug	: no
fpu		: yes
fpu_exception	: yes
cpuid level	: 13
wp		: yes
flags		: fpu vme de pse tsc msr pae mce cx8 apic sep mtrr pge mca cmov pat pse36 clflush dts mmx fxsr sse sse2 ss nx rdtscp lm constant_tsc arch_perfmon pebs bts xtopology tsc_reliable nonstop_tsc aperfmperf pni pclmulqdq ssse3 cx16 pcid sse4_1 sse4_2 x2apic popcnt tsc_deadline_timer aes xsave avx f16c rdrand hypervisor lahf_lm ida arat epb pln pts dtherm fsgsbase tsc_adjust smep
bugs		:
bogomips	: 4988.22
clflush size	: 64
cache_alignment	: 64
address sizes	: 42 bits physical, 48 bits virtual
power management:

processor	: 1
vendor_id	: GenuineIntel
cpu family	: 6
model		: 58
model name	: Intel(R) Core(TM) i5-3210M CPU @ 2.50GHz
stepping	: 9
microcode	: 0x15
cpu MHz		: 2494.111
cache size	: 3072 KB
physical id	: 2
siblings	: 1
core id		: 0
cpu cores	: 1
apicid		: 2
initial apicid	: 2
fdiv_bug	: no
f00f_bug	: no
coma_bug	: no
fpu		: yes
fpu_exception	: yes
cpuid level	: 13
wp		: yes
flags		: fpu vme de pse tsc msr pae mce cx8 apic sep mtrr pge mca cmov pat pse36 clflush dts mmx fxsr sse sse2 ss nx rdtscp lm constant_tsc arch_perfmon pebs bts xtopology tsc_reliable nonstop_tsc aperfmperf pni pclmulqdq ssse3 cx16 pcid sse4_1 sse4_2 x2apic popcnt tsc_deadline_timer aes xsave avx f16c rdrand hypervisor lahf_lm ida arat epb pln pts dtherm fsgsbase tsc_adjust smep
bugs		:
bogomips	: 4988.22
clflush size	: 64
cache_alignment	: 64
address sizes	: 42 bits physical, 48 bits virtual
power management:

processor	: 2
vendor_id	: GenuineIntel
cpu family	: 6
model		: 58
model name	: Intel(R) Core(TM) i5-3210M CPU @ 2.50GHz
stepping	: 9
microcode	: 0x15
cpu MHz		: 2494.111
cache size	: 3072 KB
physical id	: 4
siblings	: 1
core id		: 0
cpu cores	: 1
apicid		: 4
initial apicid	: 4
fdiv_bug	: no
f00f_bug	: no
coma_bug	: no
fpu		: yes
fpu_exception	: yes
cpuid level	: 13
wp		: yes
flags		: fpu vme de pse tsc msr pae mce cx8 apic sep mtrr pge mca cmov pat pse36 clflush dts mmx fxsr sse sse2 ss nx rdtscp lm constant_tsc arch_perfmon pebs bts xtopology tsc_reliable nonstop_tsc aperfmperf pni pclmulqdq ssse3 cx16 pcid sse4_1 sse4_2 x2apic popcnt tsc_deadline_timer aes xsave avx f16c rdrand hypervisor lahf_lm ida arat epb pln pts dtherm fsgsbase tsc_adjust smep
bugs		:
bogomips	: 4988.22
clflush size	: 64
cache_alignment	: 64
address sizes	: 42 bits physical, 48 bits virtual
power management:

processor	: 3
vendor_id	: GenuineIntel
cpu family	: 6
model		: 58
model name	: Intel(R) Core(TM) i5-3210M CPU @ 2.50GHz
stepping	: 9
microcode	: 0x15
cpu MHz		: 2494.111
cache size	: 3072 KB
physical id	: 6
siblings	: 1
core id		: 0
cpu cores	: 1
apicid		: 6
initial apicid	: 6
fdiv_bug	: no
f00f_bug	: no
coma_bug	: no
fpu		: yes
fpu_exception	: yes
cpuid level	: 13
wp		: yes
flags		: fpu vme de pse tsc msr pae mce cx8 apic sep mtrr pge mca cmov pat pse36 clflush dts mmx fxsr sse sse2 ss nx rdtscp lm constant_tsc arch_perfmon pebs bts xtopology tsc_reliable nonstop_tsc aperfmperf pni pclmulqdq ssse3 cx16 pcid sse4_1 sse4_2 x2apic popcnt tsc_deadline_timer aes xsave avx f16c rdrand hypervisor lahf_lm ida arat epb pln pts dtherm fsgsbase tsc_adjust smep
bugs		:
bogomips	: 4988.22
clflush size	: 64
cache_alignment	: 64
address sizes	: 42 bits physical, 48 bits virtual
power management:



Memory: 4k page, physical 4139540k(241388k free), swap 0k(0k free)

vm_info: OpenJDK Server VM (24.91-b01) for linux-x86 JRE (1.7.0_91-b02), built on Nov 19 2015 06:25:06 by "buildd" with gcc 4.9.2

time: Sun May  1 03:16:56 2016
elapsed time: 3 seconds

