#
# There is insufficient memory for the Java Runtime Environment to continue.
# Native memory allocation (malloc) failed to allocate 46137344 bytes for committing reserved memory.
# Possible reasons:
#   The system is out of physical RAM or swap space
#   In 32 bit mode, the process size limit was hit
# Possible solutions:
#   Reduce memory load on the system
#   Increase physical memory or swap space
#   Check if swap backing store is full
#   Use 64 bit Java on a 64 bit OS
#   Decrease Java heap size (-Xmx/-Xms)
#   Decrease number of Java threads
#   Decrease Java thread stack sizes (-Xss)
#   Set larger code cache with -XX:ReservedCodeCacheSize=
# This output file may be truncated or incomplete.
#
#  Out of Memory Error (os_linux.cpp:2827), pid=12993, tid=1740430144
#
# JRE version: OpenJDK Runtime Environment (7.0_91-b02) (build 1.7.0_91-b02)
# Java VM: OpenJDK Server VM (24.91-b01 mixed mode linux-x86 )
# Derivative: IcedTea 2.6.3
# Distribution: Ubuntu 15.04, package 7u91-2.6.3-0ubuntu0.15.04.1
# Failed to write core dump. Core dumps have been disabled. To enable core dumping, try "ulimit -c unlimited" before starting Java again
#

---------------  T H R E A D  ---------------

Current thread (0x67a81400):  VMThread [stack: 0x67b4d000,0x67bce000] [id=13003]

Stack: [0x67b4d000,0x67bce000]
VM_Operation (0x66aa0a44): ParallelGCFailedAllocation, mode: safepoint, requested by thread 0x67145c00


---------------  P R O C E S S  ---------------

Java Threads: ( => current thread )
  0x67145c00 JavaThread "pool-1-thread-4" [_thread_blocked, id=13020, stack(0x66a51000,0x66aa2000)]
  0x67145000 JavaThread "pool-1-thread-3" [_thread_blocked, id=13019, stack(0x66aa2000,0x66af3000)]
  0x67143000 JavaThread "pool-1-thread-2" [_thread_blocked, id=13018, stack(0x66af3000,0x66b44000)]
  0x6713f400 JavaThread "pool-2-thread-1" [_thread_blocked, id=13017, stack(0x66b44000,0x66b95000)]
  0x6713d000 JavaThread "pool-1-thread-1" [_thread_blocked, id=13016, stack(0x66b95000,0x66be6000)]
  0x67aee400 JavaThread "Service Thread" daemon [_thread_blocked, id=13014, stack(0x67311000,0x67362000)]
  0x67aec800 JavaThread "C2 CompilerThread1" daemon [_thread_blocked, id=13013, stack(0x67362000,0x673e3000)]
  0x67aeb400 JavaThread "C2 CompilerThread0" daemon [_thread_blocked, id=13012, stack(0x673e3000,0x67464000)]
  0x67a98400 JavaThread "Signal Dispatcher" daemon [_thread_blocked, id=13011, stack(0x675af000,0x67600000)]
  0x67a85400 JavaThread "Finalizer" daemon [_thread_blocked, id=13005, stack(0x6a72e000,0x6a77f000)]
  0x67a83c00 JavaThread "Reference Handler" daemon [_thread_blocked, id=13004, stack(0x6a92e000,0x6a97f000)]
  0xb6308400 JavaThread "main" [_thread_blocked, id=12996, stack(0xb6427000,0xb6478000)]

Other Threads:
=>0x67a81400 VMThread [stack: 0x67b4d000,0x67bce000] [id=13003]
  0x67af0800 WatcherThread [stack: 0x67290000,0x67311000] [id=13015]

VM state:at safepoint (normal execution)

VM Mutex/Monitor currently owned by a thread:  ([mutex/lock_event])
[0xb6305de0] Threads_lock - owner thread: 0x67a81400
[0xb63061f0] Heap_lock - owner thread: 0x67145c00

Heap
 PSYoungGen      total 35840K, used 2559K [0x9dc40000, 0xa01c0000, 0xb31c0000)
  eden space 33280K, 0% used [0x9dc40000,0x9dc40000,0x9fcc0000)
  from space 2560K, 99% used [0x9fcc0000,0x9ff3ff88,0x9ff40000)
  to   space 2560K, 0% used [0x9ff40000,0x9ff40000,0xa01c0000)
 ParOldGen       total 43008K, used 13687K [0x731c0000, 0x75bc0000, 0x9dc40000)
  object space 43008K, 31% used [0x731c0000,0x73f1de70,0x75bc0000)
 PSPermGen       total 16384K, used 4256K [0x6b1c0000, 0x6c1c0000, 0x731c0000)
  object space 16384K, 25% used [0x6b1c0000,0x6b5e80a8,0x6c1c0000)

Card table byte_map: [0x6af7f000,0x6b1c0000] byte_map_base: 0x6ac26200

Polling page: 0xb77ae000

Code Cache  [0xb328b000, 0xb34cb000, 0xb628b000)
 total_blobs=377 nmethods=254 adapters=76 free_code_cache=48325Kb largest_free_block=49449792

Compilation events (10 events):
Event: 7.730 Thread 0x67aeb400 nmethod 250 0xb3354708 code [0xb3354840, 0xb3354cd0]
Event: 7.730 Thread 0x67aeb400  251             com.android.dx.rop.code.RegisterSpecSet::localItemToSpec (49 bytes)
Event: 7.768 Thread 0x67aeb400 nmethod 251 0xb3353dc8 code [0xb3353ee0, 0xb3354290]
Event: 7.768 Thread 0x67aeb400  252             com.android.dx.rop.code.LocalVariableExtractor::processBlock (327 bytes)
Event: 8.374 Thread 0x67aeb400 nmethod 252 0xb335c108 code [0xb335c4c0, 0xb335e3c0]
Event: 8.374 Thread 0x67aeb400  253             java.util.HashMap::<init> (9 bytes)
Event: 8.389 Thread 0x67aeb400 nmethod 253 0xb32e2d88 code [0xb32e2e80, 0xb32e2f30]
Event: 8.389 Thread 0x67aeb400  254             java.lang.Object::equals (11 bytes)
Event: 8.389 Thread 0x67aeb400 nmethod 254 0xb333fec8 code [0xb333ffa0, 0xb333fff0]
Event: 8.389 Thread 0x67aeb400  255             com.android.dx.ssa.SCCP::simulateBlock (54 bytes)

GC Heap History (9 events):
Event: 2.428 GC heap before
{Heap before GC invocations=1 (full 0):
 PSYoungGen      total 19200K, used 16640K [0x9dc40000, 0x9f180000, 0xb31c0000)
  eden space 16640K, 100% used [0x9dc40000,0x9ec80000,0x9ec80000)
  from space 2560K, 0% used [0x9ef00000,0x9ef00000,0x9f180000)
  to   space 2560K, 0% used [0x9ec80000,0x9ec80000,0x9ef00000)
 ParOldGen       total 43008K, used 0K [0x731c0000, 0x75bc0000, 0x9dc40000)
  object space 43008K, 0% used [0x731c0000,0x731c0000,0x75bc0000)
 PSPermGen       total 16384K, used 4010K [0x6b1c0000, 0x6c1c0000, 0x731c0000)
  object space 16384K, 24% used [0x6b1c0000,0x6b5aabd8,0x6c1c0000)
Event: 2.448 GC heap after
Heap after GC invocations=1 (full 0):
 PSYoungGen      total 19200K, used 2552K [0x9dc40000, 0x9f180000, 0xb31c0000)
  eden space 16640K, 0% used [0x9dc40000,0x9dc40000,0x9ec80000)
  from space 2560K, 99% used [0x9ec80000,0x9eefe3d0,0x9ef00000)
  to   space 2560K, 0% used [0x9ef00000,0x9ef00000,0x9f180000)
 ParOldGen       total 43008K, used 756K [0x731c0000, 0x75bc0000, 0x9dc40000)
  object space 43008K, 1% used [0x731c0000,0x7327d060,0x75bc0000)
 PSPermGen       total 16384K, used 4010K [0x6b1c0000, 0x6c1c0000, 0x731c0000)
  object space 16384K, 24% used [0x6b1c0000,0x6b5aabd8,0x6c1c0000)
}
Event: 3.636 GC heap before
{Heap before GC invocations=2 (full 0):
 PSYoungGen      total 19200K, used 19192K [0x9dc40000, 0x9f180000, 0xb31c0000)
  eden space 16640K, 100% used [0x9dc40000,0x9ec80000,0x9ec80000)
  from space 2560K, 99% used [0x9ec80000,0x9eefe3d0,0x9ef00000)
  to   space 2560K, 0% used [0x9ef00000,0x9ef00000,0x9f180000)
 ParOldGen       total 43008K, used 756K [0x731c0000, 0x75bc0000, 0x9dc40000)
  object space 43008K, 1% used [0x731c0000,0x7327d060,0x75bc0000)
 PSPermGen       total 16384K, used 4184K [0x6b1c0000, 0x6c1c0000, 0x731c0000)
  object space 16384K, 25% used [0x6b1c0000,0x6b5d62f0,0x6c1c0000)
Event: 3.675 GC heap after
Heap after GC invocations=2 (full 0):
 PSYoungGen      total 19200K, used 2556K [0x9dc40000, 0xa01c0000, 0xb31c0000)
  eden space 16640K, 0% used [0x9dc40000,0x9dc40000,0x9ec80000)
  from space 2560K, 99% used [0x9ef00000,0x9f17f3b0,0x9f180000)
  to   space 2560K, 0% used [0x9ec80000,0x9ec80000,0x9ef00000)
 ParOldGen       total 43008K, used 2693K [0x731c0000, 0x75bc0000, 0x9dc40000)
  object space 43008K, 6% used [0x731c0000,0x73461440,0x75bc0000)
 PSPermGen       total 16384K, used 4184K [0x6b1c0000, 0x6c1c0000, 0x731c0000)
  object space 16384K, 25% used [0x6b1c0000,0x6b5d62f0,0x6c1c0000)
}
Event: 4.764 GC heap before
{Heap before GC invocations=3 (full 0):
 PSYoungGen      total 19200K, used 19196K [0x9dc40000, 0xa01c0000, 0xb31c0000)
  eden space 16640K, 100% used [0x9dc40000,0x9ec80000,0x9ec80000)
  from space 2560K, 99% used [0x9ef00000,0x9f17f3b0,0x9f180000)
  to   space 2560K, 0% used [0x9ec80000,0x9ec80000,0x9ef00000)
 ParOldGen       total 43008K, used 2693K [0x731c0000, 0x75bc0000, 0x9dc40000)
  object space 43008K, 6% used [0x731c0000,0x73461440,0x75bc0000)
 PSPermGen       total 16384K, used 4223K [0x6b1c0000, 0x6c1c0000, 0x731c0000)
  object space 16384K, 25% used [0x6b1c0000,0x6b5dff40,0x6c1c0000)
Event: 4.843 GC heap after
Heap after GC invocations=3 (full 0):
 PSYoungGen      total 19200K, used 2548K [0x9dc40000, 0xa01c0000, 0xb31c0000)
  eden space 16640K, 0% used [0x9dc40000,0x9dc40000,0x9ec80000)
  from space 2560K, 99% used [0x9ec80000,0x9eefd230,0x9ef00000)
  to   space 2560K, 0% used [0x9ff40000,0x9ff40000,0xa01c0000)
 ParOldGen       total 43008K, used 5359K [0x731c0000, 0x75bc0000, 0x9dc40000)
  object space 43008K, 12% used [0x731c0000,0x736fbd80,0x75bc0000)
 PSPermGen       total 16384K, used 4223K [0x6b1c0000, 0x6c1c0000, 0x731c0000)
  object space 16384K, 25% used [0x6b1c0000,0x6b5dff40,0x6c1c0000)
}
Event: 6.110 GC heap before
{Heap before GC invocations=4 (full 0):
 PSYoungGen      total 19200K, used 19188K [0x9dc40000, 0xa01c0000, 0xb31c0000)
  eden space 16640K, 100% used [0x9dc40000,0x9ec80000,0x9ec80000)
  from space 2560K, 99% used [0x9ec80000,0x9eefd230,0x9ef00000)
  to   space 2560K, 0% used [0x9ff40000,0x9ff40000,0xa01c0000)
 ParOldGen       total 43008K, used 5359K [0x731c0000, 0x75bc0000, 0x9dc40000)
  object space 43008K, 12% used [0x731c0000,0x736fbd80,0x75bc0000)
 PSPermGen       total 16384K, used 4241K [0x6b1c0000, 0x6c1c0000, 0x731c0000)
  object space 16384K, 25% used [0x6b1c0000,0x6b5e45b0,0x6c1c0000)
Event: 6.506 GC heap after
Heap after GC invocations=4 (full 0):
 PSYoungGen      total 35840K, used 2550K [0x9dc40000, 0xa01c0000, 0xb31c0000)
  eden space 33280K, 0% used [0x9dc40000,0x9dc40000,0x9fcc0000)
  from space 2560K, 99% used [0x9ff40000,0xa01bd880,0xa01c0000)
  to   space 2560K, 0% used [0x9fcc0000,0x9fcc0000,0x9ff40000)
 ParOldGen       total 43008K, used 8142K [0x731c0000, 0x75bc0000, 0x9dc40000)
  object space 43008K, 18% used [0x731c0000,0x739b3848,0x75bc0000)
 PSPermGen       total 16384K, used 4241K [0x6b1c0000, 0x6c1c0000, 0x731c0000)
  object space 16384K, 25% used [0x6b1c0000,0x6b5e45b0,0x6c1c0000)
}
Event: 9.424 GC heap before
{Heap before GC invocations=5 (full 0):
 PSYoungGen      total 35840K, used 35830K [0x9dc40000, 0xa01c0000, 0xb31c0000)
  eden space 33280K, 100% used [0x9dc40000,0x9fcc0000,0x9fcc0000)
  from space 2560K, 99% used [0x9ff40000,0xa01bd880,0xa01c0000)
  to   space 2560K, 0% used [0x9fcc0000,0x9fcc0000,0x9ff40000)
 ParOldGen       total 43008K, used 8142K [0x731c0000, 0x75bc0000, 0x9dc40000)
  object space 43008K, 18% used [0x731c0000,0x739b3848,0x75bc0000)
 PSPermGen       total 16384K, used 4256K [0x6b1c0000, 0x6c1c0000, 0x731c0000)
  object space 16384K, 25% used [0x6b1c0000,0x6b5e80a8,0x6c1c0000)

Deoptimization events (8 events):
Event: 1.266 Thread 0xb6308400 Uncommon trap: reason=unstable_if action=reinterpret pc=0xb32d4fb8 method=java.lang.String.indexOf(II)I @ 49
Event: 2.543 Thread 0x67145000 Uncommon trap: reason=unstable_if action=reinterpret pc=0xb32e2f08 method=java.util.BitSet.nextSetBit(I)I @ 87
Event: 3.249 Thread 0x67145000 Uncommon trap: reason=unstable_if action=reinterpret pc=0xb32f70a4 method=com.android.dx.rop.code.RegisterSpec.equals(ILcom/android/dx/rop/type/TypeBearer;Lcom/android/dx/rop/code/LocalItem;)Z @ 16
Event: 3.522 Thread 0x67145c00 Uncommon trap: reason=unstable_if action=reinterpret pc=0xb32ea494 method=com.android.dx.rop.cst.Constant.compareTo(Lcom/android/dx/rop/cst/Constant;)I @ 12
Event: 3.755 Thread 0x6713d000 Uncommon trap: reason=null_check action=make_not_entrant pc=0xb32dcf50 method=com.android.dx.rop.type.Type.equals(Ljava/lang/Object;)Z @ 8
Event: 4.022 Thread 0x67145c00 Uncommon trap: reason=unstable_if action=reinterpret pc=0xb32e8310 method=com.android.dx.cf.code.Ropper.labelToResultIndex(I)I @ 34
Event: 5.831 Thread 0x67143000 Uncommon trap: reason=null_check action=make_not_entrant pc=0xb332f124 method=com.android.dx.ssa.SsaRenamer.getLocalForNewReg(I)Lcom/android/dx/rop/code/LocalItem; @ 19
Event: 7.553 Thread 0xb6308400 Uncommon trap: reason=null_check action=make_not_entrant pc=0xb3352e54 method=com.android.dx.rop.type.Type.putIntern(Lcom/android/dx/rop/type/Type;)Lcom/android/dx/rop/type/Type; @ 18

Internal exceptions (10 events):
Event: 2.561 Thread 0x6713d000 Threw 0x9deff758 at /build/openjdk-7-PdBaKN/openjdk-7-7u91-2.6.3/build/openjdk/hotspot/src/share/vm/prims/jvm.cpp:1322
Event: 2.562 Thread 0x6713d000 Threw 0x9df06ca8 at /build/openjdk-7-PdBaKN/openjdk-7-7u91-2.6.3/build/openjdk/hotspot/src/share/vm/prims/jvm.cpp:1322
Event: 2.563 Thread 0x6713d000 Threw 0x9df0de18 at /build/openjdk-7-PdBaKN/openjdk-7-7u91-2.6.3/build/openjdk/hotspot/src/share/vm/prims/jvm.cpp:1322
Event: 2.629 Thread 0xb6308400 Threw 0x9dfe4730 at /build/openjdk-7-PdBaKN/openjdk-7-7u91-2.6.3/build/openjdk/hotspot/src/share/vm/prims/jvm.cpp:1322
Event: 2.692 Thread 0x6713d000 Threw 0x9dfe28c8 at /build/openjdk-7-PdBaKN/openjdk-7-7u91-2.6.3/build/openjdk/hotspot/src/share/vm/prims/jvm.cpp:1322
Event: 3.755 Thread 0x6713d000 Implicit null exception at 0xb32dce6b to 0xb32dcf42
Event: 4.021 Thread 0x67145c00 Threw 0x9e0757c8 at /build/openjdk-7-PdBaKN/openjdk-7-7u91-2.6.3/build/openjdk/hotspot/src/share/vm/prims/jvm.cpp:1322
Event: 5.831 Thread 0x67143000 Implicit null exception at 0xb332daa5 to 0xb332f115
Event: 7.553 Thread 0xb6308400 Implicit null exception at 0xb33528de to 0xb3352e49
Event: 8.122 Thread 0x67145000 Threw 0x9ec486c0 at /build/openjdk-7-PdBaKN/openjdk-7-7u91-2.6.3/build/openjdk/hotspot/src/share/vm/prims/jvm.cpp:1322

Events (10 events):
Event: 6.637 Executing VM operation: BulkRevokeBias
Event: 6.637 Executing VM operation: BulkRevokeBias done
Event: 6.768 Thread 0x67aec800 flushing nmethod 0xb32d4dc8
Event: 7.553 Thread 0xb6308400 Uncommon trap: trap_request=0xfffffff4 fr.pc=0xb3352e54
Event: 7.553 Thread 0xb6308400 DEOPT PACKING pc=0xb3352e54 sp=0xb6476a40
Event: 7.553 Thread 0xb6308400 DEOPT UNPACKING pc=0xb32b7bc8 sp=0xb64769d8 mode 2
Event: 7.768 Thread 0x67aeb400 flushing nmethod 0xb32e2d88
Event: 8.121 loading class 0x67909cc0
Event: 8.121 loading class 0x67909cc0 done
Event: 9.404 Executing VM operation: ParallelGCFailedAllocation


Dynamic libraries:
08048000-08049000 r-xp 00000000 08:01 804961     /usr/lib/jvm/java-7-openjdk-i386/jre/bin/java
08049000-0804a000 r--p 00000000 08:01 804961     /usr/lib/jvm/java-7-openjdk-i386/jre/bin/java
0804a000-0804b000 rw-p 00001000 08:01 804961     /usr/lib/jvm/java-7-openjdk-i386/jre/bin/java
08f7f000-09014000 rw-p 00000000 00:00 0          [heap]
64f00000-64fdf000 rw-p 00000000 00:00 0 
64fdf000-65000000 ---p 00000000 00:00 0 
65100000-651d9000 rw-p 00000000 00:00 0 
651d9000-65200000 ---p 00000000 00:00 0 
65300000-653f9000 rw-p 00000000 00:00 0 
653f9000-65400000 ---p 00000000 00:00 0 
65400000-654fe000 rw-p 00000000 00:00 0 
654fe000-65500000 ---p 00000000 00:00 0 
65500000-655ff000 rw-p 00000000 00:00 0 
655ff000-65600000 ---p 00000000 00:00 0 
65700000-657f9000 rw-p 00000000 00:00 0 
657f9000-65800000 ---p 00000000 00:00 0 
65900000-659ff000 rw-p 00000000 00:00 0 
659ff000-65a00000 ---p 00000000 00:00 0 
65a00000-65afe000 rw-p 00000000 00:00 0 
65afe000-65b00000 ---p 00000000 00:00 0 
65b00000-65bff000 rw-p 00000000 00:00 0 
65bff000-65c00000 ---p 00000000 00:00 0 
65d00000-65df9000 rw-p 00000000 00:00 0 
65df9000-65e00000 ---p 00000000 00:00 0 
65f00000-65ffd000 rw-p 00000000 00:00 0 
65ffd000-66000000 ---p 00000000 00:00 0 
66100000-661f4000 rw-p 00000000 00:00 0 
661f4000-66200000 ---p 00000000 00:00 0 
66300000-66400000 rw-p 00000000 00:00 0 
66500000-66600000 rw-p 00000000 00:00 0 
66700000-668ff000 rw-p 00000000 00:00 0 
668ff000-66900000 ---p 00000000 00:00 0 
66900000-669f9000 rw-p 00000000 00:00 0 
669f9000-66a00000 ---p 00000000 00:00 0 
66a51000-66a54000 ---p 00000000 00:00 0 
66a54000-66aa2000 rw-p 00000000 00:00 0          [stack:13020]
66aa2000-66aa5000 ---p 00000000 00:00 0 
66aa5000-66af3000 rw-p 00000000 00:00 0          [stack:13019]
66af3000-66af6000 ---p 00000000 00:00 0 
66af6000-66b44000 rw-p 00000000 00:00 0          [stack:13018]
66b44000-66b47000 ---p 00000000 00:00 0 
66b47000-66b95000 rw-p 00000000 00:00 0          [stack:13017]
66b95000-66b98000 ---p 00000000 00:00 0 
66b98000-66da7000 rw-p 00000000 00:00 0          [stack:13016]
66da7000-66e17000 r-xp 00000000 08:01 394656     /lib/i386-linux-gnu/libpcre.so.3.13.1
66e17000-66e18000 r--p 0006f000 08:01 394656     /lib/i386-linux-gnu/libpcre.so.3.13.1
66e18000-66e19000 rw-p 00070000 08:01 394656     /lib/i386-linux-gnu/libpcre.so.3.13.1
66e19000-66f3f000 r-xp 00000000 08:01 394573     /lib/i386-linux-gnu/libglib-2.0.so.0.4400.0
66f3f000-66f40000 r--p 00125000 08:01 394573     /lib/i386-linux-gnu/libglib-2.0.so.0.4400.0
66f40000-66f41000 rw-p 00126000 08:01 394573     /lib/i386-linux-gnu/libglib-2.0.so.0.4400.0
66f41000-670fa000 r-xp 00000000 08:01 137357     /usr/lib/i386-linux-gnu/libgio-2.0.so.0.4400.0
670fa000-670fd000 r--p 001b8000 08:01 137357     /usr/lib/i386-linux-gnu/libgio-2.0.so.0.4400.0
670fd000-670ff000 rw-p 001bb000 08:01 137357     /usr/lib/i386-linux-gnu/libgio-2.0.so.0.4400.0
670ff000-67100000 rw-p 00000000 00:00 0 
67100000-67157000 rw-p 00000000 00:00 0 
67157000-67200000 ---p 00000000 00:00 0 
6721a000-6722e000 r-xp 00000000 08:01 394679     /lib/i386-linux-gnu/libresolv-2.21.so
6722e000-67230000 r--p 00013000 08:01 394679     /lib/i386-linux-gnu/libresolv-2.21.so
67230000-67231000 rw-p 00015000 08:01 394679     /lib/i386-linux-gnu/libresolv-2.21.so
67231000-67233000 rw-p 00000000 00:00 0 
67233000-6728e000 r-xp 00000000 08:01 137385     /usr/lib/i386-linux-gnu/libgobject-2.0.so.0.4400.0
6728e000-6728f000 r--p 0005b000 08:01 137385     /usr/lib/i386-linux-gnu/libgobject-2.0.so.0.4400.0
6728f000-67290000 rw-p 0005c000 08:01 137385     /usr/lib/i386-linux-gnu/libgobject-2.0.so.0.4400.0
67290000-67291000 ---p 00000000 00:00 0 
67291000-67311000 rw-p 00000000 00:00 0          [stack:13015]
67311000-67314000 ---p 00000000 00:00 0 
67314000-67362000 rw-p 00000000 00:00 0          [stack:13014]
67362000-67365000 ---p 00000000 00:00 0 
67365000-673e3000 rw-p 00000000 00:00 0          [stack:13013]
673e3000-673e6000 ---p 00000000 00:00 0 
673e6000-67464000 rw-p 00000000 00:00 0          [stack:13012]
67464000-675ab000 r-xp 00000000 08:01 136931     /usr/lib/i386-linux-gnu/libX11.so.6.3.0
675ab000-675ac000 r--p 00146000 08:01 136931     /usr/lib/i386-linux-gnu/libX11.so.6.3.0
675ac000-675ae000 rw-p 00147000 08:01 136931     /usr/lib/i386-linux-gnu/libX11.so.6.3.0
675ae000-675af000 rw-p 00000000 00:00 0 
675af000-675b2000 ---p 00000000 00:00 0 
675b2000-67600000 rw-p 00000000 00:00 0          [stack:13011]
67600000-67800000 r--p 00000000 08:01 143362     /usr/lib/locale/locale-archive
67800000-678fa000 rw-p 00000000 00:00 0 
678fa000-67900000 ---p 00000000 00:00 0 
67900000-67930000 rw-p 00000000 00:00 0 
67930000-67a00000 ---p 00000000 00:00 0 
67a00000-67b00000 rw-p 00000000 00:00 0 
67b0f000-67b33000 r-xp 00000000 08:01 394683     /lib/i386-linux-gnu/libselinux.so.1
67b33000-67b34000 r--p 00024000 08:01 394683     /lib/i386-linux-gnu/libselinux.so.1
67b34000-67b35000 rw-p 00025000 08:01 394683     /lib/i386-linux-gnu/libselinux.so.1
67b35000-67b36000 rw-p 00000000 00:00 0 
67b4d000-67b4e000 ---p 00000000 00:00 0 
67b4e000-67bce000 rw-p 00000000 00:00 0          [stack:13003]
67bce000-67d80000 r--s 01d2e000 08:01 804984     /usr/lib/jvm/java-7-openjdk-i386/jre/lib/rt.jar
67d80000-6a600000 rw-p 00000000 00:00 0 
6a600000-6a6f6000 rw-p 00000000 00:00 0 
6a6f6000-6a700000 ---p 00000000 00:00 0 
6a702000-6a709000 r-xp 00000000 08:01 137254     /usr/lib/i386-linux-gnu/libffi.so.6.0.4
6a709000-6a70b000 r--p 00006000 08:01 137254     /usr/lib/i386-linux-gnu/libffi.so.6.0.4
6a70b000-6a70c000 rw-p 00008000 08:01 137254     /usr/lib/i386-linux-gnu/libffi.so.6.0.4
6a70c000-6a72c000 r-xp 00000000 08:01 138125     /usr/lib/i386-linux-gnu/libxcb.so.1.1.0
6a72c000-6a72d000 r--p 0001f000 08:01 138125     /usr/lib/i386-linux-gnu/libxcb.so.1.1.0
6a72d000-6a72e000 rw-p 00020000 08:01 138125     /usr/lib/i386-linux-gnu/libxcb.so.1.1.0
6a72e000-6a731000 ---p 00000000 00:00 0 
6a731000-6a77f000 rw-p 00000000 00:00 0          [stack:13005]
6a77f000-6a780000 ---p 00000000 00:00 0 
6a780000-6a800000 rw-p 00000000 00:00 0          [stack:13002]
6a800000-6a821000 rw-p 00000000 00:00 0 
6a821000-6a900000 ---p 00000000 00:00 0 
6a903000-6a91a000 r-xp 00000000 08:01 805027     /usr/lib/jvm/java-7-openjdk-i386/jre/lib/i386/libnet.so
6a91a000-6a91b000 r--p 00016000 08:01 805027     /usr/lib/jvm/java-7-openjdk-i386/jre/lib/i386/libnet.so
6a91b000-6a91c000 rw-p 00017000 08:01 805027     /usr/lib/jvm/java-7-openjdk-i386/jre/lib/i386/libnet.so
6a91c000-6a92c000 r-xp 00000000 08:01 804991     /usr/lib/jvm/java-7-openjdk-i386/jre/lib/i386/libnio.so
6a92c000-6a92d000 r--p 00010000 08:01 804991     /usr/lib/jvm/java-7-openjdk-i386/jre/lib/i386/libnio.so
6a92d000-6a92e000 rw-p 00011000 08:01 804991     /usr/lib/jvm/java-7-openjdk-i386/jre/lib/i386/libnio.so
6a92e000-6a931000 ---p 00000000 00:00 0 
6a931000-6a97f000 rw-p 00000000 00:00 0          [stack:13004]
6a97f000-6a980000 ---p 00000000 00:00 0 
6a980000-6aa00000 rw-p 00000000 00:00 0          [stack:13001]
6aa00000-6aa21000 rw-p 00000000 00:00 0 
6aa21000-6ab00000 ---p 00000000 00:00 0 
6ab04000-6ab07000 r-xp 00000000 08:01 137371     /usr/lib/i386-linux-gnu/libgmodule-2.0.so.0.4400.0
6ab07000-6ab08000 r--p 00002000 08:01 137371     /usr/lib/i386-linux-gnu/libgmodule-2.0.so.0.4400.0
6ab08000-6ab09000 rw-p 00003000 08:01 137371     /usr/lib/i386-linux-gnu/libgmodule-2.0.so.0.4400.0
6ab09000-6ab0e000 r--s 00039000 08:01 941666     /home/student/test/Pedometer/app/build/intermediates/exploded-aar/com.android.support/design/23.1.1/jars/classes.jar
6ab0e000-6ab13000 r-xp 00000000 08:01 136946     /usr/lib/i386-linux-gnu/libXdmcp.so.6.0.0
6ab13000-6ab14000 r--p 00004000 08:01 136946     /usr/lib/i386-linux-gnu/libXdmcp.so.6.0.0
6ab14000-6ab15000 rw-p 00005000 08:01 136946     /usr/lib/i386-linux-gnu/libXdmcp.so.6.0.0
6ab15000-6ab24000 r--s 000df000 08:01 1068117    /home/student/Android/Sdk/build-tools/23.0.2/lib/dx.jar
6ab24000-6ab7f000 rw-p 00000000 00:00 0 
6ab7f000-6ab80000 ---p 00000000 00:00 0 
6ab80000-6ac00000 rw-p 00000000 00:00 0          [stack:13000]
6ac00000-6ac3a000 rw-p 00000000 00:00 0 
6ac3a000-6ad00000 ---p 00000000 00:00 0 
6ad00000-6ad02000 r-xp 00000000 08:01 136935     /usr/lib/i386-linux-gnu/libXau.so.6.0.0
6ad02000-6ad03000 r--p 00001000 08:01 136935     /usr/lib/i386-linux-gnu/libXau.so.6.0.0
6ad03000-6ad04000 rw-p 00002000 08:01 136935     /usr/lib/i386-linux-gnu/libXau.so.6.0.0
6ad04000-6ad68000 rw-p 00000000 00:00 0 
6ad68000-6ad69000 ---p 00000000 00:00 0 
6ad69000-6adf1000 rw-p 00000000 00:00 0          [stack:12999]
6adf1000-6ae29000 rw-p 00000000 00:00 0 
6ae29000-6ae3e000 rw-p 00000000 00:00 0 
6ae3e000-6af7f000 rw-p 00000000 00:00 0 
6af7f000-6af87000 rw-p 00000000 00:00 0 
6af87000-6afbf000 rw-p 00000000 00:00 0 
6afbf000-6afd4000 rw-p 00000000 00:00 0 
6afd4000-6b114000 rw-p 00000000 00:00 0 
6b114000-6b127000 rw-p 00000000 00:00 0 
6b127000-6b1bf000 rw-p 00000000 00:00 0 
6b1bf000-6c1c0000 rw-p 00000000 00:00 0 
6c1c0000-731c0000 rw-p 00000000 00:00 0 
731c0000-75bc0000 rw-p 00000000 00:00 0 
75bc0000-9dc40000 rw-p 00000000 00:00 0 
9dc40000-a01c0000 rw-p 00000000 00:00 0 
a2dc0000-b31c0000 rw-p 00000000 00:00 0 
b31c2000-b31c4000 r-xp 00000000 08:01 141618     /usr/lib/jayatana/libjayatanaag.so
b31c4000-b31c5000 r--p 00001000 08:01 141618     /usr/lib/jayatana/libjayatanaag.so
b31c5000-b31c6000 rw-p 00002000 08:01 141618     /usr/lib/jayatana/libjayatanaag.so
b31c6000-b31c7000 r--s 00000000 08:01 414147     /usr/share/java/jayatanaag.jar
b31c7000-b31cb000 r--s 00085000 08:01 804976     /usr/lib/jvm/java-7-openjdk-i386/jre/lib/ext/localedata.jar
b31cb000-b31d4000 rw-p 00000000 00:00 0 
b31d4000-b328b000 rw-p 00000000 00:00 0 
b328b000-b34cb000 rwxp 00000000 00:00 0 
b34cb000-b628b000 rw-p 00000000 00:00 0 
b628b000-b6297000 r-xp 00000000 08:01 394626     /lib/i386-linux-gnu/libnss_files-2.21.so
b6297000-b6298000 r--p 0000b000 08:01 394626     /lib/i386-linux-gnu/libnss_files-2.21.so
b6298000-b6299000 rw-p 0000c000 08:01 394626     /lib/i386-linux-gnu/libnss_files-2.21.so
b6299000-b62a4000 r-xp 00000000 08:01 394636     /lib/i386-linux-gnu/libnss_nis-2.21.so
b62a4000-b62a5000 r--p 0000a000 08:01 394636     /lib/i386-linux-gnu/libnss_nis-2.21.so
b62a5000-b62a6000 rw-p 0000b000 08:01 394636     /lib/i386-linux-gnu/libnss_nis-2.21.so
b62a6000-b62bd000 r-xp 00000000 08:01 394620     /lib/i386-linux-gnu/libnsl-2.21.so
b62bd000-b62be000 r--p 00016000 08:01 394620     /lib/i386-linux-gnu/libnsl-2.21.so
b62be000-b62bf000 rw-p 00017000 08:01 394620     /lib/i386-linux-gnu/libnsl-2.21.so
b62bf000-b62c1000 rw-p 00000000 00:00 0 
b62c1000-b62c4000 r--s 0000f000 08:01 804977     /usr/lib/jvm/java-7-openjdk-i386/jre/lib/ext/icedtea-sound.jar
b62c4000-b62c8000 r--s 00034000 08:01 804978     /usr/lib/jvm/java-7-openjdk-i386/jre/lib/ext/sunjce_provider.jar
b62c8000-b62cc000 r--s 0003c000 08:01 804979     /usr/lib/jvm/java-7-openjdk-i386/jre/lib/ext/sunpkcs11.jar
b62cc000-b62ce000 r--s 00012000 08:01 804975     /usr/lib/jvm/java-7-openjdk-i386/jre/lib/ext/zipfs.jar
b62ce000-b62d6000 r-xp 00000000 08:01 804995     /usr/lib/jvm/java-7-openjdk-i386/jre/lib/i386/libzip.so
b62d6000-b62d7000 r--p 00007000 08:01 804995     /usr/lib/jvm/java-7-openjdk-i386/jre/lib/i386/libzip.so
b62d7000-b62d8000 rw-p 00008000 08:01 804995     /usr/lib/jvm/java-7-openjdk-i386/jre/lib/i386/libzip.so
b62d8000-b62fe000 r-xp 00000000 08:01 805003     /usr/lib/jvm/java-7-openjdk-i386/jre/lib/i386/libjava.so
b62fe000-b62ff000 r--p 00025000 08:01 805003     /usr/lib/jvm/java-7-openjdk-i386/jre/lib/i386/libjava.so
b62ff000-b6300000 rw-p 00026000 08:01 805003     /usr/lib/jvm/java-7-openjdk-i386/jre/lib/i386/libjava.so
b6300000-b6400000 rw-p 00000000 00:00 0 
b6400000-b6408000 rw-s 00000000 08:01 429160     /tmp/hsperfdata_student/12993
b6408000-b6410000 r-xp 00000000 08:01 394622     /lib/i386-linux-gnu/libnss_compat-2.21.so
b6410000-b6411000 r--p 00007000 08:01 394622     /lib/i386-linux-gnu/libnss_compat-2.21.so
b6411000-b6412000 rw-p 00008000 08:01 394622     /lib/i386-linux-gnu/libnss_compat-2.21.so
b6412000-b641c000 r-xp 00000000 08:01 805017     /usr/lib/jvm/java-7-openjdk-i386/jre/lib/i386/libinstrument.so
b641c000-b641d000 r--p 00009000 08:01 805017     /usr/lib/jvm/java-7-openjdk-i386/jre/lib/i386/libinstrument.so
b641d000-b641e000 rw-p 0000a000 08:01 805017     /usr/lib/jvm/java-7-openjdk-i386/jre/lib/i386/libinstrument.so
b641e000-b6425000 r-xp 00000000 08:01 394681     /lib/i386-linux-gnu/librt-2.21.so
b6425000-b6426000 r--p 00006000 08:01 394681     /lib/i386-linux-gnu/librt-2.21.so
b6426000-b6427000 rw-p 00007000 08:01 394681     /lib/i386-linux-gnu/librt-2.21.so
b6427000-b642a000 ---p 00000000 00:00 0 
b642a000-b6478000 rw-p 00000000 00:00 0          [stack:12996]
b6478000-b6494000 r-xp 00000000 08:01 394569     /lib/i386-linux-gnu/libgcc_s.so.1
b6494000-b6495000 rw-p 0001b000 08:01 394569     /lib/i386-linux-gnu/libgcc_s.so.1
b6495000-b64e0000 r-xp 00000000 08:01 394599     /lib/i386-linux-gnu/libm-2.21.so
b64e0000-b64e1000 r--p 0004a000 08:01 394599     /lib/i386-linux-gnu/libm-2.21.so
b64e1000-b64e2000 rw-p 0004b000 08:01 394599     /lib/i386-linux-gnu/libm-2.21.so
b64e2000-b65cb000 r-xp 00000000 08:01 137921     /usr/lib/i386-linux-gnu/libstdc++.so.6.0.20
b65cb000-b65cf000 r--p 000e9000 08:01 137921     /usr/lib/i386-linux-gnu/libstdc++.so.6.0.20
b65cf000-b65d0000 rw-p 000ed000 08:01 137921     /usr/lib/i386-linux-gnu/libstdc++.so.6.0.20
b65d0000-b65d7000 rw-p 00000000 00:00 0 
b65d7000-b712a000 r-xp 00000000 08:01 805013     /usr/lib/jvm/java-7-openjdk-i386/jre/lib/i386/server/libjvm.so
b712a000-b717e000 r--p 00b52000 08:01 805013     /usr/lib/jvm/java-7-openjdk-i386/jre/lib/i386/server/libjvm.so
b717e000-b7192000 rw-p 00ba6000 08:01 805013     /usr/lib/jvm/java-7-openjdk-i386/jre/lib/i386/server/libjvm.so
b7192000-b75b1000 rw-p 00000000 00:00 0 
b75b1000-b75ca000 r-xp 00000000 08:01 394714     /lib/i386-linux-gnu/libz.so.1.2.8
b75ca000-b75cb000 r--p 00019000 08:01 394714     /lib/i386-linux-gnu/libz.so.1.2.8
b75cb000-b75cc000 rw-p 0001a000 08:01 394714     /lib/i386-linux-gnu/libz.so.1.2.8
b75cc000-b75e5000 r-xp 00000000 08:01 394673     /lib/i386-linux-gnu/libpthread-2.21.so
b75e5000-b75e6000 r--p 00018000 08:01 394673     /lib/i386-linux-gnu/libpthread-2.21.so
b75e6000-b75e7000 rw-p 00019000 08:01 394673     /lib/i386-linux-gnu/libpthread-2.21.so
b75e7000-b75e9000 rw-p 00000000 00:00 0 
b75e9000-b75ec000 r-xp 00000000 08:01 394557     /lib/i386-linux-gnu/libdl-2.21.so
b75ec000-b75ed000 r--p 00002000 08:01 394557     /lib/i386-linux-gnu/libdl-2.21.so
b75ed000-b75ee000 rw-p 00003000 08:01 394557     /lib/i386-linux-gnu/libdl-2.21.so
b75ee000-b77a2000 r-xp 00000000 08:01 394540     /lib/i386-linux-gnu/libc-2.21.so
b77a2000-b77a5000 r--p 001b3000 08:01 394540     /lib/i386-linux-gnu/libc-2.21.so
b77a5000-b77a7000 rw-p 001b6000 08:01 394540     /lib/i386-linux-gnu/libc-2.21.so
b77a7000-b77a9000 rw-p 00000000 00:00 0 
b77a9000-b77aa000 r--s 00002000 08:01 804980     /usr/lib/jvm/java-7-openjdk-i386/jre/lib/ext/dnsns.jar
b77aa000-b77ac000 r--s 00006000 08:01 399091     /usr/share/java/java-atk-wrapper.jar
b77ac000-b77ad000 r--p 005e0000 08:01 143362     /usr/lib/locale/locale-archive
b77ad000-b77ae000 rw-p 00000000 00:00 0 
b77ae000-b77af000 ---p 00000000 00:00 0 
b77af000-b77bd000 r-xp 00000000 08:01 805022     /usr/lib/jvm/java-7-openjdk-i386/jre/lib/i386/libverify.so
b77bd000-b77bf000 r--p 0000d000 08:01 805022     /usr/lib/jvm/java-7-openjdk-i386/jre/lib/i386/libverify.so
b77bf000-b77c0000 rw-p 0000f000 08:01 805022     /usr/lib/jvm/java-7-openjdk-i386/jre/lib/i386/libverify.so
b77c0000-b77cc000 r-xp 00000000 08:01 805024     /usr/lib/jvm/java-7-openjdk-i386/jre/lib/i386/jli/libjli.so
b77cc000-b77cd000 r--p 0000b000 08:01 805024     /usr/lib/jvm/java-7-openjdk-i386/jre/lib/i386/jli/libjli.so
b77cd000-b77ce000 rw-p 0000c000 08:01 805024     /usr/lib/jvm/java-7-openjdk-i386/jre/lib/i386/jli/libjli.so
b77ce000-b77d1000 rw-p 00000000 00:00 0 
b77d1000-b77d3000 r--p 00000000 00:00 0          [vvar]
b77d3000-b77d4000 r-xp 00000000 00:00 0          [vdso]
b77d4000-b77f6000 r-xp 00000000 08:01 394512     /lib/i386-linux-gnu/ld-2.21.so
b77f6000-b77f7000 r--p 00021000 08:01 394512     /lib/i386-linux-gnu/ld-2.21.so
b77f7000-b77f8000 rw-p 00022000 08:01 394512     /lib/i386-linux-gnu/ld-2.21.so
bfc58000-bfc59000 rwxp 00000000 00:00 0 
bfc8a000-bfcac000 rw-p 00000000 00:00 0          [stack]

VM Arguments:
jvm_args: -javaagent:/usr/share/java/jayatanaag.jar -Djava.awt.headless=true -Xmx1024M -Dfile.encoding=UTF-8 -Duser.country=US -Duser.language=en -Duser.variant 
java_command: com.android.dx.command.Main --dex --num-threads=4 --output /home/student/test/Pedometer/app/build/intermediates/pre-dexed/debug/com.android.support-design-23.1.1_c68a9838b4179cc1f8726edc56f0ba99c01b5834.jar /home/student/test/Pedometer/app/build/intermediates/exploded-aar/com.android.support/design/23.1.1/jars/classes.jar
Launcher Type: SUN_STANDARD

Environment Variables:
JAVA_TOOL_OPTIONS=-javaagent:/usr/share/java/jayatanaag.jar 
PATH=/home/student/.linuxbrew/bin:/usr/local/sbin:/usr/local/bin:/usr/sbin:/usr/bin:/sbin:/bin:/usr/games:/usr/local/games:/etc/android-studio/bin/:/home/student/Android/Sdk/platform-tools:/home/student/Android/Sdk/tools
LD_LIBRARY_PATH=/etc/android-studio/bin:
SHELL=/bin/bash
DISPLAY=:0

Signal Handlers:
SIGSEGV: [libjvm.so+0x7f7d00], sa_mask[0]=0x7ffbfeff, sa_flags=0x10000004
SIGBUS: [libjvm.so+0x7f7d00], sa_mask[0]=0x7ffbfeff, sa_flags=0x10000004
SIGFPE: [libjvm.so+0x67a9d0], sa_mask[0]=0x7ffbfeff, sa_flags=0x10000004
SIGPIPE: [libjvm.so+0x67a9d0], sa_mask[0]=0x7ffbfeff, sa_flags=0x10000004
SIGXFSZ: [libjvm.so+0x67a9d0], sa_mask[0]=0x7ffbfeff, sa_flags=0x10000004
SIGILL: [libjvm.so+0x67a9d0], sa_mask[0]=0x7ffbfeff, sa_flags=0x10000004
SIGUSR1: SIG_DFL, sa_mask[0]=0x00000000, sa_flags=0x00000000
SIGUSR2: [libjvm.so+0x67a820], sa_mask[0]=0x00000004, sa_flags=0x10000004
SIGHUP: [libjvm.so+0x67aa80], sa_mask[0]=0x7ffbfeff, sa_flags=0x10000004
SIGINT: [libjvm.so+0x67aa80], sa_mask[0]=0x7ffbfeff, sa_flags=0x10000004
SIGTERM: [libjvm.so+0x67aa80], sa_mask[0]=0x7ffbfeff, sa_flags=0x10000004
SIGQUIT: [libjvm.so+0x67aa80], sa_mask[0]=0x7ffbfeff, sa_flags=0x10000004
SIGTRAP: SIG_DFL, sa_mask[0]=0x00000000, sa_flags=0x00000000


---------------  S Y S T E M  ---------------

OS:Ubuntu 15.04 (vivid)
uname:Linux 3.19.0-18-generic #18-Ubuntu SMP Tue May 19 18:30:59 UTC 2015 i686
libc:glibc 2.21 NPTL 2.21 
rlimit: STACK 8192k, CORE 0k, NPROC 32177, NOFILE 65536, AS infinity
load average:4.68 1.58 1.04

/proc/meminfo:
MemTotal:        4139540 kB
MemFree:          229964 kB
MemAvailable:     166616 kB
Buffers:            8568 kB
Cached:            72036 kB
SwapCached:            0 kB
Active:          3559356 kB
Inactive:          57044 kB
Active(anon):    3537340 kB
Inactive(anon):    38228 kB
Active(file):      22016 kB
Inactive(file):    18816 kB
Unevictable:          32 kB
Mlocked:              32 kB
HighTotal:       3280776 kB
HighFree:          44500 kB
LowTotal:         858764 kB
LowFree:          185464 kB
SwapTotal:             0 kB
SwapFree:              0 kB
Dirty:               980 kB
Writeback:             0 kB
AnonPages:       3536200 kB
Mapped:            53644 kB
Shmem:             39392 kB
Slab:              47156 kB
SReclaimable:      21788 kB
SUnreclaim:        25368 kB
KernelStack:        5320 kB
PageTables:        15300 kB
NFS_Unstable:          0 kB
Bounce:                0 kB
WritebackTmp:          0 kB
CommitLimit:     2069768 kB
Committed_AS:    6736472 kB
VmallocTotal:     122880 kB
VmallocUsed:       23328 kB
VmallocChunk:      46892 kB
AnonHugePages:   2461696 kB
CmaTotal:              0 kB
CmaFree:               0 kB
HugePages_Total:       0
HugePages_Free:        0
HugePages_Rsvd:        0
HugePages_Surp:        0
Hugepagesize:       2048 kB
DirectMap4k:       59384 kB
DirectMap2M:      854016 kB


CPU:total 4 (1 cores per cpu, 1 threads per core) family 6 model 58 stepping 9, cmov, cx8, fxsr, mmx, sse, sse2, sse3, ssse3, sse4.1, sse4.2, popcnt, avx, aes, erms, tsc, tscinvbit, tscinv

/proc/cpuinfo:
processor	: 0
vendor_id	: GenuineIntel
cpu family	: 6
model		: 58
model name	: Intel(R) Core(TM) i5-3210M CPU @ 2.50GHz
stepping	: 9
microcode	: 0x15
cpu MHz		: 2494.111
cache size	: 3072 KB
physical id	: 0
siblings	: 1
core id		: 0
cpu cores	: 1
apicid		: 0
initial apicid	: 0
fdiv_bug	: no
f00f_bug	: no
coma_bug	: no
fpu		: yes
fpu_exception	: yes
cpuid level	: 13
wp		: yes
flags		: fpu vme de pse tsc msr pae mce cx8 apic sep mtrr pge mca cmov pat pse36 clflush dts mmx fxsr sse sse2 ss nx rdtscp lm constant_tsc arch_perfmon pebs bts xtopology tsc_reliable nonstop_tsc aperfmperf pni pclmulqdq ssse3 cx16 pcid sse4_1 sse4_2 x2apic popcnt tsc_deadline_timer aes xsave avx f16c rdrand hypervisor lahf_lm ida arat epb pln pts dtherm fsgsbase tsc_adjust smep
bugs		:
bogomips	: 4988.22
clflush size	: 64
cache_alignment	: 64
address sizes	: 42 bits physical, 48 bits virtual
power management:

processor	: 1
vendor_id	: GenuineIntel
cpu family	: 6
model		: 58
model name	: Intel(R) Core(TM) i5-3210M CPU @ 2.50GHz
stepping	: 9
microcode	: 0x15
cpu MHz		: 2494.111
cache size	: 3072 KB
physical id	: 2
siblings	: 1
core id		: 0
cpu cores	: 1
apicid		: 2
initial apicid	: 2
fdiv_bug	: no
f00f_bug	: no
coma_bug	: no
fpu		: yes
fpu_exception	: yes
cpuid level	: 13
wp		: yes
flags		: fpu vme de pse tsc msr pae mce cx8 apic sep mtrr pge mca cmov pat pse36 clflush dts mmx fxsr sse sse2 ss nx rdtscp lm constant_tsc arch_perfmon pebs bts xtopology tsc_reliable nonstop_tsc aperfmperf pni pclmulqdq ssse3 cx16 pcid sse4_1 sse4_2 x2apic popcnt tsc_deadline_timer aes xsave avx f16c rdrand hypervisor lahf_lm ida arat epb pln pts dtherm fsgsbase tsc_adjust smep
bugs		:
bogomips	: 4988.22
clflush size	: 64
cache_alignment	: 64
address sizes	: 42 bits physical, 48 bits virtual
power management:

processor	: 2
vendor_id	: GenuineIntel
cpu family	: 6
model		: 58
model name	: Intel(R) Core(TM) i5-3210M CPU @ 2.50GHz
stepping	: 9
microcode	: 0x15
cpu MHz		: 2494.111
cache size	: 3072 KB
physical id	: 4
siblings	: 1
core id		: 0
cpu cores	: 1
apicid		: 4
initial apicid	: 4
fdiv_bug	: no
f00f_bug	: no
coma_bug	: no
fpu		: yes
fpu_exception	: yes
cpuid level	: 13
wp		: yes
flags		: fpu vme de pse tsc msr pae mce cx8 apic sep mtrr pge mca cmov pat pse36 clflush dts mmx fxsr sse sse2 ss nx rdtscp lm constant_tsc arch_perfmon pebs bts xtopology tsc_reliable nonstop_tsc aperfmperf pni pclmulqdq ssse3 cx16 pcid sse4_1 sse4_2 x2apic popcnt tsc_deadline_timer aes xsave avx f16c rdrand hypervisor lahf_lm ida arat epb pln pts dtherm fsgsbase tsc_adjust smep
bugs		:
bogomips	: 4988.22
clflush size	: 64
cache_alignment	: 64
address sizes	: 42 bits physical, 48 bits virtual
power management:

processor	: 3
vendor_id	: GenuineIntel
cpu family	: 6
model		: 58
model name	: Intel(R) Core(TM) i5-3210M CPU @ 2.50GHz
stepping	: 9
microcode	: 0x15
cpu MHz		: 2494.111
cache size	: 3072 KB
physical id	: 6
siblings	: 1
core id		: 0
cpu cores	: 1
apicid		: 6
initial apicid	: 6
fdiv_bug	: no
f00f_bug	: no
coma_bug	: no
fpu		: yes
fpu_exception	: yes
cpuid level	: 13
wp		: yes
flags		: fpu vme de pse tsc msr pae mce cx8 apic sep mtrr pge mca cmov pat pse36 clflush dts mmx fxsr sse sse2 ss nx rdtscp lm constant_tsc arch_perfmon pebs bts xtopology tsc_reliable nonstop_tsc aperfmperf pni pclmulqdq ssse3 cx16 pcid sse4_1 sse4_2 x2apic popcnt tsc_deadline_timer aes xsave avx f16c rdrand hypervisor lahf_lm ida arat epb pln pts dtherm fsgsbase tsc_adjust smep
bugs		:
bogomips	: 4988.22
clflush size	: 64
cache_alignment	: 64
address sizes	: 42 bits physical, 48 bits virtual
power management:



Memory: 4k page, physical 4139540k(230164k free), swap 0k(0k free)

vm_info: OpenJDK Server VM (24.91-b01) for linux-x86 JRE (1.7.0_91-b02), built on Nov 19 2015 06:25:06 by "buildd" with gcc 4.9.2

time: Sun May  1 13:30:43 2016
elapsed time: 9 seconds

