#
# There is insufficient memory for the Java Runtime Environment to continue.
# Native memory allocation (malloc) failed to allocate 34078720 bytes for committing reserved memory.
# Possible reasons:
#   The system is out of physical RAM or swap space
#   In 32 bit mode, the process size limit was hit
# Possible solutions:
#   Reduce memory load on the system
#   Increase physical memory or swap space
#   Check if swap backing store is full
#   Use 64 bit Java on a 64 bit OS
#   Decrease Java heap size (-Xmx/-Xms)
#   Decrease number of Java threads
#   Decrease Java thread stack sizes (-Xss)
#   Set larger code cache with -XX:ReservedCodeCacheSize=
# This output file may be truncated or incomplete.
#
#  Out of Memory Error (os_linux.cpp:2827), pid=8950, tid=1740430144
#
# JRE version: OpenJDK Runtime Environment (7.0_91-b02) (build 1.7.0_91-b02)
# Java VM: OpenJDK Server VM (24.91-b01 mixed mode linux-x86 )
# Derivative: IcedTea 2.6.3
# Distribution: Ubuntu 15.04, package 7u91-2.6.3-0ubuntu0.15.04.1
# Failed to write core dump. Core dumps have been disabled. To enable core dumping, try "ulimit -c unlimited" before starting Java again
#

---------------  T H R E A D  ---------------

Current thread (0x67a81400):  VMThread [stack: 0x67b4d000,0x67bce000] [id=8999]

Stack: [0x67b4d000,0x67bce000]
VM_Operation (0x66a42b3c): ParallelGCFailedAllocation, mode: safepoint, requested by thread 0x6705c000


---------------  P R O C E S S  ---------------

Java Threads: ( => current thread )
  0x6705d000 JavaThread "pool-1-thread-4" [_thread_blocked, id=9042, stack(0x669a2000,0x669f3000)]
  0x6705c000 JavaThread "pool-1-thread-3" [_thread_blocked, id=9041, stack(0x669f3000,0x66a44000)]
  0x6705a800 JavaThread "pool-1-thread-2" [_thread_blocked, id=9040, stack(0x66a44000,0x66a95000)]
  0x67058000 JavaThread "pool-2-thread-1" [_thread_blocked, id=9039, stack(0x66a95000,0x66ae6000)]
  0x67056000 JavaThread "pool-1-thread-1" [_thread_blocked, id=9038, stack(0x6711a000,0x6716b000)]
  0x67aee800 JavaThread "Service Thread" daemon [_thread_blocked, id=9021, stack(0x67262000,0x672b3000)]
  0x67aec800 JavaThread "C2 CompilerThread1" daemon [_thread_in_native, id=9020, stack(0x672b3000,0x67334000)]
  0x67aeb400 JavaThread "C2 CompilerThread0" daemon [_thread_blocked, id=9018, stack(0x67334000,0x673b5000)]
  0x67a98400 JavaThread "Signal Dispatcher" daemon [_thread_blocked, id=9009, stack(0x6790d000,0x6795e000)]
  0x67a85400 JavaThread "Finalizer" daemon [_thread_blocked, id=9006, stack(0x6795e000,0x679af000)]
  0x67a83c00 JavaThread "Reference Handler" daemon [_thread_blocked, id=9003, stack(0x679af000,0x67a00000)]
  0xb6208400 JavaThread "main" [_thread_blocked, id=8977, stack(0xb6385000,0xb63d6000)]

Other Threads:
=>0x67a81400 VMThread [stack: 0x67b4d000,0x67bce000] [id=8999]
  0x67af0800 WatcherThread [stack: 0x671e1000,0x67262000] [id=9022]

VM state:at safepoint (normal execution)

VM Mutex/Monitor currently owned by a thread:  ([mutex/lock_event])
[0xb6205e00] Threads_lock - owner thread: 0x67a81400
[0xb6206210] Heap_lock - owner thread: 0x6705c000

Heap
 PSYoungGen      total 35840K, used 2555K [0x9db80000, 0xa0100000, 0xb3100000)
  eden space 33280K, 0% used [0x9db80000,0x9db80000,0x9fc00000)
  from space 2560K, 99% used [0x9fc00000,0x9fe7ee60,0x9fe80000)
  to   space 2560K, 0% used [0x9fe80000,0x9fe80000,0xa0100000)
 ParOldGen       total 43008K, used 6501K [0x73100000, 0x75b00000, 0x9db80000)
  object space 43008K, 15% used [0x73100000,0x737594a0,0x75b00000)
 PSPermGen       total 16384K, used 4231K [0x6b100000, 0x6c100000, 0x73100000)
  object space 16384K, 25% used [0x6b100000,0x6b521f80,0x6c100000)

Card table byte_map: [0x6aebf000,0x6b100000] byte_map_base: 0x6ab66800

Polling page: 0xb770c000

Code Cache  [0xb31e5000, 0xb3425000, 0xb61e5000)
 total_blobs=350 nmethods=227 adapters=76 free_code_cache=48427Kb largest_free_block=49557184

Compilation events (10 events):
Event: 4.894 Thread 0x67aeb400 nmethod 224 0xb32303c8 code [0xb32304c0, 0xb3230590]
Event: 4.894 Thread 0x67aeb400  225             com.android.dx.rop.cst.Constant::compareTo (9 bytes)
Event: 4.902 Thread 0x67aeb400 nmethod 225 0xb3282588 code [0xb32826a0, 0xb3282844]
Event: 4.903 Thread 0x67aeb400  226             com.android.dx.rop.code.PlainInsn::accept (8 bytes)
Event: 4.903 Thread 0x67aeb400 nmethod 226 0xb3235c48 code [0xb3235d40, 0xb3235d90]
Event: 4.903 Thread 0x67aeb400  227             com.android.dx.rop.cst.CstType::compareTo0 (25 bytes)
Event: 4.904 Thread 0x67aeb400 nmethod 227 0xb32821c8 code [0xb32822c0, 0xb3282430]
Event: 4.904 Thread 0x67aeb400  228             java.util.TreeMap::getEntry (84 bytes)
Event: 4.906 Thread 0x67aeb400 nmethod 228 0xb3281e88 code [0xb3281f80, 0xb3282090]
Event: 4.906 Thread 0x67aeb400  229             com.android.dx.ssa.DeadCodeRemover::pruneDeadInstructions (246 bytes)

GC Heap History (5 events):
Event: 1.743 GC heap before
{Heap before GC invocations=1 (full 0):
 PSYoungGen      total 19200K, used 16512K [0x9db80000, 0x9f0c0000, 0xb3100000)
  eden space 16640K, 99% used [0x9db80000,0x9eba01d0,0x9ebc0000)
  from space 2560K, 0% used [0x9ee40000,0x9ee40000,0x9f0c0000)
  to   space 2560K, 0% used [0x9ebc0000,0x9ebc0000,0x9ee40000)
 ParOldGen       total 43008K, used 0K [0x73100000, 0x75b00000, 0x9db80000)
  object space 43008K, 0% used [0x73100000,0x73100000,0x75b00000)
 PSPermGen       total 16384K, used 3887K [0x6b100000, 0x6c100000, 0x73100000)
  object space 16384K, 23% used [0x6b100000,0x6b4cbd78,0x6c100000)
Event: 1.775 GC heap after
Heap after GC invocations=1 (full 0):
 PSYoungGen      total 19200K, used 2419K [0x9db80000, 0xa0100000, 0xb3100000)
  eden space 16640K, 0% used [0x9db80000,0x9db80000,0x9ebc0000)
  from space 2560K, 94% used [0x9ebc0000,0x9ee1ce18,0x9ee40000)
  to   space 2560K, 0% used [0x9fe80000,0x9fe80000,0xa0100000)
 ParOldGen       total 43008K, used 4K [0x73100000, 0x75b00000, 0x9db80000)
  object space 43008K, 0% used [0x73100000,0x73101000,0x75b00000)
 PSPermGen       total 16384K, used 3887K [0x6b100000, 0x6c100000, 0x73100000)
  object space 16384K, 23% used [0x6b100000,0x6b4cbd78,0x6c100000)
}
Event: 3.431 GC heap before
{Heap before GC invocations=2 (full 0):
 PSYoungGen      total 19200K, used 19059K [0x9db80000, 0xa0100000, 0xb3100000)
  eden space 16640K, 100% used [0x9db80000,0x9ebc0000,0x9ebc0000)
  from space 2560K, 94% used [0x9ebc0000,0x9ee1ce18,0x9ee40000)
  to   space 2560K, 0% used [0x9fe80000,0x9fe80000,0xa0100000)
 ParOldGen       total 43008K, used 4K [0x73100000, 0x75b00000, 0x9db80000)
  object space 43008K, 0% used [0x73100000,0x73101000,0x75b00000)
 PSPermGen       total 16384K, used 4136K [0x6b100000, 0x6c100000, 0x73100000)
  object space 16384K, 25% used [0x6b100000,0x6b50a1a0,0x6c100000)
Event: 3.457 GC heap after
Heap after GC invocations=2 (full 0):
 PSYoungGen      total 35840K, used 2550K [0x9db80000, 0xa0100000, 0xb3100000)
  eden space 33280K, 0% used [0x9db80000,0x9db80000,0x9fc00000)
  from space 2560K, 99% used [0x9fe80000,0xa00fd930,0xa0100000)
  to   space 2560K, 0% used [0x9fc00000,0x9fc00000,0x9fe80000)
 ParOldGen       total 43008K, used 1199K [0x73100000, 0x75b00000, 0x9db80000)
  object space 43008K, 2% used [0x73100000,0x7322be60,0x75b00000)
 PSPermGen       total 16384K, used 4136K [0x6b100000, 0x6c100000, 0x73100000)
  object space 16384K, 25% used [0x6b100000,0x6b50a1a0,0x6c100000)
}
Event: 4.974 GC heap before
{Heap before GC invocations=3 (full 0):
 PSYoungGen      total 35840K, used 35830K [0x9db80000, 0xa0100000, 0xb3100000)
  eden space 33280K, 99% used [0x9db80000,0x9fbffff8,0x9fc00000)
  from space 2560K, 99% used [0x9fe80000,0xa00fd930,0xa0100000)
  to   space 2560K, 0% used [0x9fc00000,0x9fc00000,0x9fe80000)
 ParOldGen       total 43008K, used 1199K [0x73100000, 0x75b00000, 0x9db80000)
  object space 43008K, 2% used [0x73100000,0x7322be60,0x75b00000)
 PSPermGen       total 16384K, used 4231K [0x6b100000, 0x6c100000, 0x73100000)
  object space 16384K, 25% used [0x6b100000,0x6b521f80,0x6c100000)

Deoptimization events (10 events):
Event: 1.045 Thread 0xb6208400 Uncommon trap: reason=unstable_if action=reinterpret pc=0xb3235c64 method=java.lang.String.indexOf(II)I @ 49
Event: 1.045 Thread 0xb6208400 Uncommon trap: reason=unstable_if action=reinterpret pc=0xb3230478 method=java.lang.String.indexOf(II)I @ 49
Event: 2.055 Thread 0x6705a800 Uncommon trap: reason=unstable_if action=reinterpret pc=0xb3240708 method=java.util.BitSet.nextSetBit(I)I @ 87
Event: 2.133 Thread 0x6705a800 Uncommon trap: reason=class_check action=maybe_recompile pc=0xb322f060 method=com.android.dx.ssa.NormalSsaInsn.accept(Lcom/android/dx/ssa/SsaInsn$Visitor;)V @ 9
Event: 2.238 Thread 0x6705a800 Uncommon trap: reason=class_check action=maybe_recompile pc=0xb322f060 method=com.android.dx.ssa.NormalSsaInsn.accept(Lcom/android/dx/ssa/SsaInsn$Visitor;)V @ 9
Event: 2.242 Thread 0x67056000 Uncommon trap: reason=class_check action=maybe_recompile pc=0xb322f060 method=com.android.dx.ssa.NormalSsaInsn.accept(Lcom/android/dx/ssa/SsaInsn$Visitor;)V @ 9
Event: 2.463 Thread 0x6705a800 Uncommon trap: reason=class_check action=maybe_recompile pc=0xb322f060 method=com.android.dx.ssa.NormalSsaInsn.accept(Lcom/android/dx/ssa/SsaInsn$Visitor;)V @ 9
Event: 3.502 Thread 0x6705a800 Uncommon trap: reason=null_check action=make_not_entrant pc=0xb3255bd0 method=com.android.dx.rop.type.Type.equals(Ljava/lang/Object;)Z @ 8
Event: 4.432 Thread 0x6705a800 Uncommon trap: reason=unstable_if action=reinterpret pc=0xb3283118 method=com.android.dx.rop.code.RegisterSpecSet.put(Lcom/android/dx/rop/code/RegisterSpec;)V @ 77
Event: 4.851 Thread 0x6705d000 Uncommon trap: reason=class_check action=maybe_recompile pc=0xb326d7fc method=java.util.HashMap.put(Ljava/lang/Object;Ljava/lang/Object;)Ljava/lang/Object; @ 83

Internal exceptions (10 events):
Event: 2.186 Thread 0x6705d000 Threw 0x9e0280d0 at /build/openjdk-7-PdBaKN/openjdk-7-7u91-2.6.3/build/openjdk/hotspot/src/share/vm/prims/jvm.cpp:1322
Event: 3.502 Thread 0x6705a800 Implicit null exception at 0xb3255aeb to 0xb3255bc2
Event: 3.753 Thread 0xb6208400 Threw 0x9e132308 at /build/openjdk-7-PdBaKN/openjdk-7-7u91-2.6.3/build/openjdk/hotspot/src/share/vm/prims/jvm.cpp:1322
Event: 3.812 Thread 0xb6208400 Threw 0x9e13f628 at /build/openjdk-7-PdBaKN/openjdk-7-7u91-2.6.3/build/openjdk/hotspot/src/share/vm/prims/jvm.cpp:1322
Event: 3.816 Thread 0xb6208400 Threw 0x9e142828 at /build/openjdk-7-PdBaKN/openjdk-7-7u91-2.6.3/build/openjdk/hotspot/src/share/vm/prims/jvm.cpp:1322
Event: 3.833 Thread 0xb6208400 Threw 0x9e152628 at /build/openjdk-7-PdBaKN/openjdk-7-7u91-2.6.3/build/openjdk/hotspot/src/share/vm/prims/jvm.cpp:1322
Event: 3.934 Thread 0x67056000 Threw 0x9e5f3410 at /build/openjdk-7-PdBaKN/openjdk-7-7u91-2.6.3/build/openjdk/hotspot/src/share/vm/prims/jvm.cpp:1322
Event: 4.053 Thread 0x67056000 Threw 0x9e5fa960 at /build/openjdk-7-PdBaKN/openjdk-7-7u91-2.6.3/build/openjdk/hotspot/src/share/vm/prims/jvm.cpp:1322
Event: 4.085 Thread 0x67056000 Threw 0x9e601ad0 at /build/openjdk-7-PdBaKN/openjdk-7-7u91-2.6.3/build/openjdk/hotspot/src/share/vm/prims/jvm.cpp:1322
Event: 4.752 Thread 0x6705d000 Threw 0x9f604d00 at /build/openjdk-7-PdBaKN/openjdk-7-7u91-2.6.3/build/openjdk/hotspot/src/share/vm/prims/jvm.cpp:1322

Events (10 events):
Event: 4.558 Executing VM operation: EnableBiasedLocking
Event: 4.559 Executing VM operation: EnableBiasedLocking done
Event: 4.751 loading class 0x670519c0
Event: 4.751 loading class 0x670519c0 done
Event: 4.851 Thread 0x6705d000 Uncommon trap: trap_request=0xffffffde fr.pc=0xb326d7fc
Event: 4.851 Thread 0x6705d000 DEOPT PACKING pc=0xb326d7fc sp=0x669f1b70
Event: 4.851 Thread 0x6705d000 DEOPT UNPACKING pc=0xb3211bc8 sp=0x669f1b4c mode 2
Event: 4.885 Thread 0x67aeb400 flushing nmethod 0xb3230288
Event: 4.894 Thread 0x67aeb400 flushing nmethod 0xb3235a88
Event: 4.967 Executing VM operation: ParallelGCFailedAllocation


Dynamic libraries:
08048000-08049000 r-xp 00000000 08:01 804961     /usr/lib/jvm/java-7-openjdk-i386/jre/bin/java
08049000-0804a000 r--p 00000000 08:01 804961     /usr/lib/jvm/java-7-openjdk-i386/jre/bin/java
0804a000-0804b000 rw-p 00001000 08:01 804961     /usr/lib/jvm/java-7-openjdk-i386/jre/bin/java
08f1f000-08fce000 rw-p 00000000 00:00 0          [heap]
65c00000-65cf2000 rw-p 00000000 00:00 0 
65cf2000-65d00000 ---p 00000000 00:00 0 
65e00000-65ec7000 rw-p 00000000 00:00 0 
65ec7000-65f00000 ---p 00000000 00:00 0 
66000000-660d9000 rw-p 00000000 00:00 0 
660d9000-66100000 ---p 00000000 00:00 0 
66100000-661f9000 rw-p 00000000 00:00 0 
661f9000-66200000 ---p 00000000 00:00 0 
66200000-66300000 rw-p 00000000 00:00 0 
66400000-664fc000 rw-p 00000000 00:00 0 
664fc000-66500000 ---p 00000000 00:00 0 
66500000-665fc000 rw-p 00000000 00:00 0 
665fc000-66600000 ---p 00000000 00:00 0 
66600000-666fe000 rw-p 00000000 00:00 0 
666fe000-66700000 ---p 00000000 00:00 0 
66700000-66800000 rw-p 00000000 00:00 0 
66800000-668fd000 rw-p 00000000 00:00 0 
668fd000-66900000 ---p 00000000 00:00 0 
669a2000-669a5000 ---p 00000000 00:00 0 
669a5000-669f3000 rw-p 00000000 00:00 0          [stack:9042]
669f3000-669f6000 ---p 00000000 00:00 0 
669f6000-66a44000 rw-p 00000000 00:00 0          [stack:9041]
66a44000-66a47000 ---p 00000000 00:00 0 
66a47000-66a95000 rw-p 00000000 00:00 0          [stack:9040]
66a95000-66a98000 ---p 00000000 00:00 0 
66a98000-66ca7000 rw-p 00000000 00:00 0          [stack:9039]
66ca7000-66d17000 r-xp 00000000 08:01 394656     /lib/i386-linux-gnu/libpcre.so.3.13.1
66d17000-66d18000 r--p 0006f000 08:01 394656     /lib/i386-linux-gnu/libpcre.so.3.13.1
66d18000-66d19000 rw-p 00070000 08:01 394656     /lib/i386-linux-gnu/libpcre.so.3.13.1
66d19000-66e3f000 r-xp 00000000 08:01 394573     /lib/i386-linux-gnu/libglib-2.0.so.0.4400.0
66e3f000-66e40000 r--p 00125000 08:01 394573     /lib/i386-linux-gnu/libglib-2.0.so.0.4400.0
66e40000-66e41000 rw-p 00126000 08:01 394573     /lib/i386-linux-gnu/libglib-2.0.so.0.4400.0
66e41000-66ffa000 r-xp 00000000 08:01 137357     /usr/lib/i386-linux-gnu/libgio-2.0.so.0.4400.0
66ffa000-66ffd000 r--p 001b8000 08:01 137357     /usr/lib/i386-linux-gnu/libgio-2.0.so.0.4400.0
66ffd000-66fff000 rw-p 001bb000 08:01 137357     /usr/lib/i386-linux-gnu/libgio-2.0.so.0.4400.0
66fff000-67000000 rw-p 00000000 00:00 0 
67000000-67075000 rw-p 00000000 00:00 0 
67075000-67100000 ---p 00000000 00:00 0 
6711a000-6711d000 ---p 00000000 00:00 0 
6711d000-6716b000 rw-p 00000000 00:00 0          [stack:9038]
6716b000-6717f000 r-xp 00000000 08:01 394679     /lib/i386-linux-gnu/libresolv-2.21.so
6717f000-67181000 r--p 00013000 08:01 394679     /lib/i386-linux-gnu/libresolv-2.21.so
67181000-67182000 rw-p 00015000 08:01 394679     /lib/i386-linux-gnu/libresolv-2.21.so
67182000-67184000 rw-p 00000000 00:00 0 
67184000-671df000 r-xp 00000000 08:01 137385     /usr/lib/i386-linux-gnu/libgobject-2.0.so.0.4400.0
671df000-671e0000 r--p 0005b000 08:01 137385     /usr/lib/i386-linux-gnu/libgobject-2.0.so.0.4400.0
671e0000-671e1000 rw-p 0005c000 08:01 137385     /usr/lib/i386-linux-gnu/libgobject-2.0.so.0.4400.0
671e1000-671e2000 ---p 00000000 00:00 0 
671e2000-67262000 rw-p 00000000 00:00 0          [stack:9022]
67262000-67265000 ---p 00000000 00:00 0 
67265000-672b3000 rw-p 00000000 00:00 0          [stack:9021]
672b3000-672b6000 ---p 00000000 00:00 0 
672b6000-67334000 rw-p 00000000 00:00 0          [stack:9020]
67334000-67337000 ---p 00000000 00:00 0 
67337000-673b5000 rw-p 00000000 00:00 0          [stack:9018]
673b5000-674fc000 r-xp 00000000 08:01 136931     /usr/lib/i386-linux-gnu/libX11.so.6.3.0
674fc000-674fd000 r--p 00146000 08:01 136931     /usr/lib/i386-linux-gnu/libX11.so.6.3.0
674fd000-674ff000 rw-p 00147000 08:01 136931     /usr/lib/i386-linux-gnu/libX11.so.6.3.0
674ff000-67500000 rw-p 00000000 00:00 0 
67500000-67700000 r--p 00000000 08:01 143362     /usr/lib/locale/locale-archive
67700000-67721000 rw-p 00000000 00:00 0 
67721000-67800000 ---p 00000000 00:00 0 
67800000-678ee000 rw-p 00000000 00:00 0 
678ee000-67900000 ---p 00000000 00:00 0 
6790d000-67910000 ---p 00000000 00:00 0 
67910000-6795e000 rw-p 00000000 00:00 0          [stack:9009]
6795e000-67961000 ---p 00000000 00:00 0 
67961000-679af000 rw-p 00000000 00:00 0          [stack:9006]
679af000-679b2000 ---p 00000000 00:00 0 
679b2000-67a00000 rw-p 00000000 00:00 0          [stack:9003]
67a00000-67b00000 rw-p 00000000 00:00 0 
67b05000-67b0c000 r-xp 00000000 08:01 137254     /usr/lib/i386-linux-gnu/libffi.so.6.0.4
67b0c000-67b0e000 r--p 00006000 08:01 137254     /usr/lib/i386-linux-gnu/libffi.so.6.0.4
67b0e000-67b0f000 rw-p 00008000 08:01 137254     /usr/lib/i386-linux-gnu/libffi.so.6.0.4
67b0f000-67b33000 r-xp 00000000 08:01 394683     /lib/i386-linux-gnu/libselinux.so.1
67b33000-67b34000 r--p 00024000 08:01 394683     /lib/i386-linux-gnu/libselinux.so.1
67b34000-67b35000 rw-p 00025000 08:01 394683     /lib/i386-linux-gnu/libselinux.so.1
67b35000-67b36000 rw-p 00000000 00:00 0 
67b4d000-67b4e000 ---p 00000000 00:00 0 
67b4e000-67bce000 rw-p 00000000 00:00 0          [stack:8999]
67bce000-67d80000 r--s 01d2e000 08:01 804984     /usr/lib/jvm/java-7-openjdk-i386/jre/lib/rt.jar
67d80000-6a600000 rw-p 00000000 00:00 0 
6a600000-6a6e4000 rw-p 00000000 00:00 0 
6a6e4000-6a700000 ---p 00000000 00:00 0 
6a704000-6a71b000 r-xp 00000000 08:01 805027     /usr/lib/jvm/java-7-openjdk-i386/jre/lib/i386/libnet.so
6a71b000-6a71c000 r--p 00016000 08:01 805027     /usr/lib/jvm/java-7-openjdk-i386/jre/lib/i386/libnet.so
6a71c000-6a71d000 rw-p 00017000 08:01 805027     /usr/lib/jvm/java-7-openjdk-i386/jre/lib/i386/libnet.so
6a71d000-6a72d000 r-xp 00000000 08:01 804991     /usr/lib/jvm/java-7-openjdk-i386/jre/lib/i386/libnio.so
6a72d000-6a72e000 r--p 00010000 08:01 804991     /usr/lib/jvm/java-7-openjdk-i386/jre/lib/i386/libnio.so
6a72e000-6a72f000 rw-p 00011000 08:01 804991     /usr/lib/jvm/java-7-openjdk-i386/jre/lib/i386/libnio.so
6a72f000-6a734000 r-xp 00000000 08:01 136946     /usr/lib/i386-linux-gnu/libXdmcp.so.6.0.0
6a734000-6a735000 r--p 00004000 08:01 136946     /usr/lib/i386-linux-gnu/libXdmcp.so.6.0.0
6a735000-6a736000 rw-p 00005000 08:01 136946     /usr/lib/i386-linux-gnu/libXdmcp.so.6.0.0
6a736000-6a77f000 rw-p 00000000 00:00 0 
6a77f000-6a780000 ---p 00000000 00:00 0 
6a780000-6a800000 rw-p 00000000 00:00 0          [stack:8991]
6a800000-6a821000 rw-p 00000000 00:00 0 
6a821000-6a900000 ---p 00000000 00:00 0 
6a900000-6a921000 rw-p 00000000 00:00 0 
6a921000-6aa00000 ---p 00000000 00:00 0 
6aa02000-6aa22000 r-xp 00000000 08:01 138125     /usr/lib/i386-linux-gnu/libxcb.so.1.1.0
6aa22000-6aa23000 r--p 0001f000 08:01 138125     /usr/lib/i386-linux-gnu/libxcb.so.1.1.0
6aa23000-6aa24000 rw-p 00020000 08:01 138125     /usr/lib/i386-linux-gnu/libxcb.so.1.1.0
6aa24000-6aa7f000 rw-p 00000000 00:00 0 
6aa7f000-6aa80000 ---p 00000000 00:00 0 
6aa80000-6ab00000 rw-p 00000000 00:00 0          [stack:8987]
6ab00000-6ab29000 rw-p 00000000 00:00 0 
6ab29000-6ac00000 ---p 00000000 00:00 0 
6ac09000-6ac0c000 r-xp 00000000 08:01 137371     /usr/lib/i386-linux-gnu/libgmodule-2.0.so.0.4400.0
6ac0c000-6ac0d000 r--p 00002000 08:01 137371     /usr/lib/i386-linux-gnu/libgmodule-2.0.so.0.4400.0
6ac0d000-6ac0e000 rw-p 00003000 08:01 137371     /usr/lib/i386-linux-gnu/libgmodule-2.0.so.0.4400.0
6ac0e000-6ac18000 r--s 00041000 08:01 941707     /home/student/test/Pedometer/app/build/intermediates/exploded-aar/com.android.support/support-v4/23.1.1/jars/libs/internal_impl-23.1.1.jar
6ac18000-6ac27000 r--s 000df000 08:01 1068117    /home/student/Android/Sdk/build-tools/23.0.2/lib/dx.jar
6ac27000-6ac28000 ---p 00000000 00:00 0 
6ac28000-6aca8000 rw-p 00000000 00:00 0          [stack:8984]
6aca8000-6aca9000 ---p 00000000 00:00 0 
6aca9000-6ad31000 rw-p 00000000 00:00 0          [stack:8980]
6ad31000-6ad69000 rw-p 00000000 00:00 0 
6ad69000-6ad7e000 rw-p 00000000 00:00 0 
6ad7e000-6aebf000 rw-p 00000000 00:00 0 
6aebf000-6aec7000 rw-p 00000000 00:00 0 
6aec7000-6aeff000 rw-p 00000000 00:00 0 
6aeff000-6af14000 rw-p 00000000 00:00 0 
6af14000-6b054000 rw-p 00000000 00:00 0 
6b054000-6b067000 rw-p 00000000 00:00 0 
6b067000-6b0ff000 rw-p 00000000 00:00 0 
6b0ff000-6c100000 rw-p 00000000 00:00 0 
6c100000-73100000 rw-p 00000000 00:00 0 
73100000-75b00000 rw-p 00000000 00:00 0 
75b00000-9db80000 rw-p 00000000 00:00 0 
9db80000-a0100000 rw-p 00000000 00:00 0 
a2180000-b3100000 rw-p 00000000 00:00 0 
b3101000-b3103000 r-xp 00000000 08:01 136935     /usr/lib/i386-linux-gnu/libXau.so.6.0.0
b3103000-b3104000 r--p 00001000 08:01 136935     /usr/lib/i386-linux-gnu/libXau.so.6.0.0
b3104000-b3105000 rw-p 00002000 08:01 136935     /usr/lib/i386-linux-gnu/libXau.so.6.0.0
b3105000-b3107000 r-xp 00000000 08:01 141618     /usr/lib/jayatana/libjayatanaag.so
b3107000-b3108000 r--p 00001000 08:01 141618     /usr/lib/jayatana/libjayatanaag.so
b3108000-b3109000 rw-p 00002000 08:01 141618     /usr/lib/jayatana/libjayatanaag.so
b3109000-b310a000 r--s 00000000 08:01 414147     /usr/share/java/jayatanaag.jar
b310a000-b312e000 rw-p 00000000 00:00 0 
b312e000-b31e5000 rw-p 00000000 00:00 0 
b31e5000-b3425000 rwxp 00000000 00:00 0 
b3425000-b61e5000 rw-p 00000000 00:00 0 
b61e5000-b61f1000 r-xp 00000000 08:01 394626     /lib/i386-linux-gnu/libnss_files-2.21.so
b61f1000-b61f2000 r--p 0000b000 08:01 394626     /lib/i386-linux-gnu/libnss_files-2.21.so
b61f2000-b61f3000 rw-p 0000c000 08:01 394626     /lib/i386-linux-gnu/libnss_files-2.21.so
b61f3000-b61fe000 r-xp 00000000 08:01 394636     /lib/i386-linux-gnu/libnss_nis-2.21.so
b61fe000-b61ff000 r--p 0000a000 08:01 394636     /lib/i386-linux-gnu/libnss_nis-2.21.so
b61ff000-b6200000 rw-p 0000b000 08:01 394636     /lib/i386-linux-gnu/libnss_nis-2.21.so
b6200000-b6300000 rw-p 00000000 00:00 0 
b6300000-b6304000 r--s 00085000 08:01 804976     /usr/lib/jvm/java-7-openjdk-i386/jre/lib/ext/localedata.jar
b6304000-b6308000 r--s 00034000 08:01 804978     /usr/lib/jvm/java-7-openjdk-i386/jre/lib/ext/sunjce_provider.jar
b6308000-b630c000 r--s 0003c000 08:01 804979     /usr/lib/jvm/java-7-openjdk-i386/jre/lib/ext/sunpkcs11.jar
b630c000-b6323000 r-xp 00000000 08:01 394620     /lib/i386-linux-gnu/libnsl-2.21.so
b6323000-b6324000 r--p 00016000 08:01 394620     /lib/i386-linux-gnu/libnsl-2.21.so
b6324000-b6325000 rw-p 00017000 08:01 394620     /lib/i386-linux-gnu/libnsl-2.21.so
b6325000-b6327000 rw-p 00000000 00:00 0 
b6327000-b632f000 r-xp 00000000 08:01 394622     /lib/i386-linux-gnu/libnss_compat-2.21.so
b632f000-b6330000 r--p 00007000 08:01 394622     /lib/i386-linux-gnu/libnss_compat-2.21.so
b6330000-b6331000 rw-p 00008000 08:01 394622     /lib/i386-linux-gnu/libnss_compat-2.21.so
b6331000-b6334000 r--s 0000f000 08:01 804977     /usr/lib/jvm/java-7-openjdk-i386/jre/lib/ext/icedtea-sound.jar
b6334000-b6336000 r--s 00012000 08:01 804975     /usr/lib/jvm/java-7-openjdk-i386/jre/lib/ext/zipfs.jar
b6336000-b633e000 r-xp 00000000 08:01 804995     /usr/lib/jvm/java-7-openjdk-i386/jre/lib/i386/libzip.so
b633e000-b633f000 r--p 00007000 08:01 804995     /usr/lib/jvm/java-7-openjdk-i386/jre/lib/i386/libzip.so
b633f000-b6340000 rw-p 00008000 08:01 804995     /usr/lib/jvm/java-7-openjdk-i386/jre/lib/i386/libzip.so
b6340000-b6348000 rw-s 00000000 08:01 429076     /tmp/hsperfdata_student/8950
b6348000-b6352000 r-xp 00000000 08:01 805017     /usr/lib/jvm/java-7-openjdk-i386/jre/lib/i386/libinstrument.so
b6352000-b6353000 r--p 00009000 08:01 805017     /usr/lib/jvm/java-7-openjdk-i386/jre/lib/i386/libinstrument.so
b6353000-b6354000 rw-p 0000a000 08:01 805017     /usr/lib/jvm/java-7-openjdk-i386/jre/lib/i386/libinstrument.so
b6354000-b637a000 r-xp 00000000 08:01 805003     /usr/lib/jvm/java-7-openjdk-i386/jre/lib/i386/libjava.so
b637a000-b637b000 r--p 00025000 08:01 805003     /usr/lib/jvm/java-7-openjdk-i386/jre/lib/i386/libjava.so
b637b000-b637c000 rw-p 00026000 08:01 805003     /usr/lib/jvm/java-7-openjdk-i386/jre/lib/i386/libjava.so
b637c000-b6383000 r-xp 00000000 08:01 394681     /lib/i386-linux-gnu/librt-2.21.so
b6383000-b6384000 r--p 00006000 08:01 394681     /lib/i386-linux-gnu/librt-2.21.so
b6384000-b6385000 rw-p 00007000 08:01 394681     /lib/i386-linux-gnu/librt-2.21.so
b6385000-b6388000 ---p 00000000 00:00 0 
b6388000-b63d6000 rw-p 00000000 00:00 0          [stack:8977]
b63d6000-b63f2000 r-xp 00000000 08:01 394569     /lib/i386-linux-gnu/libgcc_s.so.1
b63f2000-b63f3000 rw-p 0001b000 08:01 394569     /lib/i386-linux-gnu/libgcc_s.so.1
b63f3000-b643e000 r-xp 00000000 08:01 394599     /lib/i386-linux-gnu/libm-2.21.so
b643e000-b643f000 r--p 0004a000 08:01 394599     /lib/i386-linux-gnu/libm-2.21.so
b643f000-b6440000 rw-p 0004b000 08:01 394599     /lib/i386-linux-gnu/libm-2.21.so
b6440000-b6529000 r-xp 00000000 08:01 137921     /usr/lib/i386-linux-gnu/libstdc++.so.6.0.20
b6529000-b652d000 r--p 000e9000 08:01 137921     /usr/lib/i386-linux-gnu/libstdc++.so.6.0.20
b652d000-b652e000 rw-p 000ed000 08:01 137921     /usr/lib/i386-linux-gnu/libstdc++.so.6.0.20
b652e000-b6535000 rw-p 00000000 00:00 0 
b6535000-b7088000 r-xp 00000000 08:01 805013     /usr/lib/jvm/java-7-openjdk-i386/jre/lib/i386/server/libjvm.so
b7088000-b70dc000 r--p 00b52000 08:01 805013     /usr/lib/jvm/java-7-openjdk-i386/jre/lib/i386/server/libjvm.so
b70dc000-b70f0000 rw-p 00ba6000 08:01 805013     /usr/lib/jvm/java-7-openjdk-i386/jre/lib/i386/server/libjvm.so
b70f0000-b750f000 rw-p 00000000 00:00 0 
b750f000-b7528000 r-xp 00000000 08:01 394714     /lib/i386-linux-gnu/libz.so.1.2.8
b7528000-b7529000 r--p 00019000 08:01 394714     /lib/i386-linux-gnu/libz.so.1.2.8
b7529000-b752a000 rw-p 0001a000 08:01 394714     /lib/i386-linux-gnu/libz.so.1.2.8
b752a000-b7543000 r-xp 00000000 08:01 394673     /lib/i386-linux-gnu/libpthread-2.21.so
b7543000-b7544000 r--p 00018000 08:01 394673     /lib/i386-linux-gnu/libpthread-2.21.so
b7544000-b7545000 rw-p 00019000 08:01 394673     /lib/i386-linux-gnu/libpthread-2.21.so
b7545000-b7547000 rw-p 00000000 00:00 0 
b7547000-b754a000 r-xp 00000000 08:01 394557     /lib/i386-linux-gnu/libdl-2.21.so
b754a000-b754b000 r--p 00002000 08:01 394557     /lib/i386-linux-gnu/libdl-2.21.so
b754b000-b754c000 rw-p 00003000 08:01 394557     /lib/i386-linux-gnu/libdl-2.21.so
b754c000-b7700000 r-xp 00000000 08:01 394540     /lib/i386-linux-gnu/libc-2.21.so
b7700000-b7703000 r--p 001b3000 08:01 394540     /lib/i386-linux-gnu/libc-2.21.so
b7703000-b7705000 rw-p 001b6000 08:01 394540     /lib/i386-linux-gnu/libc-2.21.so
b7705000-b7707000 rw-p 00000000 00:00 0 
b7707000-b7708000 r--s 00002000 08:01 804980     /usr/lib/jvm/java-7-openjdk-i386/jre/lib/ext/dnsns.jar
b7708000-b770a000 r--s 00006000 08:01 399091     /usr/share/java/java-atk-wrapper.jar
b770a000-b770b000 r--p 005e0000 08:01 143362     /usr/lib/locale/locale-archive
b770b000-b770c000 rw-p 00000000 00:00 0 
b770c000-b770d000 ---p 00000000 00:00 0 
b770d000-b771b000 r-xp 00000000 08:01 805022     /usr/lib/jvm/java-7-openjdk-i386/jre/lib/i386/libverify.so
b771b000-b771d000 r--p 0000d000 08:01 805022     /usr/lib/jvm/java-7-openjdk-i386/jre/lib/i386/libverify.so
b771d000-b771e000 rw-p 0000f000 08:01 805022     /usr/lib/jvm/java-7-openjdk-i386/jre/lib/i386/libverify.so
b771e000-b772a000 r-xp 00000000 08:01 805024     /usr/lib/jvm/java-7-openjdk-i386/jre/lib/i386/jli/libjli.so
b772a000-b772b000 r--p 0000b000 08:01 805024     /usr/lib/jvm/java-7-openjdk-i386/jre/lib/i386/jli/libjli.so
b772b000-b772c000 rw-p 0000c000 08:01 805024     /usr/lib/jvm/java-7-openjdk-i386/jre/lib/i386/jli/libjli.so
b772c000-b772f000 rw-p 00000000 00:00 0 
b772f000-b7731000 r--p 00000000 00:00 0          [vvar]
b7731000-b7732000 r-xp 00000000 00:00 0          [vdso]
b7732000-b7754000 r-xp 00000000 08:01 394512     /lib/i386-linux-gnu/ld-2.21.so
b7754000-b7755000 r--p 00021000 08:01 394512     /lib/i386-linux-gnu/ld-2.21.so
b7755000-b7756000 rw-p 00022000 08:01 394512     /lib/i386-linux-gnu/ld-2.21.so
bfce3000-bfce4000 rwxp 00000000 00:00 0 
bfd15000-bfd37000 rw-p 00000000 00:00 0          [stack]

VM Arguments:
jvm_args: -javaagent:/usr/share/java/jayatanaag.jar -Djava.awt.headless=true -Xmx1024M -Dfile.encoding=UTF-8 -Duser.country=US -Duser.language=en -Duser.variant 
java_command: com.android.dx.command.Main --dex --num-threads=4 --output /home/student/test/Pedometer/app/build/intermediates/pre-dexed/debug/internal_impl-23.1.1_b0ffae833bf120b8557f2f5047178074d7562173.jar /home/student/test/Pedometer/app/build/intermediates/exploded-aar/com.android.support/support-v4/23.1.1/jars/libs/internal_impl-23.1.1.jar
Launcher Type: SUN_STANDARD

Environment Variables:
JAVA_TOOL_OPTIONS=-javaagent:/usr/share/java/jayatanaag.jar 
PATH=/home/student/.linuxbrew/bin:/usr/local/sbin:/usr/local/bin:/usr/sbin:/usr/bin:/sbin:/bin:/usr/games:/usr/local/games:/etc/android-studio/bin/:/home/student/Android/Sdk/platform-tools:/home/student/Android/Sdk/tools
LD_LIBRARY_PATH=/etc/android-studio/bin:
SHELL=/bin/bash
DISPLAY=:0

Signal Handlers:
SIGSEGV: [libjvm.so+0x7f7d00], sa_mask[0]=0x7ffbfeff, sa_flags=0x10000004
SIGBUS: [libjvm.so+0x7f7d00], sa_mask[0]=0x7ffbfeff, sa_flags=0x10000004
SIGFPE: [libjvm.so+0x67a9d0], sa_mask[0]=0x7ffbfeff, sa_flags=0x10000004
SIGPIPE: [libjvm.so+0x67a9d0], sa_mask[0]=0x7ffbfeff, sa_flags=0x10000004
SIGXFSZ: [libjvm.so+0x67a9d0], sa_mask[0]=0x7ffbfeff, sa_flags=0x10000004
SIGILL: [libjvm.so+0x67a9d0], sa_mask[0]=0x7ffbfeff, sa_flags=0x10000004
SIGUSR1: SIG_DFL, sa_mask[0]=0x00000000, sa_flags=0x00000000
SIGUSR2: [libjvm.so+0x67a820], sa_mask[0]=0x00000004, sa_flags=0x10000004
SIGHUP: [libjvm.so+0x67aa80], sa_mask[0]=0x7ffbfeff, sa_flags=0x10000004
SIGINT: [libjvm.so+0x67aa80], sa_mask[0]=0x7ffbfeff, sa_flags=0x10000004
SIGTERM: [libjvm.so+0x67aa80], sa_mask[0]=0x7ffbfeff, sa_flags=0x10000004
SIGQUIT: [libjvm.so+0x67aa80], sa_mask[0]=0x7ffbfeff, sa_flags=0x10000004
SIGTRAP: SIG_DFL, sa_mask[0]=0x00000000, sa_flags=0x00000000


---------------  S Y S T E M  ---------------

OS:Ubuntu 15.04 (vivid)
uname:Linux 3.19.0-18-generic #18-Ubuntu SMP Tue May 19 18:30:59 UTC 2015 i686
libc:glibc 2.21 NPTL 2.21 
rlimit: STACK 8192k, CORE 0k, NPROC 32177, NOFILE 65536, AS infinity
load average:1.37 0.89 0.90

/proc/meminfo:
MemTotal:        4139540 kB
MemFree:          226848 kB
MemAvailable:     157248 kB
Buffers:            2796 kB
Cached:            68892 kB
SwapCached:            0 kB
Active:          3529852 kB
Inactive:          51672 kB
Active(anon):    3511752 kB
Inactive(anon):    39460 kB
Active(file):      18100 kB
Inactive(file):    12212 kB
Unevictable:          32 kB
Mlocked:              32 kB
HighTotal:       3280776 kB
HighFree:          41240 kB
LowTotal:         858764 kB
LowFree:          185608 kB
SwapTotal:             0 kB
SwapFree:              0 kB
Dirty:               496 kB
Writeback:             0 kB
AnonPages:       3510700 kB
Mapped:            54088 kB
Shmem:             40556 kB
Slab:              45620 kB
SReclaimable:      19808 kB
SUnreclaim:        25812 kB
KernelStack:        5368 kB
PageTables:        17376 kB
NFS_Unstable:          0 kB
Bounce:                0 kB
WritebackTmp:          0 kB
CommitLimit:     2069768 kB
Committed_AS:    6983472 kB
VmallocTotal:     122880 kB
VmallocUsed:       23364 kB
VmallocChunk:      82740 kB
AnonHugePages:   2777088 kB
CmaTotal:              0 kB
CmaFree:               0 kB
HugePages_Total:       0
HugePages_Free:        0
HugePages_Rsvd:        0
HugePages_Surp:        0
Hugepagesize:       2048 kB
DirectMap4k:       55288 kB
DirectMap2M:      858112 kB


CPU:total 4 (1 cores per cpu, 1 threads per core) family 6 model 58 stepping 9, cmov, cx8, fxsr, mmx, sse, sse2, sse3, ssse3, sse4.1, sse4.2, popcnt, avx, aes, erms, tsc, tscinvbit, tscinv

/proc/cpuinfo:
processor	: 0
vendor_id	: GenuineIntel
cpu family	: 6
model		: 58
model name	: Intel(R) Core(TM) i5-3210M CPU @ 2.50GHz
stepping	: 9
microcode	: 0x15
cpu MHz		: 2494.111
cache size	: 3072 KB
physical id	: 0
siblings	: 1
core id		: 0
cpu cores	: 1
apicid		: 0
initial apicid	: 0
fdiv_bug	: no
f00f_bug	: no
coma_bug	: no
fpu		: yes
fpu_exception	: yes
cpuid level	: 13
wp		: yes
flags		: fpu vme de pse tsc msr pae mce cx8 apic sep mtrr pge mca cmov pat pse36 clflush dts mmx fxsr sse sse2 ss nx rdtscp lm constant_tsc arch_perfmon pebs bts xtopology tsc_reliable nonstop_tsc aperfmperf pni pclmulqdq ssse3 cx16 pcid sse4_1 sse4_2 x2apic popcnt tsc_deadline_timer aes xsave avx f16c rdrand hypervisor lahf_lm ida arat epb pln pts dtherm fsgsbase tsc_adjust smep
bugs		:
bogomips	: 4988.22
clflush size	: 64
cache_alignment	: 64
address sizes	: 42 bits physical, 48 bits virtual
power management:

processor	: 1
vendor_id	: GenuineIntel
cpu family	: 6
model		: 58
model name	: Intel(R) Core(TM) i5-3210M CPU @ 2.50GHz
stepping	: 9
microcode	: 0x15
cpu MHz		: 2494.111
cache size	: 3072 KB
physical id	: 2
siblings	: 1
core id		: 0
cpu cores	: 1
apicid		: 2
initial apicid	: 2
fdiv_bug	: no
f00f_bug	: no
coma_bug	: no
fpu		: yes
fpu_exception	: yes
cpuid level	: 13
wp		: yes
flags		: fpu vme de pse tsc msr pae mce cx8 apic sep mtrr pge mca cmov pat pse36 clflush dts mmx fxsr sse sse2 ss nx rdtscp lm constant_tsc arch_perfmon pebs bts xtopology tsc_reliable nonstop_tsc aperfmperf pni pclmulqdq ssse3 cx16 pcid sse4_1 sse4_2 x2apic popcnt tsc_deadline_timer aes xsave avx f16c rdrand hypervisor lahf_lm ida arat epb pln pts dtherm fsgsbase tsc_adjust smep
bugs		:
bogomips	: 4988.22
clflush size	: 64
cache_alignment	: 64
address sizes	: 42 bits physical, 48 bits virtual
power management:

processor	: 2
vendor_id	: GenuineIntel
cpu family	: 6
model		: 58
model name	: Intel(R) Core(TM) i5-3210M CPU @ 2.50GHz
stepping	: 9
microcode	: 0x15
cpu MHz		: 2494.111
cache size	: 3072 KB
physical id	: 4
siblings	: 1
core id		: 0
cpu cores	: 1
apicid		: 4
initial apicid	: 4
fdiv_bug	: no
f00f_bug	: no
coma_bug	: no
fpu		: yes
fpu_exception	: yes
cpuid level	: 13
wp		: yes
flags		: fpu vme de pse tsc msr pae mce cx8 apic sep mtrr pge mca cmov pat pse36 clflush dts mmx fxsr sse sse2 ss nx rdtscp lm constant_tsc arch_perfmon pebs bts xtopology tsc_reliable nonstop_tsc aperfmperf pni pclmulqdq ssse3 cx16 pcid sse4_1 sse4_2 x2apic popcnt tsc_deadline_timer aes xsave avx f16c rdrand hypervisor lahf_lm ida arat epb pln pts dtherm fsgsbase tsc_adjust smep
bugs		:
bogomips	: 4988.22
clflush size	: 64
cache_alignment	: 64
address sizes	: 42 bits physical, 48 bits virtual
power management:

processor	: 3
vendor_id	: GenuineIntel
cpu family	: 6
model		: 58
model name	: Intel(R) Core(TM) i5-3210M CPU @ 2.50GHz
stepping	: 9
microcode	: 0x15
cpu MHz		: 2494.111
cache size	: 3072 KB
physical id	: 6
siblings	: 1
core id		: 0
cpu cores	: 1
apicid		: 6
initial apicid	: 6
fdiv_bug	: no
f00f_bug	: no
coma_bug	: no
fpu		: yes
fpu_exception	: yes
cpuid level	: 13
wp		: yes
flags		: fpu vme de pse tsc msr pae mce cx8 apic sep mtrr pge mca cmov pat pse36 clflush dts mmx fxsr sse sse2 ss nx rdtscp lm constant_tsc arch_perfmon pebs bts xtopology tsc_reliable nonstop_tsc aperfmperf pni pclmulqdq ssse3 cx16 pcid sse4_1 sse4_2 x2apic popcnt tsc_deadline_timer aes xsave avx f16c rdrand hypervisor lahf_lm ida arat epb pln pts dtherm fsgsbase tsc_adjust smep
bugs		:
bogomips	: 4988.22
clflush size	: 64
cache_alignment	: 64
address sizes	: 42 bits physical, 48 bits virtual
power management:



Memory: 4k page, physical 4139540k(227100k free), swap 0k(0k free)

vm_info: OpenJDK Server VM (24.91-b01) for linux-x86 JRE (1.7.0_91-b02), built on Nov 19 2015 06:25:06 by "buildd" with gcc 4.9.2

time: Sun May  1 03:22:46 2016
elapsed time: 5 seconds

