#
# There is insufficient memory for the Java Runtime Environment to continue.
# Native memory allocation (malloc) failed to allocate 46661632 bytes for committing reserved memory.
# Possible reasons:
#   The system is out of physical RAM or swap space
#   In 32 bit mode, the process size limit was hit
# Possible solutions:
#   Reduce memory load on the system
#   Increase physical memory or swap space
#   Check if swap backing store is full
#   Use 64 bit Java on a 64 bit OS
#   Decrease Java heap size (-Xmx/-Xms)
#   Decrease number of Java threads
#   Decrease Java thread stack sizes (-Xss)
#   Set larger code cache with -XX:ReservedCodeCacheSize=
# This output file may be truncated or incomplete.
#
#  Out of Memory Error (os_linux.cpp:2827), pid=16560, tid=1740430144
#
# JRE version: OpenJDK Runtime Environment (7.0_91-b02) (build 1.7.0_91-b02)
# Java VM: OpenJDK Server VM (24.91-b01 mixed mode linux-x86 )
# Derivative: IcedTea 2.6.3
# Distribution: Ubuntu 15.04, package 7u91-2.6.3-0ubuntu0.15.04.1
# Failed to write core dump. Core dumps have been disabled. To enable core dumping, try "ulimit -c unlimited" before starting Java again
#

---------------  T H R E A D  ---------------

Current thread (0x67a81400):  VMThread [stack: 0x67b4d000,0x67bce000] [id=16606]

Stack: [0x67b4d000,0x67bce000]
VM_Operation (0x66a2aad4): ParallelGCFailedAllocation, mode: safepoint, requested by thread 0x6714c800


---------------  P R O C E S S  ---------------

Java Threads: ( => current thread )
  0x6714c800 JavaThread "pool-2-thread-4" [_thread_blocked, id=16644, stack(0x669db000,0x66a2c000)]
  0x6714b400 JavaThread "pool-2-thread-3" [_thread_blocked, id=16643, stack(0x66a2c000,0x66a7d000)]
  0x67149000 JavaThread "pool-2-thread-2" [_thread_blocked, id=16642, stack(0x66a7d000,0x66ace000)]
  0x67148000 JavaThread "pool-3-thread-1" [_thread_blocked, id=16641, stack(0x66ace000,0x66b1f000)]
  0x67145c00 JavaThread "pool-2-thread-1" [_thread_blocked, id=16640, stack(0x66b1f000,0x66b70000)]
  0x67aee800 JavaThread "Service Thread" daemon [_thread_blocked, id=16628, stack(0x672c0000,0x67311000)]
  0x67aec800 JavaThread "C2 CompilerThread1" daemon [_thread_in_native, id=16627, stack(0x67311000,0x67392000)]
  0x67aeb400 JavaThread "C2 CompilerThread0" daemon [_thread_blocked, id=16626, stack(0x67392000,0x67413000)]
  0x67a98400 JavaThread "Signal Dispatcher" daemon [_thread_blocked, id=16613, stack(0x6755e000,0x675af000)]
  0x67a85400 JavaThread "Finalizer" daemon [_thread_blocked, id=16609, stack(0x677af000,0x67800000)]
  0x67a83c00 JavaThread "Reference Handler" daemon [_thread_blocked, id=16607, stack(0x6a72e000,0x6a77f000)]
  0xb6208400 JavaThread "main" [_thread_blocked, id=16565, stack(0xb63bc000,0xb640d000)]

Other Threads:
=>0x67a81400 VMThread [stack: 0x67b4d000,0x67bce000] [id=16606]
  0x67af0800 WatcherThread [stack: 0x6723f000,0x672c0000] [id=16629]

VM state:at safepoint (normal execution)

VM Mutex/Monitor currently owned by a thread:  ([mutex/lock_event])
[0xb6205e30] Threads_lock - owner thread: 0x67a81400
[0xb6206240] Heap_lock - owner thread: 0x6714c800

Heap
 PSYoungGen      total 35840K, used 2548K [0x9dbc0000, 0xa0140000, 0xb3140000)
  eden space 33280K, 0% used [0x9dbc0000,0x9dbc0000,0x9fc40000)
  from space 2560K, 99% used [0x9fc40000,0x9febd3f8,0x9fec0000)
  to   space 2560K, 0% used [0x9fec0000,0x9fec0000,0xa0140000)
 ParOldGen       total 43008K, used 12003K [0x73140000, 0x75b40000, 0x9dbc0000)
  object space 43008K, 27% used [0x73140000,0x73cf8e38,0x75b40000)
 PSPermGen       total 16384K, used 4260K [0x6b140000, 0x6c140000, 0x73140000)
  object space 16384K, 26% used [0x6b140000,0x6b569368,0x6c140000)

Card table byte_map: [0x6aeff000,0x6b140000] byte_map_base: 0x6aba6600

Polling page: 0xb7743000

Code Cache  [0xb3200000, 0xb3440000, 0xb6200000)
 total_blobs=376 nmethods=253 adapters=76 free_code_cache=48337Kb largest_free_block=49470976

Compilation events (10 events):
Event: 6.434 Thread 0x67aeb400 nmethod 251 0xb32aaec8 code [0xb32aafc0, 0xb32ab130]
Event: 6.434 Thread 0x67aeb400  252             java.util.HashMap::init (1 bytes)
Event: 6.436 Thread 0x67aeb400 nmethod 252 0xb32aad48 code [0xb32aae20, 0xb32aae70]
Event: 6.436 Thread 0x67aeb400  253             com.android.dx.ssa.SsaMethod::getExitBlock (26 bytes)
Event: 6.437 Thread 0x67aeb400 nmethod 253 0xb32c18c8 code [0xb32c19c0, 0xb32c1ab0]
Event: 6.437 Thread 0x67aeb400  254             com.android.dx.util.IntList::indexOf (16 bytes)
Event: 6.454 Thread 0x67aeb400 nmethod 254 0xb32c1488 code [0xb32c1580, 0xb32c1710]
Event: 6.454 Thread 0x67aeb400  255             com.android.dx.ssa.SCCP::simulateBlock (54 bytes)
Event: 7.187 Thread 0x67aeb400 nmethod 255 0xb32cab08 code [0xb32caea0, 0xb32cc858]
Event: 7.187 Thread 0x67aeb400  256             com.android.dx.ssa.SsaBasicBlock::newFromRop (183 bytes)

GC Heap History (9 events):
Event: 0.914 GC heap before
{Heap before GC invocations=1 (full 0):
 PSYoungGen      total 19200K, used 16453K [0x9dbc0000, 0x9f100000, 0xb3140000)
  eden space 16640K, 98% used [0x9dbc0000,0x9ebd1500,0x9ec00000)
  from space 2560K, 0% used [0x9ee80000,0x9ee80000,0x9f100000)
  to   space 2560K, 0% used [0x9ec00000,0x9ec00000,0x9ee80000)
 ParOldGen       total 43008K, used 0K [0x73140000, 0x75b40000, 0x9dbc0000)
  object space 43008K, 0% used [0x73140000,0x73140000,0x75b40000)
 PSPermGen       total 16384K, used 3884K [0x6b140000, 0x6c140000, 0x73140000)
  object space 16384K, 23% used [0x6b140000,0x6b50b330,0x6c140000)
Event: 0.920 GC heap after
Heap after GC invocations=1 (full 0):
 PSYoungGen      total 19200K, used 2429K [0x9dbc0000, 0x9f100000, 0xb3140000)
  eden space 16640K, 0% used [0x9dbc0000,0x9dbc0000,0x9ec00000)
  from space 2560K, 94% used [0x9ec00000,0x9ee5f5e0,0x9ee80000)
  to   space 2560K, 0% used [0x9ee80000,0x9ee80000,0x9f100000)
 ParOldGen       total 43008K, used 0K [0x73140000, 0x75b40000, 0x9dbc0000)
  object space 43008K, 0% used [0x73140000,0x73140000,0x75b40000)
 PSPermGen       total 16384K, used 3884K [0x6b140000, 0x6c140000, 0x73140000)
  object space 16384K, 23% used [0x6b140000,0x6b50b330,0x6c140000)
}
Event: 2.246 GC heap before
{Heap before GC invocations=2 (full 0):
 PSYoungGen      total 19200K, used 19069K [0x9dbc0000, 0x9f100000, 0xb3140000)
  eden space 16640K, 100% used [0x9dbc0000,0x9ec00000,0x9ec00000)
  from space 2560K, 94% used [0x9ec00000,0x9ee5f5e0,0x9ee80000)
  to   space 2560K, 0% used [0x9ee80000,0x9ee80000,0x9f100000)
 ParOldGen       total 43008K, used 0K [0x73140000, 0x75b40000, 0x9dbc0000)
  object space 43008K, 0% used [0x73140000,0x73140000,0x75b40000)
 PSPermGen       total 16384K, used 4128K [0x6b140000, 0x6c140000, 0x73140000)
  object space 16384K, 25% used [0x6b140000,0x6b5480f0,0x6c140000)
Event: 2.281 GC heap after
Heap after GC invocations=2 (full 0):
 PSYoungGen      total 19200K, used 2558K [0x9dbc0000, 0xa0140000, 0xb3140000)
  eden space 16640K, 0% used [0x9dbc0000,0x9dbc0000,0x9ec00000)
  from space 2560K, 99% used [0x9ee80000,0x9f0ff940,0x9f100000)
  to   space 2560K, 0% used [0x9ec00000,0x9ec00000,0x9ee80000)
 ParOldGen       total 43008K, used 1376K [0x73140000, 0x75b40000, 0x9dbc0000)
  object space 43008K, 3% used [0x73140000,0x73298320,0x75b40000)
 PSPermGen       total 16384K, used 4128K [0x6b140000, 0x6c140000, 0x73140000)
  object space 16384K, 25% used [0x6b140000,0x6b5480f0,0x6c140000)
}
Event: 3.124 GC heap before
{Heap before GC invocations=3 (full 0):
 PSYoungGen      total 19200K, used 19198K [0x9dbc0000, 0xa0140000, 0xb3140000)
  eden space 16640K, 100% used [0x9dbc0000,0x9ec00000,0x9ec00000)
  from space 2560K, 99% used [0x9ee80000,0x9f0ff940,0x9f100000)
  to   space 2560K, 0% used [0x9ec00000,0x9ec00000,0x9ee80000)
 ParOldGen       total 43008K, used 1376K [0x73140000, 0x75b40000, 0x9dbc0000)
  object space 43008K, 3% used [0x73140000,0x73298320,0x75b40000)
 PSPermGen       total 16384K, used 4205K [0x6b140000, 0x6c140000, 0x73140000)
  object space 16384K, 25% used [0x6b140000,0x6b55b4b8,0x6c140000)
Event: 3.218 GC heap after
Heap after GC invocations=3 (full 0):
 PSYoungGen      total 19200K, used 2558K [0x9dbc0000, 0xa0140000, 0xb3140000)
  eden space 16640K, 0% used [0x9dbc0000,0x9dbc0000,0x9ec00000)
  from space 2560K, 99% used [0x9ec00000,0x9ee7fa40,0x9ee80000)
  to   space 2560K, 0% used [0x9fec0000,0x9fec0000,0xa0140000)
 ParOldGen       total 43008K, used 3697K [0x73140000, 0x75b40000, 0x9dbc0000)
  object space 43008K, 8% used [0x73140000,0x734dc5e8,0x75b40000)
 PSPermGen       total 16384K, used 4205K [0x6b140000, 0x6c140000, 0x73140000)
  object space 16384K, 25% used [0x6b140000,0x6b55b4b8,0x6c140000)
}
Event: 4.498 GC heap before
{Heap before GC invocations=4 (full 0):
 PSYoungGen      total 19200K, used 19198K [0x9dbc0000, 0xa0140000, 0xb3140000)
  eden space 16640K, 100% used [0x9dbc0000,0x9ec00000,0x9ec00000)
  from space 2560K, 99% used [0x9ec00000,0x9ee7fa40,0x9ee80000)
  to   space 2560K, 0% used [0x9fec0000,0x9fec0000,0xa0140000)
 ParOldGen       total 43008K, used 3697K [0x73140000, 0x75b40000, 0x9dbc0000)
  object space 43008K, 8% used [0x73140000,0x734dc5e8,0x75b40000)
 PSPermGen       total 16384K, used 4230K [0x6b140000, 0x6c140000, 0x73140000)
  object space 16384K, 25% used [0x6b140000,0x6b561b10,0x6c140000)
Event: 4.557 GC heap after
Heap after GC invocations=4 (full 0):
 PSYoungGen      total 35840K, used 2547K [0x9dbc0000, 0xa0140000, 0xb3140000)
  eden space 33280K, 0% used [0x9dbc0000,0x9dbc0000,0x9fc40000)
  from space 2560K, 99% used [0x9fec0000,0xa013ceb0,0xa0140000)
  to   space 2560K, 0% used [0x9fc40000,0x9fc40000,0x9fec0000)
 ParOldGen       total 43008K, used 6590K [0x73140000, 0x75b40000, 0x9dbc0000)
  object space 43008K, 15% used [0x73140000,0x737afa18,0x75b40000)
 PSPermGen       total 16384K, used 4230K [0x6b140000, 0x6c140000, 0x73140000)
  object space 16384K, 25% used [0x6b140000,0x6b561b10,0x6c140000)
}
Event: 7.425 GC heap before
{Heap before GC invocations=5 (full 0):
 PSYoungGen      total 35840K, used 35827K [0x9dbc0000, 0xa0140000, 0xb3140000)
  eden space 33280K, 100% used [0x9dbc0000,0x9fc40000,0x9fc40000)
  from space 2560K, 99% used [0x9fec0000,0xa013ceb0,0xa0140000)
  to   space 2560K, 0% used [0x9fc40000,0x9fc40000,0x9fec0000)
 ParOldGen       total 43008K, used 6590K [0x73140000, 0x75b40000, 0x9dbc0000)
  object space 43008K, 15% used [0x73140000,0x737afa18,0x75b40000)
 PSPermGen       total 16384K, used 4260K [0x6b140000, 0x6c140000, 0x73140000)
  object space 16384K, 26% used [0x6b140000,0x6b569368,0x6c140000)

Deoptimization events (9 events):
Event: 0.458 Thread 0xb6208400 Uncommon trap: reason=unstable_if action=reinterpret pc=0xb32507a4 method=java.lang.String.indexOf(II)I @ 49
Event: 0.459 Thread 0xb6208400 Uncommon trap: reason=unstable_if action=reinterpret pc=0xb3249fb8 method=java.lang.String.indexOf(II)I @ 49
Event: 1.190 Thread 0x67149000 Uncommon trap: reason=bimorphic action=maybe_recompile pc=0xb3258f7c method=com.android.dx.ssa.NormalSsaInsn.accept(Lcom/android/dx/ssa/SsaInsn$Visitor;)V @ 9
Event: 1.317 Thread 0x67149000 Uncommon trap: reason=bimorphic action=maybe_recompile pc=0xb3258f7c method=com.android.dx.ssa.NormalSsaInsn.accept(Lcom/android/dx/ssa/SsaInsn$Visitor;)V @ 9
Event: 1.367 Thread 0x6714b400 Uncommon trap: reason=bimorphic action=maybe_recompile pc=0xb3258f7c method=com.android.dx.ssa.NormalSsaInsn.accept(Lcom/android/dx/ssa/SsaInsn$Visitor;)V @ 9
Event: 1.448 Thread 0x67149000 Uncommon trap: reason=bimorphic action=maybe_recompile pc=0xb3258f7c method=com.android.dx.ssa.NormalSsaInsn.accept(Lcom/android/dx/ssa/SsaInsn$Visitor;)V @ 9
Event: 2.339 Thread 0x67149000 Uncommon trap: reason=null_check action=make_not_entrant pc=0xb327c650 method=com.android.dx.rop.type.Type.equals(Ljava/lang/Object;)Z @ 8
Event: 4.265 Thread 0x67149000 Uncommon trap: reason=class_check action=maybe_recompile pc=0xb328e2bc method=java.util.HashMap.put(Ljava/lang/Object;Ljava/lang/Object;)Ljava/lang/Object; @ 83
Event: 5.030 Thread 0xb6208400 Uncommon trap: reason=null_check action=make_not_entrant pc=0xb32ae7cc method=com.android.dx.ssa.SsaRenamer.getLocalForNewReg(I)Lcom/android/dx/rop/code/LocalItem; @ 19

Internal exceptions (10 events):
Event: 2.703 Thread 0xb6208400 Threw 0x9e43b1b8 at /build/openjdk-7-PdBaKN/openjdk-7-7u91-2.6.3/build/openjdk/hotspot/src/share/vm/prims/jvm.cpp:1322
Event: 2.847 Thread 0x67145c00 Threw 0x9e5e3208 at /build/openjdk-7-PdBaKN/openjdk-7-7u91-2.6.3/build/openjdk/hotspot/src/share/vm/prims/jvm.cpp:1322
Event: 2.893 Thread 0x67145c00 Threw 0x9e5ea758 at /build/openjdk-7-PdBaKN/openjdk-7-7u91-2.6.3/build/openjdk/hotspot/src/share/vm/prims/jvm.cpp:1322
Event: 2.894 Thread 0x67145c00 Threw 0x9e5f18c8 at /build/openjdk-7-PdBaKN/openjdk-7-7u91-2.6.3/build/openjdk/hotspot/src/share/vm/prims/jvm.cpp:1322
Event: 4.080 Thread 0x6714c800 Threw 0x9e7743f8 at /build/openjdk-7-PdBaKN/openjdk-7-7u91-2.6.3/build/openjdk/hotspot/src/share/vm/prims/jvm.cpp:1322
Event: 5.030 Thread 0xb6208400 Implicit null exception at 0xb32ad1a7 to 0xb32ae7bd
Event: 5.035 Thread 0xb6208400 Threw 0x9dff0c70 at /build/openjdk-7-PdBaKN/openjdk-7-7u91-2.6.3/build/openjdk/hotspot/src/share/vm/prims/jvm.cpp:1322
Event: 5.387 Thread 0x6714c800 Threw 0x9e14bbe8 at /build/openjdk-7-PdBaKN/openjdk-7-7u91-2.6.3/build/openjdk/hotspot/src/share/vm/prims/jvm.cpp:1322
Event: 5.406 Thread 0xb6208400 Threw 0x9e1a51c0 at /build/openjdk-7-PdBaKN/openjdk-7-7u91-2.6.3/build/openjdk/hotspot/src/share/vm/prims/jvm.cpp:1322
Event: 5.407 Thread 0xb6208400 Threw 0x9e1a7fa8 at /build/openjdk-7-PdBaKN/openjdk-7-7u91-2.6.3/build/openjdk/hotspot/src/share/vm/prims/jvm.cpp:1322

Events (10 events):
Event: 5.030 Thread 0xb6208400 DEOPT UNPACKING pc=0xb322cbc8 sp=0xb640b6d4 mode 2
Event: 5.035 loading class 0x67915220
Event: 5.035 loading class 0x67915220 done
Event: 5.387 loading class 0x679085e0
Event: 5.387 loading class 0x679085e0 done
Event: 5.406 loading class 0x67afbf38
Event: 5.406 loading class 0x67afbf38 done
Event: 5.407 loading class 0x6716bd90
Event: 5.407 loading class 0x6716bd90 done
Event: 7.419 Executing VM operation: ParallelGCFailedAllocation


Dynamic libraries:
08048000-08049000 r-xp 00000000 08:01 804961     /usr/lib/jvm/java-7-openjdk-i386/jre/bin/java
08049000-0804a000 r--p 00000000 08:01 804961     /usr/lib/jvm/java-7-openjdk-i386/jre/bin/java
0804a000-0804b000 rw-p 00001000 08:01 804961     /usr/lib/jvm/java-7-openjdk-i386/jre/bin/java
084d6000-0852f000 rw-p 00000000 00:00 0          [heap]
65a00000-65ac5000 rw-p 00000000 00:00 0 
65ac5000-65b00000 ---p 00000000 00:00 0 
65c00000-65cf6000 rw-p 00000000 00:00 0 
65cf6000-65d00000 ---p 00000000 00:00 0 
65d00000-65df9000 rw-p 00000000 00:00 0 
65df9000-65e00000 ---p 00000000 00:00 0 
65e00000-65ee3000 rw-p 00000000 00:00 0 
65ee3000-65f00000 ---p 00000000 00:00 0 
65f00000-65ffe000 rw-p 00000000 00:00 0 
65ffe000-66000000 ---p 00000000 00:00 0 
66000000-660fa000 rw-p 00000000 00:00 0 
660fa000-66100000 ---p 00000000 00:00 0 
66100000-661fa000 rw-p 00000000 00:00 0 
661fa000-66200000 ---p 00000000 00:00 0 
66200000-662ff000 rw-p 00000000 00:00 0 
662ff000-66300000 ---p 00000000 00:00 0 
66400000-664fa000 rw-p 00000000 00:00 0 
664fa000-66500000 ---p 00000000 00:00 0 
66500000-665f4000 rw-p 00000000 00:00 0 
665f4000-66600000 ---p 00000000 00:00 0 
66600000-666d0000 rw-p 00000000 00:00 0 
666d0000-66700000 ---p 00000000 00:00 0 
66700000-667ff000 rw-p 00000000 00:00 0 
667ff000-66800000 ---p 00000000 00:00 0 
66800000-668fb000 rw-p 00000000 00:00 0 
668fb000-66900000 ---p 00000000 00:00 0 
669db000-669de000 ---p 00000000 00:00 0 
669de000-66a2c000 rw-p 00000000 00:00 0          [stack:16644]
66a2c000-66a2f000 ---p 00000000 00:00 0 
66a2f000-66a7d000 rw-p 00000000 00:00 0          [stack:16643]
66a7d000-66a80000 ---p 00000000 00:00 0 
66a80000-66ace000 rw-p 00000000 00:00 0          [stack:16642]
66ace000-66ad1000 ---p 00000000 00:00 0 
66ad1000-66b1f000 rw-p 00000000 00:00 0          [stack:16641]
66b1f000-66b22000 ---p 00000000 00:00 0 
66b22000-66d31000 rw-p 00000000 00:00 0          [stack:16640]
66d31000-66da1000 r-xp 00000000 08:01 394656     /lib/i386-linux-gnu/libpcre.so.3.13.1
66da1000-66da2000 r--p 0006f000 08:01 394656     /lib/i386-linux-gnu/libpcre.so.3.13.1
66da2000-66da3000 rw-p 00070000 08:01 394656     /lib/i386-linux-gnu/libpcre.so.3.13.1
66da3000-66db7000 r-xp 00000000 08:01 394679     /lib/i386-linux-gnu/libresolv-2.21.so
66db7000-66db9000 r--p 00013000 08:01 394679     /lib/i386-linux-gnu/libresolv-2.21.so
66db9000-66dba000 rw-p 00015000 08:01 394679     /lib/i386-linux-gnu/libresolv-2.21.so
66dba000-66dbc000 rw-p 00000000 00:00 0 
66dbc000-66ee2000 r-xp 00000000 08:01 394573     /lib/i386-linux-gnu/libglib-2.0.so.0.4400.0
66ee2000-66ee3000 r--p 00125000 08:01 394573     /lib/i386-linux-gnu/libglib-2.0.so.0.4400.0
66ee3000-66ee4000 rw-p 00126000 08:01 394573     /lib/i386-linux-gnu/libglib-2.0.so.0.4400.0
66ee4000-66f3f000 r-xp 00000000 08:01 137385     /usr/lib/i386-linux-gnu/libgobject-2.0.so.0.4400.0
66f3f000-66f40000 r--p 0005b000 08:01 137385     /usr/lib/i386-linux-gnu/libgobject-2.0.so.0.4400.0
66f40000-66f41000 rw-p 0005c000 08:01 137385     /usr/lib/i386-linux-gnu/libgobject-2.0.so.0.4400.0
66f41000-670fa000 r-xp 00000000 08:01 137357     /usr/lib/i386-linux-gnu/libgio-2.0.so.0.4400.0
670fa000-670fd000 r--p 001b8000 08:01 137357     /usr/lib/i386-linux-gnu/libgio-2.0.so.0.4400.0
670fd000-670ff000 rw-p 001bb000 08:01 137357     /usr/lib/i386-linux-gnu/libgio-2.0.so.0.4400.0
670ff000-67100000 rw-p 00000000 00:00 0 
67100000-6716d000 rw-p 00000000 00:00 0 
6716d000-67200000 ---p 00000000 00:00 0 
67218000-6723c000 r-xp 00000000 08:01 394683     /lib/i386-linux-gnu/libselinux.so.1
6723c000-6723d000 r--p 00024000 08:01 394683     /lib/i386-linux-gnu/libselinux.so.1
6723d000-6723e000 rw-p 00025000 08:01 394683     /lib/i386-linux-gnu/libselinux.so.1
6723e000-6723f000 rw-p 00000000 00:00 0 
6723f000-67240000 ---p 00000000 00:00 0 
67240000-672c0000 rw-p 00000000 00:00 0          [stack:16629]
672c0000-672c3000 ---p 00000000 00:00 0 
672c3000-67311000 rw-p 00000000 00:00 0          [stack:16628]
67311000-67314000 ---p 00000000 00:00 0 
67314000-67392000 rw-p 00000000 00:00 0          [stack:16627]
67392000-67395000 ---p 00000000 00:00 0 
67395000-67413000 rw-p 00000000 00:00 0          [stack:16626]
67413000-6755a000 r-xp 00000000 08:01 136931     /usr/lib/i386-linux-gnu/libX11.so.6.3.0
6755a000-6755b000 r--p 00146000 08:01 136931     /usr/lib/i386-linux-gnu/libX11.so.6.3.0
6755b000-6755d000 rw-p 00147000 08:01 136931     /usr/lib/i386-linux-gnu/libX11.so.6.3.0
6755d000-6755e000 rw-p 00000000 00:00 0 
6755e000-67561000 ---p 00000000 00:00 0 
67561000-675af000 rw-p 00000000 00:00 0          [stack:16613]
675af000-677af000 r--p 00000000 08:01 143362     /usr/lib/locale/locale-archive
677af000-677b2000 ---p 00000000 00:00 0 
677b2000-67800000 rw-p 00000000 00:00 0          [stack:16609]
67800000-678fb000 rw-p 00000000 00:00 0 
678fb000-67900000 ---p 00000000 00:00 0 
67900000-67921000 rw-p 00000000 00:00 0 
67921000-67a00000 ---p 00000000 00:00 0 
67a00000-67b00000 rw-p 00000000 00:00 0 
67b22000-67b39000 r-xp 00000000 08:01 805027     /usr/lib/jvm/java-7-openjdk-i386/jre/lib/i386/libnet.so
67b39000-67b3a000 r--p 00016000 08:01 805027     /usr/lib/jvm/java-7-openjdk-i386/jre/lib/i386/libnet.so
67b3a000-67b3b000 rw-p 00017000 08:01 805027     /usr/lib/jvm/java-7-openjdk-i386/jre/lib/i386/libnet.so
67b3b000-67b4b000 r-xp 00000000 08:01 804991     /usr/lib/jvm/java-7-openjdk-i386/jre/lib/i386/libnio.so
67b4b000-67b4c000 r--p 00010000 08:01 804991     /usr/lib/jvm/java-7-openjdk-i386/jre/lib/i386/libnio.so
67b4c000-67b4d000 rw-p 00011000 08:01 804991     /usr/lib/jvm/java-7-openjdk-i386/jre/lib/i386/libnio.so
67b4d000-67b4e000 ---p 00000000 00:00 0 
67b4e000-67bce000 rw-p 00000000 00:00 0          [stack:16606]
67bce000-67d80000 r--s 01d2e000 08:01 804984     /usr/lib/jvm/java-7-openjdk-i386/jre/lib/rt.jar
67d80000-6a600000 rw-p 00000000 00:00 0 
6a600000-6a6f1000 rw-p 00000000 00:00 0 
6a6f1000-6a700000 ---p 00000000 00:00 0 
6a702000-6a709000 r-xp 00000000 08:01 137254     /usr/lib/i386-linux-gnu/libffi.so.6.0.4
6a709000-6a70b000 r--p 00006000 08:01 137254     /usr/lib/i386-linux-gnu/libffi.so.6.0.4
6a70b000-6a70c000 rw-p 00008000 08:01 137254     /usr/lib/i386-linux-gnu/libffi.so.6.0.4
6a70c000-6a72c000 r-xp 00000000 08:01 138125     /usr/lib/i386-linux-gnu/libxcb.so.1.1.0
6a72c000-6a72d000 r--p 0001f000 08:01 138125     /usr/lib/i386-linux-gnu/libxcb.so.1.1.0
6a72d000-6a72e000 rw-p 00020000 08:01 138125     /usr/lib/i386-linux-gnu/libxcb.so.1.1.0
6a72e000-6a731000 ---p 00000000 00:00 0 
6a731000-6a77f000 rw-p 00000000 00:00 0          [stack:16607]
6a77f000-6a780000 ---p 00000000 00:00 0 
6a780000-6a800000 rw-p 00000000 00:00 0          [stack:16572]
6a800000-6a821000 rw-p 00000000 00:00 0 
6a821000-6a900000 ---p 00000000 00:00 0 
6a900000-6a921000 rw-p 00000000 00:00 0 
6a921000-6aa00000 ---p 00000000 00:00 0 
6aa09000-6aa0e000 r-xp 00000000 08:01 136946     /usr/lib/i386-linux-gnu/libXdmcp.so.6.0.0
6aa0e000-6aa0f000 r--p 00004000 08:01 136946     /usr/lib/i386-linux-gnu/libXdmcp.so.6.0.0
6aa0f000-6aa10000 rw-p 00005000 08:01 136946     /usr/lib/i386-linux-gnu/libXdmcp.so.6.0.0
6aa18000-6aa1b000 r-xp 00000000 08:01 137371     /usr/lib/i386-linux-gnu/libgmodule-2.0.so.0.4400.0
6aa1b000-6aa1c000 r--p 00002000 08:01 137371     /usr/lib/i386-linux-gnu/libgmodule-2.0.so.0.4400.0
6aa1c000-6aa1d000 rw-p 00003000 08:01 137371     /usr/lib/i386-linux-gnu/libgmodule-2.0.so.0.4400.0
6aa1d000-6aa27000 r--s 00041000 08:01 941718     /home/student/test/Pedometer/app/build/intermediates/exploded-aar/com.android.support/support-v4/23.1.1/jars/libs/internal_impl-23.1.1.jar
6aa27000-6aa36000 r--s 000df000 08:01 1068117    /home/student/Android/Sdk/build-tools/23.0.2/lib/dx.jar
6aa36000-6aa7f000 rw-p 00000000 00:00 0 
6aa7f000-6aa80000 ---p 00000000 00:00 0 
6aa80000-6ab00000 rw-p 00000000 00:00 0          [stack:16571]
6ab00000-6ab26000 rw-p 00000000 00:00 0 
6ab26000-6ac00000 ---p 00000000 00:00 0 
6ac04000-6ac06000 r-xp 00000000 08:01 136935     /usr/lib/i386-linux-gnu/libXau.so.6.0.0
6ac06000-6ac07000 r--p 00001000 08:01 136935     /usr/lib/i386-linux-gnu/libXau.so.6.0.0
6ac07000-6ac08000 rw-p 00002000 08:01 136935     /usr/lib/i386-linux-gnu/libXau.so.6.0.0
6ac08000-6ac0a000 r-xp 00000000 08:01 141618     /usr/lib/jayatana/libjayatanaag.so
6ac0a000-6ac0b000 r--p 00001000 08:01 141618     /usr/lib/jayatana/libjayatanaag.so
6ac0b000-6ac0c000 rw-p 00002000 08:01 141618     /usr/lib/jayatana/libjayatanaag.so
6ac0c000-6ac67000 rw-p 00000000 00:00 0 
6ac67000-6ac68000 ---p 00000000 00:00 0 
6ac68000-6ace8000 rw-p 00000000 00:00 0          [stack:16570]
6ace8000-6ace9000 ---p 00000000 00:00 0 
6ace9000-6ad71000 rw-p 00000000 00:00 0          [stack:16569]
6ad71000-6ada9000 rw-p 00000000 00:00 0 
6ada9000-6adbe000 rw-p 00000000 00:00 0 
6adbe000-6aeff000 rw-p 00000000 00:00 0 
6aeff000-6af07000 rw-p 00000000 00:00 0 
6af07000-6af3f000 rw-p 00000000 00:00 0 
6af3f000-6af54000 rw-p 00000000 00:00 0 
6af54000-6b094000 rw-p 00000000 00:00 0 
6b094000-6b0a7000 rw-p 00000000 00:00 0 
6b0a7000-6b13f000 rw-p 00000000 00:00 0 
6b13f000-6c140000 rw-p 00000000 00:00 0 
6c140000-73140000 rw-p 00000000 00:00 0 
73140000-75b40000 rw-p 00000000 00:00 0 
75b40000-9dbc0000 rw-p 00000000 00:00 0 
9dbc0000-a0140000 rw-p 00000000 00:00 0 
a2dc0000-b3140000 rw-p 00000000 00:00 0 
b3140000-b3149000 rw-p 00000000 00:00 0 
b3149000-b3200000 rw-p 00000000 00:00 0 
b3200000-b3440000 rwxp 00000000 00:00 0 
b3440000-b6300000 rw-p 00000000 00:00 0 
b6300000-b6301000 r--s 00000000 08:01 414147     /usr/share/java/jayatanaag.jar
b6301000-b6305000 r--s 00085000 08:01 804976     /usr/lib/jvm/java-7-openjdk-i386/jre/lib/ext/localedata.jar
b6305000-b6309000 r--s 00034000 08:01 804978     /usr/lib/jvm/java-7-openjdk-i386/jre/lib/ext/sunjce_provider.jar
b6309000-b630d000 r--s 0003c000 08:01 804979     /usr/lib/jvm/java-7-openjdk-i386/jre/lib/ext/sunpkcs11.jar
b630d000-b6328000 rw-p 00000000 00:00 0 
b6328000-b6334000 r-xp 00000000 08:01 394626     /lib/i386-linux-gnu/libnss_files-2.21.so
b6334000-b6335000 r--p 0000b000 08:01 394626     /lib/i386-linux-gnu/libnss_files-2.21.so
b6335000-b6336000 rw-p 0000c000 08:01 394626     /lib/i386-linux-gnu/libnss_files-2.21.so
b6336000-b6341000 r-xp 00000000 08:01 394636     /lib/i386-linux-gnu/libnss_nis-2.21.so
b6341000-b6342000 r--p 0000a000 08:01 394636     /lib/i386-linux-gnu/libnss_nis-2.21.so
b6342000-b6343000 rw-p 0000b000 08:01 394636     /lib/i386-linux-gnu/libnss_nis-2.21.so
b6343000-b635a000 r-xp 00000000 08:01 394620     /lib/i386-linux-gnu/libnsl-2.21.so
b635a000-b635b000 r--p 00016000 08:01 394620     /lib/i386-linux-gnu/libnsl-2.21.so
b635b000-b635c000 rw-p 00017000 08:01 394620     /lib/i386-linux-gnu/libnsl-2.21.so
b635c000-b635e000 rw-p 00000000 00:00 0 
b635e000-b6366000 r-xp 00000000 08:01 394622     /lib/i386-linux-gnu/libnss_compat-2.21.so
b6366000-b6367000 r--p 00007000 08:01 394622     /lib/i386-linux-gnu/libnss_compat-2.21.so
b6367000-b6368000 rw-p 00008000 08:01 394622     /lib/i386-linux-gnu/libnss_compat-2.21.so
b6368000-b636b000 r--s 0000f000 08:01 804977     /usr/lib/jvm/java-7-openjdk-i386/jre/lib/ext/icedtea-sound.jar
b636b000-b636d000 r--s 00012000 08:01 804975     /usr/lib/jvm/java-7-openjdk-i386/jre/lib/ext/zipfs.jar
b636d000-b6375000 r-xp 00000000 08:01 804995     /usr/lib/jvm/java-7-openjdk-i386/jre/lib/i386/libzip.so
b6375000-b6376000 r--p 00007000 08:01 804995     /usr/lib/jvm/java-7-openjdk-i386/jre/lib/i386/libzip.so
b6376000-b6377000 rw-p 00008000 08:01 804995     /usr/lib/jvm/java-7-openjdk-i386/jre/lib/i386/libzip.so
b6377000-b637f000 rw-s 00000000 08:01 429262     /tmp/hsperfdata_student/16560
b637f000-b6389000 r-xp 00000000 08:01 805017     /usr/lib/jvm/java-7-openjdk-i386/jre/lib/i386/libinstrument.so
b6389000-b638a000 r--p 00009000 08:01 805017     /usr/lib/jvm/java-7-openjdk-i386/jre/lib/i386/libinstrument.so
b638a000-b638b000 rw-p 0000a000 08:01 805017     /usr/lib/jvm/java-7-openjdk-i386/jre/lib/i386/libinstrument.so
b638b000-b63b1000 r-xp 00000000 08:01 805003     /usr/lib/jvm/java-7-openjdk-i386/jre/lib/i386/libjava.so
b63b1000-b63b2000 r--p 00025000 08:01 805003     /usr/lib/jvm/java-7-openjdk-i386/jre/lib/i386/libjava.so
b63b2000-b63b3000 rw-p 00026000 08:01 805003     /usr/lib/jvm/java-7-openjdk-i386/jre/lib/i386/libjava.so
b63b3000-b63ba000 r-xp 00000000 08:01 394681     /lib/i386-linux-gnu/librt-2.21.so
b63ba000-b63bb000 r--p 00006000 08:01 394681     /lib/i386-linux-gnu/librt-2.21.so
b63bb000-b63bc000 rw-p 00007000 08:01 394681     /lib/i386-linux-gnu/librt-2.21.so
b63bc000-b63bf000 ---p 00000000 00:00 0 
b63bf000-b640d000 rw-p 00000000 00:00 0          [stack:16565]
b640d000-b6429000 r-xp 00000000 08:01 394569     /lib/i386-linux-gnu/libgcc_s.so.1
b6429000-b642a000 rw-p 0001b000 08:01 394569     /lib/i386-linux-gnu/libgcc_s.so.1
b642a000-b6475000 r-xp 00000000 08:01 394599     /lib/i386-linux-gnu/libm-2.21.so
b6475000-b6476000 r--p 0004a000 08:01 394599     /lib/i386-linux-gnu/libm-2.21.so
b6476000-b6477000 rw-p 0004b000 08:01 394599     /lib/i386-linux-gnu/libm-2.21.so
b6477000-b6560000 r-xp 00000000 08:01 137921     /usr/lib/i386-linux-gnu/libstdc++.so.6.0.20
b6560000-b6564000 r--p 000e9000 08:01 137921     /usr/lib/i386-linux-gnu/libstdc++.so.6.0.20
b6564000-b6565000 rw-p 000ed000 08:01 137921     /usr/lib/i386-linux-gnu/libstdc++.so.6.0.20
b6565000-b656c000 rw-p 00000000 00:00 0 
b656c000-b70bf000 r-xp 00000000 08:01 805013     /usr/lib/jvm/java-7-openjdk-i386/jre/lib/i386/server/libjvm.so
b70bf000-b7113000 r--p 00b52000 08:01 805013     /usr/lib/jvm/java-7-openjdk-i386/jre/lib/i386/server/libjvm.so
b7113000-b7127000 rw-p 00ba6000 08:01 805013     /usr/lib/jvm/java-7-openjdk-i386/jre/lib/i386/server/libjvm.so
b7127000-b7546000 rw-p 00000000 00:00 0 
b7546000-b755f000 r-xp 00000000 08:01 394714     /lib/i386-linux-gnu/libz.so.1.2.8
b755f000-b7560000 r--p 00019000 08:01 394714     /lib/i386-linux-gnu/libz.so.1.2.8
b7560000-b7561000 rw-p 0001a000 08:01 394714     /lib/i386-linux-gnu/libz.so.1.2.8
b7561000-b757a000 r-xp 00000000 08:01 394673     /lib/i386-linux-gnu/libpthread-2.21.so
b757a000-b757b000 r--p 00018000 08:01 394673     /lib/i386-linux-gnu/libpthread-2.21.so
b757b000-b757c000 rw-p 00019000 08:01 394673     /lib/i386-linux-gnu/libpthread-2.21.so
b757c000-b757e000 rw-p 00000000 00:00 0 
b757e000-b7581000 r-xp 00000000 08:01 394557     /lib/i386-linux-gnu/libdl-2.21.so
b7581000-b7582000 r--p 00002000 08:01 394557     /lib/i386-linux-gnu/libdl-2.21.so
b7582000-b7583000 rw-p 00003000 08:01 394557     /lib/i386-linux-gnu/libdl-2.21.so
b7583000-b7737000 r-xp 00000000 08:01 394540     /lib/i386-linux-gnu/libc-2.21.so
b7737000-b773a000 r--p 001b3000 08:01 394540     /lib/i386-linux-gnu/libc-2.21.so
b773a000-b773c000 rw-p 001b6000 08:01 394540     /lib/i386-linux-gnu/libc-2.21.so
b773c000-b773e000 rw-p 00000000 00:00 0 
b773e000-b773f000 r--s 00002000 08:01 804980     /usr/lib/jvm/java-7-openjdk-i386/jre/lib/ext/dnsns.jar
b773f000-b7741000 r--s 00006000 08:01 399091     /usr/share/java/java-atk-wrapper.jar
b7741000-b7742000 r--p 005e0000 08:01 143362     /usr/lib/locale/locale-archive
b7742000-b7743000 rw-p 00000000 00:00 0 
b7743000-b7744000 ---p 00000000 00:00 0 
b7744000-b7752000 r-xp 00000000 08:01 805022     /usr/lib/jvm/java-7-openjdk-i386/jre/lib/i386/libverify.so
b7752000-b7754000 r--p 0000d000 08:01 805022     /usr/lib/jvm/java-7-openjdk-i386/jre/lib/i386/libverify.so
b7754000-b7755000 rw-p 0000f000 08:01 805022     /usr/lib/jvm/java-7-openjdk-i386/jre/lib/i386/libverify.so
b7755000-b7761000 r-xp 00000000 08:01 805024     /usr/lib/jvm/java-7-openjdk-i386/jre/lib/i386/jli/libjli.so
b7761000-b7762000 r--p 0000b000 08:01 805024     /usr/lib/jvm/java-7-openjdk-i386/jre/lib/i386/jli/libjli.so
b7762000-b7763000 rw-p 0000c000 08:01 805024     /usr/lib/jvm/java-7-openjdk-i386/jre/lib/i386/jli/libjli.so
b7763000-b7766000 rw-p 00000000 00:00 0 
b7766000-b7768000 r--p 00000000 00:00 0          [vvar]
b7768000-b7769000 r-xp 00000000 00:00 0          [vdso]
b7769000-b778b000 r-xp 00000000 08:01 394512     /lib/i386-linux-gnu/ld-2.21.so
b778b000-b778c000 r--p 00021000 08:01 394512     /lib/i386-linux-gnu/ld-2.21.so
b778c000-b778d000 rw-p 00022000 08:01 394512     /lib/i386-linux-gnu/ld-2.21.so
bfb1a000-bfb1b000 rwxp 00000000 00:00 0 
bfb4c000-bfb6e000 rw-p 00000000 00:00 0          [stack]

VM Arguments:
jvm_args: -javaagent:/usr/share/java/jayatanaag.jar -Djava.awt.headless=true -Xmx1024M -Dfile.encoding=UTF-8 -Duser.country=US -Duser.language=en -Duser.variant 
java_command: com.android.dx.command.Main --dex --num-threads=4 --multi-dex --output /home/student/test/Pedometer/app/build/intermediates/transforms/dex/debug/folders/1000/10/internal_impl-23.1.1_b0ffae833bf120b8557f2f5047178074d7562173 /home/student/test/Pedometer/app/build/intermediates/exploded-aar/com.android.support/support-v4/23.1.1/jars/libs/internal_impl-23.1.1.jar
Launcher Type: SUN_STANDARD

Environment Variables:
JAVA_TOOL_OPTIONS=-javaagent:/usr/share/java/jayatanaag.jar 
PATH=/home/student/.linuxbrew/bin:/usr/local/sbin:/usr/local/bin:/usr/sbin:/usr/bin:/sbin:/bin:/usr/games:/usr/local/games:/etc/android-studio/bin/:/home/student/Android/Sdk/platform-tools:/home/student/Android/Sdk/tools
LD_LIBRARY_PATH=/etc/android-studio/bin:
SHELL=/bin/bash
DISPLAY=:0

Signal Handlers:
SIGSEGV: [libjvm.so+0x7f7d00], sa_mask[0]=0x7ffbfeff, sa_flags=0x10000004
SIGBUS: [libjvm.so+0x7f7d00], sa_mask[0]=0x7ffbfeff, sa_flags=0x10000004
SIGFPE: [libjvm.so+0x67a9d0], sa_mask[0]=0x7ffbfeff, sa_flags=0x10000004
SIGPIPE: [libjvm.so+0x67a9d0], sa_mask[0]=0x7ffbfeff, sa_flags=0x10000004
SIGXFSZ: [libjvm.so+0x67a9d0], sa_mask[0]=0x7ffbfeff, sa_flags=0x10000004
SIGILL: [libjvm.so+0x67a9d0], sa_mask[0]=0x7ffbfeff, sa_flags=0x10000004
SIGUSR1: SIG_DFL, sa_mask[0]=0x00000000, sa_flags=0x00000000
SIGUSR2: [libjvm.so+0x67a820], sa_mask[0]=0x00000004, sa_flags=0x10000004
SIGHUP: [libjvm.so+0x67aa80], sa_mask[0]=0x7ffbfeff, sa_flags=0x10000004
SIGINT: [libjvm.so+0x67aa80], sa_mask[0]=0x7ffbfeff, sa_flags=0x10000004
SIGTERM: [libjvm.so+0x67aa80], sa_mask[0]=0x7ffbfeff, sa_flags=0x10000004
SIGQUIT: [libjvm.so+0x67aa80], sa_mask[0]=0x7ffbfeff, sa_flags=0x10000004
SIGTRAP: SIG_DFL, sa_mask[0]=0x00000000, sa_flags=0x00000000


---------------  S Y S T E M  ---------------

OS:Ubuntu 15.04 (vivid)
uname:Linux 3.19.0-18-generic #18-Ubuntu SMP Tue May 19 18:30:59 UTC 2015 i686
libc:glibc 2.21 NPTL 2.21 
rlimit: STACK 8192k, CORE 0k, NPROC 32177, NOFILE 65536, AS infinity
load average:4.95 3.18 2.08

/proc/meminfo:
MemTotal:        4139540 kB
MemFree:          225668 kB
MemAvailable:     156076 kB
Buffers:            9004 kB
Cached:            58036 kB
SwapCached:            0 kB
Active:          3568880 kB
Inactive:          50452 kB
Active(anon):    3553852 kB
Inactive(anon):    37412 kB
Active(file):      15028 kB
Inactive(file):    13040 kB
Unevictable:          32 kB
Mlocked:              32 kB
HighTotal:       3280776 kB
HighFree:          42704 kB
LowTotal:         858764 kB
LowFree:          182964 kB
SwapTotal:             0 kB
SwapFree:              0 kB
Dirty:               520 kB
Writeback:             0 kB
AnonPages:       3552780 kB
Mapped:            39012 kB
Shmem:             38572 kB
Slab:              47548 kB
SReclaimable:      22060 kB
SUnreclaim:        25488 kB
KernelStack:        5392 kB
PageTables:        15080 kB
NFS_Unstable:          0 kB
Bounce:                0 kB
WritebackTmp:          0 kB
CommitLimit:     2069768 kB
Committed_AS:    6671124 kB
VmallocTotal:     122880 kB
VmallocUsed:       23328 kB
VmallocChunk:      46892 kB
AnonHugePages:   2736128 kB
CmaTotal:              0 kB
CmaFree:               0 kB
HugePages_Total:       0
HugePages_Free:        0
HugePages_Rsvd:        0
HugePages_Surp:        0
Hugepagesize:       2048 kB
DirectMap4k:       59384 kB
DirectMap2M:      854016 kB


CPU:total 4 (1 cores per cpu, 1 threads per core) family 6 model 58 stepping 9, cmov, cx8, fxsr, mmx, sse, sse2, sse3, ssse3, sse4.1, sse4.2, popcnt, avx, aes, erms, tsc, tscinvbit, tscinv

/proc/cpuinfo:
processor	: 0
vendor_id	: GenuineIntel
cpu family	: 6
model		: 58
model name	: Intel(R) Core(TM) i5-3210M CPU @ 2.50GHz
stepping	: 9
microcode	: 0x15
cpu MHz		: 2494.111
cache size	: 3072 KB
physical id	: 0
siblings	: 1
core id		: 0
cpu cores	: 1
apicid		: 0
initial apicid	: 0
fdiv_bug	: no
f00f_bug	: no
coma_bug	: no
fpu		: yes
fpu_exception	: yes
cpuid level	: 13
wp		: yes
flags		: fpu vme de pse tsc msr pae mce cx8 apic sep mtrr pge mca cmov pat pse36 clflush dts mmx fxsr sse sse2 ss nx rdtscp lm constant_tsc arch_perfmon pebs bts xtopology tsc_reliable nonstop_tsc aperfmperf pni pclmulqdq ssse3 cx16 pcid sse4_1 sse4_2 x2apic popcnt tsc_deadline_timer aes xsave avx f16c rdrand hypervisor lahf_lm ida arat epb pln pts dtherm fsgsbase tsc_adjust smep
bugs		:
bogomips	: 4988.22
clflush size	: 64
cache_alignment	: 64
address sizes	: 42 bits physical, 48 bits virtual
power management:

processor	: 1
vendor_id	: GenuineIntel
cpu family	: 6
model		: 58
model name	: Intel(R) Core(TM) i5-3210M CPU @ 2.50GHz
stepping	: 9
microcode	: 0x15
cpu MHz		: 2494.111
cache size	: 3072 KB
physical id	: 2
siblings	: 1
core id		: 0
cpu cores	: 1
apicid		: 2
initial apicid	: 2
fdiv_bug	: no
f00f_bug	: no
coma_bug	: no
fpu		: yes
fpu_exception	: yes
cpuid level	: 13
wp		: yes
flags		: fpu vme de pse tsc msr pae mce cx8 apic sep mtrr pge mca cmov pat pse36 clflush dts mmx fxsr sse sse2 ss nx rdtscp lm constant_tsc arch_perfmon pebs bts xtopology tsc_reliable nonstop_tsc aperfmperf pni pclmulqdq ssse3 cx16 pcid sse4_1 sse4_2 x2apic popcnt tsc_deadline_timer aes xsave avx f16c rdrand hypervisor lahf_lm ida arat epb pln pts dtherm fsgsbase tsc_adjust smep
bugs		:
bogomips	: 4988.22
clflush size	: 64
cache_alignment	: 64
address sizes	: 42 bits physical, 48 bits virtual
power management:

processor	: 2
vendor_id	: GenuineIntel
cpu family	: 6
model		: 58
model name	: Intel(R) Core(TM) i5-3210M CPU @ 2.50GHz
stepping	: 9
microcode	: 0x15
cpu MHz		: 2494.111
cache size	: 3072 KB
physical id	: 4
siblings	: 1
core id		: 0
cpu cores	: 1
apicid		: 4
initial apicid	: 4
fdiv_bug	: no
f00f_bug	: no
coma_bug	: no
fpu		: yes
fpu_exception	: yes
cpuid level	: 13
wp		: yes
flags		: fpu vme de pse tsc msr pae mce cx8 apic sep mtrr pge mca cmov pat pse36 clflush dts mmx fxsr sse sse2 ss nx rdtscp lm constant_tsc arch_perfmon pebs bts xtopology tsc_reliable nonstop_tsc aperfmperf pni pclmulqdq ssse3 cx16 pcid sse4_1 sse4_2 x2apic popcnt tsc_deadline_timer aes xsave avx f16c rdrand hypervisor lahf_lm ida arat epb pln pts dtherm fsgsbase tsc_adjust smep
bugs		:
bogomips	: 4988.22
clflush size	: 64
cache_alignment	: 64
address sizes	: 42 bits physical, 48 bits virtual
power management:

processor	: 3
vendor_id	: GenuineIntel
cpu family	: 6
model		: 58
model name	: Intel(R) Core(TM) i5-3210M CPU @ 2.50GHz
stepping	: 9
microcode	: 0x15
cpu MHz		: 2494.111
cache size	: 3072 KB
physical id	: 6
siblings	: 1
core id		: 0
cpu cores	: 1
apicid		: 6
initial apicid	: 6
fdiv_bug	: no
f00f_bug	: no
coma_bug	: no
fpu		: yes
fpu_exception	: yes
cpuid level	: 13
wp		: yes
flags		: fpu vme de pse tsc msr pae mce cx8 apic sep mtrr pge mca cmov pat pse36 clflush dts mmx fxsr sse sse2 ss nx rdtscp lm constant_tsc arch_perfmon pebs bts xtopology tsc_reliable nonstop_tsc aperfmperf pni pclmulqdq ssse3 cx16 pcid sse4_1 sse4_2 x2apic popcnt tsc_deadline_timer aes xsave avx f16c rdrand hypervisor lahf_lm ida arat epb pln pts dtherm fsgsbase tsc_adjust smep
bugs		:
bogomips	: 4988.22
clflush size	: 64
cache_alignment	: 64
address sizes	: 42 bits physical, 48 bits virtual
power management:



Memory: 4k page, physical 4139540k(225668k free), swap 0k(0k free)

vm_info: OpenJDK Server VM (24.91-b01) for linux-x86 JRE (1.7.0_91-b02), built on Nov 19 2015 06:25:06 by "buildd" with gcc 4.9.2

time: Sun May  1 14:23:30 2016
elapsed time: 7 seconds

