#
# There is insufficient memory for the Java Runtime Environment to continue.
# Native memory allocation (malloc) failed to allocate 91750400 bytes for committing reserved memory.
# Possible reasons:
#   The system is out of physical RAM or swap space
#   In 32 bit mode, the process size limit was hit
# Possible solutions:
#   Reduce memory load on the system
#   Increase physical memory or swap space
#   Check if swap backing store is full
#   Use 64 bit Java on a 64 bit OS
#   Decrease Java heap size (-Xmx/-Xms)
#   Decrease number of Java threads
#   Decrease Java thread stack sizes (-Xss)
#   Set larger code cache with -XX:ReservedCodeCacheSize=
# This output file may be truncated or incomplete.
#
#  Out of Memory Error (os_linux.cpp:2827), pid=8780, tid=1740430144
#
# JRE version: OpenJDK Runtime Environment (7.0_91-b02) (build 1.7.0_91-b02)
# Java VM: OpenJDK Server VM (24.91-b01 mixed mode linux-x86 )
# Derivative: IcedTea 2.6.3
# Distribution: Ubuntu 15.04, package 7u91-2.6.3-0ubuntu0.15.04.1
# Failed to write core dump. Core dumps have been disabled. To enable core dumping, try "ulimit -c unlimited" before starting Java again
#

---------------  T H R E A D  ---------------

Current thread (0x67a81400):  VMThread [stack: 0x67b4d000,0x67bce000] [id=8801]

Stack: [0x67b4d000,0x67bce000]
VM_Operation (0x66a93b54): ParallelGCFailedAllocation, mode: safepoint, requested by thread 0x67055800


---------------  P R O C E S S  ---------------

Java Threads: ( => current thread )
  0x67057000 JavaThread "pool-1-thread-4" [_thread_blocked, id=8842, stack(0x669a2000,0x669f3000)]
  0x67058800 JavaThread "pool-1-thread-3" [_thread_blocked, id=8841, stack(0x669f3000,0x66a44000)]
  0x67055800 JavaThread "pool-1-thread-2" [_thread_blocked, id=8839, stack(0x66a44000,0x66a95000)]
  0x6704a800 JavaThread "pool-2-thread-1" [_thread_blocked, id=8838, stack(0x66a95000,0x66ae6000)]
  0x67048800 JavaThread "pool-1-thread-1" [_thread_blocked, id=8837, stack(0x6710c000,0x6715d000)]
  0x67aed800 JavaThread "Service Thread" daemon [_thread_blocked, id=8827, stack(0x67262000,0x672b3000)]
  0x67aeb800 JavaThread "C2 CompilerThread1" daemon [_thread_blocked, id=8826, stack(0x672b3000,0x67334000)]
  0x67aea400 JavaThread "C2 CompilerThread0" daemon [_thread_blocked, id=8823, stack(0x67334000,0x673b5000)]
  0x67a97400 JavaThread "Signal Dispatcher" daemon [_thread_blocked, id=8814, stack(0x6790d000,0x6795e000)]
  0x67a85400 JavaThread "Finalizer" daemon [_thread_blocked, id=8803, stack(0x6795e000,0x679af000)]
  0x67a83c00 JavaThread "Reference Handler" daemon [_thread_blocked, id=8802, stack(0x679af000,0x67a00000)]
  0xb6208400 JavaThread "main" [_thread_blocked, id=8785, stack(0xb6376000,0xb63c7000)]

Other Threads:
=>0x67a81400 VMThread [stack: 0x67b4d000,0x67bce000] [id=8801]
  0x67aef800 WatcherThread [stack: 0x671e1000,0x67262000] [id=8830]

VM state:at safepoint (normal execution)

VM Mutex/Monitor currently owned by a thread:  ([mutex/lock_event])
[0xb6205e00] Threads_lock - owner thread: 0x67a81400
[0xb6206210] Heap_lock - owner thread: 0x67055800

Heap
 PSYoungGen      total 69120K, used 2547K [0x9db80000, 0xa2180000, 0xb3100000)
  eden space 66560K, 0% used [0x9db80000,0x9db80000,0xa1c80000)
  from space 2560K, 99% used [0xa1c80000,0xa1efce28,0xa1f00000)
  to   space 2560K, 0% used [0xa1f00000,0xa1f00000,0xa2180000)
 ParOldGen       total 43008K, used 22033K [0x73100000, 0x75b00000, 0x9db80000)
  object space 43008K, 51% used [0x73100000,0x74684730,0x75b00000)
 PSPermGen       total 16384K, used 4289K [0x6b100000, 0x6c100000, 0x73100000)
  object space 16384K, 26% used [0x6b100000,0x6b530548,0x6c100000)

Card table byte_map: [0x6aebf000,0x6b100000] byte_map_base: 0x6ab66800

Polling page: 0xb76fd000

Code Cache  [0xb31d7000, 0xb3417000, 0xb61d7000)
 total_blobs=467 nmethods=344 adapters=76 free_code_cache=47828Kb largest_free_block=48952192

Compilation events (10 events):
Event: 8.688 Thread 0x67aea400 nmethod 343 0xb331c2c8 code [0xb331c900, 0xb331d170]
Event: 8.688 Thread 0x67aea400  344             com.android.dx.rop.code.Rop::canThrow (18 bytes)
Event: 8.696 Thread 0x67aea400 nmethod 344 0xb32f0e88 code [0xb32f0f80, 0xb32f1010]
Event: 8.696 Thread 0x67aea400  345             com.android.dx.cf.code.BaseMachine::storeResults (90 bytes)
Event: 8.752 Thread 0x67aea400 nmethod 345 0xb3323d08 code [0xb3323f60, 0xb3324ac0]
Event: 8.753 Thread 0x67aea400  346             com.android.dx.cf.code.RopperMachine::getSources (264 bytes)
Event: 8.777 Thread 0x67aea400 nmethod 346 0xb3326208 code [0xb33263e0, 0xb3326d44]
Event: 8.777 Thread 0x67aea400  347             java.lang.StringBuilder::append (8 bytes)
Event: 8.783 Thread 0x67aea400 nmethod 347 0xb3321a08 code [0xb3321b20, 0xb3321ed0]
Event: 8.783 Thread 0x67aea400  348             com.android.dx.rop.type.Type::getBasicFrameType (60 bytes)

GC Heap History (9 events):
Event: 2.499 GC heap before
{Heap before GC invocations=1 (full 0):
 PSYoungGen      total 19200K, used 16640K [0x9db80000, 0x9f0c0000, 0xb3100000)
  eden space 16640K, 100% used [0x9db80000,0x9ebc0000,0x9ebc0000)
  from space 2560K, 0% used [0x9ee40000,0x9ee40000,0x9f0c0000)
  to   space 2560K, 0% used [0x9ebc0000,0x9ebc0000,0x9ee40000)
 ParOldGen       total 43008K, used 0K [0x73100000, 0x75b00000, 0x9db80000)
  object space 43008K, 0% used [0x73100000,0x73100000,0x75b00000)
 PSPermGen       total 16384K, used 3887K [0x6b100000, 0x6c100000, 0x73100000)
  object space 16384K, 23% used [0x6b100000,0x6b4cbf68,0x6c100000)
Event: 2.535 GC heap after
Heap after GC invocations=1 (full 0):
 PSYoungGen      total 19200K, used 2466K [0x9db80000, 0xa0100000, 0xb3100000)
  eden space 16640K, 0% used [0x9db80000,0x9db80000,0x9ebc0000)
  from space 2560K, 96% used [0x9ebc0000,0x9ee28810,0x9ee40000)
  to   space 2560K, 0% used [0x9fe80000,0x9fe80000,0xa0100000)
 ParOldGen       total 43008K, used 4K [0x73100000, 0x75b00000, 0x9db80000)
  object space 43008K, 0% used [0x73100000,0x73101000,0x75b00000)
 PSPermGen       total 16384K, used 3887K [0x6b100000, 0x6c100000, 0x73100000)
  object space 16384K, 23% used [0x6b100000,0x6b4cbf68,0x6c100000)
}
Event: 4.190 GC heap before
{Heap before GC invocations=2 (full 0):
 PSYoungGen      total 19200K, used 19106K [0x9db80000, 0xa0100000, 0xb3100000)
  eden space 16640K, 100% used [0x9db80000,0x9ebc0000,0x9ebc0000)
  from space 2560K, 96% used [0x9ebc0000,0x9ee28810,0x9ee40000)
  to   space 2560K, 0% used [0x9fe80000,0x9fe80000,0xa0100000)
 ParOldGen       total 43008K, used 4K [0x73100000, 0x75b00000, 0x9db80000)
  object space 43008K, 0% used [0x73100000,0x73101000,0x75b00000)
 PSPermGen       total 16384K, used 4163K [0x6b100000, 0x6c100000, 0x73100000)
  object space 16384K, 25% used [0x6b100000,0x6b510dd0,0x6c100000)
Event: 4.207 GC heap after
Heap after GC invocations=2 (full 0):
 PSYoungGen      total 35840K, used 2546K [0x9db80000, 0xa0100000, 0xb3100000)
  eden space 33280K, 0% used [0x9db80000,0x9db80000,0x9fc00000)
  from space 2560K, 99% used [0x9fe80000,0xa00fc9c8,0xa0100000)
  to   space 2560K, 0% used [0x9fc00000,0x9fc00000,0x9fe80000)
 ParOldGen       total 43008K, used 1576K [0x73100000, 0x75b00000, 0x9db80000)
  object space 43008K, 3% used [0x73100000,0x7328a160,0x75b00000)
 PSPermGen       total 16384K, used 4163K [0x6b100000, 0x6c100000, 0x73100000)
  object space 16384K, 25% used [0x6b100000,0x6b510dd0,0x6c100000)
}
Event: 6.436 GC heap before
{Heap before GC invocations=3 (full 0):
 PSYoungGen      total 35840K, used 35826K [0x9db80000, 0xa0100000, 0xb3100000)
  eden space 33280K, 100% used [0x9db80000,0x9fc00000,0x9fc00000)
  from space 2560K, 99% used [0x9fe80000,0xa00fc9c8,0xa0100000)
  to   space 2560K, 0% used [0x9fc00000,0x9fc00000,0x9fe80000)
 ParOldGen       total 43008K, used 1576K [0x73100000, 0x75b00000, 0x9db80000)
  object space 43008K, 3% used [0x73100000,0x7328a160,0x75b00000)
 PSPermGen       total 16384K, used 4237K [0x6b100000, 0x6c100000, 0x73100000)
  object space 16384K, 25% used [0x6b100000,0x6b5234b8,0x6c100000)
Event: 6.471 GC heap after
Heap after GC invocations=3 (full 0):
 PSYoungGen      total 35840K, used 2549K [0x9db80000, 0xa2180000, 0xb3100000)
  eden space 33280K, 0% used [0x9db80000,0x9db80000,0x9fc00000)
  from space 2560K, 99% used [0x9fc00000,0x9fe7d490,0x9fe80000)
  to   space 2560K, 0% used [0xa1f00000,0xa1f00000,0xa2180000)
 ParOldGen       total 43008K, used 6431K [0x73100000, 0x75b00000, 0x9db80000)
  object space 43008K, 14% used [0x73100000,0x73747d68,0x75b00000)
 PSPermGen       total 16384K, used 4237K [0x6b100000, 0x6c100000, 0x73100000)
  object space 16384K, 25% used [0x6b100000,0x6b5234b8,0x6c100000)
}
Event: 7.205 GC heap before
{Heap before GC invocations=4 (full 0):
 PSYoungGen      total 35840K, used 35829K [0x9db80000, 0xa2180000, 0xb3100000)
  eden space 33280K, 100% used [0x9db80000,0x9fc00000,0x9fc00000)
  from space 2560K, 99% used [0x9fc00000,0x9fe7d490,0x9fe80000)
  to   space 2560K, 0% used [0xa1f00000,0xa1f00000,0xa2180000)
 ParOldGen       total 43008K, used 6431K [0x73100000, 0x75b00000, 0x9db80000)
  object space 43008K, 14% used [0x73100000,0x73747d68,0x75b00000)
 PSPermGen       total 16384K, used 4263K [0x6b100000, 0x6c100000, 0x73100000)
  object space 16384K, 26% used [0x6b100000,0x6b529e08,0x6c100000)
Event: 7.222 GC heap after
Heap after GC invocations=4 (full 0):
 PSYoungGen      total 69120K, used 2557K [0x9db80000, 0xa2180000, 0xb3100000)
  eden space 66560K, 0% used [0x9db80000,0x9db80000,0xa1c80000)
  from space 2560K, 99% used [0xa1f00000,0xa217f4e0,0xa2180000)
  to   space 2560K, 0% used [0xa1c80000,0xa1c80000,0xa1f00000)
 ParOldGen       total 43008K, used 12045K [0x73100000, 0x75b00000, 0x9db80000)
  object space 43008K, 28% used [0x73100000,0x73cc34b8,0x75b00000)
 PSPermGen       total 16384K, used 4263K [0x6b100000, 0x6c100000, 0x73100000)
  object space 16384K, 26% used [0x6b100000,0x6b529e08,0x6c100000)
}
Event: 8.790 GC heap before
{Heap before GC invocations=5 (full 0):
 PSYoungGen      total 69120K, used 69117K [0x9db80000, 0xa2180000, 0xb3100000)
  eden space 66560K, 100% used [0x9db80000,0xa1c80000,0xa1c80000)
  from space 2560K, 99% used [0xa1f00000,0xa217f4e0,0xa2180000)
  to   space 2560K, 0% used [0xa1c80000,0xa1c80000,0xa1f00000)
 ParOldGen       total 43008K, used 12045K [0x73100000, 0x75b00000, 0x9db80000)
  object space 43008K, 28% used [0x73100000,0x73cc34b8,0x75b00000)
 PSPermGen       total 16384K, used 4289K [0x6b100000, 0x6c100000, 0x73100000)
  object space 16384K, 26% used [0x6b100000,0x6b530548,0x6c100000)

Deoptimization events (10 events):
Event: 6.870 Thread 0x67048800 Uncommon trap: reason=unstable_if action=reinterpret pc=0xb32abe20 method=com.android.dx.ssa.SsaBasicBlock.newFromRop(Lcom/android/dx/rop/code/RopMethod;ILcom/android/dx/ssa/SsaMethod;)Lcom/android/dx/ssa/SsaBasicBlock; @ 164
Event: 8.113 Thread 0x67048800 Uncommon trap: reason=class_check action=maybe_recompile pc=0xb32c8680 method=com.android.dx.cf.code.Ropper.processBlock(Lcom/android/dx/cf/code/ByteBlock;Lcom/android/dx/cf/code/Frame;[I)V @ 777
Event: 8.392 Thread 0x67057000 Uncommon trap: reason=unstable_if action=reinterpret pc=0xb32d4cf8 method=com.android.dx.ssa.SCCP.simulateStmt(Lcom/android/dx/ssa/SsaInsn;)V @ 59
Event: 8.395 Thread 0x67057000 Uncommon trap: reason=bimorphic action=maybe_recompile pc=0xb32ded28 method=com.android.dx.ssa.SCCP.setLatticeValueTo(IILcom/android/dx/rop/cst/Constant;)Z @ 43
Event: 8.403 Thread 0x67048800 Uncommon trap: reason=bimorphic action=maybe_recompile pc=0xb32dec10 method=com.android.dx.ssa.SCCP.simulatePhi(Lcom/android/dx/ssa/PhiInsn;)V @ 124
Event: 8.456 Thread 0x67048800 Uncommon trap: reason=bimorphic action=maybe_recompile pc=0xb32dec10 method=com.android.dx.ssa.SCCP.simulatePhi(Lcom/android/dx/ssa/PhiInsn;)V @ 124
Event: 8.571 Thread 0x67057000 Uncommon trap: reason=bimorphic action=maybe_recompile pc=0xb32ded28 method=com.android.dx.ssa.SCCP.setLatticeValueTo(IILcom/android/dx/rop/cst/Constant;)Z @ 43
Event: 8.589 Thread 0x67048800 Uncommon trap: reason=unstable_if action=reinterpret pc=0xb32c7acc method=com.android.dx.cf.code.Ropper.processBlock(Lcom/android/dx/cf/code/ByteBlock;Lcom/android/dx/cf/code/Frame;[I)V @ 413
Event: 8.622 Thread 0x67055800 Uncommon trap: reason=class_check action=maybe_recompile pc=0xb32def54 method=com.android.dx.ssa.SCCP.replaceConstants()V @ 182
Event: 8.726 Thread 0x67055800 Uncommon trap: reason=class_check action=maybe_recompile pc=0xb32def54 method=com.android.dx.ssa.SCCP.replaceConstants()V @ 182

Internal exceptions (10 events):
Event: 2.634 Thread 0xb6208400 Threw 0x9dd1aca0 at /build/openjdk-7-PdBaKN/openjdk-7-7u91-2.6.3/build/openjdk/hotspot/src/share/vm/prims/jvm.cpp:1322
Event: 2.881 Thread 0x67048800 Threw 0x9df2d8a8 at /build/openjdk-7-PdBaKN/openjdk-7-7u91-2.6.3/build/openjdk/hotspot/src/share/vm/prims/jvm.cpp:1322
Event: 3.382 Thread 0x67058800 Threw 0x9e34f188 at /build/openjdk-7-PdBaKN/openjdk-7-7u91-2.6.3/build/openjdk/hotspot/src/share/vm/prims/jvm.cpp:1322
Event: 3.797 Thread 0x67048800 Threw 0x9e4de190 at /build/openjdk-7-PdBaKN/openjdk-7-7u91-2.6.3/build/openjdk/hotspot/src/share/vm/prims/jvm.cpp:1322
Event: 5.951 Thread 0xb6208400 Implicit null exception at 0xb326525a to 0xb32657c5
Event: 5.975 Thread 0x67058800 Implicit null exception at 0xb327ac69 to 0xb327c205
Event: 6.020 Thread 0xb6208400 Threw 0x9edd15a8 at /build/openjdk-7-PdBaKN/openjdk-7-7u91-2.6.3/build/openjdk/hotspot/src/share/vm/prims/jvm.cpp:1322
Event: 6.827 Thread 0x67055800 Threw 0x9e9d5d20 at /build/openjdk-7-PdBaKN/openjdk-7-7u91-2.6.3/build/openjdk/hotspot/src/share/vm/prims/jvm.cpp:1322
Event: 7.066 Thread 0x67058800 Threw 0x9f5e3948 at /build/openjdk-7-PdBaKN/openjdk-7-7u91-2.6.3/build/openjdk/hotspot/src/share/vm/prims/jvm.cpp:1322
Event: 8.599 Thread 0xb6208400 Threw 0xa13f7a38 at /build/openjdk-7-PdBaKN/openjdk-7-7u91-2.6.3/build/openjdk/hotspot/src/share/vm/prims/jvm.cpp:1322

Events (10 events):
Event: 8.589 Thread 0x67048800 Uncommon trap: trap_request=0xffffff75 fr.pc=0xb32c7acc
Event: 8.589 Thread 0x67048800 DEOPT PACKING pc=0xb32c7acc sp=0x6715bc40
Event: 8.589 Thread 0x67048800 DEOPT UNPACKING pc=0xb3203bc8 sp=0x6715bc34 mode 2
Event: 8.622 Thread 0x67055800 Uncommon trap: trap_request=0xffffffde fr.pc=0xb32def54
Event: 8.622 Thread 0x67055800 DEOPT PACKING pc=0xb32def54 sp=0x66a93bf0
Event: 8.622 Thread 0x67055800 DEOPT UNPACKING pc=0xb3203bc8 sp=0x66a93bc8 mode 2
Event: 8.726 Thread 0x67055800 Uncommon trap: trap_request=0xffffffde fr.pc=0xb32def54
Event: 8.726 Thread 0x67055800 DEOPT PACKING pc=0xb32def54 sp=0x66a93bb0
Event: 8.726 Thread 0x67055800 DEOPT UNPACKING pc=0xb3203bc8 sp=0x66a93b88 mode 2
Event: 8.783 Executing VM operation: ParallelGCFailedAllocation


Dynamic libraries:
08048000-08049000 r-xp 00000000 08:01 804961     /usr/lib/jvm/java-7-openjdk-i386/jre/bin/java
08049000-0804a000 r--p 00000000 08:01 804961     /usr/lib/jvm/java-7-openjdk-i386/jre/bin/java
0804a000-0804b000 rw-p 00001000 08:01 804961     /usr/lib/jvm/java-7-openjdk-i386/jre/bin/java
0a020000-0a0cf000 rw-p 00000000 00:00 0          [heap]
64f00000-64ffd000 rw-p 00000000 00:00 0 
64ffd000-65000000 ---p 00000000 00:00 0 
65000000-650f6000 rw-p 00000000 00:00 0 
650f6000-65100000 ---p 00000000 00:00 0 
65200000-652c8000 rw-p 00000000 00:00 0 
652c8000-65300000 ---p 00000000 00:00 0 
65300000-653fb000 rw-p 00000000 00:00 0 
653fb000-65400000 ---p 00000000 00:00 0 
65500000-655f9000 rw-p 00000000 00:00 0 
655f9000-65600000 ---p 00000000 00:00 0 
65700000-657ff000 rw-p 00000000 00:00 0 
657ff000-65800000 ---p 00000000 00:00 0 
65800000-658f9000 rw-p 00000000 00:00 0 
658f9000-65900000 ---p 00000000 00:00 0 
65900000-659fa000 rw-p 00000000 00:00 0 
659fa000-65a00000 ---p 00000000 00:00 0 
65a00000-65afa000 rw-p 00000000 00:00 0 
65afa000-65b00000 ---p 00000000 00:00 0 
65b00000-65bf0000 rw-p 00000000 00:00 0 
65bf0000-65c00000 ---p 00000000 00:00 0 
65c00000-65d00000 rw-p 00000000 00:00 0 
65d00000-65dfd000 rw-p 00000000 00:00 0 
65dfd000-65e00000 ---p 00000000 00:00 0 
65e00000-65ef9000 rw-p 00000000 00:00 0 
65ef9000-65f00000 ---p 00000000 00:00 0 
65f00000-65ffc000 rw-p 00000000 00:00 0 
65ffc000-66000000 ---p 00000000 00:00 0 
66100000-661f1000 rw-p 00000000 00:00 0 
661f1000-66200000 ---p 00000000 00:00 0 
66200000-662ed000 rw-p 00000000 00:00 0 
662ed000-66300000 ---p 00000000 00:00 0 
66300000-663f4000 rw-p 00000000 00:00 0 
663f4000-66400000 ---p 00000000 00:00 0 
66400000-664fe000 rw-p 00000000 00:00 0 
664fe000-66500000 ---p 00000000 00:00 0 
66500000-665ea000 rw-p 00000000 00:00 0 
665ea000-66600000 ---p 00000000 00:00 0 
66600000-666f5000 rw-p 00000000 00:00 0 
666f5000-66700000 ---p 00000000 00:00 0 
66755000-66800000 rw-p 00000000 00:00 0 
66800000-668fe000 rw-p 00000000 00:00 0 
668fe000-66900000 ---p 00000000 00:00 0 
669a2000-669a5000 ---p 00000000 00:00 0 
669a5000-669f3000 rw-p 00000000 00:00 0          [stack:8842]
669f3000-669f6000 ---p 00000000 00:00 0 
669f6000-66a44000 rw-p 00000000 00:00 0          [stack:8841]
66a44000-66a47000 ---p 00000000 00:00 0 
66a47000-66a95000 rw-p 00000000 00:00 0          [stack:8839]
66a95000-66a98000 ---p 00000000 00:00 0 
66a98000-66ca7000 rw-p 00000000 00:00 0          [stack:8838]
66ca7000-66d17000 r-xp 00000000 08:01 394656     /lib/i386-linux-gnu/libpcre.so.3.13.1
66d17000-66d18000 r--p 0006f000 08:01 394656     /lib/i386-linux-gnu/libpcre.so.3.13.1
66d18000-66d19000 rw-p 00070000 08:01 394656     /lib/i386-linux-gnu/libpcre.so.3.13.1
66d19000-66e3f000 r-xp 00000000 08:01 394573     /lib/i386-linux-gnu/libglib-2.0.so.0.4400.0
66e3f000-66e40000 r--p 00125000 08:01 394573     /lib/i386-linux-gnu/libglib-2.0.so.0.4400.0
66e40000-66e41000 rw-p 00126000 08:01 394573     /lib/i386-linux-gnu/libglib-2.0.so.0.4400.0
66e41000-66ffa000 r-xp 00000000 08:01 137357     /usr/lib/i386-linux-gnu/libgio-2.0.so.0.4400.0
66ffa000-66ffd000 r--p 001b8000 08:01 137357     /usr/lib/i386-linux-gnu/libgio-2.0.so.0.4400.0
66ffd000-66fff000 rw-p 001bb000 08:01 137357     /usr/lib/i386-linux-gnu/libgio-2.0.so.0.4400.0
66fff000-67000000 rw-p 00000000 00:00 0 
67000000-67079000 rw-p 00000000 00:00 0 
67079000-67100000 ---p 00000000 00:00 0 
6710c000-6710f000 ---p 00000000 00:00 0 
6710f000-6715d000 rw-p 00000000 00:00 0          [stack:8837]
6715d000-67181000 r-xp 00000000 08:01 394683     /lib/i386-linux-gnu/libselinux.so.1
67181000-67182000 r--p 00024000 08:01 394683     /lib/i386-linux-gnu/libselinux.so.1
67182000-67183000 rw-p 00025000 08:01 394683     /lib/i386-linux-gnu/libselinux.so.1
67183000-67184000 rw-p 00000000 00:00 0 
67184000-671df000 r-xp 00000000 08:01 137385     /usr/lib/i386-linux-gnu/libgobject-2.0.so.0.4400.0
671df000-671e0000 r--p 0005b000 08:01 137385     /usr/lib/i386-linux-gnu/libgobject-2.0.so.0.4400.0
671e0000-671e1000 rw-p 0005c000 08:01 137385     /usr/lib/i386-linux-gnu/libgobject-2.0.so.0.4400.0
671e1000-671e2000 ---p 00000000 00:00 0 
671e2000-67262000 rw-p 00000000 00:00 0          [stack:8830]
67262000-67265000 ---p 00000000 00:00 0 
67265000-672b3000 rw-p 00000000 00:00 0          [stack:8827]
672b3000-672b6000 ---p 00000000 00:00 0 
672b6000-67334000 rw-p 00000000 00:00 0          [stack:8826]
67334000-67337000 ---p 00000000 00:00 0 
67337000-673b5000 rw-p 00000000 00:00 0          [stack:8823]
673b5000-674fc000 r-xp 00000000 08:01 136931     /usr/lib/i386-linux-gnu/libX11.so.6.3.0
674fc000-674fd000 r--p 00146000 08:01 136931     /usr/lib/i386-linux-gnu/libX11.so.6.3.0
674fd000-674ff000 rw-p 00147000 08:01 136931     /usr/lib/i386-linux-gnu/libX11.so.6.3.0
674ff000-67500000 rw-p 00000000 00:00 0 
67500000-67700000 r--p 00000000 08:01 143362     /usr/lib/locale/locale-archive
67700000-67721000 rw-p 00000000 00:00 0 
67721000-67800000 ---p 00000000 00:00 0 
67800000-678fb000 rw-p 00000000 00:00 0 
678fb000-67900000 ---p 00000000 00:00 0 
6790d000-67910000 ---p 00000000 00:00 0 
67910000-6795e000 rw-p 00000000 00:00 0          [stack:8814]
6795e000-67961000 ---p 00000000 00:00 0 
67961000-679af000 rw-p 00000000 00:00 0          [stack:8803]
679af000-679b2000 ---p 00000000 00:00 0 
679b2000-67a00000 rw-p 00000000 00:00 0          [stack:8802]
67a00000-67b00000 rw-p 00000000 00:00 0 
67b04000-67b18000 r-xp 00000000 08:01 394679     /lib/i386-linux-gnu/libresolv-2.21.so
67b18000-67b1a000 r--p 00013000 08:01 394679     /lib/i386-linux-gnu/libresolv-2.21.so
67b1a000-67b1b000 rw-p 00015000 08:01 394679     /lib/i386-linux-gnu/libresolv-2.21.so
67b1b000-67b1d000 rw-p 00000000 00:00 0 
67b34000-67b4b000 r-xp 00000000 08:01 805027     /usr/lib/jvm/java-7-openjdk-i386/jre/lib/i386/libnet.so
67b4b000-67b4c000 r--p 00016000 08:01 805027     /usr/lib/jvm/java-7-openjdk-i386/jre/lib/i386/libnet.so
67b4c000-67b4d000 rw-p 00017000 08:01 805027     /usr/lib/jvm/java-7-openjdk-i386/jre/lib/i386/libnet.so
67b4d000-67b4e000 ---p 00000000 00:00 0 
67b4e000-67bce000 rw-p 00000000 00:00 0          [stack:8801]
67bce000-67d80000 r--s 01d2e000 08:01 804984     /usr/lib/jvm/java-7-openjdk-i386/jre/lib/rt.jar
67d80000-6a600000 rw-p 00000000 00:00 0 
6a600000-6a700000 rw-p 00000000 00:00 0 
6a70a000-6a711000 r-xp 00000000 08:01 137254     /usr/lib/i386-linux-gnu/libffi.so.6.0.4
6a711000-6a713000 r--p 00006000 08:01 137254     /usr/lib/i386-linux-gnu/libffi.so.6.0.4
6a713000-6a714000 rw-p 00008000 08:01 137254     /usr/lib/i386-linux-gnu/libffi.so.6.0.4
6a714000-6a734000 r-xp 00000000 08:01 138125     /usr/lib/i386-linux-gnu/libxcb.so.1.1.0
6a734000-6a735000 r--p 0001f000 08:01 138125     /usr/lib/i386-linux-gnu/libxcb.so.1.1.0
6a735000-6a736000 rw-p 00020000 08:01 138125     /usr/lib/i386-linux-gnu/libxcb.so.1.1.0
6a736000-6a77f000 rw-p 00000000 00:00 0 
6a77f000-6a780000 ---p 00000000 00:00 0 
6a780000-6a800000 rw-p 00000000 00:00 0          [stack:8789]
6a800000-6a821000 rw-p 00000000 00:00 0 
6a821000-6a900000 ---p 00000000 00:00 0 
6a900000-6a921000 rw-p 00000000 00:00 0 
6a921000-6aa00000 ---p 00000000 00:00 0 
6aa04000-6aa07000 r-xp 00000000 08:01 137371     /usr/lib/i386-linux-gnu/libgmodule-2.0.so.0.4400.0
6aa07000-6aa08000 r--p 00002000 08:01 137371     /usr/lib/i386-linux-gnu/libgmodule-2.0.so.0.4400.0
6aa08000-6aa09000 rw-p 00003000 08:01 137371     /usr/lib/i386-linux-gnu/libgmodule-2.0.so.0.4400.0
6aa09000-6aa19000 r-xp 00000000 08:01 804991     /usr/lib/jvm/java-7-openjdk-i386/jre/lib/i386/libnio.so
6aa19000-6aa1a000 r--p 00010000 08:01 804991     /usr/lib/jvm/java-7-openjdk-i386/jre/lib/i386/libnio.so
6aa1a000-6aa1b000 rw-p 00011000 08:01 804991     /usr/lib/jvm/java-7-openjdk-i386/jre/lib/i386/libnio.so
6aa1b000-6aa24000 r--s 00089000 08:01 941255     /home/student/test/Pedometer/app/build/intermediates/exploded-aar/com.android.support/appcompat-v7/23.1.1/jars/classes.jar
6aa24000-6aa7f000 rw-p 00000000 00:00 0 
6aa7f000-6aa80000 ---p 00000000 00:00 0 
6aa80000-6ab00000 rw-p 00000000 00:00 0          [stack:8788]
6ab00000-6ab21000 rw-p 00000000 00:00 0 
6ab21000-6ac00000 ---p 00000000 00:00 0 
6ac01000-6ac06000 r-xp 00000000 08:01 136946     /usr/lib/i386-linux-gnu/libXdmcp.so.6.0.0
6ac06000-6ac07000 r--p 00004000 08:01 136946     /usr/lib/i386-linux-gnu/libXdmcp.so.6.0.0
6ac07000-6ac08000 rw-p 00005000 08:01 136946     /usr/lib/i386-linux-gnu/libXdmcp.so.6.0.0
6ac08000-6ac0a000 r-xp 00000000 08:01 136935     /usr/lib/i386-linux-gnu/libXau.so.6.0.0
6ac0a000-6ac0b000 r--p 00001000 08:01 136935     /usr/lib/i386-linux-gnu/libXau.so.6.0.0
6ac0b000-6ac0c000 rw-p 00002000 08:01 136935     /usr/lib/i386-linux-gnu/libXau.so.6.0.0
6ac0c000-6ac27000 rw-p 00000000 00:00 0 
6ac27000-6ac28000 ---p 00000000 00:00 0 
6ac28000-6aca8000 rw-p 00000000 00:00 0          [stack:8787]
6aca8000-6aca9000 ---p 00000000 00:00 0 
6aca9000-6ad31000 rw-p 00000000 00:00 0          [stack:8786]
6ad31000-6ad69000 rw-p 00000000 00:00 0 
6ad69000-6ad7e000 rw-p 00000000 00:00 0 
6ad7e000-6aebf000 rw-p 00000000 00:00 0 
6aebf000-6aec7000 rw-p 00000000 00:00 0 
6aec7000-6aeff000 rw-p 00000000 00:00 0 
6aeff000-6af14000 rw-p 00000000 00:00 0 
6af14000-6b054000 rw-p 00000000 00:00 0 
6b054000-6b078000 rw-p 00000000 00:00 0 
6b078000-6b0ff000 rw-p 00000000 00:00 0 
6b0ff000-6c100000 rw-p 00000000 00:00 0 
6c100000-73100000 rw-p 00000000 00:00 0 
73100000-75b00000 rw-p 00000000 00:00 0 
75b00000-9db80000 rw-p 00000000 00:00 0 
9db80000-a2180000 rw-p 00000000 00:00 0 
a7900000-b3100000 rw-p 00000000 00:00 0 
b3100000-b3102000 r-xp 00000000 08:01 141618     /usr/lib/jayatana/libjayatanaag.so
b3102000-b3103000 r--p 00001000 08:01 141618     /usr/lib/jayatana/libjayatanaag.so
b3103000-b3104000 rw-p 00002000 08:01 141618     /usr/lib/jayatana/libjayatanaag.so
b3104000-b3113000 r--s 000df000 08:01 1068117    /home/student/Android/Sdk/build-tools/23.0.2/lib/dx.jar
b3113000-b3117000 r--s 00085000 08:01 804976     /usr/lib/jvm/java-7-openjdk-i386/jre/lib/ext/localedata.jar
b3117000-b3120000 rw-p 00000000 00:00 0 
b3120000-b31d7000 rw-p 00000000 00:00 0 
b31d7000-b3417000 rwxp 00000000 00:00 0 
b3417000-b61d7000 rw-p 00000000 00:00 0 
b61d7000-b61e3000 r-xp 00000000 08:01 394626     /lib/i386-linux-gnu/libnss_files-2.21.so
b61e3000-b61e4000 r--p 0000b000 08:01 394626     /lib/i386-linux-gnu/libnss_files-2.21.so
b61e4000-b61e5000 rw-p 0000c000 08:01 394626     /lib/i386-linux-gnu/libnss_files-2.21.so
b61e5000-b61fc000 r-xp 00000000 08:01 394620     /lib/i386-linux-gnu/libnsl-2.21.so
b61fc000-b61fd000 r--p 00016000 08:01 394620     /lib/i386-linux-gnu/libnsl-2.21.so
b61fd000-b61fe000 rw-p 00017000 08:01 394620     /lib/i386-linux-gnu/libnsl-2.21.so
b61fe000-b6200000 rw-p 00000000 00:00 0 
b6200000-b6300000 rw-p 00000000 00:00 0 
b6302000-b6303000 r--s 00000000 08:01 414147     /usr/share/java/jayatanaag.jar
b6303000-b6307000 r--s 00034000 08:01 804978     /usr/lib/jvm/java-7-openjdk-i386/jre/lib/ext/sunjce_provider.jar
b6307000-b630b000 r--s 0003c000 08:01 804979     /usr/lib/jvm/java-7-openjdk-i386/jre/lib/ext/sunpkcs11.jar
b630b000-b6316000 r-xp 00000000 08:01 394636     /lib/i386-linux-gnu/libnss_nis-2.21.so
b6316000-b6317000 r--p 0000a000 08:01 394636     /lib/i386-linux-gnu/libnss_nis-2.21.so
b6317000-b6318000 rw-p 0000b000 08:01 394636     /lib/i386-linux-gnu/libnss_nis-2.21.so
b6318000-b6320000 r-xp 00000000 08:01 394622     /lib/i386-linux-gnu/libnss_compat-2.21.so
b6320000-b6321000 r--p 00007000 08:01 394622     /lib/i386-linux-gnu/libnss_compat-2.21.so
b6321000-b6322000 rw-p 00008000 08:01 394622     /lib/i386-linux-gnu/libnss_compat-2.21.so
b6322000-b6325000 r--s 0000f000 08:01 804977     /usr/lib/jvm/java-7-openjdk-i386/jre/lib/ext/icedtea-sound.jar
b6325000-b6327000 r--s 00012000 08:01 804975     /usr/lib/jvm/java-7-openjdk-i386/jre/lib/ext/zipfs.jar
b6327000-b632f000 r-xp 00000000 08:01 804995     /usr/lib/jvm/java-7-openjdk-i386/jre/lib/i386/libzip.so
b632f000-b6330000 r--p 00007000 08:01 804995     /usr/lib/jvm/java-7-openjdk-i386/jre/lib/i386/libzip.so
b6330000-b6331000 rw-p 00008000 08:01 804995     /usr/lib/jvm/java-7-openjdk-i386/jre/lib/i386/libzip.so
b6331000-b6339000 rw-s 00000000 08:01 429072     /tmp/hsperfdata_student/8780
b6339000-b6343000 r-xp 00000000 08:01 805017     /usr/lib/jvm/java-7-openjdk-i386/jre/lib/i386/libinstrument.so
b6343000-b6344000 r--p 00009000 08:01 805017     /usr/lib/jvm/java-7-openjdk-i386/jre/lib/i386/libinstrument.so
b6344000-b6345000 rw-p 0000a000 08:01 805017     /usr/lib/jvm/java-7-openjdk-i386/jre/lib/i386/libinstrument.so
b6345000-b636b000 r-xp 00000000 08:01 805003     /usr/lib/jvm/java-7-openjdk-i386/jre/lib/i386/libjava.so
b636b000-b636c000 r--p 00025000 08:01 805003     /usr/lib/jvm/java-7-openjdk-i386/jre/lib/i386/libjava.so
b636c000-b636d000 rw-p 00026000 08:01 805003     /usr/lib/jvm/java-7-openjdk-i386/jre/lib/i386/libjava.so
b636d000-b6374000 r-xp 00000000 08:01 394681     /lib/i386-linux-gnu/librt-2.21.so
b6374000-b6375000 r--p 00006000 08:01 394681     /lib/i386-linux-gnu/librt-2.21.so
b6375000-b6376000 rw-p 00007000 08:01 394681     /lib/i386-linux-gnu/librt-2.21.so
b6376000-b6379000 ---p 00000000 00:00 0 
b6379000-b63c7000 rw-p 00000000 00:00 0          [stack:8785]
b63c7000-b63e3000 r-xp 00000000 08:01 394569     /lib/i386-linux-gnu/libgcc_s.so.1
b63e3000-b63e4000 rw-p 0001b000 08:01 394569     /lib/i386-linux-gnu/libgcc_s.so.1
b63e4000-b642f000 r-xp 00000000 08:01 394599     /lib/i386-linux-gnu/libm-2.21.so
b642f000-b6430000 r--p 0004a000 08:01 394599     /lib/i386-linux-gnu/libm-2.21.so
b6430000-b6431000 rw-p 0004b000 08:01 394599     /lib/i386-linux-gnu/libm-2.21.so
b6431000-b651a000 r-xp 00000000 08:01 137921     /usr/lib/i386-linux-gnu/libstdc++.so.6.0.20
b651a000-b651e000 r--p 000e9000 08:01 137921     /usr/lib/i386-linux-gnu/libstdc++.so.6.0.20
b651e000-b651f000 rw-p 000ed000 08:01 137921     /usr/lib/i386-linux-gnu/libstdc++.so.6.0.20
b651f000-b6526000 rw-p 00000000 00:00 0 
b6526000-b7079000 r-xp 00000000 08:01 805013     /usr/lib/jvm/java-7-openjdk-i386/jre/lib/i386/server/libjvm.so
b7079000-b70cd000 r--p 00b52000 08:01 805013     /usr/lib/jvm/java-7-openjdk-i386/jre/lib/i386/server/libjvm.so
b70cd000-b70e1000 rw-p 00ba6000 08:01 805013     /usr/lib/jvm/java-7-openjdk-i386/jre/lib/i386/server/libjvm.so
b70e1000-b7500000 rw-p 00000000 00:00 0 
b7500000-b7519000 r-xp 00000000 08:01 394714     /lib/i386-linux-gnu/libz.so.1.2.8
b7519000-b751a000 r--p 00019000 08:01 394714     /lib/i386-linux-gnu/libz.so.1.2.8
b751a000-b751b000 rw-p 0001a000 08:01 394714     /lib/i386-linux-gnu/libz.so.1.2.8
b751b000-b7534000 r-xp 00000000 08:01 394673     /lib/i386-linux-gnu/libpthread-2.21.so
b7534000-b7535000 r--p 00018000 08:01 394673     /lib/i386-linux-gnu/libpthread-2.21.so
b7535000-b7536000 rw-p 00019000 08:01 394673     /lib/i386-linux-gnu/libpthread-2.21.so
b7536000-b7538000 rw-p 00000000 00:00 0 
b7538000-b753b000 r-xp 00000000 08:01 394557     /lib/i386-linux-gnu/libdl-2.21.so
b753b000-b753c000 r--p 00002000 08:01 394557     /lib/i386-linux-gnu/libdl-2.21.so
b753c000-b753d000 rw-p 00003000 08:01 394557     /lib/i386-linux-gnu/libdl-2.21.so
b753d000-b76f1000 r-xp 00000000 08:01 394540     /lib/i386-linux-gnu/libc-2.21.so
b76f1000-b76f4000 r--p 001b3000 08:01 394540     /lib/i386-linux-gnu/libc-2.21.so
b76f4000-b76f6000 rw-p 001b6000 08:01 394540     /lib/i386-linux-gnu/libc-2.21.so
b76f6000-b76f8000 rw-p 00000000 00:00 0 
b76f8000-b76f9000 r--s 00002000 08:01 804980     /usr/lib/jvm/java-7-openjdk-i386/jre/lib/ext/dnsns.jar
b76f9000-b76fb000 r--s 00006000 08:01 399091     /usr/share/java/java-atk-wrapper.jar
b76fb000-b76fc000 r--p 005e0000 08:01 143362     /usr/lib/locale/locale-archive
b76fc000-b76fd000 rw-p 00000000 00:00 0 
b76fd000-b76fe000 ---p 00000000 00:00 0 
b76fe000-b770c000 r-xp 00000000 08:01 805022     /usr/lib/jvm/java-7-openjdk-i386/jre/lib/i386/libverify.so
b770c000-b770e000 r--p 0000d000 08:01 805022     /usr/lib/jvm/java-7-openjdk-i386/jre/lib/i386/libverify.so
b770e000-b770f000 rw-p 0000f000 08:01 805022     /usr/lib/jvm/java-7-openjdk-i386/jre/lib/i386/libverify.so
b770f000-b771b000 r-xp 00000000 08:01 805024     /usr/lib/jvm/java-7-openjdk-i386/jre/lib/i386/jli/libjli.so
b771b000-b771c000 r--p 0000b000 08:01 805024     /usr/lib/jvm/java-7-openjdk-i386/jre/lib/i386/jli/libjli.so
b771c000-b771d000 rw-p 0000c000 08:01 805024     /usr/lib/jvm/java-7-openjdk-i386/jre/lib/i386/jli/libjli.so
b771d000-b7720000 rw-p 00000000 00:00 0 
b7720000-b7722000 r--p 00000000 00:00 0          [vvar]
b7722000-b7723000 r-xp 00000000 00:00 0          [vdso]
b7723000-b7745000 r-xp 00000000 08:01 394512     /lib/i386-linux-gnu/ld-2.21.so
b7745000-b7746000 r--p 00021000 08:01 394512     /lib/i386-linux-gnu/ld-2.21.so
b7746000-b7747000 rw-p 00022000 08:01 394512     /lib/i386-linux-gnu/ld-2.21.so
bff7f000-bff80000 rwxp 00000000 00:00 0 
bffb1000-bffd3000 rw-p 00000000 00:00 0          [stack]

VM Arguments:
jvm_args: -javaagent:/usr/share/java/jayatanaag.jar -Djava.awt.headless=true -Xmx1024M -Dfile.encoding=UTF-8 -Duser.country=US -Duser.language=en -Duser.variant 
java_command: com.android.dx.command.Main --dex --num-threads=4 --output /home/student/test/Pedometer/app/build/intermediates/pre-dexed/debug/com.android.support-appcompat-v7-23.1.1_e2de87a59e53f0e284a70814a1dc4fff482f1405.jar /home/student/test/Pedometer/app/build/intermediates/exploded-aar/com.android.support/appcompat-v7/23.1.1/jars/classes.jar
Launcher Type: SUN_STANDARD

Environment Variables:
JAVA_TOOL_OPTIONS=-javaagent:/usr/share/java/jayatanaag.jar 
PATH=/home/student/.linuxbrew/bin:/usr/local/sbin:/usr/local/bin:/usr/sbin:/usr/bin:/sbin:/bin:/usr/games:/usr/local/games:/etc/android-studio/bin/:/home/student/Android/Sdk/platform-tools:/home/student/Android/Sdk/tools
LD_LIBRARY_PATH=/etc/android-studio/bin:
SHELL=/bin/bash
DISPLAY=:0

Signal Handlers:
SIGSEGV: [libjvm.so+0x7f7d00], sa_mask[0]=0x7ffbfeff, sa_flags=0x10000004
SIGBUS: [libjvm.so+0x7f7d00], sa_mask[0]=0x7ffbfeff, sa_flags=0x10000004
SIGFPE: [libjvm.so+0x67a9d0], sa_mask[0]=0x7ffbfeff, sa_flags=0x10000004
SIGPIPE: [libjvm.so+0x67a9d0], sa_mask[0]=0x7ffbfeff, sa_flags=0x10000004
SIGXFSZ: [libjvm.so+0x67a9d0], sa_mask[0]=0x7ffbfeff, sa_flags=0x10000004
SIGILL: [libjvm.so+0x67a9d0], sa_mask[0]=0x7ffbfeff, sa_flags=0x10000004
SIGUSR1: SIG_DFL, sa_mask[0]=0x00000000, sa_flags=0x00000000
SIGUSR2: [libjvm.so+0x67a820], sa_mask[0]=0x00000004, sa_flags=0x10000004
SIGHUP: [libjvm.so+0x67aa80], sa_mask[0]=0x7ffbfeff, sa_flags=0x10000004
SIGINT: [libjvm.so+0x67aa80], sa_mask[0]=0x7ffbfeff, sa_flags=0x10000004
SIGTERM: [libjvm.so+0x67aa80], sa_mask[0]=0x7ffbfeff, sa_flags=0x10000004
SIGQUIT: [libjvm.so+0x67aa80], sa_mask[0]=0x7ffbfeff, sa_flags=0x10000004
SIGTRAP: SIG_DFL, sa_mask[0]=0x00000000, sa_flags=0x00000000


---------------  S Y S T E M  ---------------

OS:Ubuntu 15.04 (vivid)
uname:Linux 3.19.0-18-generic #18-Ubuntu SMP Tue May 19 18:30:59 UTC 2015 i686
libc:glibc 2.21 NPTL 2.21 
rlimit: STACK 8192k, CORE 0k, NPROC 32177, NOFILE 65536, AS infinity
load average:2.92 1.42 1.06

/proc/meminfo:
MemTotal:        4139540 kB
MemFree:          223500 kB
MemAvailable:     145780 kB
Buffers:             968 kB
Cached:            54392 kB
SwapCached:            0 kB
Active:          3540708 kB
Inactive:          45684 kB
Active(anon):    3532884 kB
Inactive(anon):    39456 kB
Active(file):       7824 kB
Inactive(file):     6228 kB
Unevictable:          32 kB
Mlocked:              32 kB
HighTotal:       3280776 kB
HighFree:          41084 kB
LowTotal:         858764 kB
LowFree:          182416 kB
SwapTotal:             0 kB
SwapFree:              0 kB
Dirty:                32 kB
Writeback:             0 kB
AnonPages:       3531900 kB
Mapped:            41580 kB
Shmem:             40552 kB
Slab:              45576 kB
SReclaimable:      19820 kB
SUnreclaim:        25756 kB
KernelStack:        5216 kB
PageTables:        17264 kB
NFS_Unstable:          0 kB
Bounce:                0 kB
WritebackTmp:          0 kB
CommitLimit:     2069768 kB
Committed_AS:    6783964 kB
VmallocTotal:     122880 kB
VmallocUsed:       23364 kB
VmallocChunk:      82740 kB
AnonHugePages:   2781184 kB
CmaTotal:              0 kB
CmaFree:               0 kB
HugePages_Total:       0
HugePages_Free:        0
HugePages_Rsvd:        0
HugePages_Surp:        0
Hugepagesize:       2048 kB
DirectMap4k:       55288 kB
DirectMap2M:      858112 kB


CPU:total 4 (1 cores per cpu, 1 threads per core) family 6 model 58 stepping 9, cmov, cx8, fxsr, mmx, sse, sse2, sse3, ssse3, sse4.1, sse4.2, popcnt, avx, aes, erms, tsc, tscinvbit, tscinv

/proc/cpuinfo:
processor	: 0
vendor_id	: GenuineIntel
cpu family	: 6
model		: 58
model name	: Intel(R) Core(TM) i5-3210M CPU @ 2.50GHz
stepping	: 9
microcode	: 0x15
cpu MHz		: 2494.111
cache size	: 3072 KB
physical id	: 0
siblings	: 1
core id		: 0
cpu cores	: 1
apicid		: 0
initial apicid	: 0
fdiv_bug	: no
f00f_bug	: no
coma_bug	: no
fpu		: yes
fpu_exception	: yes
cpuid level	: 13
wp		: yes
flags		: fpu vme de pse tsc msr pae mce cx8 apic sep mtrr pge mca cmov pat pse36 clflush dts mmx fxsr sse sse2 ss nx rdtscp lm constant_tsc arch_perfmon pebs bts xtopology tsc_reliable nonstop_tsc aperfmperf pni pclmulqdq ssse3 cx16 pcid sse4_1 sse4_2 x2apic popcnt tsc_deadline_timer aes xsave avx f16c rdrand hypervisor lahf_lm ida arat epb pln pts dtherm fsgsbase tsc_adjust smep
bugs		:
bogomips	: 4988.22
clflush size	: 64
cache_alignment	: 64
address sizes	: 42 bits physical, 48 bits virtual
power management:

processor	: 1
vendor_id	: GenuineIntel
cpu family	: 6
model		: 58
model name	: Intel(R) Core(TM) i5-3210M CPU @ 2.50GHz
stepping	: 9
microcode	: 0x15
cpu MHz		: 2494.111
cache size	: 3072 KB
physical id	: 2
siblings	: 1
core id		: 0
cpu cores	: 1
apicid		: 2
initial apicid	: 2
fdiv_bug	: no
f00f_bug	: no
coma_bug	: no
fpu		: yes
fpu_exception	: yes
cpuid level	: 13
wp		: yes
flags		: fpu vme de pse tsc msr pae mce cx8 apic sep mtrr pge mca cmov pat pse36 clflush dts mmx fxsr sse sse2 ss nx rdtscp lm constant_tsc arch_perfmon pebs bts xtopology tsc_reliable nonstop_tsc aperfmperf pni pclmulqdq ssse3 cx16 pcid sse4_1 sse4_2 x2apic popcnt tsc_deadline_timer aes xsave avx f16c rdrand hypervisor lahf_lm ida arat epb pln pts dtherm fsgsbase tsc_adjust smep
bugs		:
bogomips	: 4988.22
clflush size	: 64
cache_alignment	: 64
address sizes	: 42 bits physical, 48 bits virtual
power management:

processor	: 2
vendor_id	: GenuineIntel
cpu family	: 6
model		: 58
model name	: Intel(R) Core(TM) i5-3210M CPU @ 2.50GHz
stepping	: 9
microcode	: 0x15
cpu MHz		: 2494.111
cache size	: 3072 KB
physical id	: 4
siblings	: 1
core id		: 0
cpu cores	: 1
apicid		: 4
initial apicid	: 4
fdiv_bug	: no
f00f_bug	: no
coma_bug	: no
fpu		: yes
fpu_exception	: yes
cpuid level	: 13
wp		: yes
flags		: fpu vme de pse tsc msr pae mce cx8 apic sep mtrr pge mca cmov pat pse36 clflush dts mmx fxsr sse sse2 ss nx rdtscp lm constant_tsc arch_perfmon pebs bts xtopology tsc_reliable nonstop_tsc aperfmperf pni pclmulqdq ssse3 cx16 pcid sse4_1 sse4_2 x2apic popcnt tsc_deadline_timer aes xsave avx f16c rdrand hypervisor lahf_lm ida arat epb pln pts dtherm fsgsbase tsc_adjust smep
bugs		:
bogomips	: 4988.22
clflush size	: 64
cache_alignment	: 64
address sizes	: 42 bits physical, 48 bits virtual
power management:

processor	: 3
vendor_id	: GenuineIntel
cpu family	: 6
model		: 58
model name	: Intel(R) Core(TM) i5-3210M CPU @ 2.50GHz
stepping	: 9
microcode	: 0x15
cpu MHz		: 2494.111
cache size	: 3072 KB
physical id	: 6
siblings	: 1
core id		: 0
cpu cores	: 1
apicid		: 6
initial apicid	: 6
fdiv_bug	: no
f00f_bug	: no
coma_bug	: no
fpu		: yes
fpu_exception	: yes
cpuid level	: 13
wp		: yes
flags		: fpu vme de pse tsc msr pae mce cx8 apic sep mtrr pge mca cmov pat pse36 clflush dts mmx fxsr sse sse2 ss nx rdtscp lm constant_tsc arch_perfmon pebs bts xtopology tsc_reliable nonstop_tsc aperfmperf pni pclmulqdq ssse3 cx16 pcid sse4_1 sse4_2 x2apic popcnt tsc_deadline_timer aes xsave avx f16c rdrand hypervisor lahf_lm ida arat epb pln pts dtherm fsgsbase tsc_adjust smep
bugs		:
bogomips	: 4988.22
clflush size	: 64
cache_alignment	: 64
address sizes	: 42 bits physical, 48 bits virtual
power management:



Memory: 4k page, physical 4139540k(223500k free), swap 0k(0k free)

vm_info: OpenJDK Server VM (24.91-b01) for linux-x86 JRE (1.7.0_91-b02), built on Nov 19 2015 06:25:06 by "buildd" with gcc 4.9.2

time: Sun May  1 03:17:03 2016
elapsed time: 8 seconds

