#
# There is insufficient memory for the Java Runtime Environment to continue.
# Native memory allocation (malloc) failed to allocate 1244152 bytes for Chunk::new
# Possible reasons:
#   The system is out of physical RAM or swap space
#   In 32 bit mode, the process size limit was hit
# Possible solutions:
#   Reduce memory load on the system
#   Increase physical memory or swap space
#   Check if swap backing store is full
#   Use 64 bit Java on a 64 bit OS
#   Decrease Java heap size (-Xmx/-Xms)
#   Decrease number of Java threads
#   Decrease Java thread stack sizes (-Xss)
#   Set larger code cache with -XX:ReservedCodeCacheSize=
# This output file may be truncated or incomplete.
#
#  Out of Memory Error (allocation.cpp:326), pid=12561, tid=1731410752
#
# JRE version: OpenJDK Runtime Environment (7.0_91-b02) (build 1.7.0_91-b02)
# Java VM: OpenJDK Server VM (24.91-b01 mixed mode linux-x86 )
# Derivative: IcedTea 2.6.3
# Distribution: Ubuntu 15.04, package 7u91-2.6.3-0ubuntu0.15.04.1
# Failed to write core dump. Core dumps have been disabled. To enable core dumping, try "ulimit -c unlimited" before starting Java again
#

---------------  T H R E A D  ---------------

Current thread (0x67aeb800):  JavaThread "C2 CompilerThread1" daemon [_thread_in_native, id=12610, stack(0x672b3000,0x67334000)]

Stack: [0x672b3000,0x67334000]

Current CompileTask:
C2:  14492  246             com.android.dx.ssa.SCCP::run (298 bytes)


---------------  P R O C E S S  ---------------

Java Threads: ( => current thread )
  0x6704e800 JavaThread "pool-1-thread-4" [_thread_blocked, id=12632, stack(0x669a2000,0x669f3000)]
  0x67050400 JavaThread "pool-1-thread-3" [_thread_blocked, id=12631, stack(0x669f3000,0x66a44000)]
  0x6704d400 JavaThread "pool-1-thread-2" [_thread_blocked, id=12630, stack(0x66a44000,0x66a95000)]
  0x67041000 JavaThread "pool-2-thread-1" [_thread_blocked, id=12629, stack(0x66a95000,0x66ae6000)]
  0x6703ec00 JavaThread "pool-1-thread-1" [_thread_blocked, id=12628, stack(0x6711a000,0x6716b000)]
  0x67aed800 JavaThread "Service Thread" daemon [_thread_blocked, id=12611, stack(0x67262000,0x672b3000)]
=>0x67aeb800 JavaThread "C2 CompilerThread1" daemon [_thread_in_native, id=12610, stack(0x672b3000,0x67334000)]
  0x67aea400 JavaThread "C2 CompilerThread0" daemon [_thread_blocked, id=12609, stack(0x67334000,0x673b5000)]
  0x67a97400 JavaThread "Signal Dispatcher" daemon [_thread_blocked, id=12597, stack(0x6790d000,0x6795e000)]
  0x67a85400 JavaThread "Finalizer" daemon [_thread_blocked, id=12592, stack(0x6795e000,0x679af000)]
  0x67a83c00 JavaThread "Reference Handler" daemon [_thread_blocked, id=12591, stack(0x679af000,0x67a00000)]
  0xb6208400 JavaThread "main" [_thread_blocked, id=12573, stack(0xb6384000,0xb63d5000)]

Other Threads:
  0x67a81400 VMThread [stack: 0x67b4d000,0x67bce000] [id=12589]
  0x67aef800 WatcherThread [stack: 0x671e1000,0x67262000] [id=12612]

VM state:at safepoint (normal execution)

VM Mutex/Monitor currently owned by a thread:  ([mutex/lock_event])
[0xb6205df0] Threads_lock - owner thread: 0x67a81400
[0xb6206200] Heap_lock - owner thread: 0x6704e800

Heap
 PSYoungGen      total 69120K, used 2546K [0x9db80000, 0xa2180000, 0xb3100000)
  eden space 66560K, 0% used [0x9db80000,0x9db80000,0xa1c80000)
  from space 2560K, 99% used [0xa1c80000,0xa1efcad0,0xa1f00000)
  to   space 2560K, 0% used [0xa1f00000,0xa1f00000,0xa2180000)
 ParOldGen       total 43008K, used 24272K [0x73100000, 0x75b00000, 0x9db80000)
  object space 43008K, 56% used [0x73100000,0x748b40e8,0x75b00000)
 PSPermGen       total 16384K, used 4285K [0x6b100000, 0x6c100000, 0x73100000)
  object space 16384K, 26% used [0x6b100000,0x6b52f570,0x6c100000)

Card table byte_map: [0x6aebf000,0x6b100000] byte_map_base: 0x6ab66800

Polling page: 0xb770b000

Code Cache  [0xb31e5000, 0xb3425000, 0xb61e5000)
 total_blobs=391 nmethods=268 adapters=76 free_code_cache=48208Kb largest_free_block=49323072

Compilation events (10 events):
Event: 11.791 Thread 0x67aea400 nmethod 268 0xb32b6408 code [0xb32b6500, 0xb32b6650]
Event: 11.792 Thread 0x67aea400  269             com.android.dx.util.IntList::contains (14 bytes)
Event: 11.795 Thread 0x67aea400 nmethod 269 0xb32b5fc8 code [0xb32b60c0, 0xb32b6270]
Event: 11.795 Thread 0x67aea400  271             com.android.dx.ssa.SsaBasicBlock::forEachPhiInsn (54 bytes)
Event: 11.866 Thread 0x67aea400 nmethod 271 0xb32a6b48 code [0xb32a6d20, 0xb32a73d8]
Event: 11.867 Thread 0x67aea400  272             com.android.dx.rop.code.CstInsn::getConstant (5 bytes)
Event: 11.867 Thread 0x67aea400 nmethod 272 0xb32aba88 code [0xb32abb60, 0xb32abbb0]
Event: 11.867 Thread 0x67aea400  273             java.lang.Object::equals (11 bytes)
Event: 11.867 Thread 0x67aea400 nmethod 273 0xb32ab908 code [0xb32ab9e0, 0xb32aba30]
Event: 11.867 Thread 0x67aea400  274   !         com.android.dx.cf.code.Ropper::processBlock (1101 bytes)

GC Heap History (9 events):
Event: 0.725 GC heap before
{Heap before GC invocations=1 (full 0):
 PSYoungGen      total 19200K, used 16640K [0x9db80000, 0x9f0c0000, 0xb3100000)
  eden space 16640K, 100% used [0x9db80000,0x9ebc0000,0x9ebc0000)
  from space 2560K, 0% used [0x9ee40000,0x9ee40000,0x9f0c0000)
  to   space 2560K, 0% used [0x9ebc0000,0x9ebc0000,0x9ee40000)
 ParOldGen       total 43008K, used 0K [0x73100000, 0x75b00000, 0x9db80000)
  object space 43008K, 0% used [0x73100000,0x73100000,0x75b00000)
 PSPermGen       total 16384K, used 3027K [0x6b100000, 0x6c100000, 0x73100000)
  object space 16384K, 18% used [0x6b100000,0x6b3f4fd0,0x6c100000)
Event: 0.736 GC heap after
Heap after GC invocations=1 (full 0):
 PSYoungGen      total 19200K, used 1220K [0x9db80000, 0xa0100000, 0xb3100000)
  eden space 16640K, 0% used [0x9db80000,0x9db80000,0x9ebc0000)
  from space 2560K, 47% used [0x9ebc0000,0x9ecf1128,0x9ee40000)
  to   space 2560K, 0% used [0x9fe80000,0x9fe80000,0xa0100000)
 ParOldGen       total 43008K, used 4K [0x73100000, 0x75b00000, 0x9db80000)
  object space 43008K, 0% used [0x73100000,0x73101000,0x75b00000)
 PSPermGen       total 16384K, used 3027K [0x6b100000, 0x6c100000, 0x73100000)
  object space 16384K, 18% used [0x6b100000,0x6b3f4fd0,0x6c100000)
}
Event: 2.100 GC heap before
{Heap before GC invocations=2 (full 0):
 PSYoungGen      total 19200K, used 17860K [0x9db80000, 0xa0100000, 0xb3100000)
  eden space 16640K, 100% used [0x9db80000,0x9ebc0000,0x9ebc0000)
  from space 2560K, 47% used [0x9ebc0000,0x9ecf1128,0x9ee40000)
  to   space 2560K, 0% used [0x9fe80000,0x9fe80000,0xa0100000)
 ParOldGen       total 43008K, used 4K [0x73100000, 0x75b00000, 0x9db80000)
  object space 43008K, 0% used [0x73100000,0x73101000,0x75b00000)
 PSPermGen       total 16384K, used 4128K [0x6b100000, 0x6c100000, 0x73100000)
  object space 16384K, 25% used [0x6b100000,0x6b508110,0x6c100000)
Event: 2.139 GC heap after
Heap after GC invocations=2 (full 0):
 PSYoungGen      total 35840K, used 2549K [0x9db80000, 0xa0100000, 0xb3100000)
  eden space 33280K, 0% used [0x9db80000,0x9db80000,0x9fc00000)
  from space 2560K, 99% used [0x9fe80000,0xa00fd480,0xa0100000)
  to   space 2560K, 0% used [0x9fc00000,0x9fc00000,0x9fe80000)
 ParOldGen       total 43008K, used 1809K [0x73100000, 0x75b00000, 0x9db80000)
  object space 43008K, 4% used [0x73100000,0x732c4748,0x75b00000)
 PSPermGen       total 16384K, used 4128K [0x6b100000, 0x6c100000, 0x73100000)
  object space 16384K, 25% used [0x6b100000,0x6b508110,0x6c100000)
}
Event: 4.688 GC heap before
{Heap before GC invocations=3 (full 0):
 PSYoungGen      total 35840K, used 35829K [0x9db80000, 0xa0100000, 0xb3100000)
  eden space 33280K, 100% used [0x9db80000,0x9fc00000,0x9fc00000)
  from space 2560K, 99% used [0x9fe80000,0xa00fd480,0xa0100000)
  to   space 2560K, 0% used [0x9fc00000,0x9fc00000,0x9fe80000)
 ParOldGen       total 43008K, used 1809K [0x73100000, 0x75b00000, 0x9db80000)
  object space 43008K, 4% used [0x73100000,0x732c4748,0x75b00000)
 PSPermGen       total 16384K, used 4237K [0x6b100000, 0x6c100000, 0x73100000)
  object space 16384K, 25% used [0x6b100000,0x6b523668,0x6c100000)
Event: 4.752 GC heap after
Heap after GC invocations=3 (full 0):
 PSYoungGen      total 35840K, used 2550K [0x9db80000, 0xa2180000, 0xb3100000)
  eden space 33280K, 0% used [0x9db80000,0x9db80000,0x9fc00000)
  from space 2560K, 99% used [0x9fc00000,0x9fe7d900,0x9fe80000)
  to   space 2560K, 0% used [0xa1f00000,0xa1f00000,0xa2180000)
 ParOldGen       total 43008K, used 7529K [0x73100000, 0x75b00000, 0x9db80000)
  object space 43008K, 17% used [0x73100000,0x7385a770,0x75b00000)
 PSPermGen       total 16384K, used 4237K [0x6b100000, 0x6c100000, 0x73100000)
  object space 16384K, 25% used [0x6b100000,0x6b523668,0x6c100000)
}
Event: 7.480 GC heap before
{Heap before GC invocations=4 (full 0):
 PSYoungGen      total 35840K, used 35830K [0x9db80000, 0xa2180000, 0xb3100000)
  eden space 33280K, 100% used [0x9db80000,0x9fc00000,0x9fc00000)
  from space 2560K, 99% used [0x9fc00000,0x9fe7d900,0x9fe80000)
  to   space 2560K, 0% used [0xa1f00000,0xa1f00000,0xa2180000)
 ParOldGen       total 43008K, used 7529K [0x73100000, 0x75b00000, 0x9db80000)
  object space 43008K, 17% used [0x73100000,0x7385a770,0x75b00000)
 PSPermGen       total 16384K, used 4259K [0x6b100000, 0x6c100000, 0x73100000)
  object space 16384K, 25% used [0x6b100000,0x6b528e18,0x6c100000)
Event: 7.599 GC heap after
Heap after GC invocations=4 (full 0):
 PSYoungGen      total 69120K, used 2545K [0x9db80000, 0xa2180000, 0xb3100000)
  eden space 66560K, 0% used [0x9db80000,0x9db80000,0xa1c80000)
  from space 2560K, 99% used [0xa1f00000,0xa217c6f8,0xa2180000)
  to   space 2560K, 0% used [0xa1c80000,0xa1c80000,0xa1f00000)
 ParOldGen       total 43008K, used 13561K [0x73100000, 0x75b00000, 0x9db80000)
  object space 43008K, 31% used [0x73100000,0x73e3e628,0x75b00000)
 PSPermGen       total 16384K, used 4259K [0x6b100000, 0x6c100000, 0x73100000)
  object space 16384K, 25% used [0x6b100000,0x6b528e18,0x6c100000)
}
Event: 14.027 GC heap before
{Heap before GC invocations=5 (full 0):
 PSYoungGen      total 69120K, used 69105K [0x9db80000, 0xa2180000, 0xb3100000)
  eden space 66560K, 100% used [0x9db80000,0xa1c80000,0xa1c80000)
  from space 2560K, 99% used [0xa1f00000,0xa217c6f8,0xa2180000)
  to   space 2560K, 0% used [0xa1c80000,0xa1c80000,0xa1f00000)
 ParOldGen       total 43008K, used 13561K [0x73100000, 0x75b00000, 0x9db80000)
  object space 43008K, 31% used [0x73100000,0x73e3e628,0x75b00000)
 PSPermGen       total 16384K, used 4285K [0x6b100000, 0x6c100000, 0x73100000)
  object space 16384K, 26% used [0x6b100000,0x6b52f570,0x6c100000)

Deoptimization events (10 events):
Event: 5.006 Thread 0x6704e800 Uncommon trap: reason=unstable_if action=reinterpret pc=0xb32902ac method=com.android.dx.ssa.LocalVariableExtractor.processBlock(I)V @ 251
Event: 5.105 Thread 0x6703ec00 Uncommon trap: reason=class_check action=maybe_recompile pc=0xb326fc18 method=java.util.HashMap.put(Ljava/lang/Object;Ljava/lang/Object;)Ljava/lang/Object; @ 83
Event: 5.105 Thread 0x6703ec00 Uncommon trap: reason=class_check action=maybe_recompile pc=0xb326fc18 method=java.util.HashMap.put(Ljava/lang/Object;Ljava/lang/Object;)Ljava/lang/Object; @ 83
Event: 5.105 Thread 0x6703ec00 Uncommon trap: reason=class_check action=maybe_recompile pc=0xb326fc18 method=java.util.HashMap.put(Ljava/lang/Object;Ljava/lang/Object;)Ljava/lang/Object; @ 83
Event: 5.105 Thread 0x6703ec00 Uncommon trap: reason=class_check action=maybe_recompile pc=0xb326fc18 method=java.util.HashMap.put(Ljava/lang/Object;Ljava/lang/Object;)Ljava/lang/Object; @ 83
Event: 6.391 Thread 0xb6208400 Uncommon trap: reason=null_check action=make_not_entrant pc=0xb3271cb4 method=com.android.dx.rop.type.Type.putIntern(Lcom/android/dx/rop/type/Type;)Lcom/android/dx/rop/type/Type; @ 18
Event: 8.916 Thread 0x6704e800 Uncommon trap: reason=unstable_if action=reinterpret pc=0xb324c5bc method=com.android.dx.util.IntList.binarysearch(I)I @ 105
Event: 10.240 Thread 0xb6208400 Uncommon trap: reason=unstable_if action=reinterpret pc=0xb325edac method=com.android.dx.util.IntList.binarysearch(I)I @ 105
Event: 13.222 Thread 0xb6208400 Uncommon trap: reason=unloaded action=reinterpret pc=0xb32c1c84 method=com.android.dx.cf.cst.ConstantPoolParser.parse0(ILjava/util/BitSet;)Lcom/android/dx/rop/cst/Constant; @ 220
Event: 13.643 Thread 0x67050400 Uncommon trap: reason=unstable_if action=reinterpret pc=0xb32af0d0 method=com.android.dx.ssa.SCCP.simulateBranch(Lcom/android/dx/ssa/SsaInsn;)V @ 548

Internal exceptions (10 events):
Event: 1.220 Thread 0x67050400 Threw 0x9e3b6540 at /build/openjdk-7-PdBaKN/openjdk-7-7u91-2.6.3/build/openjdk/hotspot/src/share/vm/prims/jvm.cpp:1322
Event: 1.280 Thread 0xb6208400 Threw 0x9e467130 at /build/openjdk-7-PdBaKN/openjdk-7-7u91-2.6.3/build/openjdk/hotspot/src/share/vm/prims/jvm.cpp:1322
Event: 1.281 Thread 0xb6208400 Threw 0x9e469dd0 at /build/openjdk-7-PdBaKN/openjdk-7-7u91-2.6.3/build/openjdk/hotspot/src/share/vm/prims/jvm.cpp:1322
Event: 1.626 Thread 0xb6208400 Threw 0x9e807ae0 at /build/openjdk-7-PdBaKN/openjdk-7-7u91-2.6.3/build/openjdk/hotspot/src/share/vm/prims/jvm.cpp:1322
Event: 2.538 Thread 0x6704d400 Threw 0x9df00c10 at /build/openjdk-7-PdBaKN/openjdk-7-7u91-2.6.3/build/openjdk/hotspot/src/share/vm/prims/jvm.cpp:1322
Event: 4.287 Thread 0x6703ec00 Implicit null exception at 0xb3282e8f to 0xb32846b9
Event: 4.359 Thread 0xb6208400 Threw 0x9f773cc8 at /build/openjdk-7-PdBaKN/openjdk-7-7u91-2.6.3/build/openjdk/hotspot/src/share/vm/prims/jvm.cpp:1322
Event: 4.543 Thread 0xb6208400 Threw 0x9f9ec650 at /build/openjdk-7-PdBaKN/openjdk-7-7u91-2.6.3/build/openjdk/hotspot/src/share/vm/prims/jvm.cpp:1322
Event: 6.391 Thread 0xb6208400 Implicit null exception at 0xb3271722 to 0xb3271ca9
Event: 6.519 Thread 0x6704e800 Threw 0x9f02e948 at /build/openjdk-7-PdBaKN/openjdk-7-7u91-2.6.3/build/openjdk/hotspot/src/share/vm/prims/jvm.cpp:1322

Events (10 events):
Event: 10.233 Thread 0xb6208400 Uncommon trap: trap_request=0xffffff75 fr.pc=0xb325edac
Event: 10.240 Thread 0xb6208400 DEOPT PACKING pc=0xb325edac sp=0xb63d3860
Event: 10.340 Thread 0xb6208400 DEOPT UNPACKING pc=0xb3211bc8 sp=0xb63d383c mode 2
Event: 13.222 Thread 0xb6208400 Uncommon trap: trap_request=0x000000d2 fr.pc=0xb32c1c84
Event: 13.222 Thread 0xb6208400 DEOPT PACKING pc=0xb32c1c84 sp=0xb63d3ad0
Event: 13.222 Thread 0xb6208400 DEOPT UNPACKING pc=0xb3211bc8 sp=0xb63d3ad4 mode 2
Event: 13.643 Thread 0x67050400 Uncommon trap: trap_request=0xffffff75 fr.pc=0xb32af0d0
Event: 13.643 Thread 0x67050400 DEOPT PACKING pc=0xb32af0d0 sp=0x66a42b00
Event: 13.643 Thread 0x67050400 DEOPT UNPACKING pc=0xb3211bc8 sp=0x66a42afc mode 2
Event: 14.027 Executing VM operation: ParallelGCFailedAllocation


Dynamic libraries:
08048000-08049000 r-xp 00000000 08:01 804961     /usr/lib/jvm/java-7-openjdk-i386/jre/bin/java
08049000-0804a000 r--p 00000000 08:01 804961     /usr/lib/jvm/java-7-openjdk-i386/jre/bin/java
0804a000-0804b000 rw-p 00001000 08:01 804961     /usr/lib/jvm/java-7-openjdk-i386/jre/bin/java
09e8a000-09f7a000 rw-p 00000000 00:00 0          [heap]
65000000-650fd000 rw-p 00000000 00:00 0 
650fd000-65100000 ---p 00000000 00:00 0 
65200000-652e8000 rw-p 00000000 00:00 0 
652e8000-65300000 ---p 00000000 00:00 0 
65300000-653fe000 rw-p 00000000 00:00 0 
653fe000-65400000 ---p 00000000 00:00 0 
65400000-654f0000 rw-p 00000000 00:00 0 
654f0000-65500000 ---p 00000000 00:00 0 
65500000-655ec000 rw-p 00000000 00:00 0 
655ec000-65600000 ---p 00000000 00:00 0 
65600000-65700000 rw-p 00000000 00:00 0 
65800000-658fd000 rw-p 00000000 00:00 0 
658fd000-65900000 ---p 00000000 00:00 0 
65900000-659f9000 rw-p 00000000 00:00 0 
659f9000-65a00000 ---p 00000000 00:00 0 
65a00000-65afa000 rw-p 00000000 00:00 0 
65afa000-65b00000 ---p 00000000 00:00 0 
65b00000-65bfb000 rw-p 00000000 00:00 0 
65bfb000-65c00000 ---p 00000000 00:00 0 
65c00000-65cf8000 rw-p 00000000 00:00 0 
65cf8000-65d00000 ---p 00000000 00:00 0 
65d00000-65dfb000 rw-p 00000000 00:00 0 
65dfb000-65e00000 ---p 00000000 00:00 0 
65e00000-65ef7000 rw-p 00000000 00:00 0 
65ef7000-65f00000 ---p 00000000 00:00 0 
66000000-660fa000 rw-p 00000000 00:00 0 
660fa000-66100000 ---p 00000000 00:00 0 
66100000-661eb000 rw-p 00000000 00:00 0 
661eb000-66200000 ---p 00000000 00:00 0 
66200000-662fd000 rw-p 00000000 00:00 0 
662fd000-66300000 ---p 00000000 00:00 0 
66400000-664fa000 rw-p 00000000 00:00 0 
664fa000-66500000 ---p 00000000 00:00 0 
66500000-665fc000 rw-p 00000000 00:00 0 
665fc000-66600000 ---p 00000000 00:00 0 
66600000-666f5000 rw-p 00000000 00:00 0 
666f5000-66700000 ---p 00000000 00:00 0 
66800000-668ff000 rw-p 00000000 00:00 0 
668ff000-66900000 ---p 00000000 00:00 0 
66914000-669a2000 rw-p 00000000 00:00 0 
669a2000-669a5000 ---p 00000000 00:00 0 
669a5000-669f3000 rw-p 00000000 00:00 0          [stack:12632]
669f3000-669f6000 ---p 00000000 00:00 0 
669f6000-66a44000 rw-p 00000000 00:00 0          [stack:12631]
66a44000-66a47000 ---p 00000000 00:00 0 
66a47000-66a95000 rw-p 00000000 00:00 0          [stack:12630]
66a95000-66a98000 ---p 00000000 00:00 0 
66a98000-66ca7000 rw-p 00000000 00:00 0          [stack:12629]
66ca7000-66d17000 r-xp 00000000 08:01 394656     /lib/i386-linux-gnu/libpcre.so.3.13.1
66d17000-66d18000 r--p 0006f000 08:01 394656     /lib/i386-linux-gnu/libpcre.so.3.13.1
66d18000-66d19000 rw-p 00070000 08:01 394656     /lib/i386-linux-gnu/libpcre.so.3.13.1
66d19000-66e3f000 r-xp 00000000 08:01 394573     /lib/i386-linux-gnu/libglib-2.0.so.0.4400.0
66e3f000-66e40000 r--p 00125000 08:01 394573     /lib/i386-linux-gnu/libglib-2.0.so.0.4400.0
66e40000-66e41000 rw-p 00126000 08:01 394573     /lib/i386-linux-gnu/libglib-2.0.so.0.4400.0
66e41000-66ffa000 r-xp 00000000 08:01 137357     /usr/lib/i386-linux-gnu/libgio-2.0.so.0.4400.0
66ffa000-66ffd000 r--p 001b8000 08:01 137357     /usr/lib/i386-linux-gnu/libgio-2.0.so.0.4400.0
66ffd000-66fff000 rw-p 001bb000 08:01 137357     /usr/lib/i386-linux-gnu/libgio-2.0.so.0.4400.0
66fff000-67000000 rw-p 00000000 00:00 0 
67000000-6707a000 rw-p 00000000 00:00 0 
6707a000-67100000 ---p 00000000 00:00 0 
6711a000-6711d000 ---p 00000000 00:00 0 
6711d000-6716b000 rw-p 00000000 00:00 0          [stack:12628]
6716b000-6717f000 r-xp 00000000 08:01 394679     /lib/i386-linux-gnu/libresolv-2.21.so
6717f000-67181000 r--p 00013000 08:01 394679     /lib/i386-linux-gnu/libresolv-2.21.so
67181000-67182000 rw-p 00015000 08:01 394679     /lib/i386-linux-gnu/libresolv-2.21.so
67182000-67184000 rw-p 00000000 00:00 0 
67184000-671df000 r-xp 00000000 08:01 137385     /usr/lib/i386-linux-gnu/libgobject-2.0.so.0.4400.0
671df000-671e0000 r--p 0005b000 08:01 137385     /usr/lib/i386-linux-gnu/libgobject-2.0.so.0.4400.0
671e0000-671e1000 rw-p 0005c000 08:01 137385     /usr/lib/i386-linux-gnu/libgobject-2.0.so.0.4400.0
671e1000-671e2000 ---p 00000000 00:00 0 
671e2000-67262000 rw-p 00000000 00:00 0          [stack:12612]
67262000-67265000 ---p 00000000 00:00 0 
67265000-672b3000 rw-p 00000000 00:00 0          [stack:12611]
672b3000-672b6000 ---p 00000000 00:00 0 
672b6000-67334000 rw-p 00000000 00:00 0          [stack:12610]
67334000-67337000 ---p 00000000 00:00 0 
67337000-673b5000 rw-p 00000000 00:00 0          [stack:12609]
673b5000-674fc000 r-xp 00000000 08:01 136931     /usr/lib/i386-linux-gnu/libX11.so.6.3.0
674fc000-674fd000 r--p 00146000 08:01 136931     /usr/lib/i386-linux-gnu/libX11.so.6.3.0
674fd000-674ff000 rw-p 00147000 08:01 136931     /usr/lib/i386-linux-gnu/libX11.so.6.3.0
674ff000-67500000 rw-p 00000000 00:00 0 
67500000-67700000 r--p 00000000 08:01 143362     /usr/lib/locale/locale-archive
67700000-67725000 rw-p 00000000 00:00 0 
67725000-67800000 ---p 00000000 00:00 0 
67800000-67900000 rw-p 00000000 00:00 0 
6790d000-67910000 ---p 00000000 00:00 0 
67910000-6795e000 rw-p 00000000 00:00 0          [stack:12597]
6795e000-67961000 ---p 00000000 00:00 0 
67961000-679af000 rw-p 00000000 00:00 0          [stack:12592]
679af000-679b2000 ---p 00000000 00:00 0 
679b2000-67a00000 rw-p 00000000 00:00 0          [stack:12591]
67a00000-67b00000 rw-p 00000000 00:00 0 
67b00000-67b07000 r-xp 00000000 08:01 137254     /usr/lib/i386-linux-gnu/libffi.so.6.0.4
67b07000-67b09000 r--p 00006000 08:01 137254     /usr/lib/i386-linux-gnu/libffi.so.6.0.4
67b09000-67b0a000 rw-p 00008000 08:01 137254     /usr/lib/i386-linux-gnu/libffi.so.6.0.4
67b0a000-67b2e000 r-xp 00000000 08:01 394683     /lib/i386-linux-gnu/libselinux.so.1
67b2e000-67b2f000 r--p 00024000 08:01 394683     /lib/i386-linux-gnu/libselinux.so.1
67b2f000-67b30000 rw-p 00025000 08:01 394683     /lib/i386-linux-gnu/libselinux.so.1
67b30000-67b31000 rw-p 00000000 00:00 0 
67b31000-67b34000 r-xp 00000000 08:01 137371     /usr/lib/i386-linux-gnu/libgmodule-2.0.so.0.4400.0
67b34000-67b35000 r--p 00002000 08:01 137371     /usr/lib/i386-linux-gnu/libgmodule-2.0.so.0.4400.0
67b35000-67b36000 rw-p 00003000 08:01 137371     /usr/lib/i386-linux-gnu/libgmodule-2.0.so.0.4400.0
67b4d000-67b4e000 ---p 00000000 00:00 0 
67b4e000-67bce000 rw-p 00000000 00:00 0          [stack:12589]
67bce000-67d80000 r--s 01d2e000 08:01 804984     /usr/lib/jvm/java-7-openjdk-i386/jre/lib/rt.jar
67d80000-6a600000 rw-p 00000000 00:00 0 
6a600000-6a6f3000 rw-p 00000000 00:00 0 
6a6f3000-6a700000 ---p 00000000 00:00 0 
6a700000-6a717000 r-xp 00000000 08:01 805027     /usr/lib/jvm/java-7-openjdk-i386/jre/lib/i386/libnet.so
6a717000-6a718000 r--p 00016000 08:01 805027     /usr/lib/jvm/java-7-openjdk-i386/jre/lib/i386/libnet.so
6a718000-6a719000 rw-p 00017000 08:01 805027     /usr/lib/jvm/java-7-openjdk-i386/jre/lib/i386/libnet.so
6a719000-6a729000 r-xp 00000000 08:01 804991     /usr/lib/jvm/java-7-openjdk-i386/jre/lib/i386/libnio.so
6a729000-6a72a000 r--p 00010000 08:01 804991     /usr/lib/jvm/java-7-openjdk-i386/jre/lib/i386/libnio.so
6a72a000-6a72b000 rw-p 00011000 08:01 804991     /usr/lib/jvm/java-7-openjdk-i386/jre/lib/i386/libnio.so
6a72b000-6a730000 r-xp 00000000 08:01 136946     /usr/lib/i386-linux-gnu/libXdmcp.so.6.0.0
6a730000-6a731000 r--p 00004000 08:01 136946     /usr/lib/i386-linux-gnu/libXdmcp.so.6.0.0
6a731000-6a732000 rw-p 00005000 08:01 136946     /usr/lib/i386-linux-gnu/libXdmcp.so.6.0.0
6a732000-6a734000 r-xp 00000000 08:01 136935     /usr/lib/i386-linux-gnu/libXau.so.6.0.0
6a734000-6a735000 r--p 00001000 08:01 136935     /usr/lib/i386-linux-gnu/libXau.so.6.0.0
6a735000-6a736000 rw-p 00002000 08:01 136935     /usr/lib/i386-linux-gnu/libXau.so.6.0.0
6a736000-6a77f000 rw-p 00000000 00:00 0 
6a77f000-6a780000 ---p 00000000 00:00 0 
6a780000-6a800000 rw-p 00000000 00:00 0          [stack:12586]
6a800000-6a821000 rw-p 00000000 00:00 0 
6a821000-6a900000 ---p 00000000 00:00 0 
6a900000-6a921000 rw-p 00000000 00:00 0 
6a921000-6aa00000 ---p 00000000 00:00 0 
6aa02000-6aa22000 r-xp 00000000 08:01 138125     /usr/lib/i386-linux-gnu/libxcb.so.1.1.0
6aa22000-6aa23000 r--p 0001f000 08:01 138125     /usr/lib/i386-linux-gnu/libxcb.so.1.1.0
6aa23000-6aa24000 rw-p 00020000 08:01 138125     /usr/lib/i386-linux-gnu/libxcb.so.1.1.0
6aa24000-6aa7f000 rw-p 00000000 00:00 0 
6aa7f000-6aa80000 ---p 00000000 00:00 0 
6aa80000-6ab00000 rw-p 00000000 00:00 0          [stack:12585]
6ab00000-6ab25000 rw-p 00000000 00:00 0 
6ab25000-6ac00000 ---p 00000000 00:00 0 
6ac03000-6ac18000 r--s 000e5000 08:01 941706     /home/student/test/Pedometer/app/build/intermediates/exploded-aar/com.android.support/support-v4/23.1.1/jars/classes.jar
6ac18000-6ac27000 r--s 000df000 08:01 1068117    /home/student/Android/Sdk/build-tools/23.0.2/lib/dx.jar
6ac27000-6ac28000 ---p 00000000 00:00 0 
6ac28000-6aca8000 rw-p 00000000 00:00 0          [stack:12583]
6aca8000-6aca9000 ---p 00000000 00:00 0 
6aca9000-6ad31000 rw-p 00000000 00:00 0          [stack:12579]
6ad31000-6ad69000 rw-p 00000000 00:00 0 
6ad69000-6ad7e000 rw-p 00000000 00:00 0 
6ad7e000-6aebf000 rw-p 00000000 00:00 0 
6aebf000-6aec7000 rw-p 00000000 00:00 0 
6aec7000-6aeff000 rw-p 00000000 00:00 0 
6aeff000-6af14000 rw-p 00000000 00:00 0 
6af14000-6b054000 rw-p 00000000 00:00 0 
6b054000-6b078000 rw-p 00000000 00:00 0 
6b078000-6b0ff000 rw-p 00000000 00:00 0 
6b0ff000-6c100000 rw-p 00000000 00:00 0 
6c100000-73100000 rw-p 00000000 00:00 0 
73100000-75b00000 rw-p 00000000 00:00 0 
75b00000-9db80000 rw-p 00000000 00:00 0 
9db80000-a2180000 rw-p 00000000 00:00 0 
a7900000-a7994000 rw-p 00000000 00:00 0 
a7994000-a7a00000 ---p 00000000 00:00 0 
a7b00000-a7b76000 rw-p 00000000 00:00 0 
a7b76000-a7c00000 ---p 00000000 00:00 0 
a7c80000-b3100000 rw-p 00000000 00:00 0 
b3102000-b3104000 r-xp 00000000 08:01 141618     /usr/lib/jayatana/libjayatanaag.so
b3104000-b3105000 r--p 00001000 08:01 141618     /usr/lib/jayatana/libjayatanaag.so
b3105000-b3106000 rw-p 00002000 08:01 141618     /usr/lib/jayatana/libjayatanaag.so
b3106000-b310a000 r--s 00085000 08:01 804976     /usr/lib/jvm/java-7-openjdk-i386/jre/lib/ext/localedata.jar
b310a000-b312e000 rw-p 00000000 00:00 0 
b312e000-b31e5000 rw-p 00000000 00:00 0 
b31e5000-b3425000 rwxp 00000000 00:00 0 
b3425000-b61e5000 rw-p 00000000 00:00 0 
b61e5000-b61f1000 r-xp 00000000 08:01 394626     /lib/i386-linux-gnu/libnss_files-2.21.so
b61f1000-b61f2000 r--p 0000b000 08:01 394626     /lib/i386-linux-gnu/libnss_files-2.21.so
b61f2000-b61f3000 rw-p 0000c000 08:01 394626     /lib/i386-linux-gnu/libnss_files-2.21.so
b61f3000-b61fe000 r-xp 00000000 08:01 394636     /lib/i386-linux-gnu/libnss_nis-2.21.so
b61fe000-b61ff000 r--p 0000a000 08:01 394636     /lib/i386-linux-gnu/libnss_nis-2.21.so
b61ff000-b6200000 rw-p 0000b000 08:01 394636     /lib/i386-linux-gnu/libnss_nis-2.21.so
b6200000-b6300000 rw-p 00000000 00:00 0 
b6302000-b6303000 r--s 00000000 08:01 414147     /usr/share/java/jayatanaag.jar
b6303000-b6307000 r--s 00034000 08:01 804978     /usr/lib/jvm/java-7-openjdk-i386/jre/lib/ext/sunjce_provider.jar
b6307000-b630b000 r--s 0003c000 08:01 804979     /usr/lib/jvm/java-7-openjdk-i386/jre/lib/ext/sunpkcs11.jar
b630b000-b6322000 r-xp 00000000 08:01 394620     /lib/i386-linux-gnu/libnsl-2.21.so
b6322000-b6323000 r--p 00016000 08:01 394620     /lib/i386-linux-gnu/libnsl-2.21.so
b6323000-b6324000 rw-p 00017000 08:01 394620     /lib/i386-linux-gnu/libnsl-2.21.so
b6324000-b6326000 rw-p 00000000 00:00 0 
b6326000-b632e000 r-xp 00000000 08:01 394622     /lib/i386-linux-gnu/libnss_compat-2.21.so
b632e000-b632f000 r--p 00007000 08:01 394622     /lib/i386-linux-gnu/libnss_compat-2.21.so
b632f000-b6330000 rw-p 00008000 08:01 394622     /lib/i386-linux-gnu/libnss_compat-2.21.so
b6330000-b6333000 r--s 0000f000 08:01 804977     /usr/lib/jvm/java-7-openjdk-i386/jre/lib/ext/icedtea-sound.jar
b6333000-b6335000 r--s 00012000 08:01 804975     /usr/lib/jvm/java-7-openjdk-i386/jre/lib/ext/zipfs.jar
b6335000-b633d000 r-xp 00000000 08:01 804995     /usr/lib/jvm/java-7-openjdk-i386/jre/lib/i386/libzip.so
b633d000-b633e000 r--p 00007000 08:01 804995     /usr/lib/jvm/java-7-openjdk-i386/jre/lib/i386/libzip.so
b633e000-b633f000 rw-p 00008000 08:01 804995     /usr/lib/jvm/java-7-openjdk-i386/jre/lib/i386/libzip.so
b633f000-b6347000 rw-s 00000000 08:01 429150     /tmp/hsperfdata_student/12561
b6347000-b6351000 r-xp 00000000 08:01 805017     /usr/lib/jvm/java-7-openjdk-i386/jre/lib/i386/libinstrument.so
b6351000-b6352000 r--p 00009000 08:01 805017     /usr/lib/jvm/java-7-openjdk-i386/jre/lib/i386/libinstrument.so
b6352000-b6353000 rw-p 0000a000 08:01 805017     /usr/lib/jvm/java-7-openjdk-i386/jre/lib/i386/libinstrument.so
b6353000-b6379000 r-xp 00000000 08:01 805003     /usr/lib/jvm/java-7-openjdk-i386/jre/lib/i386/libjava.so
b6379000-b637a000 r--p 00025000 08:01 805003     /usr/lib/jvm/java-7-openjdk-i386/jre/lib/i386/libjava.so
b637a000-b637b000 rw-p 00026000 08:01 805003     /usr/lib/jvm/java-7-openjdk-i386/jre/lib/i386/libjava.so
b637b000-b6382000 r-xp 00000000 08:01 394681     /lib/i386-linux-gnu/librt-2.21.so
b6382000-b6383000 r--p 00006000 08:01 394681     /lib/i386-linux-gnu/librt-2.21.so
b6383000-b6384000 rw-p 00007000 08:01 394681     /lib/i386-linux-gnu/librt-2.21.so
b6384000-b6387000 ---p 00000000 00:00 0 
b6387000-b63d5000 rw-p 00000000 00:00 0          [stack:12573]
b63d5000-b63f1000 r-xp 00000000 08:01 394569     /lib/i386-linux-gnu/libgcc_s.so.1
b63f1000-b63f2000 rw-p 0001b000 08:01 394569     /lib/i386-linux-gnu/libgcc_s.so.1
b63f2000-b643d000 r-xp 00000000 08:01 394599     /lib/i386-linux-gnu/libm-2.21.so
b643d000-b643e000 r--p 0004a000 08:01 394599     /lib/i386-linux-gnu/libm-2.21.so
b643e000-b643f000 rw-p 0004b000 08:01 394599     /lib/i386-linux-gnu/libm-2.21.so
b643f000-b6528000 r-xp 00000000 08:01 137921     /usr/lib/i386-linux-gnu/libstdc++.so.6.0.20
b6528000-b652c000 r--p 000e9000 08:01 137921     /usr/lib/i386-linux-gnu/libstdc++.so.6.0.20
b652c000-b652d000 rw-p 000ed000 08:01 137921     /usr/lib/i386-linux-gnu/libstdc++.so.6.0.20
b652d000-b6534000 rw-p 00000000 00:00 0 
b6534000-b7087000 r-xp 00000000 08:01 805013     /usr/lib/jvm/java-7-openjdk-i386/jre/lib/i386/server/libjvm.so
b7087000-b70db000 r--p 00b52000 08:01 805013     /usr/lib/jvm/java-7-openjdk-i386/jre/lib/i386/server/libjvm.so
b70db000-b70ef000 rw-p 00ba6000 08:01 805013     /usr/lib/jvm/java-7-openjdk-i386/jre/lib/i386/server/libjvm.so
b70ef000-b750e000 rw-p 00000000 00:00 0 
b750e000-b7527000 r-xp 00000000 08:01 394714     /lib/i386-linux-gnu/libz.so.1.2.8
b7527000-b7528000 r--p 00019000 08:01 394714     /lib/i386-linux-gnu/libz.so.1.2.8
b7528000-b7529000 rw-p 0001a000 08:01 394714     /lib/i386-linux-gnu/libz.so.1.2.8
b7529000-b7542000 r-xp 00000000 08:01 394673     /lib/i386-linux-gnu/libpthread-2.21.so
b7542000-b7543000 r--p 00018000 08:01 394673     /lib/i386-linux-gnu/libpthread-2.21.so
b7543000-b7544000 rw-p 00019000 08:01 394673     /lib/i386-linux-gnu/libpthread-2.21.so
b7544000-b7546000 rw-p 00000000 00:00 0 
b7546000-b7549000 r-xp 00000000 08:01 394557     /lib/i386-linux-gnu/libdl-2.21.so
b7549000-b754a000 r--p 00002000 08:01 394557     /lib/i386-linux-gnu/libdl-2.21.so
b754a000-b754b000 rw-p 00003000 08:01 394557     /lib/i386-linux-gnu/libdl-2.21.so
b754b000-b76ff000 r-xp 00000000 08:01 394540     /lib/i386-linux-gnu/libc-2.21.so
b76ff000-b7702000 r--p 001b3000 08:01 394540     /lib/i386-linux-gnu/libc-2.21.so
b7702000-b7704000 rw-p 001b6000 08:01 394540     /lib/i386-linux-gnu/libc-2.21.so
b7704000-b7706000 rw-p 00000000 00:00 0 
b7706000-b7707000 r--s 00002000 08:01 804980     /usr/lib/jvm/java-7-openjdk-i386/jre/lib/ext/dnsns.jar
b7707000-b7709000 r--s 00006000 08:01 399091     /usr/share/java/java-atk-wrapper.jar
b7709000-b770a000 r--p 005e0000 08:01 143362     /usr/lib/locale/locale-archive
b770a000-b770b000 rw-p 00000000 00:00 0 
b770b000-b770c000 ---p 00000000 00:00 0 
b770c000-b771a000 r-xp 00000000 08:01 805022     /usr/lib/jvm/java-7-openjdk-i386/jre/lib/i386/libverify.so
b771a000-b771c000 r--p 0000d000 08:01 805022     /usr/lib/jvm/java-7-openjdk-i386/jre/lib/i386/libverify.so
b771c000-b771d000 rw-p 0000f000 08:01 805022     /usr/lib/jvm/java-7-openjdk-i386/jre/lib/i386/libverify.so
b771d000-b7729000 r-xp 00000000 08:01 805024     /usr/lib/jvm/java-7-openjdk-i386/jre/lib/i386/jli/libjli.so
b7729000-b772a000 r--p 0000b000 08:01 805024     /usr/lib/jvm/java-7-openjdk-i386/jre/lib/i386/jli/libjli.so
b772a000-b772b000 rw-p 0000c000 08:01 805024     /usr/lib/jvm/java-7-openjdk-i386/jre/lib/i386/jli/libjli.so
b772b000-b772e000 rw-p 00000000 00:00 0 
b772e000-b7730000 r--p 00000000 00:00 0          [vvar]
b7730000-b7731000 r-xp 00000000 00:00 0          [vdso]
b7731000-b7753000 r-xp 00000000 08:01 394512     /lib/i386-linux-gnu/ld-2.21.so
b7753000-b7754000 r--p 00021000 08:01 394512     /lib/i386-linux-gnu/ld-2.21.so
b7754000-b7755000 rw-p 00022000 08:01 394512     /lib/i386-linux-gnu/ld-2.21.so
bfe26000-bfe27000 rwxp 00000000 00:00 0 
bfe58000-bfe7a000 rw-p 00000000 00:00 0          [stack]

VM Arguments:
jvm_args: -javaagent:/usr/share/java/jayatanaag.jar -Djava.awt.headless=true -Xmx1024M -Dfile.encoding=UTF-8 -Duser.country=US -Duser.language=en -Duser.variant 
java_command: com.android.dx.command.Main --dex --num-threads=4 --output /home/student/test/Pedometer/app/build/intermediates/pre-dexed/debug/com.android.support-support-v4-23.1.1_12beaacf3527bbe5452b9d2f71ebe9eaf1a78760.jar /home/student/test/Pedometer/app/build/intermediates/exploded-aar/com.android.support/support-v4/23.1.1/jars/classes.jar
Launcher Type: SUN_STANDARD

Environment Variables:
JAVA_TOOL_OPTIONS=-javaagent:/usr/share/java/jayatanaag.jar 
PATH=/home/student/.linuxbrew/bin:/usr/local/sbin:/usr/local/bin:/usr/sbin:/usr/bin:/sbin:/bin:/usr/games:/usr/local/games:/etc/android-studio/bin/:/home/student/Android/Sdk/platform-tools:/home/student/Android/Sdk/tools
LD_LIBRARY_PATH=/etc/android-studio/bin:
SHELL=/bin/bash
DISPLAY=:0

Signal Handlers:
SIGSEGV: 