#
# There is insufficient memory for the Java Runtime Environment to continue.
# Native memory allocation (malloc) failed to allocate 419944 bytes for Chunk::new
# Possible reasons:
#   The system is out of physical RAM or swap space
#   In 32 bit mode, the process size limit was hit
# Possible solutions:
#   Reduce memory load on the system
#   Increase physical memory or swap space
#   Check if swap backing store is full
#   Use 64 bit Java on a 64 bit OS
#   Decrease Java heap size (-Xmx/-Xms)
#   Decrease number of Java threads
#   Decrease Java thread stack sizes (-Xss)
#   Set larger code cache with -XX:ReservedCodeCacheSize=
# This output file may be truncated or incomplete.
#
#  Out of Memory Error (allocation.cpp:326), pid=15763, tid=1732127552
#
# JRE version: OpenJDK Runtime Environment (7.0_91-b02) (build 1.7.0_91-b02)
# Java VM: OpenJDK Server VM (24.91-b01 mixed mode linux-x86 )
# Derivative: IcedTea 2.6.3
# Distribution: Ubuntu 15.04, package 7u91-2.6.3-0ubuntu0.15.04.1
# Failed to write core dump. Core dumps have been disabled. To enable core dumping, try "ulimit -c unlimited" before starting Java again
#

---------------  T H R E A D  ---------------

Current thread (0x67aec800):  JavaThread "C2 CompilerThread1" daemon [_thread_in_native, id=15778, stack(0x67362000,0x673e3000)]

Stack: [0x67362000,0x673e3000]

Current CompileTask:
C2:   8152  200             com.android.dx.ssa.Dominators::run (506 bytes)


---------------  P R O C E S S  ---------------

Java Threads: ( => current thread )
  0x6714f800 JavaThread "pool-1-thread-4" [_thread_blocked, id=15785, stack(0x66a51000,0x66aa2000)]
  0x6714e800 JavaThread "pool-1-thread-3" [_thread_blocked, id=15784, stack(0x66aa2000,0x66af3000)]
  0x6714dc00 JavaThread "pool-1-thread-2" [_thread_blocked, id=15783, stack(0x66af3000,0x66b44000)]
  0x6713f400 JavaThread "pool-2-thread-1" [_thread_blocked, id=15782, stack(0x66b44000,0x66b95000)]
  0x6713d000 JavaThread "pool-1-thread-1" [_thread_blocked, id=15781, stack(0x66b95000,0x66be6000)]
  0x67aee800 JavaThread "Service Thread" daemon [_thread_blocked, id=15779, stack(0x67311000,0x67362000)]
=>0x67aec800 JavaThread "C2 CompilerThread1" daemon [_thread_in_native, id=15778, stack(0x67362000,0x673e3000)]
  0x67aeb400 JavaThread "C2 CompilerThread0" daemon [_thread_blocked, id=15777, stack(0x673e3000,0x67464000)]
  0x67a98400 JavaThread "Signal Dispatcher" daemon [_thread_blocked, id=15776, stack(0x675af000,0x67600000)]
  0x67a85400 JavaThread "Finalizer" daemon [_thread_blocked, id=15775, stack(0x6a72e000,0x6a77f000)]
  0x67a83c00 JavaThread "Reference Handler" daemon [_thread_blocked, id=15774, stack(0x6a92e000,0x6a97f000)]
  0xb6308400 JavaThread "main" [_thread_blocked, id=15768, stack(0xb6426000,0xb6477000)]

Other Threads:
  0x67a81400 VMThread [stack: 0x67b4d000,0x67bce000] [id=15773]
  0x67af0800 WatcherThread [stack: 0x67290000,0x67311000] [id=15780]

VM state:at safepoint (normal execution)

VM Mutex/Monitor currently owned by a thread:  ([mutex/lock_event])
[0xb6305de0] Threads_lock - owner thread: 0x67a81400
[0xb63061f0] Heap_lock - owner thread: 0x6714e800

Heap
 PSYoungGen      total 35840K, used 35839K [0x9dc40000, 0xa01c0000, 0xb31c0000)
  eden space 33280K, 100% used [0x9dc40000,0x9fcc0000,0x9fcc0000)
  from space 2560K, 99% used [0x9ff40000,0xa01bfd20,0xa01c0000)
  to   space 2560K, 0% used [0x9fcc0000,0x9fcc4000,0x9ff40000)
 ParOldGen       total 43008K, used 2802K [0x731c0000, 0x75bc0000, 0x9dc40000)
  object space 43008K, 6% used [0x731c0000,0x7347c820,0x75bc0000)
 PSPermGen       total 16384K, used 4239K [0x6b1c0000, 0x6c1c0000, 0x731c0000)
  object space 16384K, 25% used [0x6b1c0000,0x6b5e3f80,0x6c1c0000)

Card table byte_map: [0x6af7f000,0x6b1c0000] byte_map_base: 0x6ac26200

Polling page: 0xb77ad000

Code Cache  [0xb328b000, 0xb34cb000, 0xb628b000)
 total_blobs=328 nmethods=204 adapters=76 free_code_cache=48459Kb largest_free_block=49602944

Compilation events (10 events):
Event: 7.952 Thread 0x67aeb400 nmethod 203 0xb32dca88 code [0xb32dcb80, 0xb32dcc10]
Event: 7.952 Thread 0x67aeb400  204             com.android.dx.dex.code.DalvInsn::<init> (67 bytes)
Event: 7.953 Thread 0x67aeb400 nmethod 204 0xb32f3c88 code [0xb32f3d80, 0xb32f3e50]
Event: 7.953 Thread 0x67aeb400  205             java.util.ArrayList::<init> (55 bytes)
Event: 7.965 Thread 0x67aeb400 nmethod 205 0xb32f3788 code [0xb32f38a0, 0xb32f3ad0]
Event: 7.965 Thread 0x67aeb400  206             com.android.dx.ssa.SsaBasicBlock::getRopLabel (5 bytes)
Event: 7.965 Thread 0x67aeb400 nmethod 206 0xb32f35c8 code [0xb32f36a0, 0xb32f36f0]
Event: 7.965 Thread 0x67aeb400  207             com.android.dx.util.Bits::get (25 bytes)
Event: 7.966 Thread 0x67aeb400 nmethod 207 0xb3316548 code [0xb3316640, 0xb33166d0]
Event: 7.966 Thread 0x67aeb400  208             com.android.dx.ssa.SsaMethod::bitSetFromLabelList (47 bytes)

GC Heap History (4 events):
Event: 3.112 GC heap before
{Heap before GC invocations=1 (full 0):
 PSYoungGen      total 19200K, used 16640K [0x9dc40000, 0x9f180000, 0xb31c0000)
  eden space 16640K, 100% used [0x9dc40000,0x9ec80000,0x9ec80000)
  from space 2560K, 0% used [0x9ef00000,0x9ef00000,0x9f180000)
  to   space 2560K, 0% used [0x9ec80000,0x9ec80000,0x9ef00000)
 ParOldGen       total 43008K, used 0K [0x731c0000, 0x75bc0000, 0x9dc40000)
  object space 43008K, 0% used [0x731c0000,0x731c0000,0x75bc0000)
 PSPermGen       total 16384K, used 4012K [0x6b1c0000, 0x6c1c0000, 0x731c0000)
  object space 16384K, 24% used [0x6b1c0000,0x6b5ab288,0x6c1c0000)
Event: 3.151 GC heap after
Heap after GC invocations=1 (full 0):
 PSYoungGen      total 19200K, used 2548K [0x9dc40000, 0xa01c0000, 0xb31c0000)
  eden space 16640K, 0% used [0x9dc40000,0x9dc40000,0x9ec80000)
  from space 2560K, 99% used [0x9ec80000,0x9eefd318,0x9ef00000)
  to   space 2560K, 0% used [0x9ff40000,0x9ff40000,0xa01c0000)
 ParOldGen       total 43008K, used 798K [0x731c0000, 0x75bc0000, 0x9dc40000)
  object space 43008K, 1% used [0x731c0000,0x73287a48,0x75bc0000)
 PSPermGen       total 16384K, used 4012K [0x6b1c0000, 0x6c1c0000, 0x731c0000)
  object space 16384K, 24% used [0x6b1c0000,0x6b5ab288,0x6c1c0000)
}
Event: 5.058 GC heap before
{Heap before GC invocations=2 (full 0):
 PSYoungGen      total 19200K, used 19188K [0x9dc40000, 0xa01c0000, 0xb31c0000)
  eden space 16640K, 100% used [0x9dc40000,0x9ec80000,0x9ec80000)
  from space 2560K, 99% used [0x9ec80000,0x9eefd318,0x9ef00000)
  to   space 2560K, 0% used [0x9ff40000,0x9ff40000,0xa01c0000)
 ParOldGen       total 43008K, used 798K [0x731c0000, 0x75bc0000, 0x9dc40000)
  object space 43008K, 1% used [0x731c0000,0x73287a48,0x75bc0000)
 PSPermGen       total 16384K, used 4183K [0x6b1c0000, 0x6c1c0000, 0x731c0000)
  object space 16384K, 25% used [0x6b1c0000,0x6b5d5ed8,0x6c1c0000)
Event: 5.127 GC heap after
Heap after GC invocations=2 (full 0):
 PSYoungGen      total 35840K, used 2559K [0x9dc40000, 0xa01c0000, 0xb31c0000)
  eden space 33280K, 0% used [0x9dc40000,0x9dc40000,0x9fcc0000)
  from space 2560K, 99% used [0x9ff40000,0xa01bfd20,0xa01c0000)
  to   space 2560K, 0% used [0x9fcc0000,0x9fcc0000,0x9ff40000)
 ParOldGen       total 43008K, used 2802K [0x731c0000, 0x75bc0000, 0x9dc40000)
  object space 43008K, 6% used [0x731c0000,0x7347c820,0x75bc0000)
 PSPermGen       total 16384K, used 4183K [0x6b1c0000, 0x6c1c0000, 0x731c0000)
  object space 16384K, 25% used [0x6b1c0000,0x6b5d5ed8,0x6c1c0000)
}

Deoptimization events (10 events):
Event: 3.159 Thread 0x6714e800 Uncommon trap: reason=class_check action=maybe_recompile pc=0xb32e36dc method=com.android.dx.ssa.NormalSsaInsn.accept(Lcom/android/dx/ssa/SsaInsn$Visitor;)V @ 9
Event: 3.248 Thread 0x6714dc00 Uncommon trap: reason=unstable_if action=reinterpret pc=0xb32e2dc8 method=java.util.BitSet.nextSetBit(I)I @ 87
Event: 3.336 Thread 0x6713d000 Uncommon trap: reason=class_check action=maybe_recompile pc=0xb32e36dc method=com.android.dx.ssa.NormalSsaInsn.accept(Lcom/android/dx/ssa/SsaInsn$Visitor;)V @ 9
Event: 3.738 Thread 0x6714dc00 Uncommon trap: reason=unstable_if action=reinterpret pc=0xb32efef8 method=java.util.BitSet.nextSetBit(I)I @ 87
Event: 3.812 Thread 0x6714e800 Uncommon trap: reason=class_check action=maybe_recompile pc=0xb32e36dc method=com.android.dx.ssa.NormalSsaInsn.accept(Lcom/android/dx/ssa/SsaInsn$Visitor;)V @ 9
Event: 4.122 Thread 0xb6308400 Uncommon trap: reason=unstable_if action=reinterpret pc=0xb32f3a64 method=com.android.dx.rop.code.RegisterSpec.equals(ILcom/android/dx/rop/type/TypeBearer;Lcom/android/dx/rop/code/LocalItem;)Z @ 16
Event: 4.466 Thread 0xb6308400 Uncommon trap: reason=unstable_if action=reinterpret pc=0xb32f5854 method=com.android.dx.rop.cst.Constant.compareTo(Lcom/android/dx/rop/cst/Constant;)I @ 12
Event: 4.963 Thread 0x6714dc00 Uncommon trap: reason=null_check action=make_not_entrant pc=0xb32f8490 method=com.android.dx.rop.type.Type.equals(Ljava/lang/Object;)Z @ 8
Event: 5.659 Thread 0x6713d000 Uncommon trap: reason=unstable_if action=reinterpret pc=0xb32ef150 method=com.android.dx.cf.code.Ropper.labelToResultIndex(I)I @ 34
Event: 7.875 Thread 0x6714dc00 Uncommon trap: reason=null_check action=make_not_entrant pc=0xb3312350 method=com.android.dx.ssa.SsaRenamer.getLocalForNewReg(I)Lcom/android/dx/rop/code/LocalItem; @ 19

Internal exceptions (10 events):
Event: 3.169 Thread 0x6714e800 Threw 0x9dc974c0 at /build/openjdk-7-PdBaKN/openjdk-7-7u91-2.6.3/build/openjdk/hotspot/src/share/vm/prims/jvm.cpp:1322
Event: 3.236 Thread 0xb6308400 Threw 0x9ddec698 at /build/openjdk-7-PdBaKN/openjdk-7-7u91-2.6.3/build/openjdk/hotspot/src/share/vm/prims/jvm.cpp:1322
Event: 3.297 Thread 0x6714dc00 Threw 0x9de4aa88 at /build/openjdk-7-PdBaKN/openjdk-7-7u91-2.6.3/build/openjdk/hotspot/src/share/vm/prims/jvm.cpp:1322
Event: 3.298 Thread 0x6714dc00 Threw 0x9de51fd8 at /build/openjdk-7-PdBaKN/openjdk-7-7u91-2.6.3/build/openjdk/hotspot/src/share/vm/prims/jvm.cpp:1322
Event: 3.316 Thread 0x6714dc00 Threw 0x9deb3038 at /build/openjdk-7-PdBaKN/openjdk-7-7u91-2.6.3/build/openjdk/hotspot/src/share/vm/prims/jvm.cpp:1322
Event: 3.447 Thread 0xb6308400 Threw 0x9dfb4340 at /build/openjdk-7-PdBaKN/openjdk-7-7u91-2.6.3/build/openjdk/hotspot/src/share/vm/prims/jvm.cpp:1322
Event: 3.601 Thread 0x6713d000 Threw 0x9e11c8f8 at /build/openjdk-7-PdBaKN/openjdk-7-7u91-2.6.3/build/openjdk/hotspot/src/share/vm/prims/jvm.cpp:1322
Event: 4.956 Thread 0x6714dc00 Implicit null exception at 0xb32f83ab to 0xb32f8482
Event: 5.610 Thread 0x6713d000 Threw 0x9e131438 at /build/openjdk-7-PdBaKN/openjdk-7-7u91-2.6.3/build/openjdk/hotspot/src/share/vm/prims/jvm.cpp:1322
Event: 7.875 Thread 0x6714dc00 Implicit null exception at 0xb3311957 to 0xb3312341

Events (10 events):
Event: 5.659 Thread 0x6713d000 DEOPT PACKING pc=0xb32ef150 sp=0x66be4c20
Event: 5.659 Thread 0x6713d000 DEOPT UNPACKING pc=0xb32b7bc8 sp=0x66be4c04 mode 2
Event: 6.477 Thread 0x67aeb400 flushing nmethod 0xb32e2c48
Event: 6.479 Thread 0x67aeb400 flushing nmethod 0xb32e3448
Event: 7.020 Thread 0x67aec800 flushing nmethod 0xb32ef388
Event: 7.020 Thread 0x67aec800 flushing nmethod 0xb32f35c8
Event: 7.875 Thread 0x6714dc00 Uncommon trap: trap_request=0xfffffff4 fr.pc=0xb3312350
Event: 7.875 Thread 0x6714dc00 DEOPT PACKING pc=0xb3312350 sp=0x66b42b50
Event: 7.875 Thread 0x6714dc00 DEOPT UNPACKING pc=0xb32b7bc8 sp=0x66b42a64 mode 2
Event: 8.099 Executing VM operation: ParallelGCFailedAllocation


Dynamic libraries:
08048000-08049000 r-xp 00000000 08:01 804961     /usr/lib/jvm/java-7-openjdk-i386/jre/bin/java
08049000-0804a000 r--p 00000000 08:01 804961     /usr/lib/jvm/java-7-openjdk-i386/jre/bin/java
0804a000-0804b000 rw-p 00001000 08:01 804961     /usr/lib/jvm/java-7-openjdk-i386/jre/bin/java
08355000-08392000 rw-p 00000000 00:00 0          [heap]
66200000-662ca000 rw-p 00000000 00:00 0 
662ca000-66300000 ---p 00000000 00:00 0 
66400000-664e5000 rw-p 00000000 00:00 0 
664e5000-66500000 ---p 00000000 00:00 0 
66500000-665f5000 rw-p 00000000 00:00 0 
665f5000-66600000 ---p 00000000 00:00 0 
66700000-667f4000 rw-p 00000000 00:00 0 
667f4000-66800000 ---p 00000000 00:00 0 
66800000-668ff000 rw-p 00000000 00:00 0 
668ff000-66900000 ---p 00000000 00:00 0 
66900000-669e6000 rw-p 00000000 00:00 0 
669e6000-66a00000 ---p 00000000 00:00 0 
66a51000-66a54000 ---p 00000000 00:00 0 
66a54000-66aa2000 rw-p 00000000 00:00 0          [stack:15785]
66aa2000-66aa5000 ---p 00000000 00:00 0 
66aa5000-66af3000 rw-p 00000000 00:00 0          [stack:15784]
66af3000-66af6000 ---p 00000000 00:00 0 
66af6000-66b44000 rw-p 00000000 00:00 0          [stack:15783]
66b44000-66b47000 ---p 00000000 00:00 0 
66b47000-66b95000 rw-p 00000000 00:00 0          [stack:15782]
66b95000-66b98000 ---p 00000000 00:00 0 
66b98000-66da7000 rw-p 00000000 00:00 0          [stack:15781]
66da7000-66e17000 r-xp 00000000 08:01 394656     /lib/i386-linux-gnu/libpcre.so.3.13.1
66e17000-66e18000 r--p 0006f000 08:01 394656     /lib/i386-linux-gnu/libpcre.so.3.13.1
66e18000-66e19000 rw-p 00070000 08:01 394656     /lib/i386-linux-gnu/libpcre.so.3.13.1
66e19000-66f3f000 r-xp 00000000 08:01 394573     /lib/i386-linux-gnu/libglib-2.0.so.0.4400.0
66f3f000-66f40000 r--p 00125000 08:01 394573     /lib/i386-linux-gnu/libglib-2.0.so.0.4400.0
66f40000-66f41000 rw-p 00126000 08:01 394573     /lib/i386-linux-gnu/libglib-2.0.so.0.4400.0
66f41000-670fa000 r-xp 00000000 08:01 137357     /usr/lib/i386-linux-gnu/libgio-2.0.so.0.4400.0
670fa000-670fd000 r--p 001b8000 08:01 137357     /usr/lib/i386-linux-gnu/libgio-2.0.so.0.4400.0
670fd000-670ff000 rw-p 001bb000 08:01 137357     /usr/lib/i386-linux-gnu/libgio-2.0.so.0.4400.0
670ff000-67100000 rw-p 00000000 00:00 0 
67100000-67165000 rw-p 00000000 00:00 0 
67165000-67200000 ---p 00000000 00:00 0 
6721a000-6722e000 r-xp 00000000 08:01 394679     /lib/i386-linux-gnu/libresolv-2.21.so
6722e000-67230000 r--p 00013000 08:01 394679     /lib/i386-linux-gnu/libresolv-2.21.so
67230000-67231000 rw-p 00015000 08:01 394679     /lib/i386-linux-gnu/libresolv-2.21.so
67231000-67233000 rw-p 00000000 00:00 0 
67233000-6728e000 r-xp 00000000 08:01 137385     /usr/lib/i386-linux-gnu/libgobject-2.0.so.0.4400.0
6728e000-6728f000 r--p 0005b000 08:01 137385     /usr/lib/i386-linux-gnu/libgobject-2.0.so.0.4400.0
6728f000-67290000 rw-p 0005c000 08:01 137385     /usr/lib/i386-linux-gnu/libgobject-2.0.so.0.4400.0
67290000-67291000 ---p 00000000 00:00 0 
67291000-67311000 rw-p 00000000 00:00 0          [stack:15780]
67311000-67314000 ---p 00000000 00:00 0 
67314000-67362000 rw-p 00000000 00:00 0          [stack:15779]
67362000-67365000 ---p 00000000 00:00 0 
67365000-673e3000 rw-p 00000000 00:00 0          [stack:15778]
673e3000-673e6000 ---p 00000000 00:00 0 
673e6000-67464000 rw-p 00000000 00:00 0          [stack:15777]
67464000-675ab000 r-xp 00000000 08:01 136931     /usr/lib/i386-linux-gnu/libX11.so.6.3.0
675ab000-675ac000 r--p 00146000 08:01 136931     /usr/lib/i386-linux-gnu/libX11.so.6.3.0
675ac000-675ae000 rw-p 00147000 08:01 136931     /usr/lib/i386-linux-gnu/libX11.so.6.3.0
675ae000-675af000 rw-p 00000000 00:00 0 
675af000-675b2000 ---p 00000000 00:00 0 
675b2000-67600000 rw-p 00000000 00:00 0          [stack:15776]
67600000-67800000 r--p 00000000 08:01 143362     /usr/lib/locale/locale-archive
67800000-678f1000 rw-p 00000000 00:00 0 
678f1000-67900000 ---p 00000000 00:00 0 
67900000-67921000 rw-p 00000000 00:00 0 
67921000-67a00000 ---p 00000000 00:00 0 
67a00000-67b00000 rw-p 00000000 00:00 0 
67b0f000-67b33000 r-xp 00000000 08:01 394683     /lib/i386-linux-gnu/libselinux.so.1
67b33000-67b34000 r--p 00024000 08:01 394683     /lib/i386-linux-gnu/libselinux.so.1
67b34000-67b35000 rw-p 00025000 08:01 394683     /lib/i386-linux-gnu/libselinux.so.1
67b35000-67b36000 rw-p 00000000 00:00 0 
67b4d000-67b4e000 ---p 00000000 00:00 0 
67b4e000-67bce000 rw-p 00000000 00:00 0          [stack:15773]
67bce000-67d80000 r--s 01d2e000 08:01 804984     /usr/lib/jvm/java-7-openjdk-i386/jre/lib/rt.jar
67d80000-6a600000 rw-p 00000000 00:00 0 
6a600000-6a6e6000 rw-p 00000000 00:00 0 
6a6e6000-6a700000 ---p 00000000 00:00 0 
6a702000-6a709000 r-xp 00000000 08:01 137254     /usr/lib/i386-linux-gnu/libffi.so.6.0.4
6a709000-6a70b000 r--p 00006000 08:01 137254     /usr/lib/i386-linux-gnu/libffi.so.6.0.4
6a70b000-6a70c000 rw-p 00008000 08:01 137254     /usr/lib/i386-linux-gnu/libffi.so.6.0.4
6a70c000-6a72c000 r-xp 00000000 08:01 138125     /usr/lib/i386-linux-gnu/libxcb.so.1.1.0
6a72c000-6a72d000 r--p 0001f000 08:01 138125     /usr/lib/i386-linux-gnu/libxcb.so.1.1.0
6a72d000-6a72e000 rw-p 00020000 08:01 138125     /usr/lib/i386-linux-gnu/libxcb.so.1.1.0
6a72e000-6a731000 ---p 00000000 00:00 0 
6a731000-6a77f000 rw-p 00000000 00:00 0          [stack:15775]
6a77f000-6a780000 ---p 00000000 00:00 0 
6a780000-6a800000 rw-p 00000000 00:00 0          [stack:15772]
6a800000-6a821000 rw-p 00000000 00:00 0 
6a821000-6a900000 ---p 00000000 00:00 0 
6a903000-6a91a000 r-xp 00000000 08:01 805027     /usr/lib/jvm/java-7-openjdk-i386/jre/lib/i386/libnet.so
6a91a000-6a91b000 r--p 00016000 08:01 805027     /usr/lib/jvm/java-7-openjdk-i386/jre/lib/i386/libnet.so
6a91b000-6a91c000 rw-p 00017000 08:01 805027     /usr/lib/jvm/java-7-openjdk-i386/jre/lib/i386/libnet.so
6a91c000-6a92c000 r-xp 00000000 08:01 804991     /usr/lib/jvm/java-7-openjdk-i386/jre/lib/i386/libnio.so
6a92c000-6a92d000 r--p 00010000 08:01 804991     /usr/lib/jvm/java-7-openjdk-i386/jre/lib/i386/libnio.so
6a92d000-6a92e000 rw-p 00011000 08:01 804991     /usr/lib/jvm/java-7-openjdk-i386/jre/lib/i386/libnio.so
6a92e000-6a931000 ---p 00000000 00:00 0 
6a931000-6a97f000 rw-p 00000000 00:00 0          [stack:15774]
6a97f000-6a980000 ---p 00000000 00:00 0 
6a980000-6aa00000 rw-p 00000000 00:00 0          [stack:15771]
6aa00000-6aa21000 rw-p 00000000 00:00 0 
6aa21000-6ab00000 ---p 00000000 00:00 0 
6ab04000-6ab07000 r-xp 00000000 08:01 137371     /usr/lib/i386-linux-gnu/libgmodule-2.0.so.0.4400.0
6ab07000-6ab08000 r--p 00002000 08:01 137371     /usr/lib/i386-linux-gnu/libgmodule-2.0.so.0.4400.0
6ab08000-6ab09000 rw-p 00003000 08:01 137371     /usr/lib/i386-linux-gnu/libgmodule-2.0.so.0.4400.0
6ab09000-6ab0e000 r--s 00039000 08:01 941670     /home/student/test/Pedometer/app/build/intermediates/exploded-aar/com.android.support/design/23.1.1/jars/classes.jar
6ab0e000-6ab13000 r-xp 00000000 08:01 136946     /usr/lib/i386-linux-gnu/libXdmcp.so.6.0.0
6ab13000-6ab14000 r--p 00004000 08:01 136946     /usr/lib/i386-linux-gnu/libXdmcp.so.6.0.0
6ab14000-6ab15000 rw-p 00005000 08:01 136946     /usr/lib/i386-linux-gnu/libXdmcp.so.6.0.0
6ab15000-6ab24000 r--s 000df000 08:01 1068117    /home/student/Android/Sdk/build-tools/23.0.2/lib/dx.jar
6ab24000-6ab7f000 rw-p 00000000 00:00 0 
6ab7f000-6ab80000 ---p 00000000 00:00 0 
6ab80000-6ac00000 rw-p 00000000 00:00 0          [stack:15770]
6ac00000-6ac3f000 rw-p 00000000 00:00 0 
6ac3f000-6ad00000 ---p 00000000 00:00 0 
6ad00000-6ad02000 r-xp 00000000 08:01 136935     /usr/lib/i386-linux-gnu/libXau.so.6.0.0
6ad02000-6ad03000 r--p 00001000 08:01 136935     /usr/lib/i386-linux-gnu/libXau.so.6.0.0
6ad03000-6ad04000 rw-p 00002000 08:01 136935     /usr/lib/i386-linux-gnu/libXau.so.6.0.0
6ad04000-6ad68000 rw-p 00000000 00:00 0 
6ad68000-6ad69000 ---p 00000000 00:00 0 
6ad69000-6adf1000 rw-p 00000000 00:00 0          [stack:15769]
6adf1000-6ae29000 rw-p 00000000 00:00 0 
6ae29000-6ae3e000 rw-p 00000000 00:00 0 
6ae3e000-6af7f000 rw-p 00000000 00:00 0 
6af7f000-6af87000 rw-p 00000000 00:00 0 
6af87000-6afbf000 rw-p 00000000 00:00 0 
6afbf000-6afd4000 rw-p 00000000 00:00 0 
6afd4000-6b114000 rw-p 00000000 00:00 0 
6b114000-6b127000 rw-p 00000000 00:00 0 
6b127000-6b1bf000 rw-p 00000000 00:00 0 
6b1bf000-6c1c0000 rw-p 00000000 00:00 0 
6c1c0000-731c0000 rw-p 00000000 00:00 0 
731c0000-75bc0000 rw-p 00000000 00:00 0 
75bc0000-9dc40000 rw-p 00000000 00:00 0 
9dc40000-a01c0000 rw-p 00000000 00:00 0 
a01c0000-b31c0000 rw-p 00000000 00:00 0 
b31c0000-b31c2000 r-xp 00000000 08:01 141618     /usr/lib/jayatana/libjayatanaag.so
b31c2000-b31c3000 r--p 00001000 08:01 141618     /usr/lib/jayatana/libjayatanaag.so
b31c3000-b31c4000 rw-p 00002000 08:01 141618     /usr/lib/jayatana/libjayatanaag.so
b31c4000-b31c7000 r--s 0000f000 08:01 804977     /usr/lib/jvm/java-7-openjdk-i386/jre/lib/ext/icedtea-sound.jar
b31c7000-b31cb000 r--s 00085000 08:01 804976     /usr/lib/jvm/java-7-openjdk-i386/jre/lib/ext/localedata.jar
b31cb000-b31d4000 rw-p 00000000 00:00 0 
b31d4000-b328b000 rw-p 00000000 00:00 0 
b328b000-b34cb000 rwxp 00000000 00:00 0 
b34cb000-b628b000 rw-p 00000000 00:00 0 
b628b000-b6297000 r-xp 00000000 08:01 394626     /lib/i386-linux-gnu/libnss_files-2.21.so
b6297000-b6298000 r--p 0000b000 08:01 394626     /lib/i386-linux-gnu/libnss_files-2.21.so
b6298000-b6299000 rw-p 0000c000 08:01 394626     /lib/i386-linux-gnu/libnss_files-2.21.so
b6299000-b62a4000 r-xp 00000000 08:01 394636     /lib/i386-linux-gnu/libnss_nis-2.21.so
b62a4000-b62a5000 r--p 0000a000 08:01 394636     /lib/i386-linux-gnu/libnss_nis-2.21.so
b62a5000-b62a6000 rw-p 0000b000 08:01 394636     /lib/i386-linux-gnu/libnss_nis-2.21.so
b62a6000-b62bd000 r-xp 00000000 08:01 394620     /lib/i386-linux-gnu/libnsl-2.21.so
b62bd000-b62be000 r--p 00016000 08:01 394620     /lib/i386-linux-gnu/libnsl-2.21.so
b62be000-b62bf000 rw-p 00017000 08:01 394620     /lib/i386-linux-gnu/libnsl-2.21.so
b62bf000-b62c1000 rw-p 00000000 00:00 0 
b62c2000-b62c6000 r--s 00034000 08:01 804978     /usr/lib/jvm/java-7-openjdk-i386/jre/lib/ext/sunjce_provider.jar
b62c6000-b62ce000 r-xp 00000000 08:01 804995     /usr/lib/jvm/java-7-openjdk-i386/jre/lib/i386/libzip.so
b62ce000-b62cf000 r--p 00007000 08:01 804995     /usr/lib/jvm/java-7-openjdk-i386/jre/lib/i386/libzip.so
b62cf000-b62d0000 rw-p 00008000 08:01 804995     /usr/lib/jvm/java-7-openjdk-i386/jre/lib/i386/libzip.so
b62d0000-b62d8000 rw-s 00000000 08:01 429239     /tmp/hsperfdata_student/15763
b62d8000-b62fe000 r-xp 00000000 08:01 805003     /usr/lib/jvm/java-7-openjdk-i386/jre/lib/i386/libjava.so
b62fe000-b62ff000 r--p 00025000 08:01 805003     /usr/lib/jvm/java-7-openjdk-i386/jre/lib/i386/libjava.so
b62ff000-b6300000 rw-p 00026000 08:01 805003     /usr/lib/jvm/java-7-openjdk-i386/jre/lib/i386/libjava.so
b6300000-b6400000 rw-p 00000000 00:00 0 
b6400000-b6401000 r--s 00000000 08:01 414147     /usr/share/java/jayatanaag.jar
b6401000-b6405000 r--s 0003c000 08:01 804979     /usr/lib/jvm/java-7-openjdk-i386/jre/lib/ext/sunpkcs11.jar
b6405000-b6407000 r--s 00012000 08:01 804975     /usr/lib/jvm/java-7-openjdk-i386/jre/lib/ext/zipfs.jar
b6407000-b640f000 r-xp 00000000 08:01 394622     /lib/i386-linux-gnu/libnss_compat-2.21.so
b640f000-b6410000 r--p 00007000 08:01 394622     /lib/i386-linux-gnu/libnss_compat-2.21.so
b6410000-b6411000 rw-p 00008000 08:01 394622     /lib/i386-linux-gnu/libnss_compat-2.21.so
b6411000-b641b000 r-xp 00000000 08:01 805017     /usr/lib/jvm/java-7-openjdk-i386/jre/lib/i386/libinstrument.so
b641b000-b641c000 r--p 00009000 08:01 805017     /usr/lib/jvm/java-7-openjdk-i386/jre/lib/i386/libinstrument.so
b641c000-b641d000 rw-p 0000a000 08:01 805017     /usr/lib/jvm/java-7-openjdk-i386/jre/lib/i386/libinstrument.so
b641d000-b6424000 r-xp 00000000 08:01 394681     /lib/i386-linux-gnu/librt-2.21.so
b6424000-b6425000 r--p 00006000 08:01 394681     /lib/i386-linux-gnu/librt-2.21.so
b6425000-b6426000 rw-p 00007000 08:01 394681     /lib/i386-linux-gnu/librt-2.21.so
b6426000-b6429000 ---p 00000000 00:00 0 
b6429000-b6477000 rw-p 00000000 00:00 0          [stack:15768]
b6477000-b6493000 r-xp 00000000 08:01 394569     /lib/i386-linux-gnu/libgcc_s.so.1
b6493000-b6494000 rw-p 0001b000 08:01 394569     /lib/i386-linux-gnu/libgcc_s.so.1
b6494000-b64df000 r-xp 00000000 08:01 394599     /lib/i386-linux-gnu/libm-2.21.so
b64df000-b64e0000 r--p 0004a000 08:01 394599     /lib/i386-linux-gnu/libm-2.21.so
b64e0000-b64e1000 rw-p 0004b000 08:01 394599     /lib/i386-linux-gnu/libm-2.21.so
b64e1000-b65ca000 r-xp 00000000 08:01 137921     /usr/lib/i386-linux-gnu/libstdc++.so.6.0.20
b65ca000-b65ce000 r--p 000e9000 08:01 137921     /usr/lib/i386-linux-gnu/libstdc++.so.6.0.20
b65ce000-b65cf000 rw-p 000ed000 08:01 137921     /usr/lib/i386-linux-gnu/libstdc++.so.6.0.20
b65cf000-b65d6000 rw-p 00000000 00:00 0 
b65d6000-b7129000 r-xp 00000000 08:01 805013     /usr/lib/jvm/java-7-openjdk-i386/jre/lib/i386/server/libjvm.so
b7129000-b717d000 r--p 00b52000 08:01 805013     /usr/lib/jvm/java-7-openjdk-i386/jre/lib/i386/server/libjvm.so
b717d000-b7191000 rw-p 00ba6000 08:01 805013     /usr/lib/jvm/java-7-openjdk-i386/jre/lib/i386/server/libjvm.so
b7191000-b75b0000 rw-p 00000000 00:00 0 
b75b0000-b75c9000 r-xp 00000000 08:01 394714     /lib/i386-linux-gnu/libz.so.1.2.8
b75c9000-b75ca000 r--p 00019000 08:01 394714     /lib/i386-linux-gnu/libz.so.1.2.8
b75ca000-b75cb000 rw-p 0001a000 08:01 394714     /lib/i386-linux-gnu/libz.so.1.2.8
b75cb000-b75e4000 r-xp 00000000 08:01 394673     /lib/i386-linux-gnu/libpthread-2.21.so
b75e4000-b75e5000 r--p 00018000 08:01 394673     /lib/i386-linux-gnu/libpthread-2.21.so
b75e5000-b75e6000 rw-p 00019000 08:01 394673     /lib/i386-linux-gnu/libpthread-2.21.so
b75e6000-b75e8000 rw-p 00000000 00:00 0 
b75e8000-b75eb000 r-xp 00000000 08:01 394557     /lib/i386-linux-gnu/libdl-2.21.so
b75eb000-b75ec000 r--p 00002000 08:01 394557     /lib/i386-linux-gnu/libdl-2.21.so
b75ec000-b75ed000 rw-p 00003000 08:01 394557     /lib/i386-linux-gnu/libdl-2.21.so
b75ed000-b77a1000 r-xp 00000000 08:01 394540     /lib/i386-linux-gnu/libc-2.21.so
b77a1000-b77a4000 r--p 001b3000 08:01 394540     /lib/i386-linux-gnu/libc-2.21.so
b77a4000-b77a6000 rw-p 001b6000 08:01 394540     /lib/i386-linux-gnu/libc-2.21.so
b77a6000-b77a8000 rw-p 00000000 00:00 0 
b77a8000-b77a9000 r--s 00002000 08:01 804980     /usr/lib/jvm/java-7-openjdk-i386/jre/lib/ext/dnsns.jar
b77a9000-b77ab000 r--s 00006000 08:01 399091     /usr/share/java/java-atk-wrapper.jar
b77ab000-b77ac000 r--p 005e0000 08:01 143362     /usr/lib/locale/locale-archive
b77ac000-b77ad000 rw-p 00000000 00:00 0 
b77ad000-b77ae000 ---p 00000000 00:00 0 
b77ae000-b77bc000 r-xp 00000000 08:01 805022     /usr/lib/jvm/java-7-openjdk-i386/jre/lib/i386/libverify.so
b77bc000-b77be000 r--p 0000d000 08:01 805022     /usr/lib/jvm/java-7-openjdk-i386/jre/lib/i386/libverify.so
b77be000-b77bf000 rw-p 0000f000 08:01 805022     /usr/lib/jvm/java-7-openjdk-i386/jre/lib/i386/libverify.so
b77bf000-b77cb000 r-xp 00000000 08:01 805024     /usr/lib/jvm/java-7-openjdk-i386/jre/lib/i386/jli/libjli.so
b77cb000-b77cc000 r--p 0000b000 08:01 805024     /usr/lib/jvm/java-7-openjdk-i386/jre/lib/i386/jli/libjli.so
b77cc000-b77cd000 rw-p 0000c000 08:01 805024     /usr/lib/jvm/java-7-openjdk-i386/jre/lib/i386/jli/libjli.so
b77cd000-b77d0000 rw-p 00000000 00:00 0 
b77d0000-b77d2000 r--p 00000000 00:00 0          [vvar]
b77d2000-b77d3000 r-xp 00000000 00:00 0          [vdso]
b77d3000-b77f5000 r-xp 00000000 08:01 394512     /lib/i386-linux-gnu/ld-2.21.so
b77f5000-b77f6000 r--p 00021000 08:01 394512     /lib/i386-linux-gnu/ld-2.21.so
b77f6000-b77f7000 rw-p 00022000 08:01 394512     /lib/i386-linux-gnu/ld-2.21.so
bf920000-bf921000 rwxp 00000000 00:00 0 
bf952000-bf974000 rw-p 00000000 00:00 0          [stack]

VM Arguments:
jvm_args: -javaagent:/usr/share/java/jayatanaag.jar -Djava.awt.headless=true -Xmx1024M -Dfile.encoding=UTF-8 -Duser.country=US -Duser.language=en -Duser.variant 
java_command: com.android.dx.command.Main --dex --num-threads=4 --output /home/student/test/Pedometer/app/build/intermediates/pre-dexed/debug/com.android.support-design-23.1.1_c68a9838b4179cc1f8726edc56f0ba99c01b5834.jar /home/student/test/Pedometer/app/build/intermediates/exploded-aar/com.android.support/design/23.1.1/jars/classes.jar
Launcher Type: SUN_STANDARD

Environment Variables:
JAVA_TOOL_OPTIONS=-javaagent:/usr/share/java/jayatanaag.jar 
PATH=/home/student/.linuxbrew/bin:/usr/local/sbin:/usr/local/bin:/usr/sbin:/usr/bin:/sbin:/bin:/usr/games:/usr/local/games:/etc/android-studio/bin/:/home/student/Android/Sdk/platform-tools:/home/student/Android/Sdk/tools
LD_LIBRARY_PATH=/etc/android-studio/bin:
SHELL=/bin/bash
DISPLAY=:0

Signal Handlers:
SIGSEGV: [libjvm.so+0x7f7d00], sa_mask[0]=0x7ffbfeff, sa_flags=0x10000004
SIGBUS: [libjvm.so+0x7f7d00], sa_mask[0]=0x7ffbfeff, sa_flags=0x10000004
SIGFPE: [libjvm.so+0x67a9d0], sa_mask[0]=0x7ffbfeff, sa_flags=0x10000004
SIGPIPE: [libjvm.so+0x67a9d0], sa_mask[0]=0x7ffbfeff, sa_flags=0x10000004
SIGXFSZ: [libjvm.so+0x67a9d0], sa_mask[0]=0x7ffbfeff, sa_flags=0x10000004
SIGILL: [libjvm.so+0x67a9d0], sa_mask[0]=0x7ffbfeff, sa_flags=0x10000004
SIGUSR1: SIG_DFL, sa_mask[0]=0x00000000, sa_flags=0x00000000
SIGUSR2: [libjvm.so+0x67a820], sa_mask[0]=0x00000004, sa_flags=0x10000004
SIGHUP: [libjvm.so+0x67aa80], sa_mask[0]=0x7ffbfeff, sa_flags=0x10000004
SIGINT: [libjvm.so+0x67aa80], sa_mask[0]=0x7ffbfeff, sa_flags=0x10000004
SIGTERM: [libjvm.so+0x67aa80], sa_mask[0]=0x7ffbfeff, sa_flags=0x10000004
SIGQUIT: [libjvm.so+0x67aa80], sa_mask[0]=0x7ffbfeff, sa_flags=0x10000004
SIGTRAP: SIG_DFL, sa_mask[0]=0x00000000, sa_flags=0x00000000


---------------  S Y S T E M  ---------------

OS:Ubuntu 15.04 (vivid)
uname:Linux 3.19.0-18-generic #18-Ubuntu SMP Tue May 19 18:30:59 UTC 2015 i686
libc:glibc 2.21 NPTL 2.21 
rlimit: STACK 8192k, CORE 0k, NPROC 32177, NOFILE 65536, AS infinity
load average:4.44 1.96 1.38

/proc/meminfo:
MemTotal:        4139540 kB
MemFree:          300324 kB
MemAvailable:     228628 kB
Buffers:            1276 kB
Cached:            62136 kB
SwapCached:            0 kB
Active:          3497708 kB
Inactive:          47208 kB
Active(anon):    3483660 kB
Inactive(anon):    37412 kB
Active(file):      14048 kB
Inactive(file):     9796 kB
Unevictable:          32 kB
Mlocked:              32 kB
HighTotal:       3280776 kB
HighFree:         113928 kB
LowTotal:         858764 kB
LowFree:          186396 kB
SwapTotal:             0 kB
SwapFree:              0 kB
Dirty:                88 kB
Writeback:             0 kB
AnonPages:       3482556 kB
Mapped:            44052 kB
Shmem:             38572 kB
Slab:              47552 kB
SReclaimable:      22076 kB
SUnreclaim:        25476 kB
KernelStack:        5480 kB
PageTables:        14988 kB
NFS_Unstable:          0 kB
Bounce:                0 kB
WritebackTmp:          0 kB
CommitLimit:     2069768 kB
Committed_AS:    6475352 kB
VmallocTotal:     122880 kB
VmallocUsed:       23328 kB
VmallocChunk:      46892 kB
AnonHugePages:   2703360 kB
CmaTotal:              0 kB
CmaFree:               0 kB
HugePages_Total:       0
HugePages_Free:        0
HugePages_Rsvd:        0
HugePages_Surp:        0
Hugepagesize:       2048 kB
DirectMap4k:       59384 kB
DirectMap2M:      854016 kB


CPU:total 4 (1 cores per cpu, 1 threads per core) family 6 model 58 stepping 9, cmov, cx8, fxsr, mmx, sse, sse2, sse3, ssse3, sse4.1, sse4.2, popcnt, avx, aes, erms, tsc, tscinvbit, tscinv

/proc/cpuinfo:
processor	: 0
vendor_id	: GenuineIntel
cpu family	: 6
model		: 58
model name	: Intel(R) Core(TM) i5-3210M CPU @ 2.50GHz
stepping	: 9
microcode	: 0x15
cpu MHz		: 2494.111
cache size	: 3072 KB
physical id	: 0
siblings	: 1
core id		: 0
cpu cores	: 1
apicid		: 0
initial apicid	: 0
fdiv_bug	: no
f00f_bug	: no
coma_bug	: no
fpu		: yes
fpu_exception	: yes
cpuid level	: 13
wp		: yes
flags		: fpu vme de pse tsc msr pae mce cx8 apic sep mtrr pge mca cmov pat pse36 clflush dts mmx fxsr sse sse2 ss nx rdtscp lm constant_tsc arch_perfmon pebs bts xtopology tsc_reliable nonstop_tsc aperfmperf pni pclmulqdq ssse3 cx16 pcid sse4_1 sse4_2 x2apic popcnt tsc_deadline_timer aes xsave avx f16c rdrand hypervisor lahf_lm ida arat epb pln pts dtherm fsgsbase tsc_adjust smep
bugs		:
bogomips	: 4988.22
clflush size	: 64
cache_alignment	: 64
address sizes	: 42 bits physical, 48 bits virtual
power management:

processor	: 1
vendor_id	: GenuineIntel
cpu family	: 6
model		: 58
model name	: Intel(R) Core(TM) i5-3210M CPU @ 2.50GHz
stepping	: 9
microcode	: 0x15
cpu MHz		: 2494.111
cache size	: 3072 KB
physical id	: 2
siblings	: 1
core id		: 0
cpu cores	: 1
apicid		: 2
initial apicid	: 2
fdiv_bug	: no
f00f_bug	: no
coma_bug	: no
fpu		: yes
fpu_exception	: yes
cpuid level	: 13
wp		: yes
flags		: fpu vme de pse tsc msr pae mce cx8 apic sep mtrr pge mca cmov pat pse36 clflush dts mmx fxsr sse sse2 ss nx rdtscp lm constant_tsc arch_perfmon pebs bts xtopology tsc_reliable nonstop_tsc aperfmperf pni pclmulqdq ssse3 cx16 pcid sse4_1 sse4_2 x2apic popcnt tsc_deadline_timer aes xsave avx f16c rdrand hypervisor lahf_lm ida arat epb pln pts dtherm fsgsbase tsc_adjust smep
bugs		:
bogomips	: 4988.22
clflush size	: 64
cache_alignment	: 64
address sizes	: 42 bits physical, 48 bits virtual
power management:

processor	: 2
vendor_id	: GenuineIntel
cpu family	: 6
model		: 58
model name	: Intel(R) Core(TM) i5-3210M CPU @ 2.50GHz
stepping	: 9
microcode	: 0x15
cpu MHz		: 2494.111
cache size	: 3072 KB
physical id	: 4
siblings	: 1
core id		: 0
cpu cores	: 1
apicid		: 4
initial apicid	: 4
fdiv_bug	: no
f00f_bug	: no
coma_bug	: no
fpu		: yes
fpu_exception	: yes
cpuid level	: 13
wp		: yes
flags		: fpu vme de pse tsc msr pae mce cx8 apic sep mtrr pge mca cmov pat pse36 clflush dts mmx fxsr sse sse2 ss nx rdtscp lm constant_tsc arch_perfmon pebs bts xtopology tsc_reliable nonstop_tsc aperfmperf pni pclmulqdq ssse3 cx16 pcid sse4_1 sse4_2 x2apic popcnt tsc_deadline_timer aes xsave avx f16c rdrand hypervisor lahf_lm ida arat epb pln pts dtherm fsgsbase tsc_adjust smep
bugs		:
bogomips	: 4988.22
clflush size	: 64
cache_alignment	: 64
address sizes	: 42 bits physical, 48 bits virtual
power management:

processor	: 3
vendor_id	: GenuineIntel
cpu family	: 6
model		: 58
model name	: Intel(R) Core(TM) i5-3210M CPU @ 2.50GHz
stepping	: 9
microcode	: 0x15
cpu MHz		: 2494.111
cache size	: 3072 KB
physical id	: 6
siblings	: 1
core id		: 0
cpu cores	: 1
apicid		: 6
initial apicid	: 6
fdiv_bug	: no
f00f_bug	: no
coma_bug	: no
fpu		: yes
fpu_exception	: yes
cpuid level	: 13
wp		: yes
flags		: fpu vme de pse tsc msr pae mce cx8 apic sep mtrr pge mca cmov pat pse36 clflush dts mmx fxsr sse sse2 ss nx rdtscp lm constant_tsc arch_perfmon pebs bts xtopology tsc_reliable nonstop_tsc aperfmperf pni pclmulqdq ssse3 cx16 pcid sse4_1 sse4_2 x2apic popcnt tsc_deadline_timer aes xsave avx f16c rdrand hypervisor lahf_lm ida arat epb pln pts dtherm fsgsbase tsc_adjust smep
bugs		:
bogomips	: 4988.22
clflush size	: 64
cache_alignment	: 64
address sizes	: 42 bits physical, 48 bits virtual
power management:



Memory: 4k page, physical 4139540k(300324k free), swap 0k(0k free)

vm_info: OpenJDK Server VM (24.91-b01) for linux-x86 JRE (1.7.0_91-b02), built on Nov 19 2015 06:25:06 by "buildd" with gcc 4.9.2

time: Sun May  1 14:17:19 2016
elapsed time: 8 seconds

