#
# There is insufficient memory for the Java Runtime Environment to continue.
# Native memory allocation (malloc) failed to allocate 95944704 bytes for committing reserved memory.
# Possible reasons:
#   The system is out of physical RAM or swap space
#   In 32 bit mode, the process size limit was hit
# Possible solutions:
#   Reduce memory load on the system
#   Increase physical memory or swap space
#   Check if swap backing store is full
#   Use 64 bit Java on a 64 bit OS
#   Decrease Java heap size (-Xmx/-Xms)
#   Decrease number of Java threads
#   Decrease Java thread stack sizes (-Xss)
#   Set larger code cache with -XX:ReservedCodeCacheSize=
# This output file may be truncated or incomplete.
#
#  Out of Memory Error (os_linux.cpp:2827), pid=15057, tid=1740430144
#
# JRE version: OpenJDK Runtime Environment (7.0_91-b02) (build 1.7.0_91-b02)
# Java VM: OpenJDK Server VM (24.91-b01 mixed mode linux-x86 )
# Derivative: IcedTea 2.6.3
# Distribution: Ubuntu 15.04, package 7u91-2.6.3-0ubuntu0.15.04.1
# Failed to write core dump. Core dumps have been disabled. To enable core dumping, try "ulimit -c unlimited" before starting Java again
#

---------------  T H R E A D  ---------------

Current thread (0x67a81400):  VMThread [stack: 0x67b4d000,0x67bce000] [id=15088]

Stack: [0x67b4d000,0x67bce000]
VM_Operation (0xb63b7894): ParallelGCFailedAllocation, mode: safepoint, requested by thread 0xb6208400


---------------  P R O C E S S  ---------------

Java Threads: ( => current thread )
  0x67057000 JavaThread "pool-1-thread-4" [_thread_blocked, id=15123, stack(0x66814000,0x66865000)]
  0x67055c00 JavaThread "pool-1-thread-3" [_thread_blocked, id=15119, stack(0x66865000,0x668b6000)]
  0x67054c00 JavaThread "pool-1-thread-2" [_thread_blocked, id=15117, stack(0x668b6000,0x66907000)]
  0x67052000 JavaThread "pool-2-thread-1" [_thread_blocked, id=15115, stack(0x66907000,0x66958000)]
  0x6704fc00 JavaThread "pool-1-thread-1" [_thread_blocked, id=15114, stack(0x66f3d000,0x66f8e000)]
  0x67aee800 JavaThread "Service Thread" daemon [_thread_blocked, id=15098, stack(0x67262000,0x672b3000)]
  0x67aec800 JavaThread "C2 CompilerThread1" daemon [_thread_in_native, id=15097, stack(0x672b3000,0x67334000)]
  0x67aeb400 JavaThread "C2 CompilerThread0" daemon [_thread_blocked, id=15096, stack(0x67334000,0x673b5000)]
  0x67a98400 JavaThread "Signal Dispatcher" daemon [_thread_blocked, id=15095, stack(0x6790d000,0x6795e000)]
  0x67a85400 JavaThread "Finalizer" daemon [_thread_blocked, id=15090, stack(0x6795e000,0x679af000)]
  0x67a83c00 JavaThread "Reference Handler" daemon [_thread_blocked, id=15089, stack(0x679af000,0x67a00000)]
  0xb6208400 JavaThread "main" [_thread_blocked, id=15060, stack(0xb6368000,0xb63b9000)]

Other Threads:
=>0x67a81400 VMThread [stack: 0x67b4d000,0x67bce000] [id=15088]
  0x67af0800 WatcherThread [stack: 0x671e1000,0x67262000] [id=15099]

VM state:at safepoint (normal execution)

VM Mutex/Monitor currently owned by a thread:  ([mutex/lock_event])
[0xb6205df0] Threads_lock - owner thread: 0x67a81400
[0xb6206200] Heap_lock - owner thread: 0xb6208400
[0xb62066e0] MethodData_lock - owner thread: 0x67055c00

Heap
 PSYoungGen      total 69120K, used 2559K [0x9db80000, 0xa2180000, 0xb3100000)
  eden space 66560K, 0% used [0x9db80000,0x9db80000,0xa1c80000)
  from space 2560K, 99% used [0xa1c80000,0xa1efffd8,0xa1f00000)
  to   space 2560K, 0% used [0xa1f00000,0xa1f00000,0xa2180000)
 ParOldGen       total 43008K, used 24512K [0x73100000, 0x75b00000, 0x9db80000)
  object space 43008K, 56% used [0x73100000,0x748f0090,0x75b00000)
 PSPermGen       total 16384K, used 4285K [0x6b100000, 0x6c100000, 0x73100000)
  object space 16384K, 26% used [0x6b100000,0x6b52f4e0,0x6c100000)

Card table byte_map: [0x6aebf000,0x6b100000] byte_map_base: 0x6ab66800

Polling page: 0xb76ef000

Code Cache  [0xb31ca000, 0xb340a000, 0xb61ca000)
 total_blobs=384 nmethods=261 adapters=76 free_code_cache=48181Kb largest_free_block=49313664

Compilation events (10 events):
Event: 12.250 Thread 0x67aeb400 nmethod 259 0xb32b18c8 code [0xb32b19c0, 0xb32b1b70]
Event: 12.250 Thread 0x67aeb400  260             com.android.dx.rop.cst.CstString::compareTo0 (15 bytes)
Event: 12.251 Thread 0x67aeb400 nmethod 260 0xb32b1588 code [0xb32b1680, 0xb32b17d0]
Event: 12.251 Thread 0x67aeb400  261             com.android.dx.rop.code.CstInsn::getConstant (5 bytes)
Event: 12.252 Thread 0x67aeb400 nmethod 261 0xb32b1408 code [0xb32b14e0, 0xb32b1530]
Event: 12.252 Thread 0x67aeb400  262             com.android.dx.ssa.SsaBasicBlock::forEachPhiInsn (54 bytes)
Event: 12.304 Thread 0x67aeb400 nmethod 262 0xb328b6c8 code [0xb328b8a0, 0xb328bf58]
Event: 12.304 Thread 0x67aeb400  263             java.lang.Object::equals (11 bytes)
Event: 12.305 Thread 0x67aeb400 nmethod 263 0xb328b4c8 code [0xb328b5a0, 0xb328b5f0]
Event: 12.305 Thread 0x67aeb400  264   !         com.android.dx.cf.code.Ropper::processBlock (1101 bytes)

GC Heap History (9 events):
Event: 0.684 GC heap before
{Heap before GC invocations=1 (full 0):
 PSYoungGen      total 19200K, used 16640K [0x9db80000, 0x9f0c0000, 0xb3100000)
  eden space 16640K, 100% used [0x9db80000,0x9ebc0000,0x9ebc0000)
  from space 2560K, 0% used [0x9ee40000,0x9ee40000,0x9f0c0000)
  to   space 2560K, 0% used [0x9ebc0000,0x9ebc0000,0x9ee40000)
 ParOldGen       total 43008K, used 0K [0x73100000, 0x75b00000, 0x9db80000)
  object space 43008K, 0% used [0x73100000,0x73100000,0x75b00000)
 PSPermGen       total 16384K, used 3013K [0x6b100000, 0x6c100000, 0x73100000)
  object space 16384K, 18% used [0x6b100000,0x6b3f1710,0x6c100000)
Event: 0.693 GC heap after
Heap after GC invocations=1 (full 0):
 PSYoungGen      total 19200K, used 1265K [0x9db80000, 0xa0100000, 0xb3100000)
  eden space 16640K, 0% used [0x9db80000,0x9db80000,0x9ebc0000)
  from space 2560K, 49% used [0x9ebc0000,0x9ecfc720,0x9ee40000)
  to   space 2560K, 0% used [0x9fe80000,0x9fe80000,0xa0100000)
 ParOldGen       total 43008K, used 0K [0x73100000, 0x75b00000, 0x9db80000)
  object space 43008K, 0% used [0x73100000,0x73100000,0x75b00000)
 PSPermGen       total 16384K, used 3013K [0x6b100000, 0x6c100000, 0x73100000)
  object space 16384K, 18% used [0x6b100000,0x6b3f1710,0x6c100000)
}
Event: 1.823 GC heap before
{Heap before GC invocations=2 (full 0):
 PSYoungGen      total 19200K, used 17905K [0x9db80000, 0xa0100000, 0xb3100000)
  eden space 16640K, 100% used [0x9db80000,0x9ebc0000,0x9ebc0000)
  from space 2560K, 49% used [0x9ebc0000,0x9ecfc720,0x9ee40000)
  to   space 2560K, 0% used [0x9fe80000,0x9fe80000,0xa0100000)
 ParOldGen       total 43008K, used 0K [0x73100000, 0x75b00000, 0x9db80000)
  object space 43008K, 0% used [0x73100000,0x73100000,0x75b00000)
 PSPermGen       total 16384K, used 4127K [0x6b100000, 0x6c100000, 0x73100000)
  object space 16384K, 25% used [0x6b100000,0x6b507c60,0x6c100000)
Event: 2.012 GC heap after
Heap after GC invocations=2 (full 0):
 PSYoungGen      total 35840K, used 2557K [0x9db80000, 0xa0100000, 0xb3100000)
  eden space 33280K, 0% used [0x9db80000,0x9db80000,0x9fc00000)
  from space 2560K, 99% used [0x9fe80000,0xa00ff470,0xa0100000)
  to   space 2560K, 0% used [0x9fc00000,0x9fc00000,0x9fe80000)
 ParOldGen       total 43008K, used 1711K [0x73100000, 0x75b00000, 0x9db80000)
  object space 43008K, 3% used [0x73100000,0x732abef0,0x75b00000)
 PSPermGen       total 16384K, used 4127K [0x6b100000, 0x6c100000, 0x73100000)
  object space 16384K, 25% used [0x6b100000,0x6b507c60,0x6c100000)
}
Event: 4.662 GC heap before
{Heap before GC invocations=3 (full 0):
 PSYoungGen      total 35840K, used 35837K [0x9db80000, 0xa0100000, 0xb3100000)
  eden space 33280K, 100% used [0x9db80000,0x9fc00000,0x9fc00000)
  from space 2560K, 99% used [0x9fe80000,0xa00ff470,0xa0100000)
  to   space 2560K, 0% used [0x9fc00000,0x9fc00000,0x9fe80000)
 ParOldGen       total 43008K, used 1711K [0x73100000, 0x75b00000, 0x9db80000)
  object space 43008K, 3% used [0x73100000,0x732abef0,0x75b00000)
 PSPermGen       total 16384K, used 4233K [0x6b100000, 0x6c100000, 0x73100000)
  object space 16384K, 25% used [0x6b100000,0x6b522480,0x6c100000)
Event: 4.730 GC heap after
Heap after GC invocations=3 (full 0):
 PSYoungGen      total 35840K, used 2547K [0x9db80000, 0xa2180000, 0xb3100000)
  eden space 33280K, 0% used [0x9db80000,0x9db80000,0x9fc00000)
  from space 2560K, 99% used [0x9fc00000,0x9fe7cdc0,0x9fe80000)
  to   space 2560K, 0% used [0xa1f00000,0xa1f00000,0xa2180000)
 ParOldGen       total 43008K, used 7446K [0x73100000, 0x75b00000, 0x9db80000)
  object space 43008K, 17% used [0x73100000,0x73845810,0x75b00000)
 PSPermGen       total 16384K, used 4233K [0x6b100000, 0x6c100000, 0x73100000)
  object space 16384K, 25% used [0x6b100000,0x6b522480,0x6c100000)
}
Event: 7.829 GC heap before
{Heap before GC invocations=4 (full 0):
 PSYoungGen      total 35840K, used 35827K [0x9db80000, 0xa2180000, 0xb3100000)
  eden space 33280K, 100% used [0x9db80000,0x9fc00000,0x9fc00000)
  from space 2560K, 99% used [0x9fc00000,0x9fe7cdc0,0x9fe80000)
  to   space 2560K, 0% used [0xa1f00000,0xa1f00000,0xa2180000)
 ParOldGen       total 43008K, used 7446K [0x73100000, 0x75b00000, 0x9db80000)
  object space 43008K, 17% used [0x73100000,0x73845810,0x75b00000)
 PSPermGen       total 16384K, used 4257K [0x6b100000, 0x6c100000, 0x73100000)
  object space 16384K, 25% used [0x6b100000,0x6b528598,0x6c100000)
Event: 8.075 GC heap after
Heap after GC invocations=4 (full 0):
 PSYoungGen      total 69120K, used 2544K [0x9db80000, 0xa2180000, 0xb3100000)
  eden space 66560K, 0% used [0x9db80000,0x9db80000,0xa1c80000)
  from space 2560K, 99% used [0xa1f00000,0xa217c188,0xa2180000)
  to   space 2560K, 0% used [0xa1c80000,0xa1c80000,0xa1f00000)
 ParOldGen       total 43008K, used 13787K [0x73100000, 0x75b00000, 0x9db80000)
  object space 43008K, 32% used [0x73100000,0x73e76c40,0x75b00000)
 PSPermGen       total 16384K, used 4257K [0x6b100000, 0x6c100000, 0x73100000)
  object space 16384K, 25% used [0x6b100000,0x6b528598,0x6c100000)
}
Event: 14.481 GC heap before
{Heap before GC invocations=5 (full 0):
 PSYoungGen      total 69120K, used 69104K [0x9db80000, 0xa2180000, 0xb3100000)
  eden space 66560K, 100% used [0x9db80000,0xa1c80000,0xa1c80000)
  from space 2560K, 99% used [0xa1f00000,0xa217c188,0xa2180000)
  to   space 2560K, 0% used [0xa1c80000,0xa1c80000,0xa1f00000)
 ParOldGen       total 43008K, used 13787K [0x73100000, 0x75b00000, 0x9db80000)
  object space 43008K, 32% used [0x73100000,0x73e76c40,0x75b00000)
 PSPermGen       total 16384K, used 4285K [0x6b100000, 0x6c100000, 0x73100000)
  object space 16384K, 26% used [0x6b100000,0x6b52f4e0,0x6c100000)

Deoptimization events (10 events):
Event: 5.460 Thread 0x67054c00 Uncommon trap: reason=bimorphic action=maybe_recompile pc=0xb323c0c8 method=com.android.dx.ssa.NormalSsaInsn.accept(Lcom/android/dx/ssa/SsaInsn$Visitor;)V @ 9
Event: 5.460 Thread 0x67054c00 Uncommon trap: reason=bimorphic action=maybe_recompile pc=0xb323c0c8 method=com.android.dx.ssa.NormalSsaInsn.accept(Lcom/android/dx/ssa/SsaInsn$Visitor;)V @ 9
Event: 5.463 Thread 0x67054c00 Uncommon trap: reason=bimorphic action=maybe_recompile pc=0xb323c0c8 method=com.android.dx.ssa.NormalSsaInsn.accept(Lcom/android/dx/ssa/SsaInsn$Visitor;)V @ 9
Event: 5.467 Thread 0x67054c00 Uncommon trap: reason=bimorphic action=maybe_recompile pc=0xb323c0c8 method=com.android.dx.ssa.NormalSsaInsn.accept(Lcom/android/dx/ssa/SsaInsn$Visitor;)V @ 9
Event: 5.468 Thread 0x67054c00 Uncommon trap: reason=bimorphic action=maybe_recompile pc=0xb3223fbc method=com.android.dx.ssa.NormalSsaInsn.accept(Lcom/android/dx/ssa/SsaInsn$Visitor;)V @ 9
Event: 6.889 Thread 0xb6208400 Uncommon trap: reason=null_check action=make_not_entrant pc=0xb3285af8 method=com.android.dx.rop.type.Type.putIntern(Lcom/android/dx/rop/type/Type;)Lcom/android/dx/rop/type/Type; @ 18
Event: 9.861 Thread 0x67055c00 Uncommon trap: reason=unstable_if action=reinterpret pc=0xb328a244 method=com.android.dx.util.IntList.binarysearch(I)I @ 105
Event: 11.237 Thread 0x6704fc00 Uncommon trap: reason=unstable_if action=reinterpret pc=0xb32377ac method=com.android.dx.util.IntList.binarysearch(I)I @ 105
Event: 13.677 Thread 0xb6208400 Uncommon trap: reason=unloaded action=reinterpret pc=0xb329d704 method=com.android.dx.cf.cst.ConstantPoolParser.parse0(ILjava/util/BitSet;)Lcom/android/dx/rop/cst/Constant; @ 220
Event: 14.019 Thread 0x67054c00 Uncommon trap: reason=unstable_if action=reinterpret pc=0xb32931e4 method=com.android.dx.ssa.SCCP.simulateBranch(Lcom/android/dx/ssa/SsaInsn;)V @ 64

Internal exceptions (10 events):
Event: 1.172 Thread 0x67055c00 Threw 0x9e355578 at /build/openjdk-7-PdBaKN/openjdk-7-7u91-2.6.3/build/openjdk/hotspot/src/share/vm/prims/jvm.cpp:1322
Event: 1.384 Thread 0xb6208400 Threw 0x9e63e8d0 at /build/openjdk-7-PdBaKN/openjdk-7-7u91-2.6.3/build/openjdk/hotspot/src/share/vm/prims/jvm.cpp:1322
Event: 1.385 Thread 0xb6208400 Threw 0x9e641570 at /build/openjdk-7-PdBaKN/openjdk-7-7u91-2.6.3/build/openjdk/hotspot/src/share/vm/prims/jvm.cpp:1322
Event: 1.386 Thread 0x6704fc00 Threw 0x9e6cbce8 at /build/openjdk-7-PdBaKN/openjdk-7-7u91-2.6.3/build/openjdk/hotspot/src/share/vm/prims/jvm.cpp:1322
Event: 1.532 Thread 0x6704fc00 Threw 0x9e88b8b0 at /build/openjdk-7-PdBaKN/openjdk-7-7u91-2.6.3/build/openjdk/hotspot/src/share/vm/prims/jvm.cpp:1322
Event: 2.546 Thread 0x67057000 Threw 0x9e032bd8 at /build/openjdk-7-PdBaKN/openjdk-7-7u91-2.6.3/build/openjdk/hotspot/src/share/vm/prims/jvm.cpp:1322
Event: 4.197 Thread 0xb6208400 Threw 0x9f73e220 at /build/openjdk-7-PdBaKN/openjdk-7-7u91-2.6.3/build/openjdk/hotspot/src/share/vm/prims/jvm.cpp:1322
Event: 5.985 Thread 0x67054c00 Threw 0x9e89f530 at /build/openjdk-7-PdBaKN/openjdk-7-7u91-2.6.3/build/openjdk/hotspot/src/share/vm/prims/jvm.cpp:1322
Event: 6.850 Thread 0xb6208400 Threw 0x9ef5e198 at /build/openjdk-7-PdBaKN/openjdk-7-7u91-2.6.3/build/openjdk/hotspot/src/share/vm/prims/jvm.cpp:1322
Event: 6.889 Thread 0xb6208400 Implicit null exception at 0xb3285562 to 0xb3285aed

Events (10 events):
Event: 11.237 Thread 0x6704fc00 Uncommon trap: trap_request=0xffffff75 fr.pc=0xb32377ac
Event: 11.237 Thread 0x6704fc00 DEOPT PACKING pc=0xb32377ac sp=0x66f8cbf0
Event: 11.237 Thread 0x6704fc00 DEOPT UNPACKING pc=0xb31f6bc8 sp=0x66f8cbcc mode 2
Event: 13.677 Thread 0xb6208400 Uncommon trap: trap_request=0x000000d2 fr.pc=0xb329d704
Event: 13.677 Thread 0xb6208400 DEOPT PACKING pc=0xb329d704 sp=0xb63b7ad0
Event: 13.677 Thread 0xb6208400 DEOPT UNPACKING pc=0xb31f6bc8 sp=0xb63b7ad4 mode 2
Event: 14.019 Thread 0x67054c00 Uncommon trap: trap_request=0xffffff75 fr.pc=0xb32931e4
Event: 14.019 Thread 0x67054c00 DEOPT PACKING pc=0xb32931e4 sp=0x66905ae0
Event: 14.019 Thread 0x67054c00 DEOPT UNPACKING pc=0xb31f6bc8 sp=0x66905af8 mode 2
Event: 14.402 Executing VM operation: ParallelGCFailedAllocation


Dynamic libraries:
08048000-08049000 r-xp 00000000 08:01 804961     /usr/lib/jvm/java-7-openjdk-i386/jre/bin/java
08049000-0804a000 r--p 00000000 08:01 804961     /usr/lib/jvm/java-7-openjdk-i386/jre/bin/java
0804a000-0804b000 rw-p 00001000 08:01 804961     /usr/lib/jvm/java-7-openjdk-i386/jre/bin/java
09c71000-09d76000 rw-p 00000000 00:00 0          [heap]
64d00000-64df3000 rw-p 00000000 00:00 0 
64df3000-64e00000 ---p 00000000 00:00 0 
64e00000-64e51000 rw-p 00000000 00:00 0 
64e51000-64f00000 ---p 00000000 00:00 0 
64f00000-64ffc000 rw-p 00000000 00:00 0 
64ffc000-65000000 ---p 00000000 00:00 0 
65000000-650e4000 rw-p 00000000 00:00 0 
650e4000-65100000 ---p 00000000 00:00 0 
65100000-65200000 rw-p 00000000 00:00 0 
65200000-652ff000 rw-p 00000000 00:00 0 
652ff000-65300000 ---p 00000000 00:00 0 
65300000-653f9000 rw-p 00000000 00:00 0 
653f9000-65400000 ---p 00000000 00:00 0 
65400000-654f7000 rw-p 00000000 00:00 0 
654f7000-65500000 ---p 00000000 00:00 0 
65500000-655f9000 rw-p 00000000 00:00 0 
655f9000-65600000 ---p 00000000 00:00 0 
65700000-657fd000 rw-p 00000000 00:00 0 
657fd000-65800000 ---p 00000000 00:00 0 
65900000-659f0000 rw-p 00000000 00:00 0 
659f0000-65a00000 ---p 00000000 00:00 0 
65a00000-65b00000 rw-p 00000000 00:00 0 
65b00000-65bfe000 rw-p 00000000 00:00 0 
65bfe000-65c00000 ---p 00000000 00:00 0 
65c00000-65cf9000 rw-p 00000000 00:00 0 
65cf9000-65d00000 ---p 00000000 00:00 0 
65d00000-65ef8000 rw-p 00000000 00:00 0 
65ef8000-65f00000 ---p 00000000 00:00 0 
65f00000-65ff7000 rw-p 00000000 00:00 0 
65ff7000-66000000 ---p 00000000 00:00 0 
66072000-66100000 rw-p 00000000 00:00 0 
66100000-66200000 rw-p 00000000 00:00 0 
66200000-662ff000 rw-p 00000000 00:00 0 
662ff000-66300000 ---p 00000000 00:00 0 
66300000-663a6000 rw-p 00000000 00:00 0 
663a6000-66400000 ---p 00000000 00:00 0 
66400000-664fe000 rw-p 00000000 00:00 0 
664fe000-66500000 ---p 00000000 00:00 0 
66500000-665e5000 rw-p 00000000 00:00 0 
665e5000-66600000 ---p 00000000 00:00 0 
66600000-666f5000 rw-p 00000000 00:00 0 
666f5000-66700000 ---p 00000000 00:00 0 
66700000-667e8000 rw-p 00000000 00:00 0 
667e8000-66800000 ---p 00000000 00:00 0 
66814000-66817000 ---p 00000000 00:00 0 
66817000-66865000 rw-p 00000000 00:00 0          [stack:15123]
66865000-66868000 ---p 00000000 00:00 0 
66868000-668b6000 rw-p 00000000 00:00 0          [stack:15119]
668b6000-668b9000 ---p 00000000 00:00 0 
668b9000-66907000 rw-p 00000000 00:00 0          [stack:15117]
66907000-6690a000 ---p 00000000 00:00 0 
6690a000-66b19000 rw-p 00000000 00:00 0          [stack:15115]
66b19000-66c3f000 r-xp 00000000 08:01 394573     /lib/i386-linux-gnu/libglib-2.0.so.0.4400.0
66c3f000-66c40000 r--p 00125000 08:01 394573     /lib/i386-linux-gnu/libglib-2.0.so.0.4400.0
66c40000-66c41000 rw-p 00126000 08:01 394573     /lib/i386-linux-gnu/libglib-2.0.so.0.4400.0
66c41000-66dfa000 r-xp 00000000 08:01 137357     /usr/lib/i386-linux-gnu/libgio-2.0.so.0.4400.0
66dfa000-66dfd000 r--p 001b8000 08:01 137357     /usr/lib/i386-linux-gnu/libgio-2.0.so.0.4400.0
66dfd000-66dff000 rw-p 001bb000 08:01 137357     /usr/lib/i386-linux-gnu/libgio-2.0.so.0.4400.0
66dff000-66e00000 rw-p 00000000 00:00 0 
66e00000-66ef7000 rw-p 00000000 00:00 0 
66ef7000-66f00000 ---p 00000000 00:00 0 
66f3d000-66f40000 ---p 00000000 00:00 0 
66f40000-66f8e000 rw-p 00000000 00:00 0          [stack:15114]
66f8e000-66ffe000 r-xp 00000000 08:01 394656     /lib/i386-linux-gnu/libpcre.so.3.13.1
66ffe000-66fff000 r--p 0006f000 08:01 394656     /lib/i386-linux-gnu/libpcre.so.3.13.1
66fff000-67000000 rw-p 00070000 08:01 394656     /lib/i386-linux-gnu/libpcre.so.3.13.1
67000000-67079000 rw-p 00000000 00:00 0 
67079000-67100000 ---p 00000000 00:00 0 
67144000-67158000 r-xp 00000000 08:01 394679     /lib/i386-linux-gnu/libresolv-2.21.so
67158000-6715a000 r--p 00013000 08:01 394679     /lib/i386-linux-gnu/libresolv-2.21.so
6715a000-6715b000 rw-p 00015000 08:01 394679     /lib/i386-linux-gnu/libresolv-2.21.so
6715b000-6715d000 rw-p 00000000 00:00 0 
6715d000-67181000 r-xp 00000000 08:01 394683     /lib/i386-linux-gnu/libselinux.so.1
67181000-67182000 r--p 00024000 08:01 394683     /lib/i386-linux-gnu/libselinux.so.1
67182000-67183000 rw-p 00025000 08:01 394683     /lib/i386-linux-gnu/libselinux.so.1
67183000-67184000 rw-p 00000000 00:00 0 
67184000-671df000 r-xp 00000000 08:01 137385     /usr/lib/i386-linux-gnu/libgobject-2.0.so.0.4400.0
671df000-671e0000 r--p 0005b000 08:01 137385     /usr/lib/i386-linux-gnu/libgobject-2.0.so.0.4400.0
671e0000-671e1000 rw-p 0005c000 08:01 137385     /usr/lib/i386-linux-gnu/libgobject-2.0.so.0.4400.0
671e1000-671e2000 ---p 00000000 00:00 0 
671e2000-67262000 rw-p 00000000 00:00 0          [stack:15099]
67262000-67265000 ---p 00000000 00:00 0 
67265000-672b3000 rw-p 00000000 00:00 0          [stack:15098]
672b3000-672b6000 ---p 00000000 00:00 0 
672b6000-67334000 rw-p 00000000 00:00 0          [stack:15097]
67334000-67337000 ---p 00000000 00:00 0 
67337000-673b5000 rw-p 00000000 00:00 0          [stack:15096]
673b5000-674fc000 r-xp 00000000 08:01 136931     /usr/lib/i386-linux-gnu/libX11.so.6.3.0
674fc000-674fd000 r--p 00146000 08:01 136931     /usr/lib/i386-linux-gnu/libX11.so.6.3.0
674fd000-674ff000 rw-p 00147000 08:01 136931     /usr/lib/i386-linux-gnu/libX11.so.6.3.0
674ff000-67500000 rw-p 00000000 00:00 0 
67500000-67700000 r--p 00000000 08:01 143362     /usr/lib/locale/locale-archive
67700000-67721000 rw-p 00000000 00:00 0 
67721000-67800000 ---p 00000000 00:00 0 
67800000-678fd000 rw-p 00000000 00:00 0 
678fd000-67900000 ---p 00000000 00:00 0 
6790d000-67910000 ---p 00000000 00:00 0 
67910000-6795e000 rw-p 00000000 00:00 0          [stack:15095]
6795e000-67961000 ---p 00000000 00:00 0 
67961000-679af000 rw-p 00000000 00:00 0          [stack:15090]
679af000-679b2000 ---p 00000000 00:00 0 
679b2000-67a00000 rw-p 00000000 00:00 0          [stack:15089]
67a00000-67b00000 rw-p 00000000 00:00 0 
67b0a000-67b11000 r-xp 00000000 08:01 137254     /usr/lib/i386-linux-gnu/libffi.so.6.0.4
67b11000-67b13000 r--p 00006000 08:01 137254     /usr/lib/i386-linux-gnu/libffi.so.6.0.4
67b13000-67b14000 rw-p 00008000 08:01 137254     /usr/lib/i386-linux-gnu/libffi.so.6.0.4
67b2b000-67b4b000 r-xp 00000000 08:01 138125     /usr/lib/i386-linux-gnu/libxcb.so.1.1.0
67b4b000-67b4c000 r--p 0001f000 08:01 138125     /usr/lib/i386-linux-gnu/libxcb.so.1.1.0
67b4c000-67b4d000 rw-p 00020000 08:01 138125     /usr/lib/i386-linux-gnu/libxcb.so.1.1.0
67b4d000-67b4e000 ---p 00000000 00:00 0 
67b4e000-67bce000 rw-p 00000000 00:00 0          [stack:15088]
67bce000-67d80000 r--s 01d2e000 08:01 804984     /usr/lib/jvm/java-7-openjdk-i386/jre/lib/rt.jar
67d80000-6a600000 rw-p 00000000 00:00 0 
6a600000-6a6f9000 rw-p 00000000 00:00 0 
6a6f9000-6a700000 ---p 00000000 00:00 0 
6a706000-6a709000 r-xp 00000000 08:01 137371     /usr/lib/i386-linux-gnu/libgmodule-2.0.so.0.4400.0
6a709000-6a70a000 r--p 00002000 08:01 137371     /usr/lib/i386-linux-gnu/libgmodule-2.0.so.0.4400.0
6a70a000-6a70b000 rw-p 00003000 08:01 137371     /usr/lib/i386-linux-gnu/libgmodule-2.0.so.0.4400.0
6a70b000-6a722000 r-xp 00000000 08:01 805027     /usr/lib/jvm/java-7-openjdk-i386/jre/lib/i386/libnet.so
6a722000-6a723000 r--p 00016000 08:01 805027     /usr/lib/jvm/java-7-openjdk-i386/jre/lib/i386/libnet.so
6a723000-6a724000 rw-p 00017000 08:01 805027     /usr/lib/jvm/java-7-openjdk-i386/jre/lib/i386/libnet.so
6a724000-6a734000 r-xp 00000000 08:01 804991     /usr/lib/jvm/java-7-openjdk-i386/jre/lib/i386/libnio.so
6a734000-6a735000 r--p 00010000 08:01 804991     /usr/lib/jvm/java-7-openjdk-i386/jre/lib/i386/libnio.so
6a735000-6a736000 rw-p 00011000 08:01 804991     /usr/lib/jvm/java-7-openjdk-i386/jre/lib/i386/libnio.so
6a736000-6a77f000 rw-p 00000000 00:00 0 
6a77f000-6a780000 ---p 00000000 00:00 0 
6a780000-6a800000 rw-p 00000000 00:00 0          [stack:15076]
6a800000-6a821000 rw-p 00000000 00:00 0 
6a821000-6a900000 ---p 00000000 00:00 0 
6a900000-6a921000 rw-p 00000000 00:00 0 
6a921000-6aa00000 ---p 00000000 00:00 0 
6aa00000-6aa15000 r--s 000e5000 08:01 941706     /home/student/test/Pedometer/app/build/intermediates/exploded-aar/com.android.support/support-v4/23.1.1/jars/classes.jar
6aa15000-6aa24000 r--s 000df000 08:01 1068117    /home/student/Android/Sdk/build-tools/23.0.2/lib/dx.jar
6aa24000-6aa7f000 rw-p 00000000 00:00 0 
6aa7f000-6aa80000 ---p 00000000 00:00 0 
6aa80000-6ab00000 rw-p 00000000 00:00 0          [stack:15072]
6ab00000-6ab21000 rw-p 00000000 00:00 0 
6ab21000-6ac00000 ---p 00000000 00:00 0 
6ac01000-6ac06000 r-xp 00000000 08:01 136946     /usr/lib/i386-linux-gnu/libXdmcp.so.6.0.0
6ac06000-6ac07000 r--p 00004000 08:01 136946     /usr/lib/i386-linux-gnu/libXdmcp.so.6.0.0
6ac07000-6ac08000 rw-p 00005000 08:01 136946     /usr/lib/i386-linux-gnu/libXdmcp.so.6.0.0
6ac08000-6ac0a000 r-xp 00000000 08:01 136935     /usr/lib/i386-linux-gnu/libXau.so.6.0.0
6ac0a000-6ac0b000 r--p 00001000 08:01 136935     /usr/lib/i386-linux-gnu/libXau.so.6.0.0
6ac0b000-6ac0c000 rw-p 00002000 08:01 136935     /usr/lib/i386-linux-gnu/libXau.so.6.0.0
6ac0c000-6ac27000 rw-p 00000000 00:00 0 
6ac27000-6ac28000 ---p 00000000 00:00 0 
6ac28000-6aca8000 rw-p 00000000 00:00 0          [stack:15065]
6aca8000-6aca9000 ---p 00000000 00:00 0 
6aca9000-6ad31000 rw-p 00000000 00:00 0          [stack:15064]
6ad31000-6ad69000 rw-p 00000000 00:00 0 
6ad69000-6ad7e000 rw-p 00000000 00:00 0 
6ad7e000-6aebf000 rw-p 00000000 00:00 0 
6aebf000-6aec7000 rw-p 00000000 00:00 0 
6aec7000-6aeff000 rw-p 00000000 00:00 0 
6aeff000-6af14000 rw-p 00000000 00:00 0 
6af14000-6b054000 rw-p 00000000 00:00 0 
6b054000-6b078000 rw-p 00000000 00:00 0 
6b078000-6b0ff000 rw-p 00000000 00:00 0 
6b0ff000-6c100000 rw-p 00000000 00:00 0 
6c100000-73100000 rw-p 00000000 00:00 0 
73100000-75b00000 rw-p 00000000 00:00 0 
75b00000-9db80000 rw-p 00000000 00:00 0 
9db80000-a2180000 rw-p 00000000 00:00 0 
a7d00000-b3100000 rw-p 00000000 00:00 0 
b3102000-b3104000 r-xp 00000000 08:01 141618     /usr/lib/jayatana/libjayatanaag.so
b3104000-b3105000 r--p 00001000 08:01 141618     /usr/lib/jayatana/libjayatanaag.so
b3105000-b3106000 rw-p 00002000 08:01 141618     /usr/lib/jayatana/libjayatanaag.so
b3106000-b310a000 r--s 00085000 08:01 804976     /usr/lib/jvm/java-7-openjdk-i386/jre/lib/ext/localedata.jar
b310a000-b3113000 rw-p 00000000 00:00 0 
b3113000-b31ca000 rw-p 00000000 00:00 0 
b31ca000-b340a000 rwxp 00000000 00:00 0 
b340a000-b61ca000 rw-p 00000000 00:00 0 
b61ca000-b61d6000 r-xp 00000000 08:01 394626     /lib/i386-linux-gnu/libnss_files-2.21.so
b61d6000-b61d7000 r--p 0000b000 08:01 394626     /lib/i386-linux-gnu/libnss_files-2.21.so
b61d7000-b61d8000 rw-p 0000c000 08:01 394626     /lib/i386-linux-gnu/libnss_files-2.21.so
b61d8000-b61e3000 r-xp 00000000 08:01 394636     /lib/i386-linux-gnu/libnss_nis-2.21.so
b61e3000-b61e4000 r--p 0000a000 08:01 394636     /lib/i386-linux-gnu/libnss_nis-2.21.so
b61e4000-b61e5000 rw-p 0000b000 08:01 394636     /lib/i386-linux-gnu/libnss_nis-2.21.so
b61e5000-b61fc000 r-xp 00000000 08:01 394620     /lib/i386-linux-gnu/libnsl-2.21.so
b61fc000-b61fd000 r--p 00016000 08:01 394620     /lib/i386-linux-gnu/libnsl-2.21.so
b61fd000-b61fe000 rw-p 00017000 08:01 394620     /lib/i386-linux-gnu/libnsl-2.21.so
b61fe000-b6200000 rw-p 00000000 00:00 0 
b6200000-b6300000 rw-p 00000000 00:00 0 
b6301000-b6302000 r--s 00000000 08:01 414147     /usr/share/java/jayatanaag.jar
b6302000-b6306000 r--s 00034000 08:01 804978     /usr/lib/jvm/java-7-openjdk-i386/jre/lib/ext/sunjce_provider.jar
b6306000-b630a000 r--s 0003c000 08:01 804979     /usr/lib/jvm/java-7-openjdk-i386/jre/lib/ext/sunpkcs11.jar
b630a000-b6312000 r-xp 00000000 08:01 394622     /lib/i386-linux-gnu/libnss_compat-2.21.so
b6312000-b6313000 r--p 00007000 08:01 394622     /lib/i386-linux-gnu/libnss_compat-2.21.so
b6313000-b6314000 rw-p 00008000 08:01 394622     /lib/i386-linux-gnu/libnss_compat-2.21.so
b6314000-b6317000 r--s 0000f000 08:01 804977     /usr/lib/jvm/java-7-openjdk-i386/jre/lib/ext/icedtea-sound.jar
b6317000-b6319000 r--s 00012000 08:01 804975     /usr/lib/jvm/java-7-openjdk-i386/jre/lib/ext/zipfs.jar
b6319000-b6321000 r-xp 00000000 08:01 804995     /usr/lib/jvm/java-7-openjdk-i386/jre/lib/i386/libzip.so
b6321000-b6322000 r--p 00007000 08:01 804995     /usr/lib/jvm/java-7-openjdk-i386/jre/lib/i386/libzip.so
b6322000-b6323000 rw-p 00008000 08:01 804995     /usr/lib/jvm/java-7-openjdk-i386/jre/lib/i386/libzip.so
b6323000-b632b000 rw-s 00000000 08:01 429223     /tmp/hsperfdata_student/15057
b632b000-b6335000 r-xp 00000000 08:01 805017     /usr/lib/jvm/java-7-openjdk-i386/jre/lib/i386/libinstrument.so
b6335000-b6336000 r--p 00009000 08:01 805017     /usr/lib/jvm/java-7-openjdk-i386/jre/lib/i386/libinstrument.so
b6336000-b6337000 rw-p 0000a000 08:01 805017     /usr/lib/jvm/java-7-openjdk-i386/jre/lib/i386/libinstrument.so
b6337000-b635d000 r-xp 00000000 08:01 805003     /usr/lib/jvm/java-7-openjdk-i386/jre/lib/i386/libjava.so
b635d000-b635e000 r--p 00025000 08:01 805003     /usr/lib/jvm/java-7-openjdk-i386/jre/lib/i386/libjava.so
b635e000-b635f000 rw-p 00026000 08:01 805003     /usr/lib/jvm/java-7-openjdk-i386/jre/lib/i386/libjava.so
b635f000-b6366000 r-xp 00000000 08:01 394681     /lib/i386-linux-gnu/librt-2.21.so
b6366000-b6367000 r--p 00006000 08:01 394681     /lib/i386-linux-gnu/librt-2.21.so
b6367000-b6368000 rw-p 00007000 08:01 394681     /lib/i386-linux-gnu/librt-2.21.so
b6368000-b636b000 ---p 00000000 00:00 0 
b636b000-b63b9000 rw-p 00000000 00:00 0          [stack:15060]
b63b9000-b63d5000 r-xp 00000000 08:01 394569     /lib/i386-linux-gnu/libgcc_s.so.1
b63d5000-b63d6000 rw-p 0001b000 08:01 394569     /lib/i386-linux-gnu/libgcc_s.so.1
b63d6000-b6421000 r-xp 00000000 08:01 394599     /lib/i386-linux-gnu/libm-2.21.so
b6421000-b6422000 r--p 0004a000 08:01 394599     /lib/i386-linux-gnu/libm-2.21.so
b6422000-b6423000 rw-p 0004b000 08:01 394599     /lib/i386-linux-gnu/libm-2.21.so
b6423000-b650c000 r-xp 00000000 08:01 137921     /usr/lib/i386-linux-gnu/libstdc++.so.6.0.20
b650c000-b6510000 r--p 000e9000 08:01 137921     /usr/lib/i386-linux-gnu/libstdc++.so.6.0.20
b6510000-b6511000 rw-p 000ed000 08:01 137921     /usr/lib/i386-linux-gnu/libstdc++.so.6.0.20
b6511000-b6518000 rw-p 00000000 00:00 0 
b6518000-b706b000 r-xp 00000000 08:01 805013     /usr/lib/jvm/java-7-openjdk-i386/jre/lib/i386/server/libjvm.so
b706b000-b70bf000 r--p 00b52000 08:01 805013     /usr/lib/jvm/java-7-openjdk-i386/jre/lib/i386/server/libjvm.so
b70bf000-b70d3000 rw-p 00ba6000 08:01 805013     /usr/lib/jvm/java-7-openjdk-i386/jre/lib/i386/server/libjvm.so
b70d3000-b74f2000 rw-p 00000000 00:00 0 
b74f2000-b750b000 r-xp 00000000 08:01 394714     /lib/i386-linux-gnu/libz.so.1.2.8
b750b000-b750c000 r--p 00019000 08:01 394714     /lib/i386-linux-gnu/libz.so.1.2.8
b750c000-b750d000 rw-p 0001a000 08:01 394714     /lib/i386-linux-gnu/libz.so.1.2.8
b750d000-b7526000 r-xp 00000000 08:01 394673     /lib/i386-linux-gnu/libpthread-2.21.so
b7526000-b7527000 r--p 00018000 08:01 394673     /lib/i386-linux-gnu/libpthread-2.21.so
b7527000-b7528000 rw-p 00019000 08:01 394673     /lib/i386-linux-gnu/libpthread-2.21.so
b7528000-b752a000 rw-p 00000000 00:00 0 
b752a000-b752d000 r-xp 00000000 08:01 394557     /lib/i386-linux-gnu/libdl-2.21.so
b752d000-b752e000 r--p 00002000 08:01 394557     /lib/i386-linux-gnu/libdl-2.21.so
b752e000-b752f000 rw-p 00003000 08:01 394557     /lib/i386-linux-gnu/libdl-2.21.so
b752f000-b76e3000 r-xp 00000000 08:01 394540     /lib/i386-linux-gnu/libc-2.21.so
b76e3000-b76e6000 r--p 001b3000 08:01 394540     /lib/i386-linux-gnu/libc-2.21.so
b76e6000-b76e8000 rw-p 001b6000 08:01 394540     /lib/i386-linux-gnu/libc-2.21.so
b76e8000-b76ea000 rw-p 00000000 00:00 0 
b76ea000-b76eb000 r--s 00002000 08:01 804980     /usr/lib/jvm/java-7-openjdk-i386/jre/lib/ext/dnsns.jar
b76eb000-b76ed000 r--s 00006000 08:01 399091     /usr/share/java/java-atk-wrapper.jar
b76ed000-b76ee000 r--p 005e0000 08:01 143362     /usr/lib/locale/locale-archive
b76ee000-b76ef000 rw-p 00000000 00:00 0 
b76ef000-b76f0000 ---p 00000000 00:00 0 
b76f0000-b76fe000 r-xp 00000000 08:01 805022     /usr/lib/jvm/java-7-openjdk-i386/jre/lib/i386/libverify.so
b76fe000-b7700000 r--p 0000d000 08:01 805022     /usr/lib/jvm/java-7-openjdk-i386/jre/lib/i386/libverify.so
b7700000-b7701000 rw-p 0000f000 08:01 805022     /usr/lib/jvm/java-7-openjdk-i386/jre/lib/i386/libverify.so
b7701000-b770d000 r-xp 00000000 08:01 805024     /usr/lib/jvm/java-7-openjdk-i386/jre/lib/i386/jli/libjli.so
b770d000-b770e000 r--p 0000b000 08:01 805024     /usr/lib/jvm/java-7-openjdk-i386/jre/lib/i386/jli/libjli.so
b770e000-b770f000 rw-p 0000c000 08:01 805024     /usr/lib/jvm/java-7-openjdk-i386/jre/lib/i386/jli/libjli.so
b770f000-b7712000 rw-p 00000000 00:00 0 
b7712000-b7714000 r--p 00000000 00:00 0          [vvar]
b7714000-b7715000 r-xp 00000000 00:00 0          [vdso]
b7715000-b7737000 r-xp 00000000 08:01 394512     /lib/i386-linux-gnu/ld-2.21.so
b7737000-b7738000 r--p 00021000 08:01 394512     /lib/i386-linux-gnu/ld-2.21.so
b7738000-b7739000 rw-p 00022000 08:01 394512     /lib/i386-linux-gnu/ld-2.21.so
bfb6a000-bfb6b000 rwxp 00000000 00:00 0 
bfb9c000-bfbbe000 rw-p 00000000 00:00 0          [stack]

VM Arguments:
jvm_args: -javaagent:/usr/share/java/jayatanaag.jar -Djava.awt.headless=true -Xmx1024M -Dfile.encoding=UTF-8 -Duser.country=US -Duser.language=en -Duser.variant 
java_command: com.android.dx.command.Main --dex --num-threads=4 --output /home/student/test/Pedometer/app/build/intermediates/pre-dexed/debug/com.android.support-support-v4-23.1.1_12beaacf3527bbe5452b9d2f71ebe9eaf1a78760.jar /home/student/test/Pedometer/app/build/intermediates/exploded-aar/com.android.support/support-v4/23.1.1/jars/classes.jar
Launcher Type: SUN_STANDARD

Environment Variables:
JAVA_TOOL_OPTIONS=-javaagent:/usr/share/java/jayatanaag.jar 
PATH=/home/student/.linuxbrew/bin:/usr/local/sbin:/usr/local/bin:/usr/sbin:/usr/bin:/sbin:/bin:/usr/games:/usr/local/games:/etc/android-studio/bin/:/home/student/Android/Sdk/platform-tools:/home/student/Android/Sdk/tools
LD_LIBRARY_PATH=/etc/android-studio/bin:
SHELL=/bin/bash
DISPLAY=:0

Signal Handlers:
SIGSEGV: [libjvm.so+0x7f7d00], sa_mask[0]=0x7ffbfeff, sa_flags=0x10000004
SIGBUS: [libjvm.so+0x7f7d00], sa_mask[0]=0x7ffbfeff, sa_flags=0x10000004
SIGFPE: [libjvm.so+0x67a9d0], sa_mask[0]=0x7ffbfeff, sa_flags=0x10000004
SIGPIPE: [libjvm.so+0x67a9d0], sa_mask[0]=0x7ffbfeff, sa_flags=0x10000004
SIGXFSZ: [libjvm.so+0x67a9d0], sa_mask[0]=0x7ffbfeff, sa_flags=0x10000004
SIGILL: [libjvm.so+0x67a9d0], sa_mask[0]=0x7ffbfeff, sa_flags=0x10000004
SIGUSR1: SIG_DFL, sa_mask[0]=0x00000000, sa_flags=0x00000000
SIGUSR2: [libjvm.so+0x67a820], sa_mask[0]=0x00000004, sa_flags=0x10000004
SIGHUP: [libjvm.so+0x67aa80], sa_mask[0]=0x7ffbfeff, sa_flags=0x10000004
SIGINT: [libjvm.so+0x67aa80], sa_mask[0]=0x7ffbfeff, sa_flags=0x10000004
SIGTERM: [libjvm.so+0x67aa80], sa_mask[0]=0x7ffbfeff, sa_flags=0x10000004
SIGQUIT: [libjvm.so+0x67aa80], sa_mask[0]=0x7ffbfeff, sa_flags=0x10000004
SIGTRAP: SIG_DFL, sa_mask[0]=0x00000000, sa_flags=0x00000000


---------------  S Y S T E M  ---------------

OS:Ubuntu 15.04 (vivid)
uname:Linux 3.19.0-18-generic #18-Ubuntu SMP Tue May 19 18:30:59 UTC 2015 i686
libc:glibc 2.21 NPTL 2.21 
rlimit: STACK 8192k, CORE 0k, NPROC 32177, NOFILE 65536, AS infinity
load average:5.61 1.54 1.20

/proc/meminfo:
MemTotal:        4139540 kB
MemFree:          219572 kB
MemAvailable:     146396 kB
Buffers:            1356 kB
Cached:            59268 kB
SwapCached:            0 kB
Active:          3582748 kB
Inactive:          46644 kB
Active(anon):    3570844 kB
Inactive(anon):    37404 kB
Active(file):      11904 kB
Inactive(file):     9240 kB
Unevictable:          32 kB
Mlocked:              32 kB
HighTotal:       3280776 kB
HighFree:          41256 kB
LowTotal:         858764 kB
LowFree:          178316 kB
SwapTotal:             0 kB
SwapFree:              0 kB
Dirty:               516 kB
Writeback:             0 kB
AnonPages:       3569864 kB
Mapped:            39408 kB
Shmem:             38564 kB
Slab:              47176 kB
SReclaimable:      21820 kB
SUnreclaim:        25356 kB
KernelStack:        5256 kB
PageTables:        15140 kB
NFS_Unstable:          0 kB
Bounce:                0 kB
WritebackTmp:          0 kB
CommitLimit:     2069768 kB
Committed_AS:    6640812 kB
VmallocTotal:     122880 kB
VmallocUsed:       23328 kB
VmallocChunk:      46892 kB
AnonHugePages:   2686976 kB
CmaTotal:              0 kB
CmaFree:               0 kB
HugePages_Total:       0
HugePages_Free:        0
HugePages_Rsvd:        0
HugePages_Surp:        0
Hugepagesize:       2048 kB
DirectMap4k:       59384 kB
DirectMap2M:      854016 kB


CPU:total 4 (1 cores per cpu, 1 threads per core) family 6 model 58 stepping 9, cmov, cx8, fxsr, mmx, sse, sse2, sse3, ssse3, sse4.1, sse4.2, popcnt, avx, aes, erms, tsc, tscinvbit, tscinv

/proc/cpuinfo:
processor	: 0
vendor_id	: GenuineIntel
cpu family	: 6
model		: 58
model name	: Intel(R) Core(TM) i5-3210M CPU @ 2.50GHz
stepping	: 9
microcode	: 0x15
cpu MHz		: 2494.111
cache size	: 3072 KB
physical id	: 0
siblings	: 1
core id		: 0
cpu cores	: 1
apicid		: 0
initial apicid	: 0
fdiv_bug	: no
f00f_bug	: no
coma_bug	: no
fpu		: yes
fpu_exception	: yes
cpuid level	: 13
wp		: yes
flags		: fpu vme de pse tsc msr pae mce cx8 apic sep mtrr pge mca cmov pat pse36 clflush dts mmx fxsr sse sse2 ss nx rdtscp lm constant_tsc arch_perfmon pebs bts xtopology tsc_reliable nonstop_tsc aperfmperf pni pclmulqdq ssse3 cx16 pcid sse4_1 sse4_2 x2apic popcnt tsc_deadline_timer aes xsave avx f16c rdrand hypervisor lahf_lm ida arat epb pln pts dtherm fsgsbase tsc_adjust smep
bugs		:
bogomips	: 4988.22
clflush size	: 64
cache_alignment	: 64
address sizes	: 42 bits physical, 48 bits virtual
power management:

processor	: 1
vendor_id	: GenuineIntel
cpu family	: 6
model		: 58
model name	: Intel(R) Core(TM) i5-3210M CPU @ 2.50GHz
stepping	: 9
microcode	: 0x15
cpu MHz		: 2494.111
cache size	: 3072 KB
physical id	: 2
siblings	: 1
core id		: 0
cpu cores	: 1
apicid		: 2
initial apicid	: 2
fdiv_bug	: no
f00f_bug	: no
coma_bug	: no
fpu		: yes
fpu_exception	: yes
cpuid level	: 13
wp		: yes
flags		: fpu vme de pse tsc msr pae mce cx8 apic sep mtrr pge mca cmov pat pse36 clflush dts mmx fxsr sse sse2 ss nx rdtscp lm constant_tsc arch_perfmon pebs bts xtopology tsc_reliable nonstop_tsc aperfmperf pni pclmulqdq ssse3 cx16 pcid sse4_1 sse4_2 x2apic popcnt tsc_deadline_timer aes xsave avx f16c rdrand hypervisor lahf_lm ida arat epb pln pts dtherm fsgsbase tsc_adjust smep
bugs		:
bogomips	: 4988.22
clflush size	: 64
cache_alignment	: 64
address sizes	: 42 bits physical, 48 bits virtual
power management:

processor	: 2
vendor_id	: GenuineIntel
cpu family	: 6
model		: 58
model name	: Intel(R) Core(TM) i5-3210M CPU @ 2.50GHz
stepping	: 9
microcode	: 0x15
cpu MHz		: 2494.111
cache size	: 3072 KB
physical id	: 4
siblings	: 1
core id		: 0
cpu cores	: 1
apicid		: 4
initial apicid	: 4
fdiv_bug	: no
f00f_bug	: no
coma_bug	: no
fpu		: yes
fpu_exception	: yes
cpuid level	: 13
wp		: yes
flags		: fpu vme de pse tsc msr pae mce cx8 apic sep mtrr pge mca cmov pat pse36 clflush dts mmx fxsr sse sse2 ss nx rdtscp lm constant_tsc arch_perfmon pebs bts xtopology tsc_reliable nonstop_tsc aperfmperf pni pclmulqdq ssse3 cx16 pcid sse4_1 sse4_2 x2apic popcnt tsc_deadline_timer aes xsave avx f16c rdrand hypervisor lahf_lm ida arat epb pln pts dtherm fsgsbase tsc_adjust smep
bugs		:
bogomips	: 4988.22
clflush size	: 64
cache_alignment	: 64
address sizes	: 42 bits physical, 48 bits virtual
power management:

processor	: 3
vendor_id	: GenuineIntel
cpu family	: 6
model		: 58
model name	: Intel(R) Core(TM) i5-3210M CPU @ 2.50GHz
stepping	: 9
microcode	: 0x15
cpu MHz		: 2494.111
cache size	: 3072 KB
physical id	: 6
siblings	: 1
core id		: 0
cpu cores	: 1
apicid		: 6
initial apicid	: 6
fdiv_bug	: no
f00f_bug	: no
coma_bug	: no
fpu		: yes
fpu_exception	: yes
cpuid level	: 13
wp		: yes
flags		: fpu vme de pse tsc msr pae mce cx8 apic sep mtrr pge mca cmov pat pse36 clflush dts mmx fxsr sse sse2 ss nx rdtscp lm constant_tsc arch_perfmon pebs bts xtopology tsc_reliable nonstop_tsc aperfmperf pni pclmulqdq ssse3 cx16 pcid sse4_1 sse4_2 x2apic popcnt tsc_deadline_timer aes xsave avx f16c rdrand hypervisor lahf_lm ida arat epb pln pts dtherm fsgsbase tsc_adjust smep
bugs		:
bogomips	: 4988.22
clflush size	: 64
cache_alignment	: 64
address sizes	: 42 bits physical, 48 bits virtual
power management:



Memory: 4k page, physical 4139540k(219324k free), swap 0k(0k free)

vm_info: OpenJDK Server VM (24.91-b01) for linux-x86 JRE (1.7.0_91-b02), built on Nov 19 2015 06:25:06 by "buildd" with gcc 4.9.2

time: Sun May  1 14:14:03 2016
elapsed time: 14 seconds

