#
# There is insufficient memory for the Java Runtime Environment to continue.
# Native memory allocation (malloc) failed to allocate 47185920 bytes for committing reserved memory.
# Possible reasons:
#   The system is out of physical RAM or swap space
#   In 32 bit mode, the process size limit was hit
# Possible solutions:
#   Reduce memory load on the system
#   Increase physical memory or swap space
#   Check if swap backing store is full
#   Use 64 bit Java on a 64 bit OS
#   Decrease Java heap size (-Xmx/-Xms)
#   Decrease number of Java threads
#   Decrease Java thread stack sizes (-Xss)
#   Set larger code cache with -XX:ReservedCodeCacheSize=
# This output file may be truncated or incomplete.
#
#  Out of Memory Error (os_linux.cpp:2827), pid=13862, tid=1740430144
#
# JRE version: OpenJDK Runtime Environment (7.0_91-b02) (build 1.7.0_91-b02)
# Java VM: OpenJDK Server VM (24.91-b01 mixed mode linux-x86 )
# Derivative: IcedTea 2.6.3
# Distribution: Ubuntu 15.04, package 7u91-2.6.3-0ubuntu0.15.04.1
# Failed to write core dump. Core dumps have been disabled. To enable core dumping, try "ulimit -c unlimited" before starting Java again
#

---------------  T H R E A D  ---------------

Current thread (0x67a81400):  VMThread [stack: 0x67b4d000,0x67bce000] [id=13872]

Stack: [0x67b4d000,0x67bce000]
VM_Operation (0x66be4ab0): ParallelGCFailedAllocation, mode: safepoint, requested by thread 0x67161800


---------------  P R O C E S S  ---------------

Java Threads: ( => current thread )
  0x67167400 JavaThread "pool-2-thread-4" [_thread_blocked, id=13885, stack(0x66a51000,0x66aa2000)]
  0x67166400 JavaThread "pool-2-thread-3" [_thread_blocked, id=13884, stack(0x66aa2000,0x66af3000)]
  0x67165800 JavaThread "pool-2-thread-2" [_thread_blocked, id=13883, stack(0x66af3000,0x66b44000)]
  0x67163800 JavaThread "pool-3-thread-1" [_thread_blocked, id=13882, stack(0x66b44000,0x66b95000)]
  0x67161800 JavaThread "pool-2-thread-1" [_thread_blocked, id=13881, stack(0x66b95000,0x66be6000)]
  0x67aee400 JavaThread "Service Thread" daemon [_thread_blocked, id=13878, stack(0x67311000,0x67362000)]
  0x67aec800 JavaThread "C2 CompilerThread1" daemon [_thread_blocked, id=13877, stack(0x67362000,0x673e3000)]
  0x67aeb400 JavaThread "C2 CompilerThread0" daemon [_thread_in_native, id=13876, stack(0x673e3000,0x67464000)]
  0x67a98400 JavaThread "Signal Dispatcher" daemon [_thread_blocked, id=13875, stack(0x675af000,0x67600000)]
  0x67a85800 JavaThread "Finalizer" daemon [_thread_blocked, id=13874, stack(0x6a72e000,0x6a77f000)]
  0x67a83c00 JavaThread "Reference Handler" daemon [_thread_blocked, id=13873, stack(0x6a92e000,0x6a97f000)]
  0xb6308400 JavaThread "main" [_thread_blocked, id=13864, stack(0xb642e000,0xb647f000)]

Other Threads:
=>0x67a81400 VMThread [stack: 0x67b4d000,0x67bce000] [id=13872]
  0x67af0800 WatcherThread [stack: 0x67290000,0x67311000] [id=13879]

VM state:at safepoint (normal execution)

VM Mutex/Monitor currently owned by a thread:  ([mutex/lock_event])
[0xb6305e40] Threads_lock - owner thread: 0x67a81400
[0xb6306250] Heap_lock - owner thread: 0x67161800

Heap
 PSYoungGen      total 35840K, used 2544K [0x9dc40000, 0xa01c0000, 0xb31c0000)
  eden space 33280K, 0% used [0x9dc40000,0x9dc40000,0x9fcc0000)
  from space 2560K, 99% used [0x9fcc0000,0x9ff3c128,0x9ff40000)
  to   space 2560K, 0% used [0x9ff40000,0x9ff40000,0xa01c0000)
 ParOldGen       total 43008K, used 12878K [0x731c0000, 0x75bc0000, 0x9dc40000)
  object space 43008K, 29% used [0x731c0000,0x73e53b68,0x75bc0000)
 PSPermGen       total 16384K, used 4260K [0x6b1c0000, 0x6c1c0000, 0x731c0000)
  object space 16384K, 26% used [0x6b1c0000,0x6b5e9150,0x6c1c0000)

Card table byte_map: [0x6af7f000,0x6b1c0000] byte_map_base: 0x6ac26200

Polling page: 0xb77b5000

Code Cache  [0xb3298000, 0xb34d8000, 0xb6298000)
 total_blobs=376 nmethods=253 adapters=76 free_code_cache=48339Kb largest_free_block=49486400

Compilation events (10 events):
Event: 9.996 Thread 0x67aec800 nmethod 249 0xb3365cc8 code [0xb3365dc0, 0xb3365e70]
Event: 9.996 Thread 0x67aec800  250             com.android.dx.util.ByteArray::access$100 (6 bytes)
Event: 10.032 Thread 0x67aec800 nmethod 250 0xb3365f88 code [0xb3366080, 0xb3366110]
Event: 10.032 Thread 0x67aec800  251             java.util.HashMap::<init> (9 bytes)
Event: 10.033 Thread 0x67aec800 nmethod 251 0xb3366208 code [0xb3366300, 0xb33663b0]
Event: 10.033 Thread 0x67aec800  252             java.lang.Object::equals (11 bytes)
Event: 10.033 Thread 0x67aec800 nmethod 252 0xb3366448 code [0xb3366520, 0xb3366570]
Event: 10.033 Thread 0x67aec800  253             com.android.dx.rop.code.Rop::isCallLike (5 bytes)
Event: 10.033 Thread 0x67aec800 nmethod 253 0xb335b608 code [0xb335b6e0, 0xb335b730]
Event: 10.033 Thread 0x67aec800  254             com.android.dx.rop.code.LocalVariableExtractor::processBlock (327 bytes)

GC Heap History (9 events):
Event: 2.277 GC heap before
{Heap before GC invocations=1 (full 0):
 PSYoungGen      total 19200K, used 16640K [0x9dc40000, 0x9f180000, 0xb31c0000)
  eden space 16640K, 100% used [0x9dc40000,0x9ec80000,0x9ec80000)
  from space 2560K, 0% used [0x9ef00000,0x9ef00000,0x9f180000)
  to   space 2560K, 0% used [0x9ec80000,0x9ec80000,0x9ef00000)
 ParOldGen       total 43008K, used 0K [0x731c0000, 0x75bc0000, 0x9dc40000)
  object space 43008K, 0% used [0x731c0000,0x731c0000,0x75bc0000)
 PSPermGen       total 16384K, used 3902K [0x6b1c0000, 0x6c1c0000, 0x731c0000)
  object space 16384K, 23% used [0x6b1c0000,0x6b58f9d8,0x6c1c0000)
Event: 2.286 GC heap after
Heap after GC invocations=1 (full 0):
 PSYoungGen      total 19200K, used 2526K [0x9dc40000, 0x9f180000, 0xb31c0000)
  eden space 16640K, 0% used [0x9dc40000,0x9dc40000,0x9ec80000)
  from space 2560K, 98% used [0x9ec80000,0x9eef7a88,0x9ef00000)
  to   space 2560K, 0% used [0x9ef00000,0x9ef00000,0x9f180000)
 ParOldGen       total 43008K, used 0K [0x731c0000, 0x75bc0000, 0x9dc40000)
  object space 43008K, 0% used [0x731c0000,0x731c0000,0x75bc0000)
 PSPermGen       total 16384K, used 3902K [0x6b1c0000, 0x6c1c0000, 0x731c0000)
  object space 16384K, 23% used [0x6b1c0000,0x6b58f9d8,0x6c1c0000)
}
Event: 3.760 GC heap before
{Heap before GC invocations=2 (full 0):
 PSYoungGen      total 19200K, used 19166K [0x9dc40000, 0x9f180000, 0xb31c0000)
  eden space 16640K, 100% used [0x9dc40000,0x9ec80000,0x9ec80000)
  from space 2560K, 98% used [0x9ec80000,0x9eef7a88,0x9ef00000)
  to   space 2560K, 0% used [0x9ef00000,0x9ef00000,0x9f180000)
 ParOldGen       total 43008K, used 0K [0x731c0000, 0x75bc0000, 0x9dc40000)
  object space 43008K, 0% used [0x731c0000,0x731c0000,0x75bc0000)
 PSPermGen       total 16384K, used 4169K [0x6b1c0000, 0x6c1c0000, 0x731c0000)
  object space 16384K, 25% used [0x6b1c0000,0x6b5d2678,0x6c1c0000)
Event: 3.776 GC heap after
Heap after GC invocations=2 (full 0):
 PSYoungGen      total 19200K, used 2551K [0x9dc40000, 0x9f180000, 0xb31c0000)
  eden space 16640K, 0% used [0x9dc40000,0x9dc40000,0x9ec80000)
  from space 2560K, 99% used [0x9ef00000,0x9f17df48,0x9f180000)
  to   space 2560K, 0% used [0x9ec80000,0x9ec80000,0x9ef00000)
 ParOldGen       total 43008K, used 1375K [0x731c0000, 0x75bc0000, 0x9dc40000)
  object space 43008K, 3% used [0x731c0000,0x73317f08,0x75bc0000)
 PSPermGen       total 16384K, used 4169K [0x6b1c0000, 0x6c1c0000, 0x731c0000)
  object space 16384K, 25% used [0x6b1c0000,0x6b5d2678,0x6c1c0000)
}
Event: 5.056 GC heap before
{Heap before GC invocations=3 (full 0):
 PSYoungGen      total 19200K, used 19191K [0x9dc40000, 0x9f180000, 0xb31c0000)
  eden space 16640K, 100% used [0x9dc40000,0x9ec80000,0x9ec80000)
  from space 2560K, 99% used [0x9ef00000,0x9f17df48,0x9f180000)
  to   space 2560K, 0% used [0x9ec80000,0x9ec80000,0x9ef00000)
 ParOldGen       total 43008K, used 1375K [0x731c0000, 0x75bc0000, 0x9dc40000)
  object space 43008K, 3% used [0x731c0000,0x73317f08,0x75bc0000)
 PSPermGen       total 16384K, used 4213K [0x6b1c0000, 0x6c1c0000, 0x731c0000)
  object space 16384K, 25% used [0x6b1c0000,0x6b5dd588,0x6c1c0000)
Event: 5.122 GC heap after
Heap after GC invocations=3 (full 0):
 PSYoungGen      total 19200K, used 2555K [0x9dc40000, 0xa01c0000, 0xb31c0000)
  eden space 16640K, 0% used [0x9dc40000,0x9dc40000,0x9ec80000)
  from space 2560K, 99% used [0x9ec80000,0x9eefec60,0x9ef00000)
  to   space 2560K, 0% used [0x9ff40000,0x9ff40000,0xa01c0000)
 ParOldGen       total 43008K, used 4240K [0x731c0000, 0x75bc0000, 0x9dc40000)
  object space 43008K, 9% used [0x731c0000,0x735e4198,0x75bc0000)
 PSPermGen       total 16384K, used 4213K [0x6b1c0000, 0x6c1c0000, 0x731c0000)
  object space 16384K, 25% used [0x6b1c0000,0x6b5dd588,0x6c1c0000)
}
Event: 7.070 GC heap before
{Heap before GC invocations=4 (full 0):
 PSYoungGen      total 19200K, used 19195K [0x9dc40000, 0xa01c0000, 0xb31c0000)
  eden space 16640K, 100% used [0x9dc40000,0x9ec80000,0x9ec80000)
  from space 2560K, 99% used [0x9ec80000,0x9eefec60,0x9ef00000)
  to   space 2560K, 0% used [0x9ff40000,0x9ff40000,0xa01c0000)
 ParOldGen       total 43008K, used 4240K [0x731c0000, 0x75bc0000, 0x9dc40000)
  object space 43008K, 9% used [0x731c0000,0x735e4198,0x75bc0000)
 PSPermGen       total 16384K, used 4238K [0x6b1c0000, 0x6c1c0000, 0x731c0000)
  object space 16384K, 25% used [0x6b1c0000,0x6b5e3800,0x6c1c0000)
Event: 7.123 GC heap after
Heap after GC invocations=4 (full 0):
 PSYoungGen      total 35840K, used 2555K [0x9dc40000, 0xa01c0000, 0xb31c0000)
  eden space 33280K, 0% used [0x9dc40000,0x9dc40000,0x9fcc0000)
  from space 2560K, 99% used [0x9ff40000,0xa01bedd0,0xa01c0000)
  to   space 2560K, 0% used [0x9fcc0000,0x9fcc0000,0x9ff40000)
 ParOldGen       total 43008K, used 7337K [0x731c0000, 0x75bc0000, 0x9dc40000)
  object space 43008K, 17% used [0x731c0000,0x738ea4e8,0x75bc0000)
 PSPermGen       total 16384K, used 4238K [0x6b1c0000, 0x6c1c0000, 0x731c0000)
  object space 16384K, 25% used [0x6b1c0000,0x6b5e3800,0x6c1c0000)
}
Event: 10.636 GC heap before
{Heap before GC invocations=5 (full 0):
 PSYoungGen      total 35840K, used 35835K [0x9dc40000, 0xa01c0000, 0xb31c0000)
  eden space 33280K, 100% used [0x9dc40000,0x9fcc0000,0x9fcc0000)
  from space 2560K, 99% used [0x9ff40000,0xa01bedd0,0xa01c0000)
  to   space 2560K, 0% used [0x9fcc0000,0x9fcc0000,0x9ff40000)
 ParOldGen       total 43008K, used 7337K [0x731c0000, 0x75bc0000, 0x9dc40000)
  object space 43008K, 17% used [0x731c0000,0x738ea4e8,0x75bc0000)
 PSPermGen       total 16384K, used 4260K [0x6b1c0000, 0x6c1c0000, 0x731c0000)
  object space 16384K, 26% used [0x6b1c0000,0x6b5e9150,0x6c1c0000)

Deoptimization events (8 events):
Event: 1.430 Thread 0xb6308400 Uncommon trap: reason=unstable_if action=reinterpret pc=0xb32e1578 method=java.lang.String.indexOf(II)I @ 49
Event: 3.636 Thread 0x67167400 Uncommon trap: reason=unstable_if action=reinterpret pc=0xb32f718c method=com.android.dx.ssa.SsaRenamer$BlockRenamer.addMapping(ILcom/android/dx/rop/code/RegisterSpec;)V @ 120
Event: 5.804 Thread 0x67161800 Uncommon trap: reason=unstable_if action=reinterpret pc=0xb32f6614 method=com.android.dx.rop.cst.Constant.compareTo(Lcom/android/dx/rop/cst/Constant;)I @ 12
Event: 6.750 Thread 0x67161800 Uncommon trap: reason=unstable_if action=reinterpret pc=0xb3347290 method=com.android.dx.ssa.LocalVariableExtractor.processBlock(I)V @ 251
Event: 7.035 Thread 0x67165800 Uncommon trap: reason=null_check action=make_not_entrant pc=0xb333ec90 method=com.android.dx.ssa.SsaRenamer.getLocalForNewReg(I)Lcom/android/dx/rop/code/LocalItem; @ 19
Event: 8.290 Thread 0xb6308400 Uncommon trap: reason=unstable_if action=reinterpret pc=0xb32e20ec method=com.android.dx.util.IntList.binarysearch(I)I @ 105
Event: 9.801 Thread 0xb6308400 Uncommon trap: reason=null_check action=make_not_entrant pc=0xb335a110 method=com.android.dx.rop.type.Type.putIntern(Lcom/android/dx/rop/type/Type;)Lcom/android/dx/rop/type/Type; @ 18
Event: 10.269 Thread 0x67165800 Uncommon trap: reason=unstable_if action=reinterpret pc=0xb334cbbc method=com.android.dx.ssa.SsaMethod.updateOneDefinition(Lcom/android/dx/ssa/SsaInsn;Lcom/android/dx/rop/code/RegisterSpec;)V @ 4

Internal exceptions (10 events):
Event: 2.496 Thread 0x67167400 Threw 0x9df1e788 at /build/openjdk-7-PdBaKN/openjdk-7-7u91-2.6.3/build/openjdk/hotspot/src/share/vm/prims/jvm.cpp:1322
Event: 2.525 Thread 0x67166400 Threw 0x9df6a4e0 at /build/openjdk-7-PdBaKN/openjdk-7-7u91-2.6.3/build/openjdk/hotspot/src/share/vm/prims/jvm.cpp:1322
Event: 2.655 Thread 0x67161800 Threw 0x9e0a2a60 at /build/openjdk-7-PdBaKN/openjdk-7-7u91-2.6.3/build/openjdk/hotspot/src/share/vm/prims/jvm.cpp:1322
Event: 2.733 Thread 0xb6308400 Threw 0x9e0dc850 at /build/openjdk-7-PdBaKN/openjdk-7-7u91-2.6.3/build/openjdk/hotspot/src/share/vm/prims/jvm.cpp:1322
Event: 2.756 Thread 0xb6308400 Threw 0x9e0eda00 at /build/openjdk-7-PdBaKN/openjdk-7-7u91-2.6.3/build/openjdk/hotspot/src/share/vm/prims/jvm.cpp:1322
Event: 4.364 Thread 0xb6308400 Threw 0x9e402f68 at /build/openjdk-7-PdBaKN/openjdk-7-7u91-2.6.3/build/openjdk/hotspot/src/share/vm/prims/jvm.cpp:1322
Event: 7.035 Thread 0x67165800 Implicit null exception at 0xb333ce99 to 0xb333ec81
Event: 8.755 Thread 0x67167400 Threw 0x9ea7d518 at /build/openjdk-7-PdBaKN/openjdk-7-7u91-2.6.3/build/openjdk/hotspot/src/share/vm/prims/jvm.cpp:1322
Event: 9.801 Thread 0xb6308400 Implicit null exception at 0xb3359b9a to 0xb335a105
Event: 10.269 Thread 0x67165800 Threw 0x9f942770 at /build/openjdk-7-PdBaKN/openjdk-7-7u91-2.6.3/build/openjdk/hotspot/src/share/vm/prims/jvm.cpp:1322

Events (10 events):
Event: 9.223 Thread 0x67aec800 flushing nmethod 0xb32f6c88
Event: 9.801 Thread 0xb6308400 Uncommon trap: trap_request=0xfffffff4 fr.pc=0xb335a110
Event: 9.801 Thread 0xb6308400 DEOPT PACKING pc=0xb335a110 sp=0xb647da40
Event: 9.801 Thread 0xb6308400 DEOPT UNPACKING pc=0xb32c4bc8 sp=0xb647d9d8 mode 2
Event: 10.269 loading class 0x6ac1a390
Event: 10.269 loading class 0x6ac1a390 done
Event: 10.269 Thread 0x67165800 Uncommon trap: trap_request=0xffffff75 fr.pc=0xb334cbbc
Event: 10.269 Thread 0x67165800 DEOPT PACKING pc=0xb334cbbc sp=0x66b42a80
Event: 10.269 Thread 0x67165800 DEOPT UNPACKING pc=0xb32c4bc8 sp=0x66b42a5c mode 2
Event: 10.619 Executing VM operation: ParallelGCFailedAllocation


Dynamic libraries:
08048000-08049000 r-xp 00000000 08:01 804961     /usr/lib/jvm/java-7-openjdk-i386/jre/bin/java
08049000-0804a000 r--p 00000000 08:01 804961     /usr/lib/jvm/java-7-openjdk-i386/jre/bin/java
0804a000-0804b000 rw-p 00001000 08:01 804961     /usr/lib/jvm/java-7-openjdk-i386/jre/bin/java
08ed7000-08f64000 rw-p 00000000 00:00 0          [heap]
65c00000-65c60000 rw-p 00000000 00:00 0 
65c60000-65d00000 ---p 00000000 00:00 0 
65d00000-65db9000 rw-p 00000000 00:00 0 
65db9000-65e00000 ---p 00000000 00:00 0 
65e00000-65ef8000 rw-p 00000000 00:00 0 
65ef8000-65f00000 ---p 00000000 00:00 0 
65f00000-66000000 rw-p 00000000 00:00 0 
66000000-660f4000 rw-p 00000000 00:00 0 
660f4000-66100000 ---p 00000000 00:00 0 
66100000-661fc000 rw-p 00000000 00:00 0 
661fc000-66200000 ---p 00000000 00:00 0 
66200000-662e1000 rw-p 00000000 00:00 0 
662e1000-66300000 ---p 00000000 00:00 0 
66300000-663ff000 rw-p 00000000 00:00 0 
663ff000-66400000 ---p 00000000 00:00 0 
66500000-665f9000 rw-p 00000000 00:00 0 
665f9000-66600000 ---p 00000000 00:00 0 
66600000-666ff000 rw-p 00000000 00:00 0 
666ff000-66700000 ---p 00000000 00:00 0 
66700000-667f8000 rw-p 00000000 00:00 0 
667f8000-66800000 ---p 00000000 00:00 0 
66800000-668f9000 rw-p 00000000 00:00 0 
668f9000-66900000 ---p 00000000 00:00 0 
66900000-669fd000 rw-p 00000000 00:00 0 
669fd000-66a00000 ---p 00000000 00:00 0 
66a51000-66a54000 ---p 00000000 00:00 0 
66a54000-66aa2000 rw-p 00000000 00:00 0          [stack:13885]
66aa2000-66aa5000 ---p 00000000 00:00 0 
66aa5000-66af3000 rw-p 00000000 00:00 0          [stack:13884]
66af3000-66af6000 ---p 00000000 00:00 0 
66af6000-66b44000 rw-p 00000000 00:00 0          [stack:13883]
66b44000-66b47000 ---p 00000000 00:00 0 
66b47000-66b95000 rw-p 00000000 00:00 0          [stack:13882]
66b95000-66b98000 ---p 00000000 00:00 0 
66b98000-66da7000 rw-p 00000000 00:00 0          [stack:13881]
66da7000-66e17000 r-xp 00000000 08:01 394656     /lib/i386-linux-gnu/libpcre.so.3.13.1
66e17000-66e18000 r--p 0006f000 08:01 394656     /lib/i386-linux-gnu/libpcre.so.3.13.1
66e18000-66e19000 rw-p 00070000 08:01 394656     /lib/i386-linux-gnu/libpcre.so.3.13.1
66e19000-66f3f000 r-xp 00000000 08:01 394573     /lib/i386-linux-gnu/libglib-2.0.so.0.4400.0
66f3f000-66f40000 r--p 00125000 08:01 394573     /lib/i386-linux-gnu/libglib-2.0.so.0.4400.0
66f40000-66f41000 rw-p 00126000 08:01 394573     /lib/i386-linux-gnu/libglib-2.0.so.0.4400.0
66f41000-670fa000 r-xp 00000000 08:01 137357     /usr/lib/i386-linux-gnu/libgio-2.0.so.0.4400.0
670fa000-670fd000 r--p 001b8000 08:01 137357     /usr/lib/i386-linux-gnu/libgio-2.0.so.0.4400.0
670fd000-670ff000 rw-p 001bb000 08:01 137357     /usr/lib/i386-linux-gnu/libgio-2.0.so.0.4400.0
670ff000-67100000 rw-p 00000000 00:00 0 
67100000-67189000 rw-p 00000000 00:00 0 
67189000-67200000 ---p 00000000 00:00 0 
6721a000-6722e000 r-xp 00000000 08:01 394679     /lib/i386-linux-gnu/libresolv-2.21.so
6722e000-67230000 r--p 00013000 08:01 394679     /lib/i386-linux-gnu/libresolv-2.21.so
67230000-67231000 rw-p 00015000 08:01 394679     /lib/i386-linux-gnu/libresolv-2.21.so
67231000-67233000 rw-p 00000000 00:00 0 
67233000-6728e000 r-xp 00000000 08:01 137385     /usr/lib/i386-linux-gnu/libgobject-2.0.so.0.4400.0
6728e000-6728f000 r--p 0005b000 08:01 137385     /usr/lib/i386-linux-gnu/libgobject-2.0.so.0.4400.0
6728f000-67290000 rw-p 0005c000 08:01 137385     /usr/lib/i386-linux-gnu/libgobject-2.0.so.0.4400.0
67290000-67291000 ---p 00000000 00:00 0 
67291000-67311000 rw-p 00000000 00:00 0          [stack:13879]
67311000-67314000 ---p 00000000 00:00 0 
67314000-67362000 rw-p 00000000 00:00 0          [stack:13878]
67362000-67365000 ---p 00000000 00:00 0 
67365000-673e3000 rw-p 00000000 00:00 0          [stack:13877]
673e3000-673e6000 ---p 00000000 00:00 0 
673e6000-67464000 rw-p 00000000 00:00 0          [stack:13876]
67464000-675ab000 r-xp 00000000 08:01 136931     /usr/lib/i386-linux-gnu/libX11.so.6.3.0
675ab000-675ac000 r--p 00146000 08:01 136931     /usr/lib/i386-linux-gnu/libX11.so.6.3.0
675ac000-675ae000 rw-p 00147000 08:01 136931     /usr/lib/i386-linux-gnu/libX11.so.6.3.0
675ae000-675af000 rw-p 00000000 00:00 0 
675af000-675b2000 ---p 00000000 00:00 0 
675b2000-67600000 rw-p 00000000 00:00 0          [stack:13875]
67600000-67800000 r--p 00000000 08:01 143362     /usr/lib/locale/locale-archive
67800000-67900000 rw-p 00000000 00:00 0 
67900000-67921000 rw-p 00000000 00:00 0 
67921000-67a00000 ---p 00000000 00:00 0 
67a00000-67b00000 rw-p 00000000 00:00 0 
67b0f000-67b33000 r-xp 00000000 08:01 394683     /lib/i386-linux-gnu/libselinux.so.1
67b33000-67b34000 r--p 00024000 08:01 394683     /lib/i386-linux-gnu/libselinux.so.1
67b34000-67b35000 rw-p 00025000 08:01 394683     /lib/i386-linux-gnu/libselinux.so.1
67b35000-67b36000 rw-p 00000000 00:00 0 
67b4d000-67b4e000 ---p 00000000 00:00 0 
67b4e000-67bce000 rw-p 00000000 00:00 0          [stack:13872]
67bce000-67d80000 r--s 01d2e000 08:01 804984     /usr/lib/jvm/java-7-openjdk-i386/jre/lib/rt.jar
67d80000-6a600000 rw-p 00000000 00:00 0 
6a600000-6a6fb000 rw-p 00000000 00:00 0 
6a6fb000-6a700000 ---p 00000000 00:00 0 
6a702000-6a709000 r-xp 00000000 08:01 137254     /usr/lib/i386-linux-gnu/libffi.so.6.0.4
6a709000-6a70b000 r--p 00006000 08:01 137254     /usr/lib/i386-linux-gnu/libffi.so.6.0.4
6a70b000-6a70c000 rw-p 00008000 08:01 137254     /usr/lib/i386-linux-gnu/libffi.so.6.0.4
6a70c000-6a72c000 r-xp 00000000 08:01 138125     /usr/lib/i386-linux-gnu/libxcb.so.1.1.0
6a72c000-6a72d000 r--p 0001f000 08:01 138125     /usr/lib/i386-linux-gnu/libxcb.so.1.1.0
6a72d000-6a72e000 rw-p 00020000 08:01 138125     /usr/lib/i386-linux-gnu/libxcb.so.1.1.0
6a72e000-6a731000 ---p 00000000 00:00 0 
6a731000-6a77f000 rw-p 00000000 00:00 0          [stack:13874]
6a77f000-6a780000 ---p 00000000 00:00 0 
6a780000-6a800000 rw-p 00000000 00:00 0          [stack:13871]
6a800000-6a821000 rw-p 00000000 00:00 0 
6a821000-6a900000 ---p 00000000 00:00 0 
6a903000-6a91a000 r-xp 00000000 08:01 805027     /usr/lib/jvm/java-7-openjdk-i386/jre/lib/i386/libnet.so
6a91a000-6a91b000 r--p 00016000 08:01 805027     /usr/lib/jvm/java-7-openjdk-i386/jre/lib/i386/libnet.so
6a91b000-6a91c000 rw-p 00017000 08:01 805027     /usr/lib/jvm/java-7-openjdk-i386/jre/lib/i386/libnet.so
6a91c000-6a92c000 r-xp 00000000 08:01 804991     /usr/lib/jvm/java-7-openjdk-i386/jre/lib/i386/libnio.so
6a92c000-6a92d000 r--p 00010000 08:01 804991     /usr/lib/jvm/java-7-openjdk-i386/jre/lib/i386/libnio.so
6a92d000-6a92e000 rw-p 00011000 08:01 804991     /usr/lib/jvm/java-7-openjdk-i386/jre/lib/i386/libnio.so
6a92e000-6a931000 ---p 00000000 00:00 0 
6a931000-6a97f000 rw-p 00000000 00:00 0          [stack:13873]
6a97f000-6a980000 ---p 00000000 00:00 0 
6a980000-6aa00000 rw-p 00000000 00:00 0          [stack:13870]
6aa00000-6aa21000 rw-p 00000000 00:00 0 
6aa21000-6ab00000 ---p 00000000 00:00 0 
6ab05000-6ab0e000 r--s 00089000 08:01 941255     /home/student/test/Pedometer/app/build/intermediates/exploded-aar/com.android.support/appcompat-v7/23.1.1/jars/classes.jar
6ab0e000-6ab13000 r-xp 00000000 08:01 136946     /usr/lib/i386-linux-gnu/libXdmcp.so.6.0.0
6ab13000-6ab14000 r--p 00004000 08:01 136946     /usr/lib/i386-linux-gnu/libXdmcp.so.6.0.0
6ab14000-6ab15000 rw-p 00005000 08:01 136946     /usr/lib/i386-linux-gnu/libXdmcp.so.6.0.0
6ab15000-6ab24000 r--s 000df000 08:01 1068117    /home/student/Android/Sdk/build-tools/23.0.2/lib/dx.jar
6ab24000-6ab7f000 rw-p 00000000 00:00 0 
6ab7f000-6ab80000 ---p 00000000 00:00 0 
6ab80000-6ac00000 rw-p 00000000 00:00 0          [stack:13869]
6ac00000-6ac24000 rw-p 00000000 00:00 0 
6ac24000-6ad00000 ---p 00000000 00:00 0 
6ad04000-6ad68000 rw-p 00000000 00:00 0 
6ad68000-6ad69000 ---p 00000000 00:00 0 
6ad69000-6adf1000 rw-p 00000000 00:00 0          [stack:13868]
6adf1000-6ae29000 rw-p 00000000 00:00 0 
6ae29000-6ae3e000 rw-p 00000000 00:00 0 
6ae3e000-6af7f000 rw-p 00000000 00:00 0 
6af7f000-6af87000 rw-p 00000000 00:00 0 
6af87000-6afbf000 rw-p 00000000 00:00 0 
6afbf000-6afd4000 rw-p 00000000 00:00 0 
6afd4000-6b114000 rw-p 00000000 00:00 0 
6b114000-6b127000 rw-p 00000000 00:00 0 
6b127000-6b1bf000 rw-p 00000000 00:00 0 
6b1bf000-6c1c0000 rw-p 00000000 00:00 0 
6c1c0000-731c0000 rw-p 00000000 00:00 0 
731c0000-75bc0000 rw-p 00000000 00:00 0 
75bc0000-9dc40000 rw-p 00000000 00:00 0 
9dc40000-a01c0000 rw-p 00000000 00:00 0 
a2ec0000-b31c0000 rw-p 00000000 00:00 0 
b31c0000-b31c3000 r-xp 00000000 08:01 137371     /usr/lib/i386-linux-gnu/libgmodule-2.0.so.0.4400.0
b31c3000-b31c4000 r--p 00002000 08:01 137371     /usr/lib/i386-linux-gnu/libgmodule-2.0.so.0.4400.0
b31c4000-b31c5000 rw-p 00003000 08:01 137371     /usr/lib/i386-linux-gnu/libgmodule-2.0.so.0.4400.0
b31c5000-b31c7000 r-xp 00000000 08:01 136935     /usr/lib/i386-linux-gnu/libXau.so.6.0.0
b31c7000-b31c8000 r--p 00001000 08:01 136935     /usr/lib/i386-linux-gnu/libXau.so.6.0.0
b31c8000-b31c9000 rw-p 00002000 08:01 136935     /usr/lib/i386-linux-gnu/libXau.so.6.0.0
b31c9000-b31cb000 r-xp 00000000 08:01 141618     /usr/lib/jayatana/libjayatanaag.so
b31cb000-b31cc000 r--p 00001000 08:01 141618     /usr/lib/jayatana/libjayatanaag.so
b31cc000-b31cd000 rw-p 00002000 08:01 141618     /usr/lib/jayatana/libjayatanaag.so
b31cd000-b31d0000 r--s 0000f000 08:01 804977     /usr/lib/jvm/java-7-openjdk-i386/jre/lib/ext/icedtea-sound.jar
b31d0000-b31d4000 r--s 00085000 08:01 804976     /usr/lib/jvm/java-7-openjdk-i386/jre/lib/ext/localedata.jar
b31d4000-b31d8000 r--s 00034000 08:01 804978     /usr/lib/jvm/java-7-openjdk-i386/jre/lib/ext/sunjce_provider.jar
b31d8000-b31e1000 rw-p 00000000 00:00 0 
b31e1000-b3298000 rw-p 00000000 00:00 0 
b3298000-b34d8000 rwxp 00000000 00:00 0 
b34d8000-b6298000 rw-p 00000000 00:00 0 
b6298000-b62a4000 r-xp 00000000 08:01 394626     /lib/i386-linux-gnu/libnss_files-2.21.so
b62a4000-b62a5000 r--p 0000b000 08:01 394626     /lib/i386-linux-gnu/libnss_files-2.21.so
b62a5000-b62a6000 rw-p 0000c000 08:01 394626     /lib/i386-linux-gnu/libnss_files-2.21.so
b62a6000-b62b1000 r-xp 00000000 08:01 394636     /lib/i386-linux-gnu/libnss_nis-2.21.so
b62b1000-b62b2000 r--p 0000a000 08:01 394636     /lib/i386-linux-gnu/libnss_nis-2.21.so
b62b2000-b62b3000 rw-p 0000b000 08:01 394636     /lib/i386-linux-gnu/libnss_nis-2.21.so
b62b3000-b62ca000 r-xp 00000000 08:01 394620     /lib/i386-linux-gnu/libnsl-2.21.so
b62ca000-b62cb000 r--p 00016000 08:01 394620     /lib/i386-linux-gnu/libnsl-2.21.so
b62cb000-b62cc000 rw-p 00017000 08:01 394620     /lib/i386-linux-gnu/libnsl-2.21.so
b62cc000-b62ce000 rw-p 00000000 00:00 0 
b62ce000-b62d6000 r-xp 00000000 08:01 394622     /lib/i386-linux-gnu/libnss_compat-2.21.so
b62d6000-b62d7000 r--p 00007000 08:01 394622     /lib/i386-linux-gnu/libnss_compat-2.21.so
b62d7000-b62d8000 rw-p 00008000 08:01 394622     /lib/i386-linux-gnu/libnss_compat-2.21.so
b62d8000-b62fe000 r-xp 00000000 08:01 805003     /usr/lib/jvm/java-7-openjdk-i386/jre/lib/i386/libjava.so
b62fe000-b62ff000 r--p 00025000 08:01 805003     /usr/lib/jvm/java-7-openjdk-i386/jre/lib/i386/libjava.so
b62ff000-b6300000 rw-p 00026000 08:01 805003     /usr/lib/jvm/java-7-openjdk-i386/jre/lib/i386/libjava.so
b6300000-b6400000 rw-p 00000000 00:00 0 
b6400000-b6401000 r--s 00000000 08:01 414147     /usr/share/java/jayatanaag.jar
b6401000-b6405000 r--s 0003c000 08:01 804979     /usr/lib/jvm/java-7-openjdk-i386/jre/lib/ext/sunpkcs11.jar
b6405000-b6407000 r--s 00012000 08:01 804975     /usr/lib/jvm/java-7-openjdk-i386/jre/lib/ext/zipfs.jar
b6407000-b640f000 r-xp 00000000 08:01 804995     /usr/lib/jvm/java-7-openjdk-i386/jre/lib/i386/libzip.so
b640f000-b6410000 r--p 00007000 08:01 804995     /usr/lib/jvm/java-7-openjdk-i386/jre/lib/i386/libzip.so
b6410000-b6411000 rw-p 00008000 08:01 804995     /usr/lib/jvm/java-7-openjdk-i386/jre/lib/i386/libzip.so
b6411000-b6419000 rw-s 00000000 08:01 429175     /tmp/hsperfdata_student/13862
b6419000-b6423000 r-xp 00000000 08:01 805017     /usr/lib/jvm/java-7-openjdk-i386/jre/lib/i386/libinstrument.so
b6423000-b6424000 r--p 00009000 08:01 805017     /usr/lib/jvm/java-7-openjdk-i386/jre/lib/i386/libinstrument.so
b6424000-b6425000 rw-p 0000a000 08:01 805017     /usr/lib/jvm/java-7-openjdk-i386/jre/lib/i386/libinstrument.so
b6425000-b642c000 r-xp 00000000 08:01 394681     /lib/i386-linux-gnu/librt-2.21.so
b642c000-b642d000 r--p 00006000 08:01 394681     /lib/i386-linux-gnu/librt-2.21.so
b642d000-b642e000 rw-p 00007000 08:01 394681     /lib/i386-linux-gnu/librt-2.21.so
b642e000-b6431000 ---p 00000000 00:00 0 
b6431000-b647f000 rw-p 00000000 00:00 0          [stack:13864]
b647f000-b649b000 r-xp 00000000 08:01 394569     /lib/i386-linux-gnu/libgcc_s.so.1
b649b000-b649c000 rw-p 0001b000 08:01 394569     /lib/i386-linux-gnu/libgcc_s.so.1
b649c000-b64e7000 r-xp 00000000 08:01 394599     /lib/i386-linux-gnu/libm-2.21.so
b64e7000-b64e8000 r--p 0004a000 08:01 394599     /lib/i386-linux-gnu/libm-2.21.so
b64e8000-b64e9000 rw-p 0004b000 08:01 394599     /lib/i386-linux-gnu/libm-2.21.so
b64e9000-b65d2000 r-xp 00000000 08:01 137921     /usr/lib/i386-linux-gnu/libstdc++.so.6.0.20
b65d2000-b65d6000 r--p 000e9000 08:01 137921     /usr/lib/i386-linux-gnu/libstdc++.so.6.0.20
b65d6000-b65d7000 rw-p 000ed000 08:01 137921     /usr/lib/i386-linux-gnu/libstdc++.so.6.0.20
b65d7000-b65de000 rw-p 00000000 00:00 0 
b65de000-b7131000 r-xp 00000000 08:01 805013     /usr/lib/jvm/java-7-openjdk-i386/jre/lib/i386/server/libjvm.so
b7131000-b7185000 r--p 00b52000 08:01 805013     /usr/lib/jvm/java-7-openjdk-i386/jre/lib/i386/server/libjvm.so
b7185000-b7199000 rw-p 00ba6000 08:01 805013     /usr/lib/jvm/java-7-openjdk-i386/jre/lib/i386/server/libjvm.so
b7199000-b75b8000 rw-p 00000000 00:00 0 
b75b8000-b75d1000 r-xp 00000000 08:01 394714     /lib/i386-linux-gnu/libz.so.1.2.8
b75d1000-b75d2000 r--p 00019000 08:01 394714     /lib/i386-linux-gnu/libz.so.1.2.8
b75d2000-b75d3000 rw-p 0001a000 08:01 394714     /lib/i386-linux-gnu/libz.so.1.2.8
b75d3000-b75ec000 r-xp 00000000 08:01 394673     /lib/i386-linux-gnu/libpthread-2.21.so
b75ec000-b75ed000 r--p 00018000 08:01 394673     /lib/i386-linux-gnu/libpthread-2.21.so
b75ed000-b75ee000 rw-p 00019000 08:01 394673     /lib/i386-linux-gnu/libpthread-2.21.so
b75ee000-b75f0000 rw-p 00000000 00:00 0 
b75f0000-b75f3000 r-xp 00000000 08:01 394557     /lib/i386-linux-gnu/libdl-2.21.so
b75f3000-b75f4000 r--p 00002000 08:01 394557     /lib/i386-linux-gnu/libdl-2.21.so
b75f4000-b75f5000 rw-p 00003000 08:01 394557     /lib/i386-linux-gnu/libdl-2.21.so
b75f5000-b77a9000 r-xp 00000000 08:01 394540     /lib/i386-linux-gnu/libc-2.21.so
b77a9000-b77ac000 r--p 001b3000 08:01 394540     /lib/i386-linux-gnu/libc-2.21.so
b77ac000-b77ae000 rw-p 001b6000 08:01 394540     /lib/i386-linux-gnu/libc-2.21.so
b77ae000-b77b0000 rw-p 00000000 00:00 0 
b77b0000-b77b1000 r--s 00002000 08:01 804980     /usr/lib/jvm/java-7-openjdk-i386/jre/lib/ext/dnsns.jar
b77b1000-b77b3000 r--s 00006000 08:01 399091     /usr/share/java/java-atk-wrapper.jar
b77b3000-b77b4000 r--p 005e0000 08:01 143362     /usr/lib/locale/locale-archive
b77b4000-b77b5000 rw-p 00000000 00:00 0 
b77b5000-b77b6000 ---p 00000000 00:00 0 
b77b6000-b77c4000 r-xp 00000000 08:01 805022     /usr/lib/jvm/java-7-openjdk-i386/jre/lib/i386/libverify.so
b77c4000-b77c6000 r--p 0000d000 08:01 805022     /usr/lib/jvm/java-7-openjdk-i386/jre/lib/i386/libverify.so
b77c6000-b77c7000 rw-p 0000f000 08:01 805022     /usr/lib/jvm/java-7-openjdk-i386/jre/lib/i386/libverify.so
b77c7000-b77d3000 r-xp 00000000 08:01 805024     /usr/lib/jvm/java-7-openjdk-i386/jre/lib/i386/jli/libjli.so
b77d3000-b77d4000 r--p 0000b000 08:01 805024     /usr/lib/jvm/java-7-openjdk-i386/jre/lib/i386/jli/libjli.so
b77d4000-b77d5000 rw-p 0000c000 08:01 805024     /usr/lib/jvm/java-7-openjdk-i386/jre/lib/i386/jli/libjli.so
b77d5000-b77d8000 rw-p 00000000 00:00 0 
b77d8000-b77da000 r--p 00000000 00:00 0          [vvar]
b77da000-b77db000 r-xp 00000000 00:00 0          [vdso]
b77db000-b77fd000 r-xp 00000000 08:01 394512     /lib/i386-linux-gnu/ld-2.21.so
b77fd000-b77fe000 r--p 00021000 08:01 394512     /lib/i386-linux-gnu/ld-2.21.so
b77fe000-b77ff000 rw-p 00022000 08:01 394512     /lib/i386-linux-gnu/ld-2.21.so
bf7f9000-bf7fa000 rwxp 00000000 00:00 0 
bf82b000-bf84d000 rw-p 00000000 00:00 0          [stack]

VM Arguments:
jvm_args: -javaagent:/usr/share/java/jayatanaag.jar -Djava.awt.headless=true -Xmx1024M -Dfile.encoding=UTF-8 -Duser.country=US -Duser.language=en -Duser.variant 
java_command: com.android.dx.command.Main --dex --num-threads=4 --multi-dex --output /home/student/test/Pedometer/app/build/intermediates/transforms/dex/debug/folders/1000/10/com.android.support-appcompat-v7-23.1.1_e2de87a59e53f0e284a70814a1dc4fff482f1405 /home/student/test/Pedometer/app/build/intermediates/exploded-aar/com.android.support/appcompat-v7/23.1.1/jars/classes.jar
Launcher Type: SUN_STANDARD

Environment Variables:
JAVA_TOOL_OPTIONS=-javaagent:/usr/share/java/jayatanaag.jar 
PATH=/home/student/.linuxbrew/bin:/usr/local/sbin:/usr/local/bin:/usr/sbin:/usr/bin:/sbin:/bin:/usr/games:/usr/local/games:/etc/android-studio/bin/:/home/student/Android/Sdk/platform-tools:/home/student/Android/Sdk/tools
LD_LIBRARY_PATH=/etc/android-studio/bin:
SHELL=/bin/bash
DISPLAY=:0

Signal Handlers:
SIGSEGV: [libjvm.so+0x7f7d00], sa_mask[0]=0x7ffbfeff, sa_flags=0x10000004
SIGBUS: [libjvm.so+0x7f7d00], sa_mask[0]=0x7ffbfeff, sa_flags=0x10000004
SIGFPE: [libjvm.so+0x67a9d0], sa_mask[0]=0x7ffbfeff, sa_flags=0x10000004
SIGPIPE: [libjvm.so+0x67a9d0], sa_mask[0]=0x7ffbfeff, sa_flags=0x10000004
SIGXFSZ: [libjvm.so+0x67a9d0], sa_mask[0]=0x7ffbfeff, sa_flags=0x10000004
SIGILL: [libjvm.so+0x67a9d0], sa_mask[0]=0x7ffbfeff, sa_flags=0x10000004
SIGUSR1: SIG_DFL, sa_mask[0]=0x00000000, sa_flags=0x00000000
SIGUSR2: [libjvm.so+0x67a820], sa_mask[0]=0x00000004, sa_flags=0x10000004
SIGHUP: [libjvm.so+0x67aa80], sa_mask[0]=0x7ffbfeff, sa_flags=0x10000004
SIGINT: [libjvm.so+0x67aa80], sa_mask[0]=0x7ffbfeff, sa_flags=0x10000004
SIGTERM: [libjvm.so+0x67aa80], sa_mask[0]=0x7ffbfeff, sa_flags=0x10000004
SIGQUIT: [libjvm.so+0x67aa80], sa_mask[0]=0x7ffbfeff, sa_flags=0x10000004
SIGTRAP: SIG_DFL, sa_mask[0]=0x00000000, sa_flags=0x00000000


---------------  S Y S T E M  ---------------

OS:Ubuntu 15.04 (vivid)
uname:Linux 3.19.0-18-generic #18-Ubuntu SMP Tue May 19 18:30:59 UTC 2015 i686
libc:glibc 2.21 NPTL 2.21 
rlimit: STACK 8192k, CORE 0k, NPROC 32177, NOFILE 65536, AS infinity
load average:4.62 2.57 1.86

/proc/meminfo:
MemTotal:        4139540 kB
MemFree:          219792 kB
MemAvailable:     171172 kB
Buffers:           16028 kB
Cached:            93972 kB
SwapCached:            0 kB
Active:          3558384 kB
Inactive:          72048 kB
Active(anon):    3521640 kB
Inactive(anon):    38228 kB
Active(file):      36744 kB
Inactive(file):    33820 kB
Unevictable:          32 kB
Mlocked:              32 kB
HighTotal:       3280776 kB
HighFree:          41092 kB
LowTotal:         858764 kB
LowFree:          178700 kB
SwapTotal:             0 kB
SwapFree:              0 kB
Dirty:               616 kB
Writeback:             0 kB
AnonPages:       3520472 kB
Mapped:            74224 kB
Shmem:             39392 kB
Slab:              46832 kB
SReclaimable:      21508 kB
SUnreclaim:        25324 kB
KernelStack:        5376 kB
PageTables:        15248 kB
NFS_Unstable:          0 kB
Bounce:                0 kB
WritebackTmp:          0 kB
CommitLimit:     2069768 kB
Committed_AS:    6696552 kB
VmallocTotal:     122880 kB
VmallocUsed:       23328 kB
VmallocChunk:      46892 kB
AnonHugePages:   2578432 kB
CmaTotal:              0 kB
CmaFree:               0 kB
HugePages_Total:       0
HugePages_Free:        0
HugePages_Rsvd:        0
HugePages_Surp:        0
Hugepagesize:       2048 kB
DirectMap4k:       59384 kB
DirectMap2M:      854016 kB


CPU:total 4 (1 cores per cpu, 1 threads per core) family 6 model 58 stepping 9, cmov, cx8, fxsr, mmx, sse, sse2, sse3, ssse3, sse4.1, sse4.2, popcnt, avx, aes, erms, tsc, tscinvbit, tscinv

/proc/cpuinfo:
processor	: 0
vendor_id	: GenuineIntel
cpu family	: 6
model		: 58
model name	: Intel(R) Core(TM) i5-3210M CPU @ 2.50GHz
stepping	: 9
microcode	: 0x15
cpu MHz		: 2494.111
cache size	: 3072 KB
physical id	: 0
siblings	: 1
core id		: 0
cpu cores	: 1
apicid		: 0
initial apicid	: 0
fdiv_bug	: no
f00f_bug	: no
coma_bug	: no
fpu		: yes
fpu_exception	: yes
cpuid level	: 13
wp		: yes
flags		: fpu vme de pse tsc msr pae mce cx8 apic sep mtrr pge mca cmov pat pse36 clflush dts mmx fxsr sse sse2 ss nx rdtscp lm constant_tsc arch_perfmon pebs bts xtopology tsc_reliable nonstop_tsc aperfmperf pni pclmulqdq ssse3 cx16 pcid sse4_1 sse4_2 x2apic popcnt tsc_deadline_timer aes xsave avx f16c rdrand hypervisor lahf_lm ida arat epb pln pts dtherm fsgsbase tsc_adjust smep
bugs		:
bogomips	: 4988.22
clflush size	: 64
cache_alignment	: 64
address sizes	: 42 bits physical, 48 bits virtual
power management:

processor	: 1
vendor_id	: GenuineIntel
cpu family	: 6
model		: 58
model name	: Intel(R) Core(TM) i5-3210M CPU @ 2.50GHz
stepping	: 9
microcode	: 0x15
cpu MHz		: 2494.111
cache size	: 3072 KB
physical id	: 2
siblings	: 1
core id		: 0
cpu cores	: 1
apicid		: 2
initial apicid	: 2
fdiv_bug	: no
f00f_bug	: no
coma_bug	: no
fpu		: yes
fpu_exception	: yes
cpuid level	: 13
wp		: yes
flags		: fpu vme de pse tsc msr pae mce cx8 apic sep mtrr pge mca cmov pat pse36 clflush dts mmx fxsr sse sse2 ss nx rdtscp lm constant_tsc arch_perfmon pebs bts xtopology tsc_reliable nonstop_tsc aperfmperf pni pclmulqdq ssse3 cx16 pcid sse4_1 sse4_2 x2apic popcnt tsc_deadline_timer aes xsave avx f16c rdrand hypervisor lahf_lm ida arat epb pln pts dtherm fsgsbase tsc_adjust smep
bugs		:
bogomips	: 4988.22
clflush size	: 64
cache_alignment	: 64
address sizes	: 42 bits physical, 48 bits virtual
power management:

processor	: 2
vendor_id	: GenuineIntel
cpu family	: 6
model		: 58
model name	: Intel(R) Core(TM) i5-3210M CPU @ 2.50GHz
stepping	: 9
microcode	: 0x15
cpu MHz		: 2494.111
cache size	: 3072 KB
physical id	: 4
siblings	: 1
core id		: 0
cpu cores	: 1
apicid		: 4
initial apicid	: 4
fdiv_bug	: no
f00f_bug	: no
coma_bug	: no
fpu		: yes
fpu_exception	: yes
cpuid level	: 13
wp		: yes
flags		: fpu vme de pse tsc msr pae mce cx8 apic sep mtrr pge mca cmov pat pse36 clflush dts mmx fxsr sse sse2 ss nx rdtscp lm constant_tsc arch_perfmon pebs bts xtopology tsc_reliable nonstop_tsc aperfmperf pni pclmulqdq ssse3 cx16 pcid sse4_1 sse4_2 x2apic popcnt tsc_deadline_timer aes xsave avx f16c rdrand hypervisor lahf_lm ida arat epb pln pts dtherm fsgsbase tsc_adjust smep
bugs		:
bogomips	: 4988.22
clflush size	: 64
cache_alignment	: 64
address sizes	: 42 bits physical, 48 bits virtual
power management:

processor	: 3
vendor_id	: GenuineIntel
cpu family	: 6
model		: 58
model name	: Intel(R) Core(TM) i5-3210M CPU @ 2.50GHz
stepping	: 9
microcode	: 0x15
cpu MHz		: 2494.111
cache size	: 3072 KB
physical id	: 6
siblings	: 1
core id		: 0
cpu cores	: 1
apicid		: 6
initial apicid	: 6
fdiv_bug	: no
f00f_bug	: no
coma_bug	: no
fpu		: yes
fpu_exception	: yes
cpuid level	: 13
wp		: yes
flags		: fpu vme de pse tsc msr pae mce cx8 apic sep mtrr pge mca cmov pat pse36 clflush dts mmx fxsr sse sse2 ss nx rdtscp lm constant_tsc arch_perfmon pebs bts xtopology tsc_reliable nonstop_tsc aperfmperf pni pclmulqdq ssse3 cx16 pcid sse4_1 sse4_2 x2apic popcnt tsc_deadline_timer aes xsave avx f16c rdrand hypervisor lahf_lm ida arat epb pln pts dtherm fsgsbase tsc_adjust smep
bugs		:
bogomips	: 4988.22
clflush size	: 64
cache_alignment	: 64
address sizes	: 42 bits physical, 48 bits virtual
power management:



Memory: 4k page, physical 4139540k(219792k free), swap 0k(0k free)

vm_info: OpenJDK Server VM (24.91-b01) for linux-x86 JRE (1.7.0_91-b02), built on Nov 19 2015 06:25:06 by "buildd" with gcc 4.9.2

time: Sun May  1 13:40:43 2016
elapsed time: 10 seconds

