#
# There is insufficient memory for the Java Runtime Environment to continue.
# Native memory allocation (malloc) failed to allocate 34078720 bytes for committing reserved memory.
# Possible reasons:
#   The system is out of physical RAM or swap space
#   In 32 bit mode, the process size limit was hit
# Possible solutions:
#   Reduce memory load on the system
#   Increase physical memory or swap space
#   Check if swap backing store is full
#   Use 64 bit Java on a 64 bit OS
#   Decrease Java heap size (-Xmx/-Xms)
#   Decrease number of Java threads
#   Decrease Java thread stack sizes (-Xss)
#   Set larger code cache with -XX:ReservedCodeCacheSize=
# This output file may be truncated or incomplete.
#
#  Out of Memory Error (os_linux.cpp:2827), pid=16677, tid=1740430144
#
# JRE version: OpenJDK Runtime Environment (7.0_91-b02) (build 1.7.0_91-b02)
# Java VM: OpenJDK Server VM (24.91-b01 mixed mode linux-x86 )
# Derivative: IcedTea 2.6.3
# Distribution: Ubuntu 15.04, package 7u91-2.6.3-0ubuntu0.15.04.1
# Failed to write core dump. Core dumps have been disabled. To enable core dumping, try "ulimit -c unlimited" before starting Java again
#

---------------  T H R E A D  ---------------

Current thread (0x67a81400):  VMThread [stack: 0x67b4d000,0x67bce000] [id=16687]

Stack: [0x67b4d000,0x67bce000]
VM_Operation (0x66a94b7c): ParallelGCFailedAllocation, mode: safepoint, requested by thread 0x67145c00


---------------  P R O C E S S  ---------------

Java Threads: ( => current thread )
  0x67146c00 JavaThread "pool-2-thread-4" [_thread_blocked, id=16699, stack(0x669f4000,0x66a45000)]
  0x67145c00 JavaThread "pool-2-thread-3" [_thread_blocked, id=16698, stack(0x66a45000,0x66a96000)]
  0x67145000 JavaThread "pool-2-thread-2" [_thread_blocked, id=16697, stack(0x66a96000,0x66ae7000)]
  0x6713f400 JavaThread "pool-3-thread-1" [_thread_blocked, id=16696, stack(0x66ae7000,0x66b38000)]
  0x6713d000 JavaThread "pool-2-thread-1" [_thread_blocked, id=16695, stack(0x66b38000,0x66b89000)]
  0x67aee800 JavaThread "Service Thread" daemon [_thread_blocked, id=16693, stack(0x672c0000,0x67311000)]
  0x67aec800 JavaThread "C2 CompilerThread1" daemon [_thread_blocked, id=16692, stack(0x67311000,0x67392000)]
  0x67aeb400 JavaThread "C2 CompilerThread0" daemon [_thread_blocked, id=16691, stack(0x67392000,0x67413000)]
  0x67a98400 JavaThread "Signal Dispatcher" daemon [_thread_blocked, id=16690, stack(0x6755e000,0x675af000)]
  0x67a85400 JavaThread "Finalizer" daemon [_thread_blocked, id=16689, stack(0x677af000,0x67800000)]
  0x67a83c00 JavaThread "Reference Handler" daemon [_thread_blocked, id=16688, stack(0x6a72e000,0x6a77f000)]
  0xb6208400 JavaThread "main" [_thread_blocked, id=16679, stack(0xb63ce000,0xb641f000)]

Other Threads:
=>0x67a81400 VMThread [stack: 0x67b4d000,0x67bce000] [id=16687]
  0x67af0800 WatcherThread [stack: 0x6723f000,0x672c0000] [id=16694]

VM state:at safepoint (normal execution)

VM Mutex/Monitor currently owned by a thread:  ([mutex/lock_event])
[0xb6205e20] Threads_lock - owner thread: 0x67a81400
[0xb6206230] Heap_lock - owner thread: 0x67145c00

Heap
 PSYoungGen      total 35840K, used 2552K [0x9dbc0000, 0xa0140000, 0xb3140000)
  eden space 33280K, 0% used [0x9dbc0000,0x9dbc0000,0x9fc40000)
  from space 2560K, 99% used [0x9fc40000,0x9febe188,0x9fec0000)
  to   space 2560K, 0% used [0x9fec0000,0x9fec0000,0xa0140000)
 ParOldGen       total 43008K, used 8090K [0x73140000, 0x75b40000, 0x9dbc0000)
  object space 43008K, 18% used [0x73140000,0x73926830,0x75b40000)
 PSPermGen       total 16384K, used 4236K [0x6b140000, 0x6c140000, 0x73140000)
  object space 16384K, 25% used [0x6b140000,0x6b5633d0,0x6c140000)

Card table byte_map: [0x6aeff000,0x6b140000] byte_map_base: 0x6aba6600

Polling page: 0xb7755000

Code Cache  [0xb3200000, 0xb3440000, 0xb6200000)
 total_blobs=339 nmethods=216 adapters=76 free_code_cache=48441Kb largest_free_block=49584832

Compilation events (10 events):
Event: 7.576 Thread 0x67aec800 nmethod 211 0xb32a15c8 code [0xb32a16a0, 0xb32a16f0]
Event: 7.576 Thread 0x67aec800  212             com.android.dx.ssa.SsaMethod::bitSetFromLabelList (47 bytes)
Event: 7.657 Thread 0x67aec800 nmethod 212 0xb3290188 code [0xb32902a0, 0xb32907b0]
Event: 7.657 Thread 0x67aec800  213             com.android.dx.util.Bits::get (25 bytes)
Event: 7.663 Thread 0x67aec800 nmethod 213 0xb32a1388 code [0xb32a1480, 0xb32a1510]
Event: 7.663 Thread 0x67aec800  214             com.android.dx.rop.cst.Constant::compareTo (9 bytes)
Event: 7.731 Thread 0x67aec800 nmethod 214 0xb32a0f08 code [0xb32a1020, 0xb32a11c4]
Event: 7.731 Thread 0x67aec800  215             com.android.dx.ssa.SsaMethod$2::addToUses (48 bytes)
Event: 7.789 Thread 0x67aec800 nmethod 215 0xb32b5488 code [0xb32b5620, 0xb32b5d04]
Event: 7.790 Thread 0x67aec800  216             com.android.dx.ssa.SCCP::simulateBranch (666 bytes)

GC Heap History (5 events):
Event: 2.952 GC heap before
{Heap before GC invocations=1 (full 0):
 PSYoungGen      total 19200K, used 16640K [0x9dbc0000, 0x9f100000, 0xb3140000)
  eden space 16640K, 100% used [0x9dbc0000,0x9ec00000,0x9ec00000)
  from space 2560K, 0% used [0x9ee80000,0x9ee80000,0x9f100000)
  to   space 2560K, 0% used [0x9ec00000,0x9ec00000,0x9ee80000)
 ParOldGen       total 43008K, used 0K [0x73140000, 0x75b40000, 0x9dbc0000)
  object space 43008K, 0% used [0x73140000,0x73140000,0x75b40000)
 PSPermGen       total 16384K, used 4007K [0x6b140000, 0x6c140000, 0x73140000)
  object space 16384K, 24% used [0x6b140000,0x6b529d10,0x6c140000)
Event: 3.583 GC heap after
Heap after GC invocations=1 (full 0):
 PSYoungGen      total 19200K, used 2555K [0x9dbc0000, 0xa0140000, 0xb3140000)
  eden space 16640K, 0% used [0x9dbc0000,0x9dbc0000,0x9ec00000)
  from space 2560K, 99% used [0x9ec00000,0x9ee7ee58,0x9ee80000)
  to   space 2560K, 0% used [0x9fec0000,0x9fec0000,0xa0140000)
 ParOldGen       total 43008K, used 747K [0x73140000, 0x75b40000, 0x9dbc0000)
  object space 43008K, 1% used [0x73140000,0x731fac10,0x75b40000)
 PSPermGen       total 16384K, used 4007K [0x6b140000, 0x6c140000, 0x73140000)
  object space 16384K, 24% used [0x6b140000,0x6b529d10,0x6c140000)
}
Event: 4.922 GC heap before
{Heap before GC invocations=2 (full 0):
 PSYoungGen      total 19200K, used 19195K [0x9dbc0000, 0xa0140000, 0xb3140000)
  eden space 16640K, 100% used [0x9dbc0000,0x9ec00000,0x9ec00000)
  from space 2560K, 99% used [0x9ec00000,0x9ee7ee58,0x9ee80000)
  to   space 2560K, 0% used [0x9fec0000,0x9fec0000,0xa0140000)
 ParOldGen       total 43008K, used 747K [0x73140000, 0x75b40000, 0x9dbc0000)
  object space 43008K, 1% used [0x73140000,0x731fac10,0x75b40000)
 PSPermGen       total 16384K, used 4180K [0x6b140000, 0x6c140000, 0x73140000)
  object space 16384K, 25% used [0x6b140000,0x6b555310,0x6c140000)
Event: 4.942 GC heap after
Heap after GC invocations=2 (full 0):
 PSYoungGen      total 35840K, used 2546K [0x9dbc0000, 0xa0140000, 0xb3140000)
  eden space 33280K, 0% used [0x9dbc0000,0x9dbc0000,0x9fc40000)
  from space 2560K, 99% used [0x9fec0000,0xa013c940,0xa0140000)
  to   space 2560K, 0% used [0x9fc40000,0x9fc40000,0x9fec0000)
 ParOldGen       total 43008K, used 2752K [0x73140000, 0x75b40000, 0x9dbc0000)
  object space 43008K, 6% used [0x73140000,0x733f0168,0x75b40000)
 PSPermGen       total 16384K, used 4180K [0x6b140000, 0x6c140000, 0x73140000)
  object space 16384K, 25% used [0x6b140000,0x6b555310,0x6c140000)
}
Event: 7.877 GC heap before
{Heap before GC invocations=3 (full 0):
 PSYoungGen      total 35840K, used 35826K [0x9dbc0000, 0xa0140000, 0xb3140000)
  eden space 33280K, 100% used [0x9dbc0000,0x9fc40000,0x9fc40000)
  from space 2560K, 99% used [0x9fec0000,0xa013c940,0xa0140000)
  to   space 2560K, 0% used [0x9fc40000,0x9fc40000,0x9fec0000)
 ParOldGen       total 43008K, used 2752K [0x73140000, 0x75b40000, 0x9dbc0000)
  object space 43008K, 6% used [0x73140000,0x733f0168,0x75b40000)
 PSPermGen       total 16384K, used 4236K [0x6b140000, 0x6c140000, 0x73140000)
  object space 16384K, 25% used [0x6b140000,0x6b5633d0,0x6c140000)

Deoptimization events (10 events):
Event: 3.823 Thread 0x6713d000 Uncommon trap: reason=class_check action=maybe_recompile pc=0xb3258820 method=com.android.dx.ssa.NormalSsaInsn.accept(Lcom/android/dx/ssa/SsaInsn$Visitor;)V @ 9
Event: 3.831 Thread 0x67145000 Uncommon trap: reason=unstable_if action=reinterpret pc=0xb3258408 method=java.util.BitSet.nextSetBit(I)I @ 87
Event: 4.142 Thread 0x67145000 Uncommon trap: reason=unstable_if action=reinterpret pc=0xb3266e38 method=java.util.BitSet.nextSetBit(I)I @ 87
Event: 4.215 Thread 0xb6208400 Uncommon trap: reason=class_check action=maybe_recompile pc=0xb3258820 method=com.android.dx.ssa.NormalSsaInsn.accept(Lcom/android/dx/ssa/SsaInsn$Visitor;)V @ 9
Event: 4.553 Thread 0x6713d000 Uncommon trap: reason=unstable_if action=reinterpret pc=0xb326c864 method=com.android.dx.rop.code.RegisterSpec.equals(ILcom/android/dx/rop/type/TypeBearer;Lcom/android/dx/rop/code/LocalItem;)Z @ 16
Event: 4.668 Thread 0xb6208400 Uncommon trap: reason=unstable_if action=reinterpret pc=0xb3263b54 method=com.android.dx.rop.cst.Constant.compareTo(Lcom/android/dx/rop/cst/Constant;)I @ 12
Event: 4.865 Thread 0x6713d000 Uncommon trap: reason=null_check action=make_not_entrant pc=0xb326ecd0 method=com.android.dx.rop.type.Type.equals(Ljava/lang/Object;)Z @ 8
Event: 5.568 Thread 0x67145000 Uncommon trap: reason=unstable_if action=reinterpret pc=0xb3263090 method=com.android.dx.cf.code.Ropper.labelToResultIndex(I)I @ 34
Event: 7.169 Thread 0xb6208400 Uncommon trap: reason=null_check action=make_not_entrant pc=0xb328b2c0 method=com.android.dx.ssa.SsaRenamer.getLocalForNewReg(I)Lcom/android/dx/rop/code/LocalItem; @ 19
Event: 7.813 Thread 0xb6208400 Uncommon trap: reason=null_check action=make_not_entrant pc=0xb3291888 method=com.android.dx.rop.type.Type.putIntern(Lcom/android/dx/rop/type/Type;)Lcom/android/dx/rop/type/Type; @ 18

Internal exceptions (10 events):
Event: 3.763 Thread 0x67145c00 Threw 0x9dda4098 at /build/openjdk-7-PdBaKN/openjdk-7-7u91-2.6.3/build/openjdk/hotspot/src/share/vm/prims/jvm.cpp:1322
Event: 3.825 Thread 0xb6208400 Threw 0x9deac840 at /build/openjdk-7-PdBaKN/openjdk-7-7u91-2.6.3/build/openjdk/hotspot/src/share/vm/prims/jvm.cpp:1322
Event: 3.875 Thread 0x6713d000 Threw 0x9def6ad8 at /build/openjdk-7-PdBaKN/openjdk-7-7u91-2.6.3/build/openjdk/hotspot/src/share/vm/prims/jvm.cpp:1322
Event: 3.891 Thread 0x6713d000 Threw 0x9dff5868 at /build/openjdk-7-PdBaKN/openjdk-7-7u91-2.6.3/build/openjdk/hotspot/src/share/vm/prims/jvm.cpp:1322
Event: 3.912 Thread 0x6713d000 Threw 0x9dffc9d8 at /build/openjdk-7-PdBaKN/openjdk-7-7u91-2.6.3/build/openjdk/hotspot/src/share/vm/prims/jvm.cpp:1322
Event: 4.012 Thread 0x6713d000 Threw 0x9e109ca0 at /build/openjdk-7-PdBaKN/openjdk-7-7u91-2.6.3/build/openjdk/hotspot/src/share/vm/prims/jvm.cpp:1322
Event: 4.865 Thread 0x6713d000 Implicit null exception at 0xb326ebeb to 0xb326ecc2
Event: 5.540 Thread 0x67145000 Threw 0x9e359310 at /build/openjdk-7-PdBaKN/openjdk-7-7u91-2.6.3/build/openjdk/hotspot/src/share/vm/prims/jvm.cpp:1322
Event: 7.169 Thread 0xb6208400 Implicit null exception at 0xb328a7f1 to 0xb328b2b1
Event: 7.796 Thread 0xb6208400 Implicit null exception at 0xb32912e6 to 0xb329187d

Events (10 events):
Event: 5.568 Thread 0x67145000 DEOPT PACKING pc=0xb3263090 sp=0x66ae5c20
Event: 5.568 Thread 0x67145000 DEOPT UNPACKING pc=0xb322cbc8 sp=0x66ae5c04 mode 2
Event: 6.319 Thread 0x67aec800 flushing nmethod 0xb3249dc8
Event: 7.169 Thread 0xb6208400 Uncommon trap: trap_request=0xfffffff4 fr.pc=0xb328b2c0
Event: 7.169 Thread 0xb6208400 DEOPT PACKING pc=0xb328b2c0 sp=0xb641d7b0
Event: 7.169 Thread 0xb6208400 DEOPT UNPACKING pc=0xb322cbc8 sp=0xb641d6c4 mode 2
Event: 7.812 Thread 0xb6208400 Uncommon trap: trap_request=0xfffffff4 fr.pc=0xb3291888
Event: 7.813 Thread 0xb6208400 DEOPT PACKING pc=0xb3291888 sp=0xb641da90
Event: 7.813 Thread 0xb6208400 DEOPT UNPACKING pc=0xb322cbc8 sp=0xb641da28 mode 2
Event: 7.827 Executing VM operation: ParallelGCFailedAllocation


Dynamic libraries:
08048000-08049000 r-xp 00000000 08:01 804961     /usr/lib/jvm/java-7-openjdk-i386/jre/bin/java
08049000-0804a000 r--p 00000000 08:01 804961     /usr/lib/jvm/java-7-openjdk-i386/jre/bin/java
0804a000-0804b000 rw-p 00001000 08:01 804961     /usr/lib/jvm/java-7-openjdk-i386/jre/bin/java
08490000-084d4000 rw-p 00000000 00:00 0          [heap]
66400000-664e3000 rw-p 00000000 00:00 0 
664e3000-66500000 ---p 00000000 00:00 0 
66500000-665fa000 rw-p 00000000 00:00 0 
665fa000-66600000 ---p 00000000 00:00 0 
66600000-666f9000 rw-p 00000000 00:00 0 
666f9000-66700000 ---p 00000000 00:00 0 
66700000-667db000 rw-p 00000000 00:00 0 
667db000-66800000 ---p 00000000 00:00 0 
66800000-668f3000 rw-p 00000000 00:00 0 
668f3000-66900000 ---p 00000000 00:00 0 
669f4000-669f7000 ---p 00000000 00:00 0 
669f7000-66a45000 rw-p 00000000 00:00 0          [stack:16699]
66a45000-66a48000 ---p 00000000 00:00 0 
66a48000-66a96000 rw-p 00000000 00:00 0          [stack:16698]
66a96000-66a99000 ---p 00000000 00:00 0 
66a99000-66ae7000 rw-p 00000000 00:00 0          [stack:16697]
66ae7000-66aea000 ---p 00000000 00:00 0 
66aea000-66b38000 rw-p 00000000 00:00 0          [stack:16696]
66b38000-66b3b000 ---p 00000000 00:00 0 
66b3b000-66d4a000 rw-p 00000000 00:00 0          [stack:16695]
66d4a000-66dba000 r-xp 00000000 08:01 394656     /lib/i386-linux-gnu/libpcre.so.3.13.1
66dba000-66dbb000 r--p 0006f000 08:01 394656     /lib/i386-linux-gnu/libpcre.so.3.13.1
66dbb000-66dbc000 rw-p 00070000 08:01 394656     /lib/i386-linux-gnu/libpcre.so.3.13.1
66dbc000-66ee2000 r-xp 00000000 08:01 394573     /lib/i386-linux-gnu/libglib-2.0.so.0.4400.0
66ee2000-66ee3000 r--p 00125000 08:01 394573     /lib/i386-linux-gnu/libglib-2.0.so.0.4400.0
66ee3000-66ee4000 rw-p 00126000 08:01 394573     /lib/i386-linux-gnu/libglib-2.0.so.0.4400.0
66ee4000-66f3f000 r-xp 00000000 08:01 137385     /usr/lib/i386-linux-gnu/libgobject-2.0.so.0.4400.0
66f3f000-66f40000 r--p 0005b000 08:01 137385     /usr/lib/i386-linux-gnu/libgobject-2.0.so.0.4400.0
66f40000-66f41000 rw-p 0005c000 08:01 137385     /usr/lib/i386-linux-gnu/libgobject-2.0.so.0.4400.0
66f41000-670fa000 r-xp 00000000 08:01 137357     /usr/lib/i386-linux-gnu/libgio-2.0.so.0.4400.0
670fa000-670fd000 r--p 001b8000 08:01 137357     /usr/lib/i386-linux-gnu/libgio-2.0.so.0.4400.0
670fd000-670ff000 rw-p 001bb000 08:01 137357     /usr/lib/i386-linux-gnu/libgio-2.0.so.0.4400.0
670ff000-67100000 rw-p 00000000 00:00 0 
67100000-67158000 rw-p 00000000 00:00 0 
67158000-67200000 ---p 00000000 00:00 0 
67226000-6723a000 r-xp 00000000 08:01 394679     /lib/i386-linux-gnu/libresolv-2.21.so
6723a000-6723c000 r--p 00013000 08:01 394679     /lib/i386-linux-gnu/libresolv-2.21.so
6723c000-6723d000 rw-p 00015000 08:01 394679     /lib/i386-linux-gnu/libresolv-2.21.so
6723d000-6723f000 rw-p 00000000 00:00 0 
6723f000-67240000 ---p 00000000 00:00 0 
67240000-672c0000 rw-p 00000000 00:00 0          [stack:16694]
672c0000-672c3000 ---p 00000000 00:00 0 
672c3000-67311000 rw-p 00000000 00:00 0          [stack:16693]
67311000-67314000 ---p 00000000 00:00 0 
67314000-67392000 rw-p 00000000 00:00 0          [stack:16692]
67392000-67395000 ---p 00000000 00:00 0 
67395000-67413000 rw-p 00000000 00:00 0          [stack:16691]
67413000-6755a000 r-xp 00000000 08:01 136931     /usr/lib/i386-linux-gnu/libX11.so.6.3.0
6755a000-6755b000 r--p 00146000 08:01 136931     /usr/lib/i386-linux-gnu/libX11.so.6.3.0
6755b000-6755d000 rw-p 00147000 08:01 136931     /usr/lib/i386-linux-gnu/libX11.so.6.3.0
6755d000-6755e000 rw-p 00000000 00:00 0 
6755e000-67561000 ---p 00000000 00:00 0 
67561000-675af000 rw-p 00000000 00:00 0          [stack:16690]
675af000-677af000 r--p 00000000 08:01 143362     /usr/lib/locale/locale-archive
677af000-677b2000 ---p 00000000 00:00 0 
677b2000-67800000 rw-p 00000000 00:00 0          [stack:16689]
67800000-678f8000 rw-p 00000000 00:00 0 
678f8000-67900000 ---p 00000000 00:00 0 
67900000-67921000 rw-p 00000000 00:00 0 
67921000-67a00000 ---p 00000000 00:00 0 
67a00000-67b00000 rw-p 00000000 00:00 0 
67b03000-67b0a000 r-xp 00000000 08:01 137254     /usr/lib/i386-linux-gnu/libffi.so.6.0.4
67b0a000-67b0c000 r--p 00006000 08:01 137254     /usr/lib/i386-linux-gnu/libffi.so.6.0.4
67b0c000-67b0d000 rw-p 00008000 08:01 137254     /usr/lib/i386-linux-gnu/libffi.so.6.0.4
67b0d000-67b31000 r-xp 00000000 08:01 394683     /lib/i386-linux-gnu/libselinux.so.1
67b31000-67b32000 r--p 00024000 08:01 394683     /lib/i386-linux-gnu/libselinux.so.1
67b32000-67b33000 rw-p 00025000 08:01 394683     /lib/i386-linux-gnu/libselinux.so.1
67b33000-67b34000 rw-p 00000000 00:00 0 
67b34000-67b4b000 r-xp 00000000 08:01 805027     /usr/lib/jvm/java-7-openjdk-i386/jre/lib/i386/libnet.so
67b4b000-67b4c000 r--p 00016000 08:01 805027     /usr/lib/jvm/java-7-openjdk-i386/jre/lib/i386/libnet.so
67b4c000-67b4d000 rw-p 00017000 08:01 805027     /usr/lib/jvm/java-7-openjdk-i386/jre/lib/i386/libnet.so
67b4d000-67b4e000 ---p 00000000 00:00 0 
67b4e000-67bce000 rw-p 00000000 00:00 0          [stack:16687]
67bce000-67d80000 r--s 01d2e000 08:01 804984     /usr/lib/jvm/java-7-openjdk-i386/jre/lib/rt.jar
67d80000-6a600000 rw-p 00000000 00:00 0 
6a600000-6a6ec000 rw-p 00000000 00:00 0 
6a6ec000-6a700000 ---p 00000000 00:00 0 
6a707000-6a70a000 r-xp 00000000 08:01 137371     /usr/lib/i386-linux-gnu/libgmodule-2.0.so.0.4400.0
6a70a000-6a70b000 r--p 00002000 08:01 137371     /usr/lib/i386-linux-gnu/libgmodule-2.0.so.0.4400.0
6a70b000-6a70c000 rw-p 00003000 08:01 137371     /usr/lib/i386-linux-gnu/libgmodule-2.0.so.0.4400.0
6a70c000-6a72c000 r-xp 00000000 08:01 138125     /usr/lib/i386-linux-gnu/libxcb.so.1.1.0
6a72c000-6a72d000 r--p 0001f000 08:01 138125     /usr/lib/i386-linux-gnu/libxcb.so.1.1.0
6a72d000-6a72e000 rw-p 00020000 08:01 138125     /usr/lib/i386-linux-gnu/libxcb.so.1.1.0
6a72e000-6a731000 ---p 00000000 00:00 0 
6a731000-6a77f000 rw-p 00000000 00:00 0          [stack:16688]
6a77f000-6a780000 ---p 00000000 00:00 0 
6a780000-6a800000 rw-p 00000000 00:00 0          [stack:16686]
6a800000-6a821000 rw-p 00000000 00:00 0 
6a821000-6a900000 ---p 00000000 00:00 0 
6a900000-6a921000 rw-p 00000000 00:00 0 
6a921000-6aa00000 ---p 00000000 00:00 0 
6aa18000-6aa1d000 r-xp 00000000 08:01 136946     /usr/lib/i386-linux-gnu/libXdmcp.so.6.0.0
6aa1d000-6aa1e000 r--p 00004000 08:01 136946     /usr/lib/i386-linux-gnu/libXdmcp.so.6.0.0
6aa1e000-6aa1f000 rw-p 00005000 08:01 136946     /usr/lib/i386-linux-gnu/libXdmcp.so.6.0.0
6aa1f000-6aa2f000 r-xp 00000000 08:01 804991     /usr/lib/jvm/java-7-openjdk-i386/jre/lib/i386/libnio.so
6aa2f000-6aa30000 r--p 00010000 08:01 804991     /usr/lib/jvm/java-7-openjdk-i386/jre/lib/i386/libnio.so
6aa30000-6aa31000 rw-p 00011000 08:01 804991     /usr/lib/jvm/java-7-openjdk-i386/jre/lib/i386/libnio.so
6aa31000-6aa36000 r--s 00039000 08:01 941672     /home/student/test/Pedometer/app/build/intermediates/exploded-aar/com.android.support/design/23.1.1/jars/classes.jar
6aa36000-6aa7f000 rw-p 00000000 00:00 0 
6aa7f000-6aa80000 ---p 00000000 00:00 0 
6aa80000-6ab00000 rw-p 00000000 00:00 0          [stack:16684]
6ab00000-6ab2f000 rw-p 00000000 00:00 0 
6ab2f000-6ac00000 ---p 00000000 00:00 0 
6ac04000-6ac06000 r-xp 00000000 08:01 136935     /usr/lib/i386-linux-gnu/libXau.so.6.0.0
6ac06000-6ac07000 r--p 00001000 08:01 136935     /usr/lib/i386-linux-gnu/libXau.so.6.0.0
6ac07000-6ac08000 rw-p 00002000 08:01 136935     /usr/lib/i386-linux-gnu/libXau.so.6.0.0
6ac08000-6ac0a000 r-xp 00000000 08:01 141618     /usr/lib/jayatana/libjayatanaag.so
6ac0a000-6ac0b000 r--p 00001000 08:01 141618     /usr/lib/jayatana/libjayatanaag.so
6ac0b000-6ac0c000 rw-p 00002000 08:01 141618     /usr/lib/jayatana/libjayatanaag.so
6ac0c000-6ac67000 rw-p 00000000 00:00 0 
6ac67000-6ac68000 ---p 00000000 00:00 0 
6ac68000-6ace8000 rw-p 00000000 00:00 0          [stack:16682]
6ace8000-6ace9000 ---p 00000000 00:00 0 
6ace9000-6ad71000 rw-p 00000000 00:00 0          [stack:16681]
6ad71000-6ada9000 rw-p 00000000 00:00 0 
6ada9000-6adbe000 rw-p 00000000 00:00 0 
6adbe000-6aeff000 rw-p 00000000 00:00 0 
6aeff000-6af07000 rw-p 00000000 00:00 0 
6af07000-6af3f000 rw-p 00000000 00:00 0 
6af3f000-6af54000 rw-p 00000000 00:00 0 
6af54000-6b094000 rw-p 00000000 00:00 0 
6b094000-6b0a7000 rw-p 00000000 00:00 0 
6b0a7000-6b13f000 rw-p 00000000 00:00 0 
6b13f000-6c140000 rw-p 00000000 00:00 0 
6c140000-73140000 rw-p 00000000 00:00 0 
73140000-75b40000 rw-p 00000000 00:00 0 
75b40000-9dbc0000 rw-p 00000000 00:00 0 
9dbc0000-a0140000 rw-p 00000000 00:00 0 
a21c0000-b3140000 rw-p 00000000 00:00 0 
b3140000-b3149000 rw-p 00000000 00:00 0 
b3149000-b3200000 rw-p 00000000 00:00 0 
b3200000-b3440000 rwxp 00000000 00:00 0 
b3440000-b6300000 rw-p 00000000 00:00 0 
b6303000-b6304000 r--s 00000000 08:01 414147     /usr/share/java/jayatanaag.jar
b6304000-b6313000 r--s 000df000 08:01 1068117    /home/student/Android/Sdk/build-tools/23.0.2/lib/dx.jar
b6313000-b6317000 r--s 00085000 08:01 804976     /usr/lib/jvm/java-7-openjdk-i386/jre/lib/ext/localedata.jar
b6317000-b631b000 r--s 00034000 08:01 804978     /usr/lib/jvm/java-7-openjdk-i386/jre/lib/ext/sunjce_provider.jar
b631b000-b631f000 r--s 0003c000 08:01 804979     /usr/lib/jvm/java-7-openjdk-i386/jre/lib/ext/sunpkcs11.jar
b631f000-b633a000 rw-p 00000000 00:00 0 
b633a000-b6346000 r-xp 00000000 08:01 394626     /lib/i386-linux-gnu/libnss_files-2.21.so
b6346000-b6347000 r--p 0000b000 08:01 394626     /lib/i386-linux-gnu/libnss_files-2.21.so
b6347000-b6348000 rw-p 0000c000 08:01 394626     /lib/i386-linux-gnu/libnss_files-2.21.so
b6348000-b6353000 r-xp 00000000 08:01 394636     /lib/i386-linux-gnu/libnss_nis-2.21.so
b6353000-b6354000 r--p 0000a000 08:01 394636     /lib/i386-linux-gnu/libnss_nis-2.21.so
b6354000-b6355000 rw-p 0000b000 08:01 394636     /lib/i386-linux-gnu/libnss_nis-2.21.so
b6355000-b636c000 r-xp 00000000 08:01 394620     /lib/i386-linux-gnu/libnsl-2.21.so
b636c000-b636d000 r--p 00016000 08:01 394620     /lib/i386-linux-gnu/libnsl-2.21.so
b636d000-b636e000 rw-p 00017000 08:01 394620     /lib/i386-linux-gnu/libnsl-2.21.so
b636e000-b6370000 rw-p 00000000 00:00 0 
b6370000-b6378000 r-xp 00000000 08:01 394622     /lib/i386-linux-gnu/libnss_compat-2.21.so
b6378000-b6379000 r--p 00007000 08:01 394622     /lib/i386-linux-gnu/libnss_compat-2.21.so
b6379000-b637a000 rw-p 00008000 08:01 394622     /lib/i386-linux-gnu/libnss_compat-2.21.so
b637a000-b637d000 r--s 0000f000 08:01 804977     /usr/lib/jvm/java-7-openjdk-i386/jre/lib/ext/icedtea-sound.jar
b637d000-b637f000 r--s 00012000 08:01 804975     /usr/lib/jvm/java-7-openjdk-i386/jre/lib/ext/zipfs.jar
b637f000-b6387000 r-xp 00000000 08:01 804995     /usr/lib/jvm/java-7-openjdk-i386/jre/lib/i386/libzip.so
b6387000-b6388000 r--p 00007000 08:01 804995     /usr/lib/jvm/java-7-openjdk-i386/jre/lib/i386/libzip.so
b6388000-b6389000 rw-p 00008000 08:01 804995     /usr/lib/jvm/java-7-openjdk-i386/jre/lib/i386/libzip.so
b6389000-b6391000 rw-s 00000000 08:01 429263     /tmp/hsperfdata_student/16677
b6391000-b639b000 r-xp 00000000 08:01 805017     /usr/lib/jvm/java-7-openjdk-i386/jre/lib/i386/libinstrument.so
b639b000-b639c000 r--p 00009000 08:01 805017     /usr/lib/jvm/java-7-openjdk-i386/jre/lib/i386/libinstrument.so
b639c000-b639d000 rw-p 0000a000 08:01 805017     /usr/lib/jvm/java-7-openjdk-i386/jre/lib/i386/libinstrument.so
b639d000-b63c3000 r-xp 00000000 08:01 805003     /usr/lib/jvm/java-7-openjdk-i386/jre/lib/i386/libjava.so
b63c3000-b63c4000 r--p 00025000 08:01 805003     /usr/lib/jvm/java-7-openjdk-i386/jre/lib/i386/libjava.so
b63c4000-b63c5000 rw-p 00026000 08:01 805003     /usr/lib/jvm/java-7-openjdk-i386/jre/lib/i386/libjava.so
b63c5000-b63cc000 r-xp 00000000 08:01 394681     /lib/i386-linux-gnu/librt-2.21.so
b63cc000-b63cd000 r--p 00006000 08:01 394681     /lib/i386-linux-gnu/librt-2.21.so
b63cd000-b63ce000 rw-p 00007000 08:01 394681     /lib/i386-linux-gnu/librt-2.21.so
b63ce000-b63d1000 ---p 00000000 00:00 0 
b63d1000-b641f000 rw-p 00000000 00:00 0          [stack:16679]
b641f000-b643b000 r-xp 00000000 08:01 394569     /lib/i386-linux-gnu/libgcc_s.so.1
b643b000-b643c000 rw-p 0001b000 08:01 394569     /lib/i386-linux-gnu/libgcc_s.so.1
b643c000-b6487000 r-xp 00000000 08:01 394599     /lib/i386-linux-gnu/libm-2.21.so
b6487000-b6488000 r--p 0004a000 08:01 394599     /lib/i386-linux-gnu/libm-2.21.so
b6488000-b6489000 rw-p 0004b000 08:01 394599     /lib/i386-linux-gnu/libm-2.21.so
b6489000-b6572000 r-xp 00000000 08:01 137921     /usr/lib/i386-linux-gnu/libstdc++.so.6.0.20
b6572000-b6576000 r--p 000e9000 08:01 137921     /usr/lib/i386-linux-gnu/libstdc++.so.6.0.20
b6576000-b6577000 rw-p 000ed000 08:01 137921     /usr/lib/i386-linux-gnu/libstdc++.so.6.0.20
b6577000-b657e000 rw-p 00000000 00:00 0 
b657e000-b70d1000 r-xp 00000000 08:01 805013     /usr/lib/jvm/java-7-openjdk-i386/jre/lib/i386/server/libjvm.so
b70d1000-b7125000 r--p 00b52000 08:01 805013     /usr/lib/jvm/java-7-openjdk-i386/jre/lib/i386/server/libjvm.so
b7125000-b7139000 rw-p 00ba6000 08:01 805013     /usr/lib/jvm/java-7-openjdk-i386/jre/lib/i386/server/libjvm.so
b7139000-b7558000 rw-p 00000000 00:00 0 
b7558000-b7571000 r-xp 00000000 08:01 394714     /lib/i386-linux-gnu/libz.so.1.2.8
b7571000-b7572000 r--p 00019000 08:01 394714     /lib/i386-linux-gnu/libz.so.1.2.8
b7572000-b7573000 rw-p 0001a000 08:01 394714     /lib/i386-linux-gnu/libz.so.1.2.8
b7573000-b758c000 r-xp 00000000 08:01 394673     /lib/i386-linux-gnu/libpthread-2.21.so
b758c000-b758d000 r--p 00018000 08:01 394673     /lib/i386-linux-gnu/libpthread-2.21.so
b758d000-b758e000 rw-p 00019000 08:01 394673     /lib/i386-linux-gnu/libpthread-2.21.so
b758e000-b7590000 rw-p 00000000 00:00 0 
b7590000-b7593000 r-xp 00000000 08:01 394557     /lib/i386-linux-gnu/libdl-2.21.so
b7593000-b7594000 r--p 00002000 08:01 394557     /lib/i386-linux-gnu/libdl-2.21.so
b7594000-b7595000 rw-p 00003000 08:01 394557     /lib/i386-linux-gnu/libdl-2.21.so
b7595000-b7749000 r-xp 00000000 08:01 394540     /lib/i386-linux-gnu/libc-2.21.so
b7749000-b774c000 r--p 001b3000 08:01 394540     /lib/i386-linux-gnu/libc-2.21.so
b774c000-b774e000 rw-p 001b6000 08:01 394540     /lib/i386-linux-gnu/libc-2.21.so
b774e000-b7750000 rw-p 00000000 00:00 0 
b7750000-b7751000 r--s 00002000 08:01 804980     /usr/lib/jvm/java-7-openjdk-i386/jre/lib/ext/dnsns.jar
b7751000-b7753000 r--s 00006000 08:01 399091     /usr/share/java/java-atk-wrapper.jar
b7753000-b7754000 r--p 005e0000 08:01 143362     /usr/lib/locale/locale-archive
b7754000-b7755000 rw-p 00000000 00:00 0 
b7755000-b7756000 ---p 00000000 00:00 0 
b7756000-b7764000 r-xp 00000000 08:01 805022     /usr/lib/jvm/java-7-openjdk-i386/jre/lib/i386/libverify.so
b7764000-b7766000 r--p 0000d000 08:01 805022     /usr/lib/jvm/java-7-openjdk-i386/jre/lib/i386/libverify.so
b7766000-b7767000 rw-p 0000f000 08:01 805022     /usr/lib/jvm/java-7-openjdk-i386/jre/lib/i386/libverify.so
b7767000-b7773000 r-xp 00000000 08:01 805024     /usr/lib/jvm/java-7-openjdk-i386/jre/lib/i386/jli/libjli.so
b7773000-b7774000 r--p 0000b000 08:01 805024     /usr/lib/jvm/java-7-openjdk-i386/jre/lib/i386/jli/libjli.so
b7774000-b7775000 rw-p 0000c000 08:01 805024     /usr/lib/jvm/java-7-openjdk-i386/jre/lib/i386/jli/libjli.so
b7775000-b7778000 rw-p 00000000 00:00 0 
b7778000-b777a000 r--p 00000000 00:00 0          [vvar]
b777a000-b777b000 r-xp 00000000 00:00 0          [vdso]
b777b000-b779d000 r-xp 00000000 08:01 394512     /lib/i386-linux-gnu/ld-2.21.so
b779d000-b779e000 r--p 00021000 08:01 394512     /lib/i386-linux-gnu/ld-2.21.so
b779e000-b779f000 rw-p 00022000 08:01 394512     /lib/i386-linux-gnu/ld-2.21.so
bfa65000-bfa66000 rwxp 00000000 00:00 0 
bfa97000-bfab9000 rw-p 00000000 00:00 0          [stack]

VM Arguments:
jvm_args: -javaagent:/usr/share/java/jayatanaag.jar -Djava.awt.headless=true -Xmx1024M -Dfile.encoding=UTF-8 -Duser.country=US -Duser.language=en -Duser.variant 
java_command: com.android.dx.command.Main --dex --num-threads=4 --multi-dex --output /home/student/test/Pedometer/app/build/intermediates/transforms/dex/debug/folders/1000/10/com.android.support-design-23.1.1_c68a9838b4179cc1f8726edc56f0ba99c01b5834 /home/student/test/Pedometer/app/build/intermediates/exploded-aar/com.android.support/design/23.1.1/jars/classes.jar
Launcher Type: SUN_STANDARD

Environment Variables:
JAVA_TOOL_OPTIONS=-javaagent:/usr/share/java/jayatanaag.jar 
PATH=/home/student/.linuxbrew/bin:/usr/local/sbin:/usr/local/bin:/usr/sbin:/usr/bin:/sbin:/bin:/usr/games:/usr/local/games:/etc/android-studio/bin/:/home/student/Android/Sdk/platform-tools:/home/student/Android/Sdk/tools
LD_LIBRARY_PATH=/etc/android-studio/bin:
SHELL=/bin/bash
DISPLAY=:0

Signal Handlers:
SIGSEGV: [libjvm.so+0x7f7d00], sa_mask[0]=0x7ffbfeff, sa_flags=0x10000004
SIGBUS: [libjvm.so+0x7f7d00], sa_mask[0]=0x7ffbfeff, sa_flags=0x10000004
SIGFPE: [libjvm.so+0x67a9d0], sa_mask[0]=0x7ffbfeff, sa_flags=0x10000004
SIGPIPE: [libjvm.so+0x67a9d0], sa_mask[0]=0x7ffbfeff, sa_flags=0x10000004
SIGXFSZ: [libjvm.so+0x67a9d0], sa_mask[0]=0x7ffbfeff, sa_flags=0x10000004
SIGILL: [libjvm.so+0x67a9d0], sa_mask[0]=0x7ffbfeff, sa_flags=0x10000004
SIGUSR1: SIG_DFL, sa_mask[0]=0x00000000, sa_flags=0x00000000
SIGUSR2: [libjvm.so+0x67a820], sa_mask[0]=0x00000004, sa_flags=0x10000004
SIGHUP: [libjvm.so+0x67aa80], sa_mask[0]=0x7ffbfeff, sa_flags=0x10000004
SIGINT: [libjvm.so+0x67aa80], sa_mask[0]=0x7ffbfeff, sa_flags=0x10000004
SIGTERM: [libjvm.so+0x67aa80], sa_mask[0]=0x7ffbfeff, sa_flags=0x10000004
SIGQUIT: [libjvm.so+0x67aa80], sa_mask[0]=0x7ffbfeff, sa_flags=0x10000004
SIGTRAP: SIG_DFL, sa_mask[0]=0x00000000, sa_flags=0x00000000


---------------  S Y S T E M  ---------------

OS:Ubuntu 15.04 (vivid)
uname:Linux 3.19.0-18-generic #18-Ubuntu SMP Tue May 19 18:30:59 UTC 2015 i686
libc:glibc 2.21 NPTL 2.21 
rlimit: STACK 8192k, CORE 0k, NPROC 32177, NOFILE 65536, AS infinity
load average:6.71 3.58 2.22

/proc/meminfo:
MemTotal:        4139540 kB
MemFree:          241244 kB
MemAvailable:     164188 kB
Buffers:             920 kB
Cached:            51228 kB
SwapCached:            0 kB
Active:          3560120 kB
Inactive:          43488 kB
Active(anon):    3552952 kB
Inactive(anon):    37412 kB
Active(file):       7168 kB
Inactive(file):     6076 kB
Unevictable:          32 kB
Mlocked:              32 kB
HighTotal:       3280776 kB
HighFree:          50500 kB
LowTotal:         858764 kB
LowFree:          190744 kB
SwapTotal:             0 kB
SwapFree:              0 kB
Dirty:               688 kB
Writeback:             0 kB
AnonPages:       3551872 kB
Mapped:            33216 kB
Shmem:             38572 kB
Slab:              47452 kB
SReclaimable:      21960 kB
SUnreclaim:        25492 kB
KernelStack:        5288 kB
PageTables:        15128 kB
NFS_Unstable:          0 kB
Bounce:                0 kB
WritebackTmp:          0 kB
CommitLimit:     2069768 kB
Committed_AS:    6549516 kB
VmallocTotal:     122880 kB
VmallocUsed:       23328 kB
VmallocChunk:      46892 kB
AnonHugePages:   2736128 kB
CmaTotal:              0 kB
CmaFree:               0 kB
HugePages_Total:       0
HugePages_Free:        0
HugePages_Rsvd:        0
HugePages_Surp:        0
Hugepagesize:       2048 kB
DirectMap4k:       59384 kB
DirectMap2M:      854016 kB


CPU:total 4 (1 cores per cpu, 1 threads per core) family 6 model 58 stepping 9, cmov, cx8, fxsr, mmx, sse, sse2, sse3, ssse3, sse4.1, sse4.2, popcnt, avx, aes, erms, tsc, tscinvbit, tscinv

/proc/cpuinfo:
processor	: 0
vendor_id	: GenuineIntel
cpu family	: 6
model		: 58
model name	: Intel(R) Core(TM) i5-3210M CPU @ 2.50GHz
stepping	: 9
microcode	: 0x15
cpu MHz		: 2494.111
cache size	: 3072 KB
physical id	: 0
siblings	: 1
core id		: 0
cpu cores	: 1
apicid		: 0
initial apicid	: 0
fdiv_bug	: no
f00f_bug	: no
coma_bug	: no
fpu		: yes
fpu_exception	: yes
cpuid level	: 13
wp		: yes
flags		: fpu vme de pse tsc msr pae mce cx8 apic sep mtrr pge mca cmov pat pse36 clflush dts mmx fxsr sse sse2 ss nx rdtscp lm constant_tsc arch_perfmon pebs bts xtopology tsc_reliable nonstop_tsc aperfmperf pni pclmulqdq ssse3 cx16 pcid sse4_1 sse4_2 x2apic popcnt tsc_deadline_timer aes xsave avx f16c rdrand hypervisor lahf_lm ida arat epb pln pts dtherm fsgsbase tsc_adjust smep
bugs		:
bogomips	: 4988.22
clflush size	: 64
cache_alignment	: 64
address sizes	: 42 bits physical, 48 bits virtual
power management:

processor	: 1
vendor_id	: GenuineIntel
cpu family	: 6
model		: 58
model name	: Intel(R) Core(TM) i5-3210M CPU @ 2.50GHz
stepping	: 9
microcode	: 0x15
cpu MHz		: 2494.111
cache size	: 3072 KB
physical id	: 2
siblings	: 1
core id		: 0
cpu cores	: 1
apicid		: 2
initial apicid	: 2
fdiv_bug	: no
f00f_bug	: no
coma_bug	: no
fpu		: yes
fpu_exception	: yes
cpuid level	: 13
wp		: yes
flags		: fpu vme de pse tsc msr pae mce cx8 apic sep mtrr pge mca cmov pat pse36 clflush dts mmx fxsr sse sse2 ss nx rdtscp lm constant_tsc arch_perfmon pebs bts xtopology tsc_reliable nonstop_tsc aperfmperf pni pclmulqdq ssse3 cx16 pcid sse4_1 sse4_2 x2apic popcnt tsc_deadline_timer aes xsave avx f16c rdrand hypervisor lahf_lm ida arat epb pln pts dtherm fsgsbase tsc_adjust smep
bugs		:
bogomips	: 4988.22
clflush size	: 64
cache_alignment	: 64
address sizes	: 42 bits physical, 48 bits virtual
power management:

processor	: 2
vendor_id	: GenuineIntel
cpu family	: 6
model		: 58
model name	: Intel(R) Core(TM) i5-3210M CPU @ 2.50GHz
stepping	: 9
microcode	: 0x15
cpu MHz		: 2494.111
cache size	: 3072 KB
physical id	: 4
siblings	: 1
core id		: 0
cpu cores	: 1
apicid		: 4
initial apicid	: 4
fdiv_bug	: no
f00f_bug	: no
coma_bug	: no
fpu		: yes
fpu_exception	: yes
cpuid level	: 13
wp		: yes
flags		: fpu vme de pse tsc msr pae mce cx8 apic sep mtrr pge mca cmov pat pse36 clflush dts mmx fxsr sse sse2 ss nx rdtscp lm constant_tsc arch_perfmon pebs bts xtopology tsc_reliable nonstop_tsc aperfmperf pni pclmulqdq ssse3 cx16 pcid sse4_1 sse4_2 x2apic popcnt tsc_deadline_timer aes xsave avx f16c rdrand hypervisor lahf_lm ida arat epb pln pts dtherm fsgsbase tsc_adjust smep
bugs		:
bogomips	: 4988.22
clflush size	: 64
cache_alignment	: 64
address sizes	: 42 bits physical, 48 bits virtual
power management:

processor	: 3
vendor_id	: GenuineIntel
cpu family	: 6
model		: 58
model name	: Intel(R) Core(TM) i5-3210M CPU @ 2.50GHz
stepping	: 9
microcode	: 0x15
cpu MHz		: 2494.111
cache size	: 3072 KB
physical id	: 6
siblings	: 1
core id		: 0
cpu cores	: 1
apicid		: 6
initial apicid	: 6
fdiv_bug	: no
f00f_bug	: no
coma_bug	: no
fpu		: yes
fpu_exception	: yes
cpuid level	: 13
wp		: yes
flags		: fpu vme de pse tsc msr pae mce cx8 apic sep mtrr pge mca cmov pat pse36 clflush dts mmx fxsr sse sse2 ss nx rdtscp lm constant_tsc arch_perfmon pebs bts xtopology tsc_reliable nonstop_tsc aperfmperf pni pclmulqdq ssse3 cx16 pcid sse4_1 sse4_2 x2apic popcnt tsc_deadline_timer aes xsave avx f16c rdrand hypervisor lahf_lm ida arat epb pln pts dtherm fsgsbase tsc_adjust smep
bugs		:
bogomips	: 4988.22
clflush size	: 64
cache_alignment	: 64
address sizes	: 42 bits physical, 48 bits virtual
power management:



Memory: 4k page, physical 4139540k(240896k free), swap 0k(0k free)

vm_info: OpenJDK Server VM (24.91-b01) for linux-x86 JRE (1.7.0_91-b02), built on Nov 19 2015 06:25:06 by "buildd" with gcc 4.9.2

time: Sun May  1 14:23:33 2016
elapsed time: 8 seconds

