#
# There is insufficient memory for the Java Runtime Environment to continue.
# Native memory allocation (malloc) failed to allocate 77594624 bytes for committing reserved memory.
# Possible reasons:
#   The system is out of physical RAM or swap space
#   In 32 bit mode, the process size limit was hit
# Possible solutions:
#   Reduce memory load on the system
#   Increase physical memory or swap space
#   Check if swap backing store is full
#   Use 64 bit Java on a 64 bit OS
#   Decrease Java heap size (-Xmx/-Xms)
#   Decrease number of Java threads
#   Decrease Java thread stack sizes (-Xss)
#   Set larger code cache with -XX:ReservedCodeCacheSize=
# This output file may be truncated or incomplete.
#
#  Out of Memory Error (os_linux.cpp:2827), pid=13494, tid=1740430144
#
# JRE version: OpenJDK Runtime Environment (7.0_91-b02) (build 1.7.0_91-b02)
# Java VM: OpenJDK Server VM (24.91-b01 mixed mode linux-x86 )
# Derivative: IcedTea 2.6.3
# Distribution: Ubuntu 15.04, package 7u91-2.6.3-0ubuntu0.15.04.1
# Failed to write core dump. Core dumps have been disabled. To enable core dumping, try "ulimit -c unlimited" before starting Java again
#

---------------  T H R E A D  ---------------

Current thread (0x67a81400):  VMThread [stack: 0x67b4d000,0x67bce000] [id=13530]

Stack: [0x67b4d000,0x67bce000]
VM_Operation (0xb63af714): ParallelGCFailedAllocation, mode: safepoint, requested by thread 0xb6208400


---------------  P R O C E S S  ---------------

Java Threads: ( => current thread )
  0x67046c00 JavaThread "pool-1-thread-4" [_thread_blocked, id=13582, stack(0x66951000,0x669a2000)]
  0x67045c00 JavaThread "pool-1-thread-3" [_thread_blocked, id=13581, stack(0x669a2000,0x669f3000)]
  0x67044c00 JavaThread "pool-1-thread-2" [_thread_blocked, id=13579, stack(0x669f3000,0x66a44000)]
  0x67042000 JavaThread "pool-2-thread-1" [_thread_blocked, id=13575, stack(0x66a44000,0x66a95000)]
  0x6703fc00 JavaThread "pool-1-thread-1" [_thread_blocked, id=13574, stack(0x66a95000,0x66ae6000)]
  0x67aee800 JavaThread "Service Thread" daemon [_thread_blocked, id=13553, stack(0x67262000,0x672b3000)]
  0x67aec800 JavaThread "C2 CompilerThread1" daemon [_thread_in_native, id=13552, stack(0x672b3000,0x67334000)]
  0x67aeb400 JavaThread "C2 CompilerThread0" daemon [_thread_blocked, id=13551, stack(0x67334000,0x673b5000)]
  0x67a98400 JavaThread "Signal Dispatcher" daemon [_thread_blocked, id=13538, stack(0x6790d000,0x6795e000)]
  0x67a85400 JavaThread "Finalizer" daemon [_thread_blocked, id=13534, stack(0x6795e000,0x679af000)]
  0x67a83c00 JavaThread "Reference Handler" daemon [_thread_blocked, id=13533, stack(0x679af000,0x67a00000)]
  0xb6208400 JavaThread "main" [_thread_blocked, id=13505, stack(0xb6360000,0xb63b1000)]

Other Threads:
=>0x67a81400 VMThread [stack: 0x67b4d000,0x67bce000] [id=13530]
  0x67af0800 WatcherThread [stack: 0x671e1000,0x67262000] [id=13554]

VM state:at safepoint (normal execution)

VM Mutex/Monitor currently owned by a thread:  ([mutex/lock_event])
[0xb6205df0] Threads_lock - owner thread: 0x67a81400
[0xb6206200] Heap_lock - owner thread: 0xb6208400

Heap
 PSYoungGen      total 76032K, used 10493K [0x9db80000, 0xa3100000, 0xb3100000)
  eden space 65536K, 0% used [0x9db80000,0x9db80000,0xa1b80000)
  from space 10496K, 99% used [0xa1b80000,0xa25bf410,0xa25c0000)
  to   space 9472K, 0% used [0xa25c0000,0xa25c0000,0xa2f00000)
 ParOldGen       total 43008K, used 20008K [0x73100000, 0x75b00000, 0x9db80000)
  object space 43008K, 46% used [0x73100000,0x7448a110,0x75b00000)
 PSPermGen       total 16384K, used 4298K [0x6b100000, 0x6c100000, 0x73100000)
  object space 16384K, 26% used [0x6b100000,0x6b532af8,0x6c100000)

Card table byte_map: [0x6aebf000,0x6b100000] byte_map_base: 0x6ab66800

Polling page: 0xb76e7000

Code Cache  [0xb31ca000, 0xb340a000, 0xb61ca000)
 total_blobs=405 nmethods=282 adapters=76 free_code_cache=48091Kb largest_free_block=49182656

Compilation events (10 events):
Event: 18.190 Thread 0x67aeb400 nmethod 286 0xb3237888 code [0xb3237980, 0xb3237ab0]
Event: 18.190 Thread 0x67aeb400  287             java.util.ArrayList::subListRangeCheck (110 bytes)
Event: 18.191 Thread 0x67aeb400 nmethod 287 0xb3237648 code [0xb3237740, 0xb32377d0]
Event: 18.203 Thread 0x67aeb400  288             java.util.ArrayList$SubList::<init> (46 bytes)
Event: 18.204 Thread 0x67aeb400 nmethod 288 0xb3237408 code [0xb3237500, 0xb3237590]
Event: 18.204 Thread 0x67aeb400  289             java.util.ArrayList::subList (22 bytes)
Event: 18.206 Thread 0x67aeb400 nmethod 289 0xb3230808 code [0xb3230900, 0xb3230a10]
Event: 18.206 Thread 0x67aeb400  290             java.util.ArrayList$SubList::size (9 bytes)
Event: 18.206 Thread 0x67aeb400 nmethod 290 0xb3230608 code [0xb3230700, 0xb3230770]
Event: 18.206 Thread 0x67aeb400  291   !         com.android.dx.rop.type.Type::intern (319 bytes)

GC Heap History (10 events):
Event: 2.686 GC heap after
Heap after GC invocations=2 (full 0):
 PSYoungGen      total 19200K, used 2546K [0x9db80000, 0xa0100000, 0xb3100000)
  eden space 16640K, 0% used [0x9db80000,0x9db80000,0x9ebc0000)
  from space 2560K, 99% used [0x9ee40000,0x9f0bc830,0x9f0c0000)
  to   space 2560K, 0% used [0x9ebc0000,0x9ebc0000,0x9ee40000)
 ParOldGen       total 43008K, used 1834K [0x73100000, 0x75b00000, 0x9db80000)
  object space 43008K, 4% used [0x73100000,0x732ca818,0x75b00000)
 PSPermGen       total 16384K, used 4122K [0x6b100000, 0x6c100000, 0x73100000)
  object space 16384K, 25% used [0x6b100000,0x6b506b30,0x6c100000)
}
Event: 4.159 GC heap before
{Heap before GC invocations=3 (full 0):
 PSYoungGen      total 19200K, used 19186K [0x9db80000, 0xa0100000, 0xb3100000)
  eden space 16640K, 100% used [0x9db80000,0x9ebc0000,0x9ebc0000)
  from space 2560K, 99% used [0x9ee40000,0x9f0bc830,0x9f0c0000)
  to   space 2560K, 0% used [0x9ebc0000,0x9ebc0000,0x9ee40000)
 ParOldGen       total 43008K, used 1834K [0x73100000, 0x75b00000, 0x9db80000)
  object space 43008K, 4% used [0x73100000,0x732ca818,0x75b00000)
 PSPermGen       total 16384K, used 4206K [0x6b100000, 0x6c100000, 0x73100000)
  object space 16384K, 25% used [0x6b100000,0x6b51bad0,0x6c100000)
Event: 4.229 GC heap after
Heap after GC invocations=3 (full 0):
 PSYoungGen      total 19200K, used 2558K [0x9db80000, 0xa0100000, 0xb3100000)
  eden space 16640K, 0% used [0x9db80000,0x9db80000,0x9ebc0000)
  from space 2560K, 99% used [0x9ebc0000,0x9ee3f920,0x9ee40000)
  to   space 2560K, 0% used [0x9fe80000,0x9fe80000,0xa0100000)
 ParOldGen       total 43008K, used 4548K [0x73100000, 0x75b00000, 0x9db80000)
  object space 43008K, 10% used [0x73100000,0x73571330,0x75b00000)
 PSPermGen       total 16384K, used 4206K [0x6b100000, 0x6c100000, 0x73100000)
  object space 16384K, 25% used [0x6b100000,0x6b51bad0,0x6c100000)
}
Event: 6.008 GC heap before
{Heap before GC invocations=4 (full 0):
 PSYoungGen      total 19200K, used 19198K [0x9db80000, 0xa0100000, 0xb3100000)
  eden space 16640K, 100% used [0x9db80000,0x9ebc0000,0x9ebc0000)
  from space 2560K, 99% used [0x9ebc0000,0x9ee3f920,0x9ee40000)
  to   space 2560K, 0% used [0x9fe80000,0x9fe80000,0xa0100000)
 ParOldGen       total 43008K, used 4548K [0x73100000, 0x75b00000, 0x9db80000)
  object space 43008K, 10% used [0x73100000,0x73571330,0x75b00000)
 PSPermGen       total 16384K, used 4235K [0x6b100000, 0x6c100000, 0x73100000)
  object space 16384K, 25% used [0x6b100000,0x6b522d00,0x6c100000)
Event: 6.225 GC heap after
Heap after GC invocations=4 (full 0):
 PSYoungGen      total 35840K, used 2550K [0x9db80000, 0xa0100000, 0xb3100000)
  eden space 33280K, 0% used [0x9db80000,0x9db80000,0x9fc00000)
  from space 2560K, 99% used [0x9fe80000,0xa00fdb70,0xa0100000)
  to   space 2560K, 0% used [0x9fc00000,0x9fc00000,0x9fe80000)
 ParOldGen       total 43008K, used 7409K [0x73100000, 0x75b00000, 0x9db80000)
  object space 43008K, 17% used [0x73100000,0x7383c5b8,0x75b00000)
 PSPermGen       total 16384K, used 4235K [0x6b100000, 0x6c100000, 0x73100000)
  object space 16384K, 25% used [0x6b100000,0x6b522d00,0x6c100000)
}
Event: 10.364 GC heap before
{Heap before GC invocations=5 (full 0):
 PSYoungGen      total 35840K, used 35830K [0x9db80000, 0xa0100000, 0xb3100000)
  eden space 33280K, 100% used [0x9db80000,0x9fc00000,0x9fc00000)
  from space 2560K, 99% used [0x9fe80000,0xa00fdb70,0xa0100000)
  to   space 2560K, 0% used [0x9fc00000,0x9fc00000,0x9fe80000)
 ParOldGen       total 43008K, used 7409K [0x73100000, 0x75b00000, 0x9db80000)
  object space 43008K, 17% used [0x73100000,0x7383c5b8,0x75b00000)
 PSPermGen       total 16384K, used 4257K [0x6b100000, 0x6c100000, 0x73100000)
  object space 16384K, 25% used [0x6b100000,0x6b528648,0x6c100000)
Event: 10.468 GC heap after
Heap after GC invocations=5 (full 0):
 PSYoungGen      total 35840K, used 2551K [0x9db80000, 0xa2f00000, 0xb3100000)
  eden space 33280K, 0% used [0x9db80000,0x9db80000,0x9fc00000)
  from space 2560K, 99% used [0x9fc00000,0x9fe7df88,0x9fe80000)
  to   space 9472K, 0% used [0xa25c0000,0xa25c0000,0xa2f00000)
 ParOldGen       total 43008K, used 12567K [0x73100000, 0x75b00000, 0x9db80000)
  object space 43008K, 29% used [0x73100000,0x73d45c00,0x75b00000)
 PSPermGen       total 16384K, used 4257K [0x6b100000, 0x6c100000, 0x73100000)
  object space 16384K, 25% used [0x6b100000,0x6b528648,0x6c100000)
}
Event: 13.416 GC heap before
{Heap before GC invocations=6 (full 0):
 PSYoungGen      total 35840K, used 35831K [0x9db80000, 0xa2f00000, 0xb3100000)
  eden space 33280K, 100% used [0x9db80000,0x9fc00000,0x9fc00000)
  from space 2560K, 99% used [0x9fc00000,0x9fe7df88,0x9fe80000)
  to   space 9472K, 0% used [0xa25c0000,0xa25c0000,0xa2f00000)
 ParOldGen       total 43008K, used 12567K [0x73100000, 0x75b00000, 0x9db80000)
  object space 43008K, 29% used [0x73100000,0x73d45c00,0x75b00000)
 PSPermGen       total 16384K, used 4269K [0x6b100000, 0x6c100000, 0x73100000)
  object space 16384K, 26% used [0x6b100000,0x6b52b770,0x6c100000)
Event: 13.581 GC heap after
Heap after GC invocations=6 (full 0):
 PSYoungGen      total 75008K, used 7936K [0x9db80000, 0xa3100000, 0xb3100000)
  eden space 65536K, 0% used [0x9db80000,0x9db80000,0xa1b80000)
  from space 9472K, 83% used [0xa25c0000,0xa2d80218,0xa2f00000)
  to   space 10496K, 0% used [0xa1b80000,0xa1b80000,0xa25c0000)
 ParOldGen       total 43008K, used 12567K [0x73100000, 0x75b00000, 0x9db80000)
  object space 43008K, 29% used [0x73100000,0x73d45c00,0x75b00000)
 PSPermGen       total 16384K, used 4269K [0x6b100000, 0x6c100000, 0x73100000)
  object space 16384K, 26% used [0x6b100000,0x6b52b770,0x6c100000)
}
Event: 18.235 GC heap before
{Heap before GC invocations=7 (full 0):
 PSYoungGen      total 75008K, used 73472K [0x9db80000, 0xa3100000, 0xb3100000)
  eden space 65536K, 100% used [0x9db80000,0xa1b80000,0xa1b80000)
  from space 9472K, 83% used [0xa25c0000,0xa2d80218,0xa2f00000)
  to   space 10496K, 0% used [0xa1b80000,0xa1b80000,0xa25c0000)
 ParOldGen       total 43008K, used 12567K [0x73100000, 0x75b00000, 0x9db80000)
  object space 43008K, 29% used [0x73100000,0x73d45c00,0x75b00000)
 PSPermGen       total 16384K, used 4298K [0x6b100000, 0x6c100000, 0x73100000)
  object space 16384K, 26% used [0x6b100000,0x6b532af8,0x6c100000)

Deoptimization events (10 events):
Event: 6.946 Thread 0x67044c00 Uncommon trap: reason=class_check action=maybe_recompile pc=0xb324cb38 method=java.util.HashMap.put(Ljava/lang/Object;Ljava/lang/Object;)Ljava/lang/Object; @ 83
Event: 6.946 Thread 0x67044c00 Uncommon trap: reason=class_check action=maybe_recompile pc=0xb324cb38 method=java.util.HashMap.put(Ljava/lang/Object;Ljava/lang/Object;)Ljava/lang/Object; @ 83
Event: 6.946 Thread 0x67044c00 Uncommon trap: reason=class_check action=maybe_recompile pc=0xb324cb38 method=java.util.HashMap.put(Ljava/lang/Object;Ljava/lang/Object;)Ljava/lang/Object; @ 83
Event: 6.946 Thread 0x67044c00 Uncommon trap: reason=class_check action=maybe_recompile pc=0xb324cb38 method=java.util.HashMap.put(Ljava/lang/Object;Ljava/lang/Object;)Ljava/lang/Object; @ 83
Event: 7.370 Thread 0x6703fc00 Uncommon trap: reason=null_check action=make_not_entrant pc=0xb3266188 method=com.android.dx.ssa.SsaRenamer.getLocalForNewReg(I)Lcom/android/dx/rop/code/LocalItem; @ 19
Event: 11.607 Thread 0x67046c00 Uncommon trap: reason=unstable_if action=reinterpret pc=0xb3285144 method=com.android.dx.util.IntList.binarysearch(I)I @ 105
Event: 13.922 Thread 0x6703fc00 Uncommon trap: reason=unstable_if action=reinterpret pc=0xb323b0ec method=com.android.dx.util.IntList.binarysearch(I)I @ 105
Event: 14.976 Thread 0xb6208400 Uncommon trap: reason=unloaded action=reinterpret pc=0xb32b16a8 method=com.android.dx.cf.cst.ConstantPoolParser.parse0(ILjava/util/BitSet;)Lcom/android/dx/rop/cst/Constant; @ 220
Event: 15.270 Thread 0x6703fc00 Uncommon trap: reason=unstable_if action=reinterpret pc=0xb3289c14 method=com.android.dx.ssa.SCCP.simulateBranch(Lcom/android/dx/ssa/SsaInsn;)V @ 548
Event: 16.510 Thread 0x67044c00 Uncommon trap: reason=null_check action=make_not_entrant pc=0xb32c359c method=com.android.dx.cf.code.Ropper$CatchInfo.getSetup(Lcom/android/dx/rop/type/Type;)Lcom/android/dx/cf/code/Ropper$ExceptionHandlerSetup; @ 10

Internal exceptions (10 events):
Event: 2.131 Thread 0x67045c00 Threw 0x9e581de0 at /build/openjdk-7-PdBaKN/openjdk-7-7u91-2.6.3/build/openjdk/hotspot/src/share/vm/prims/jvm.cpp:1322
Event: 2.392 Thread 0x6703fc00 Threw 0x9e9c5680 at /build/openjdk-7-PdBaKN/openjdk-7-7u91-2.6.3/build/openjdk/hotspot/src/share/vm/prims/jvm.cpp:1322
Event: 2.777 Thread 0x67045c00 Threw 0x9dc2bcb0 at /build/openjdk-7-PdBaKN/openjdk-7-7u91-2.6.3/build/openjdk/hotspot/src/share/vm/prims/jvm.cpp:1322
Event: 3.364 Thread 0xb6208400 Implicit null exception at 0xb324da22 to 0xb324dfad
Event: 5.736 Thread 0xb6208400 Threw 0x9e8abbc0 at /build/openjdk-7-PdBaKN/openjdk-7-7u91-2.6.3/build/openjdk/hotspot/src/share/vm/prims/jvm.cpp:1322
Event: 5.902 Thread 0xb6208400 Threw 0x9ea2f5f8 at /build/openjdk-7-PdBaKN/openjdk-7-7u91-2.6.3/build/openjdk/hotspot/src/share/vm/prims/jvm.cpp:1322
Event: 7.370 Thread 0x6703fc00 Implicit null exception at 0xb3264e9d to 0xb3266179
Event: 8.704 Thread 0x67044c00 Threw 0x9ef1c460 at /build/openjdk-7-PdBaKN/openjdk-7-7u91-2.6.3/build/openjdk/hotspot/src/share/vm/prims/jvm.cpp:1322
Event: 16.509 Thread 0x67044c00 Implicit null exception at 0xb32c02a8 to 0xb32c3571
Event: 17.158 Thread 0xb6208400 Threw 0xa10ca2d8 at /build/openjdk-7-PdBaKN/openjdk-7-7u91-2.6.3/build/openjdk/hotspot/src/share/vm/prims/jvm.cpp:1322

Events (10 events):
Event: 16.509 Thread 0x67044c00 Uncommon trap: trap_request=0xfffffff4 fr.pc=0xb32c359c
Event: 16.510 Thread 0x67044c00 DEOPT PACKING pc=0xb32c359c sp=0x66a42c20
Event: 16.510 Thread 0x67044c00 DEOPT UNPACKING pc=0xb31f6bc8 sp=0x66a42bfc mode 2
Event: 16.666 Thread 0x67aeb400 flushing nmethod 0xb32295c8
Event: 16.680 Thread 0x67aeb400 flushing nmethod 0xb322c288
Event: 16.732 Thread 0x67aeb400 flushing nmethod 0xb3237248
Event: 16.801 Thread 0x67aeb400 flushing nmethod 0xb3260248
Event: 17.157 loading class 0x67af5668
Event: 17.157 loading class 0x67af5668 done
Event: 18.234 Executing VM operation: ParallelGCFailedAllocation


Dynamic libraries:
08048000-08049000 r-xp 00000000 08:01 804961     /usr/lib/jvm/java-7-openjdk-i386/jre/bin/java
08049000-0804a000 r--p 00000000 08:01 804961     /usr/lib/jvm/java-7-openjdk-i386/jre/bin/java
0804a000-0804b000 rw-p 00001000 08:01 804961     /usr/lib/jvm/java-7-openjdk-i386/jre/bin/java
08614000-08647000 rw-p 00000000 00:00 0          [heap]
64c00000-64cfc000 rw-p 00000000 00:00 0 
64cfc000-64d00000 ---p 00000000 00:00 0 
64d00000-64dd9000 rw-p 00000000 00:00 0 
64dd9000-64e00000 ---p 00000000 00:00 0 
64e00000-64eef000 rw-p 00000000 00:00 0 
64eef000-64f00000 ---p 00000000 00:00 0 
64f00000-64fff000 rw-p 00000000 00:00 0 
64fff000-65000000 ---p 00000000 00:00 0 
65000000-650f6000 rw-p 00000000 00:00 0 
650f6000-65100000 ---p 00000000 00:00 0 
65100000-651e6000 rw-p 00000000 00:00 0 
651e6000-65200000 ---p 00000000 00:00 0 
65200000-652f8000 rw-p 00000000 00:00 0 
652f8000-65300000 ---p 00000000 00:00 0 
65400000-654eb000 rw-p 00000000 00:00 0 
654eb000-65500000 ---p 00000000 00:00 0 
65500000-655fb000 rw-p 00000000 00:00 0 
655fb000-65600000 ---p 00000000 00:00 0 
65600000-656fc000 rw-p 00000000 00:00 0 
656fc000-65700000 ---p 00000000 00:00 0 
65700000-657f9000 rw-p 00000000 00:00 0 
657f9000-65800000 ---p 00000000 00:00 0 
65800000-658fc000 rw-p 00000000 00:00 0 
658fc000-65900000 ---p 00000000 00:00 0 
65900000-659f9000 rw-p 00000000 00:00 0 
659f9000-65a00000 ---p 00000000 00:00 0 
65a00000-65b00000 rw-p 00000000 00:00 0 
65b00000-65bfd000 rw-p 00000000 00:00 0 
65bfd000-65c00000 ---p 00000000 00:00 0 
65c00000-65cba000 rw-p 00000000 00:00 0 
65cba000-65d00000 ---p 00000000 00:00 0 
65e00000-65efc000 rw-p 00000000 00:00 0 
65efc000-65f00000 ---p 00000000 00:00 0 
65f00000-65faf000 rw-p 00000000 00:00 0 
65faf000-66000000 ---p 00000000 00:00 0 
66000000-660e1000 rw-p 00000000 00:00 0 
660e1000-66100000 ---p 00000000 00:00 0 
66200000-662f0000 rw-p 00000000 00:00 0 
662f0000-66300000 ---p 00000000 00:00 0 
66300000-663ee000 rw-p 00000000 00:00 0 
663ee000-66400000 ---p 00000000 00:00 0 
66400000-664f9000 rw-p 00000000 00:00 0 
664f9000-66500000 ---p 00000000 00:00 0 
66600000-666fc000 rw-p 00000000 00:00 0 
666fc000-66700000 ---p 00000000 00:00 0 
66800000-668fb000 rw-p 00000000 00:00 0 
668fb000-66900000 ---p 00000000 00:00 0 
66951000-66954000 ---p 00000000 00:00 0 
66954000-669a2000 rw-p 00000000 00:00 0          [stack:13582]
669a2000-669a5000 ---p 00000000 00:00 0 
669a5000-669f3000 rw-p 00000000 00:00 0          [stack:13581]
669f3000-669f6000 ---p 00000000 00:00 0 
669f6000-66a44000 rw-p 00000000 00:00 0          [stack:13579]
66a44000-66a47000 ---p 00000000 00:00 0 
66a47000-66a95000 rw-p 00000000 00:00 0          [stack:13575]
66a95000-66a98000 ---p 00000000 00:00 0 
66a98000-66ca7000 rw-p 00000000 00:00 0          [stack:13574]
66ca7000-66d17000 r-xp 00000000 08:01 394656     /lib/i386-linux-gnu/libpcre.so.3.13.1
66d17000-66d18000 r--p 0006f000 08:01 394656     /lib/i386-linux-gnu/libpcre.so.3.13.1
66d18000-66d19000 rw-p 00070000 08:01 394656     /lib/i386-linux-gnu/libpcre.so.3.13.1
66d19000-66e3f000 r-xp 00000000 08:01 394573     /lib/i386-linux-gnu/libglib-2.0.so.0.4400.0
66e3f000-66e40000 r--p 00125000 08:01 394573     /lib/i386-linux-gnu/libglib-2.0.so.0.4400.0
66e40000-66e41000 rw-p 00126000 08:01 394573     /lib/i386-linux-gnu/libglib-2.0.so.0.4400.0
66e41000-66ffa000 r-xp 00000000 08:01 137357     /usr/lib/i386-linux-gnu/libgio-2.0.so.0.4400.0
66ffa000-66ffd000 r--p 001b8000 08:01 137357     /usr/lib/i386-linux-gnu/libgio-2.0.so.0.4400.0
66ffd000-66fff000 rw-p 001bb000 08:01 137357     /usr/lib/i386-linux-gnu/libgio-2.0.so.0.4400.0
66fff000-67000000 rw-p 00000000 00:00 0 
67000000-67062000 rw-p 00000000 00:00 0 
67062000-67100000 ---p 00000000 00:00 0 
6712d000-67141000 r-xp 00000000 08:01 394679     /lib/i386-linux-gnu/libresolv-2.21.so
67141000-67143000 r--p 00013000 08:01 394679     /lib/i386-linux-gnu/libresolv-2.21.so
67143000-67144000 rw-p 00015000 08:01 394679     /lib/i386-linux-gnu/libresolv-2.21.so
67144000-67146000 rw-p 00000000 00:00 0 
67146000-6716a000 r-xp 00000000 08:01 394683     /lib/i386-linux-gnu/libselinux.so.1
6716a000-6716b000 r--p 00024000 08:01 394683     /lib/i386-linux-gnu/libselinux.so.1
6716b000-6716c000 rw-p 00025000 08:01 394683     /lib/i386-linux-gnu/libselinux.so.1
6716c000-6716d000 rw-p 00000000 00:00 0 
6716d000-671c8000 r-xp 00000000 08:01 137385     /usr/lib/i386-linux-gnu/libgobject-2.0.so.0.4400.0
671c8000-671c9000 r--p 0005b000 08:01 137385     /usr/lib/i386-linux-gnu/libgobject-2.0.so.0.4400.0
671c9000-671ca000 rw-p 0005c000 08:01 137385     /usr/lib/i386-linux-gnu/libgobject-2.0.so.0.4400.0
671e1000-671e2000 ---p 00000000 00:00 0 
671e2000-67262000 rw-p 00000000 00:00 0          [stack:13554]
67262000-67265000 ---p 00000000 00:00 0 
67265000-672b3000 rw-p 00000000 00:00 0          [stack:13553]
672b3000-672b6000 ---p 00000000 00:00 0 
672b6000-67334000 rw-p 00000000 00:00 0          [stack:13552]
67334000-67337000 ---p 00000000 00:00 0 
67337000-673b5000 rw-p 00000000 00:00 0          [stack:13551]
673b5000-674fc000 r-xp 00000000 08:01 136931     /usr/lib/i386-linux-gnu/libX11.so.6.3.0
674fc000-674fd000 r--p 00146000 08:01 136931     /usr/lib/i386-linux-gnu/libX11.so.6.3.0
674fd000-674ff000 rw-p 00147000 08:01 136931     /usr/lib/i386-linux-gnu/libX11.so.6.3.0
674ff000-67500000 rw-p 00000000 00:00 0 
67500000-67700000 r--p 00000000 08:01 143362     /usr/lib/locale/locale-archive
67700000-6772d000 rw-p 00000000 00:00 0 
6772d000-67800000 ---p 00000000 00:00 0 
67800000-678fc000 rw-p 00000000 00:00 0 
678fc000-67900000 ---p 00000000 00:00 0 
6790d000-67910000 ---p 00000000 00:00 0 
67910000-6795e000 rw-p 00000000 00:00 0          [stack:13538]
6795e000-67961000 ---p 00000000 00:00 0 
67961000-679af000 rw-p 00000000 00:00 0          [stack:13534]
679af000-679b2000 ---p 00000000 00:00 0 
679b2000-67a00000 rw-p 00000000 00:00 0          [stack:13533]
67a00000-67b00000 rw-p 00000000 00:00 0 
67b12000-67b29000 r-xp 00000000 08:01 805027     /usr/lib/jvm/java-7-openjdk-i386/jre/lib/i386/libnet.so
67b29000-67b2a000 r--p 00016000 08:01 805027     /usr/lib/jvm/java-7-openjdk-i386/jre/lib/i386/libnet.so
67b2a000-67b2b000 rw-p 00017000 08:01 805027     /usr/lib/jvm/java-7-openjdk-i386/jre/lib/i386/libnet.so
67b2b000-67b4b000 r-xp 00000000 08:01 138125     /usr/lib/i386-linux-gnu/libxcb.so.1.1.0
67b4b000-67b4c000 r--p 0001f000 08:01 138125     /usr/lib/i386-linux-gnu/libxcb.so.1.1.0
67b4c000-67b4d000 rw-p 00020000 08:01 138125     /usr/lib/i386-linux-gnu/libxcb.so.1.1.0
67b4d000-67b4e000 ---p 00000000 00:00 0 
67b4e000-67bce000 rw-p 00000000 00:00 0          [stack:13530]
67bce000-67d80000 r--s 01d2e000 08:01 804984     /usr/lib/jvm/java-7-openjdk-i386/jre/lib/rt.jar
67d80000-6a600000 rw-p 00000000 00:00 0 
6a600000-6a6ff000 rw-p 00000000 00:00 0 
6a6ff000-6a700000 ---p 00000000 00:00 0 
6a705000-6a70c000 r-xp 00000000 08:01 137254     /usr/lib/i386-linux-gnu/libffi.so.6.0.4
6a70c000-6a70e000 r--p 00006000 08:01 137254     /usr/lib/i386-linux-gnu/libffi.so.6.0.4
6a70e000-6a70f000 rw-p 00008000 08:01 137254     /usr/lib/i386-linux-gnu/libffi.so.6.0.4
6a70f000-6a71f000 r-xp 00000000 08:01 804991     /usr/lib/jvm/java-7-openjdk-i386/jre/lib/i386/libnio.so
6a71f000-6a720000 r--p 00010000 08:01 804991     /usr/lib/jvm/java-7-openjdk-i386/jre/lib/i386/libnio.so
6a720000-6a721000 rw-p 00011000 08:01 804991     /usr/lib/jvm/java-7-openjdk-i386/jre/lib/i386/libnio.so
6a721000-6a736000 r--s 000e5000 08:01 941706     /home/student/test/Pedometer/app/build/intermediates/exploded-aar/com.android.support/support-v4/23.1.1/jars/classes.jar
6a736000-6a77f000 rw-p 00000000 00:00 0 
6a77f000-6a780000 ---p 00000000 00:00 0 
6a780000-6a800000 rw-p 00000000 00:00 0          [stack:13522]
6a800000-6a821000 rw-p 00000000 00:00 0 
6a821000-6a900000 ---p 00000000 00:00 0 
6a900000-6a921000 rw-p 00000000 00:00 0 
6a921000-6aa00000 ---p 00000000 00:00 0 
6aa09000-6aa0c000 r-xp 00000000 08:01 137371     /usr/lib/i386-linux-gnu/libgmodule-2.0.so.0.4400.0
6aa0c000-6aa0d000 r--p 00002000 08:01 137371     /usr/lib/i386-linux-gnu/libgmodule-2.0.so.0.4400.0
6aa0d000-6aa0e000 rw-p 00003000 08:01 137371     /usr/lib/i386-linux-gnu/libgmodule-2.0.so.0.4400.0
6aa0e000-6aa13000 r-xp 00000000 08:01 136946     /usr/lib/i386-linux-gnu/libXdmcp.so.6.0.0
6aa13000-6aa14000 r--p 00004000 08:01 136946     /usr/lib/i386-linux-gnu/libXdmcp.so.6.0.0
6aa14000-6aa15000 rw-p 00005000 08:01 136946     /usr/lib/i386-linux-gnu/libXdmcp.so.6.0.0
6aa15000-6aa24000 r--s 000df000 08:01 1068117    /home/student/Android/Sdk/build-tools/23.0.2/lib/dx.jar
6aa24000-6aa7f000 rw-p 00000000 00:00 0 
6aa7f000-6aa80000 ---p 00000000 00:00 0 
6aa80000-6ab00000 rw-p 00000000 00:00 0          [stack:13521]
6ab00000-6ab25000 rw-p 00000000 00:00 0 
6ab25000-6ac00000 ---p 00000000 00:00 0 
6ac00000-6ac02000 r-xp 00000000 08:01 136935     /usr/lib/i386-linux-gnu/libXau.so.6.0.0
6ac02000-6ac03000 r--p 00001000 08:01 136935     /usr/lib/i386-linux-gnu/libXau.so.6.0.0
6ac03000-6ac04000 rw-p 00002000 08:01 136935     /usr/lib/i386-linux-gnu/libXau.so.6.0.0
6ac04000-6ac06000 r-xp 00000000 08:01 141618     /usr/lib/jayatana/libjayatanaag.so
6ac06000-6ac07000 r--p 00001000 08:01 141618     /usr/lib/jayatana/libjayatanaag.so
6ac07000-6ac08000 rw-p 00002000 08:01 141618     /usr/lib/jayatana/libjayatanaag.so
6ac08000-6ac0c000 r--s 00085000 08:01 804976     /usr/lib/jvm/java-7-openjdk-i386/jre/lib/ext/localedata.jar
6ac0c000-6ac27000 rw-p 00000000 00:00 0 
6ac27000-6ac28000 ---p 00000000 00:00 0 
6ac28000-6aca8000 rw-p 00000000 00:00 0          [stack:13520]
6aca8000-6aca9000 ---p 00000000 00:00 0 
6aca9000-6ad31000 rw-p 00000000 00:00 0          [stack:13519]
6ad31000-6ad69000 rw-p 00000000 00:00 0 
6ad69000-6ad7e000 rw-p 00000000 00:00 0 
6ad7e000-6aebf000 rw-p 00000000 00:00 0 
6aebf000-6aec7000 rw-p 00000000 00:00 0 
6aec7000-6aeff000 rw-p 00000000 00:00 0 
6aeff000-6af14000 rw-p 00000000 00:00 0 
6af14000-6b054000 rw-p 00000000 00:00 0 
6b054000-6b07f000 rw-p 00000000 00:00 0 
6b07f000-6b0ff000 rw-p 00000000 00:00 0 
6b0ff000-6c100000 rw-p 00000000 00:00 0 
6c100000-73100000 rw-p 00000000 00:00 0 
73100000-75b00000 rw-p 00000000 00:00 0 
75b00000-9db80000 rw-p 00000000 00:00 0 
9db80000-a3100000 rw-p 00000000 00:00 0 
a7b00000-b3100000 rw-p 00000000 00:00 0 
b3102000-b3106000 r--s 00034000 08:01 804978     /usr/lib/jvm/java-7-openjdk-i386/jre/lib/ext/sunjce_provider.jar
b3106000-b310a000 r--s 0003c000 08:01 804979     /usr/lib/jvm/java-7-openjdk-i386/jre/lib/ext/sunpkcs11.jar
b310a000-b3113000 rw-p 00000000 00:00 0 
b3113000-b31ca000 rw-p 00000000 00:00 0 
b31ca000-b340a000 rwxp 00000000 00:00 0 
b340a000-b61ca000 rw-p 00000000 00:00 0 
b61ca000-b61d6000 r-xp 00000000 08:01 394626     /lib/i386-linux-gnu/libnss_files-2.21.so
b61d6000-b61d7000 r--p 0000b000 08:01 394626     /lib/i386-linux-gnu/libnss_files-2.21.so
b61d7000-b61d8000 rw-p 0000c000 08:01 394626     /lib/i386-linux-gnu/libnss_files-2.21.so
b61d8000-b61e3000 r-xp 00000000 08:01 394636     /lib/i386-linux-gnu/libnss_nis-2.21.so
b61e3000-b61e4000 r--p 0000a000 08:01 394636     /lib/i386-linux-gnu/libnss_nis-2.21.so
b61e4000-b61e5000 rw-p 0000b000 08:01 394636     /lib/i386-linux-gnu/libnss_nis-2.21.so
b61e5000-b61fc000 r-xp 00000000 08:01 394620     /lib/i386-linux-gnu/libnsl-2.21.so
b61fc000-b61fd000 r--p 00016000 08:01 394620     /lib/i386-linux-gnu/libnsl-2.21.so
b61fd000-b61fe000 rw-p 00017000 08:01 394620     /lib/i386-linux-gnu/libnsl-2.21.so
b61fe000-b6200000 rw-p 00000000 00:00 0 
b6200000-b6300000 rw-p 00000000 00:00 0 
b6301000-b6302000 r--s 00000000 08:01 414147     /usr/share/java/jayatanaag.jar
b6302000-b630a000 r-xp 00000000 08:01 394622     /lib/i386-linux-gnu/libnss_compat-2.21.so
b630a000-b630b000 r--p 00007000 08:01 394622     /lib/i386-linux-gnu/libnss_compat-2.21.so
b630b000-b630c000 rw-p 00008000 08:01 394622     /lib/i386-linux-gnu/libnss_compat-2.21.so
b630c000-b630f000 r--s 0000f000 08:01 804977     /usr/lib/jvm/java-7-openjdk-i386/jre/lib/ext/icedtea-sound.jar
b630f000-b6311000 r--s 00012000 08:01 804975     /usr/lib/jvm/java-7-openjdk-i386/jre/lib/ext/zipfs.jar
b6311000-b6319000 r-xp 00000000 08:01 804995     /usr/lib/jvm/java-7-openjdk-i386/jre/lib/i386/libzip.so
b6319000-b631a000 r--p 00007000 08:01 804995     /usr/lib/jvm/java-7-openjdk-i386/jre/lib/i386/libzip.so
b631a000-b631b000 rw-p 00008000 08:01 804995     /usr/lib/jvm/java-7-openjdk-i386/jre/lib/i386/libzip.so
b631b000-b6323000 rw-s 00000000 08:01 429169     /tmp/hsperfdata_student/13494
b6323000-b632d000 r-xp 00000000 08:01 805017     /usr/lib/jvm/java-7-openjdk-i386/jre/lib/i386/libinstrument.so
b632d000-b632e000 r--p 00009000 08:01 805017     /usr/lib/jvm/java-7-openjdk-i386/jre/lib/i386/libinstrument.so
b632e000-b632f000 rw-p 0000a000 08:01 805017     /usr/lib/jvm/java-7-openjdk-i386/jre/lib/i386/libinstrument.so
b632f000-b6355000 r-xp 00000000 08:01 805003     /usr/lib/jvm/java-7-openjdk-i386/jre/lib/i386/libjava.so
b6355000-b6356000 r--p 00025000 08:01 805003     /usr/lib/jvm/java-7-openjdk-i386/jre/lib/i386/libjava.so
b6356000-b6357000 rw-p 00026000 08:01 805003     /usr/lib/jvm/java-7-openjdk-i386/jre/lib/i386/libjava.so
b6357000-b635e000 r-xp 00000000 08:01 394681     /lib/i386-linux-gnu/librt-2.21.so
b635e000-b635f000 r--p 00006000 08:01 394681     /lib/i386-linux-gnu/librt-2.21.so
b635f000-b6360000 rw-p 00007000 08:01 394681     /lib/i386-linux-gnu/librt-2.21.so
b6360000-b6363000 ---p 00000000 00:00 0 
b6363000-b63b1000 rw-p 00000000 00:00 0          [stack:13505]
b63b1000-b63cd000 r-xp 00000000 08:01 394569     /lib/i386-linux-gnu/libgcc_s.so.1
b63cd000-b63ce000 rw-p 0001b000 08:01 394569     /lib/i386-linux-gnu/libgcc_s.so.1
b63ce000-b6419000 r-xp 00000000 08:01 394599     /lib/i386-linux-gnu/libm-2.21.so
b6419000-b641a000 r--p 0004a000 08:01 394599     /lib/i386-linux-gnu/libm-2.21.so
b641a000-b641b000 rw-p 0004b000 08:01 394599     /lib/i386-linux-gnu/libm-2.21.so
b641b000-b6504000 r-xp 00000000 08:01 137921     /usr/lib/i386-linux-gnu/libstdc++.so.6.0.20
b6504000-b6508000 r--p 000e9000 08:01 137921     /usr/lib/i386-linux-gnu/libstdc++.so.6.0.20
b6508000-b6509000 rw-p 000ed000 08:01 137921     /usr/lib/i386-linux-gnu/libstdc++.so.6.0.20
b6509000-b6510000 rw-p 00000000 00:00 0 
b6510000-b7063000 r-xp 00000000 08:01 805013     /usr/lib/jvm/java-7-openjdk-i386/jre/lib/i386/server/libjvm.so
b7063000-b70b7000 r--p 00b52000 08:01 805013     /usr/lib/jvm/java-7-openjdk-i386/jre/lib/i386/server/libjvm.so
b70b7000-b70cb000 rw-p 00ba6000 08:01 805013     /usr/lib/jvm/java-7-openjdk-i386/jre/lib/i386/server/libjvm.so
b70cb000-b74ea000 rw-p 00000000 00:00 0 
b74ea000-b7503000 r-xp 00000000 08:01 394714     /lib/i386-linux-gnu/libz.so.1.2.8
b7503000-b7504000 r--p 00019000 08:01 394714     /lib/i386-linux-gnu/libz.so.1.2.8
b7504000-b7505000 rw-p 0001a000 08:01 394714     /lib/i386-linux-gnu/libz.so.1.2.8
b7505000-b751e000 r-xp 00000000 08:01 394673     /lib/i386-linux-gnu/libpthread-2.21.so
b751e000-b751f000 r--p 00018000 08:01 394673     /lib/i386-linux-gnu/libpthread-2.21.so
b751f000-b7520000 rw-p 00019000 08:01 394673     /lib/i386-linux-gnu/libpthread-2.21.so
b7520000-b7522000 rw-p 00000000 00:00 0 
b7522000-b7525000 r-xp 00000000 08:01 394557     /lib/i386-linux-gnu/libdl-2.21.so
b7525000-b7526000 r--p 00002000 08:01 394557     /lib/i386-linux-gnu/libdl-2.21.so
b7526000-b7527000 rw-p 00003000 08:01 394557     /lib/i386-linux-gnu/libdl-2.21.so
b7527000-b76db000 r-xp 00000000 08:01 394540     /lib/i386-linux-gnu/libc-2.21.so
b76db000-b76de000 r--p 001b3000 08:01 394540     /lib/i386-linux-gnu/libc-2.21.so
b76de000-b76e0000 rw-p 001b6000 08:01 394540     /lib/i386-linux-gnu/libc-2.21.so
b76e0000-b76e2000 rw-p 00000000 00:00 0 
b76e2000-b76e3000 r--s 00002000 08:01 804980     /usr/lib/jvm/java-7-openjdk-i386/jre/lib/ext/dnsns.jar
b76e3000-b76e5000 r--s 00006000 08:01 399091     /usr/share/java/java-atk-wrapper.jar
b76e5000-b76e6000 r--p 005e0000 08:01 143362     /usr/lib/locale/locale-archive
b76e6000-b76e7000 rw-p 00000000 00:00 0 
b76e7000-b76e8000 ---p 00000000 00:00 0 
b76e8000-b76f6000 r-xp 00000000 08:01 805022     /usr/lib/jvm/java-7-openjdk-i386/jre/lib/i386/libverify.so
b76f6000-b76f8000 r--p 0000d000 08:01 805022     /usr/lib/jvm/java-7-openjdk-i386/jre/lib/i386/libverify.so
b76f8000-b76f9000 rw-p 0000f000 08:01 805022     /usr/lib/jvm/java-7-openjdk-i386/jre/lib/i386/libverify.so
b76f9000-b7705000 r-xp 00000000 08:01 805024     /usr/lib/jvm/java-7-openjdk-i386/jre/lib/i386/jli/libjli.so
b7705000-b7706000 r--p 0000b000 08:01 805024     /usr/lib/jvm/java-7-openjdk-i386/jre/lib/i386/jli/libjli.so
b7706000-b7707000 rw-p 0000c000 08:01 805024     /usr/lib/jvm/java-7-openjdk-i386/jre/lib/i386/jli/libjli.so
b7707000-b770a000 rw-p 00000000 00:00 0 
b770a000-b770c000 r--p 00000000 00:00 0          [vvar]
b770c000-b770d000 r-xp 00000000 00:00 0          [vdso]
b770d000-b772f000 r-xp 00000000 08:01 394512     /lib/i386-linux-gnu/ld-2.21.so
b772f000-b7730000 r--p 00021000 08:01 394512     /lib/i386-linux-gnu/ld-2.21.so
b7730000-b7731000 rw-p 00022000 08:01 394512     /lib/i386-linux-gnu/ld-2.21.so
bfd70000-bfd71000 rwxp 00000000 00:00 0 
bfda2000-bfdc4000 rw-p 00000000 00:00 0          [stack]

VM Arguments:
jvm_args: -javaagent:/usr/share/java/jayatanaag.jar -Djava.awt.headless=true -Xmx1024M -Dfile.encoding=UTF-8 -Duser.country=US -Duser.language=en -Duser.variant 
java_command: com.android.dx.command.Main --dex --num-threads=4 --output /home/student/test/Pedometer/app/build/intermediates/pre-dexed/debug/com.android.support-support-v4-23.1.1_12beaacf3527bbe5452b9d2f71ebe9eaf1a78760.jar /home/student/test/Pedometer/app/build/intermediates/exploded-aar/com.android.support/support-v4/23.1.1/jars/classes.jar
Launcher Type: SUN_STANDARD

Environment Variables:
JAVA_TOOL_OPTIONS=-javaagent:/usr/share/java/jayatanaag.jar 
PATH=/home/student/.linuxbrew/bin:/usr/local/sbin:/usr/local/bin:/usr/sbin:/usr/bin:/sbin:/bin:/usr/games:/usr/local/games:/etc/android-studio/bin/:/home/student/Android/Sdk/platform-tools:/home/student/Android/Sdk/tools
LD_LIBRARY_PATH=/etc/android-studio/bin:
SHELL=/bin/bash
DISPLAY=:0

Signal Handlers:
SIGSEGV: [libjvm.so+0x7f7d00], sa_mask[0]=0x7ffbfeff, sa_flags=0x10000004
SIGBUS: [libjvm.so+0x7f7d00], sa_mask[0]=0x7ffbfeff, sa_flags=0x10000004
SIGFPE: [libjvm.so+0x67a9d0], sa_mask[0]=0x7ffbfeff, sa_flags=0x10000004
SIGPIPE: [libjvm.so+0x67a9d0], sa_mask[0]=0x7ffbfeff, sa_flags=0x10000004
SIGXFSZ: [libjvm.so+0x67a9d0], sa_mask[0]=0x7ffbfeff, sa_flags=0x10000004
SIGILL: [libjvm.so+0x67a9d0], sa_mask[0]=0x7ffbfeff, sa_flags=0x10000004
SIGUSR1: SIG_DFL, sa_mask[0]=0x00000000, sa_flags=0x00000000
SIGUSR2: [libjvm.so+0x67a820], sa_mask[0]=0x00000004, sa_flags=0x10000004
SIGHUP: [libjvm.so+0x67aa80], sa_mask[0]=0x7ffbfeff, sa_flags=0x10000004
SIGINT: [libjvm.so+0x67aa80], sa_mask[0]=0x7ffbfeff, sa_flags=0x10000004
SIGTERM: [libjvm.so+0x67aa80], sa_mask[0]=0x7ffbfeff, sa_flags=0x10000004
SIGQUIT: [libjvm.so+0x67aa80], sa_mask[0]=0x7ffbfeff, sa_flags=0x10000004
SIGTRAP: SIG_DFL, sa_mask[0]=0x00000000, sa_flags=0x00000000


---------------  S Y S T E M  ---------------

OS:Ubuntu 15.04 (vivid)
uname:Linux 3.19.0-18-generic #18-Ubuntu SMP Tue May 19 18:30:59 UTC 2015 i686
libc:glibc 2.21 NPTL 2.21 
rlimit: STACK 8192k, CORE 0k, NPROC 32177, NOFILE 65536, AS infinity
load average:6.25 2.93 1.78

/proc/meminfo:
MemTotal:        4139540 kB
MemFree:          216364 kB
MemAvailable:     152096 kB
Buffers:            6188 kB
Cached:            72876 kB
SwapCached:            0 kB
Active:          3569592 kB
Inactive:          61476 kB
Active(anon):    3553420 kB
Inactive(anon):    38228 kB
Active(file):      16172 kB
Inactive(file):    23248 kB
Unevictable:          32 kB
Mlocked:              32 kB
HighTotal:       3280776 kB
HighFree:          41188 kB
LowTotal:         858764 kB
LowFree:          175176 kB
SwapTotal:             0 kB
SwapFree:              0 kB
Dirty:               388 kB
Writeback:             0 kB
AnonPages:       3552428 kB
Mapped:            46820 kB
Shmem:             39392 kB
Slab:              46704 kB
SReclaimable:      21356 kB
SUnreclaim:        25348 kB
KernelStack:        5408 kB
PageTables:        15280 kB
NFS_Unstable:          0 kB
Bounce:                0 kB
WritebackTmp:          0 kB
CommitLimit:     2069768 kB
Committed_AS:    6749568 kB
VmallocTotal:     122880 kB
VmallocUsed:       23328 kB
VmallocChunk:      46892 kB
AnonHugePages:   2578432 kB
CmaTotal:              0 kB
CmaFree:               0 kB
HugePages_Total:       0
HugePages_Free:        0
HugePages_Rsvd:        0
HugePages_Surp:        0
Hugepagesize:       2048 kB
DirectMap4k:       59384 kB
DirectMap2M:      854016 kB


CPU:total 4 (1 cores per cpu, 1 threads per core) family 6 model 58 stepping 9, cmov, cx8, fxsr, mmx, sse, sse2, sse3, ssse3, sse4.1, sse4.2, popcnt, avx, aes, erms, tsc, tscinvbit, tscinv

/proc/cpuinfo:
processor	: 0
vendor_id	: GenuineIntel
cpu family	: 6
model		: 58
model name	: Intel(R) Core(TM) i5-3210M CPU @ 2.50GHz
stepping	: 9
microcode	: 0x15
cpu MHz		: 2494.111
cache size	: 3072 KB
physical id	: 0
siblings	: 1
core id		: 0
cpu cores	: 1
apicid		: 0
initial apicid	: 0
fdiv_bug	: no
f00f_bug	: no
coma_bug	: no
fpu		: yes
fpu_exception	: yes
cpuid level	: 13
wp		: yes
flags		: fpu vme de pse tsc msr pae mce cx8 apic sep mtrr pge mca cmov pat pse36 clflush dts mmx fxsr sse sse2 ss nx rdtscp lm constant_tsc arch_perfmon pebs bts xtopology tsc_reliable nonstop_tsc aperfmperf pni pclmulqdq ssse3 cx16 pcid sse4_1 sse4_2 x2apic popcnt tsc_deadline_timer aes xsave avx f16c rdrand hypervisor lahf_lm ida arat epb pln pts dtherm fsgsbase tsc_adjust smep
bugs		:
bogomips	: 4988.22
clflush size	: 64
cache_alignment	: 64
address sizes	: 42 bits physical, 48 bits virtual
power management:

processor	: 1
vendor_id	: GenuineIntel
cpu family	: 6
model		: 58
model name	: Intel(R) Core(TM) i5-3210M CPU @ 2.50GHz
stepping	: 9
microcode	: 0x15
cpu MHz		: 2494.111
cache size	: 3072 KB
physical id	: 2
siblings	: 1
core id		: 0
cpu cores	: 1
apicid		: 2
initial apicid	: 2
fdiv_bug	: no
f00f_bug	: no
coma_bug	: no
fpu		: yes
fpu_exception	: yes
cpuid level	: 13
wp		: yes
flags		: fpu vme de pse tsc msr pae mce cx8 apic sep mtrr pge mca cmov pat pse36 clflush dts mmx fxsr sse sse2 ss nx rdtscp lm constant_tsc arch_perfmon pebs bts xtopology tsc_reliable nonstop_tsc aperfmperf pni pclmulqdq ssse3 cx16 pcid sse4_1 sse4_2 x2apic popcnt tsc_deadline_timer aes xsave avx f16c rdrand hypervisor lahf_lm ida arat epb pln pts dtherm fsgsbase tsc_adjust smep
bugs		:
bogomips	: 4988.22
clflush size	: 64
cache_alignment	: 64
address sizes	: 42 bits physical, 48 bits virtual
power management:

processor	: 2
vendor_id	: GenuineIntel
cpu family	: 6
model		: 58
model name	: Intel(R) Core(TM) i5-3210M CPU @ 2.50GHz
stepping	: 9
microcode	: 0x15
cpu MHz		: 2494.111
cache size	: 3072 KB
physical id	: 4
siblings	: 1
core id		: 0
cpu cores	: 1
apicid		: 4
initial apicid	: 4
fdiv_bug	: no
f00f_bug	: no
coma_bug	: no
fpu		: yes
fpu_exception	: yes
cpuid level	: 13
wp		: yes
flags		: fpu vme de pse tsc msr pae mce cx8 apic sep mtrr pge mca cmov pat pse36 clflush dts mmx fxsr sse sse2 ss nx rdtscp lm constant_tsc arch_perfmon pebs bts xtopology tsc_reliable nonstop_tsc aperfmperf pni pclmulqdq ssse3 cx16 pcid sse4_1 sse4_2 x2apic popcnt tsc_deadline_timer aes xsave avx f16c rdrand hypervisor lahf_lm ida arat epb pln pts dtherm fsgsbase tsc_adjust smep
bugs		:
bogomips	: 4988.22
clflush size	: 64
cache_alignment	: 64
address sizes	: 42 bits physical, 48 bits virtual
power management:

processor	: 3
vendor_id	: GenuineIntel
cpu family	: 6
model		: 58
model name	: Intel(R) Core(TM) i5-3210M CPU @ 2.50GHz
stepping	: 9
microcode	: 0x15
cpu MHz		: 2494.111
cache size	: 3072 KB
physical id	: 6
siblings	: 1
core id		: 0
cpu cores	: 1
apicid		: 6
initial apicid	: 6
fdiv_bug	: no
f00f_bug	: no
coma_bug	: no
fpu		: yes
fpu_exception	: yes
cpuid level	: 13
wp		: yes
flags		: fpu vme de pse tsc msr pae mce cx8 apic sep mtrr pge mca cmov pat pse36 clflush dts mmx fxsr sse sse2 ss nx rdtscp lm constant_tsc arch_perfmon pebs bts xtopology tsc_reliable nonstop_tsc aperfmperf pni pclmulqdq ssse3 cx16 pcid sse4_1 sse4_2 x2apic popcnt tsc_deadline_timer aes xsave avx f16c rdrand hypervisor lahf_lm ida arat epb pln pts dtherm fsgsbase tsc_adjust smep
bugs		:
bogomips	: 4988.22
clflush size	: 64
cache_alignment	: 64
address sizes	: 42 bits physical, 48 bits virtual
power management:



Memory: 4k page, physical 4139540k(216240k free), swap 0k(0k free)

vm_info: OpenJDK Server VM (24.91-b01) for linux-x86 JRE (1.7.0_91-b02), built on Nov 19 2015 06:25:06 by "buildd" with gcc 4.9.2

time: Sun May  1 13:36:12 2016
elapsed time: 18 seconds

