#
# There is insufficient memory for the Java Runtime Environment to continue.
# Native memory allocation (malloc) failed to allocate 93847552 bytes for committing reserved memory.
# Possible reasons:
#   The system is out of physical RAM or swap space
#   In 32 bit mode, the process size limit was hit
# Possible solutions:
#   Reduce memory load on the system
#   Increase physical memory or swap space
#   Check if swap backing store is full
#   Use 64 bit Java on a 64 bit OS
#   Decrease Java heap size (-Xmx/-Xms)
#   Decrease number of Java threads
#   Decrease Java thread stack sizes (-Xss)
#   Set larger code cache with -XX:ReservedCodeCacheSize=
# This output file may be truncated or incomplete.
#
#  Out of Memory Error (os_linux.cpp:2827), pid=16580, tid=1740430144
#
# JRE version: OpenJDK Runtime Environment (7.0_91-b02) (build 1.7.0_91-b02)
# Java VM: OpenJDK Server VM (24.91-b01 mixed mode linux-x86 )
# Derivative: IcedTea 2.6.3
# Distribution: Ubuntu 15.04, package 7u91-2.6.3-0ubuntu0.15.04.1
# Failed to write core dump. Core dumps have been disabled. To enable core dumping, try "ulimit -c unlimited" before starting Java again
#

---------------  T H R E A D  ---------------

Current thread (0x67a81400):  VMThread [stack: 0x67b4d000,0x67bce000] [id=16602]

Stack: [0x67b4d000,0x67bce000]
VM_Operation (0x66b42ad4): ParallelGCFailedAllocation, mode: safepoint, requested by thread 0x67143800


---------------  P R O C E S S  ---------------

Java Threads: ( => current thread )
  0x67145c00 JavaThread "pool-2-thread-4" [_thread_blocked, id=16649, stack(0x66a51000,0x66aa2000)]
  0x67144800 JavaThread "pool-2-thread-3" [_thread_blocked, id=16648, stack(0x66aa2000,0x66af3000)]
  0x67143800 JavaThread "pool-2-thread-2" [_thread_blocked, id=16647, stack(0x66af3000,0x66b44000)]
  0x67141000 JavaThread "pool-3-thread-1" [_thread_blocked, id=16646, stack(0x66b44000,0x66b95000)]
  0x6713ec00 JavaThread "pool-2-thread-1" [_thread_blocked, id=16645, stack(0x66b95000,0x66be6000)]
  0x67aed800 JavaThread "Service Thread" daemon [_thread_blocked, id=16616, stack(0x67311000,0x67362000)]
  0x67aeb800 JavaThread "C2 CompilerThread1" daemon [_thread_in_native, id=16615, stack(0x67362000,0x673e3000)]
  0x67aea400 JavaThread "C2 CompilerThread0" daemon [_thread_blocked, id=16614, stack(0x673e3000,0x67464000)]
  0x67a97400 JavaThread "Signal Dispatcher" daemon [_thread_blocked, id=16612, stack(0x675af000,0x67600000)]
  0x67a85400 JavaThread "Finalizer" daemon [_thread_blocked, id=16608, stack(0x6a72e000,0x6a77f000)]
  0x67a83c00 JavaThread "Reference Handler" daemon [_thread_blocked, id=16605, stack(0x6a92e000,0x6a97f000)]
  0xb6308400 JavaThread "main" [_thread_blocked, id=16589, stack(0xb6422000,0xb6473000)]

Other Threads:
=>0x67a81400 VMThread [stack: 0x67b4d000,0x67bce000] [id=16602]
  0x67aef800 WatcherThread [stack: 0x67290000,0x67311000] [id=16619]

VM state:at safepoint (normal execution)

VM Mutex/Monitor currently owned by a thread:  ([mutex/lock_event])
[0xb6305e30] Threads_lock - owner thread: 0x67a81400
[0xb6306240] Heap_lock - owner thread: 0x67143800

Heap
 PSYoungGen      total 69120K, used 2555K [0x9dc40000, 0xa2240000, 0xb31c0000)
  eden space 66560K, 0% used [0x9dc40000,0x9dc40000,0xa1d40000)
  from space 2560K, 99% used [0xa1d40000,0xa1fbefa8,0xa1fc0000)
  to   space 2560K, 0% used [0xa1fc0000,0xa1fc0000,0xa2240000)
 ParOldGen       total 43008K, used 22915K [0x731c0000, 0x75bc0000, 0x9dc40000)
  object space 43008K, 53% used [0x731c0000,0x74820ea0,0x75bc0000)
 PSPermGen       total 16384K, used 4283K [0x6b1c0000, 0x6c1c0000, 0x731c0000)
  object space 16384K, 26% used [0x6b1c0000,0x6b5eec10,0x6c1c0000)

Card table byte_map: [0x6af7f000,0x6b1c0000] byte_map_base: 0x6ac26200

Polling page: 0xb77a9000

Code Cache  [0xb328b000, 0xb34cb000, 0xb628b000)
 total_blobs=387 nmethods=264 adapters=76 free_code_cache=48240Kb largest_free_block=49378496

Compilation events (10 events):
Event: 10.991 Thread 0x67aea400 nmethod 262 0xb33558c8 code [0xb3355aa0, 0xb3356178]
Event: 10.991 Thread 0x67aea400  263             com.android.dx.rop.code.CstInsn::getConstant (5 bytes)
Event: 10.993 Thread 0x67aea400 nmethod 263 0xb333e008 code [0xb333e0e0, 0xb333e130]
Event: 10.993 Thread 0x67aea400  264             java.lang.String::<init> (67 bytes)
Event: 11.020 Thread 0x67aea400 nmethod 264 0xb33483c8 code [0xb33484e0, 0xb3348750]
Event: 11.020 Thread 0x67aea400  265             com.android.dx.util.LabeledList::set (45 bytes)
Event: 11.031 Thread 0x67aea400 nmethod 265 0xb333f2c8 code [0xb333f400, 0xb333f604]
Event: 11.031 Thread 0x67aea400  266             com.android.dx.util.FixedSizeList::hashCode (8 bytes)
Event: 11.041 Thread 0x67aea400 nmethod 266 0xb3357348 code [0xb3357440, 0xb3357570]
Event: 11.041 Thread 0x67aea400  267   !         com.android.dx.cf.code.Ropper::processBlock (1101 bytes)

GC Heap History (9 events):
Event: 0.638 GC heap before
{Heap before GC invocations=1 (full 0):
 PSYoungGen      total 19200K, used 16640K [0x9dc40000, 0x9f180000, 0xb31c0000)
  eden space 16640K, 100% used [0x9dc40000,0x9ec80000,0x9ec80000)
  from space 2560K, 0% used [0x9ef00000,0x9ef00000,0x9f180000)
  to   space 2560K, 0% used [0x9ec80000,0x9ec80000,0x9ef00000)
 ParOldGen       total 43008K, used 0K [0x731c0000, 0x75bc0000, 0x9dc40000)
  object space 43008K, 0% used [0x731c0000,0x731c0000,0x75bc0000)
 PSPermGen       total 16384K, used 2996K [0x6b1c0000, 0x6c1c0000, 0x731c0000)
  object space 16384K, 18% used [0x6b1c0000,0x6b4ad0d8,0x6c1c0000)
Event: 0.661 GC heap after
Heap after GC invocations=1 (full 0):
 PSYoungGen      total 19200K, used 1165K [0x9dc40000, 0xa01c0000, 0xb31c0000)
  eden space 16640K, 0% used [0x9dc40000,0x9dc40000,0x9ec80000)
  from space 2560K, 45% used [0x9ec80000,0x9eda3418,0x9ef00000)
  to   space 2560K, 0% used [0x9ff40000,0x9ff40000,0xa01c0000)
 ParOldGen       total 43008K, used 4K [0x731c0000, 0x75bc0000, 0x9dc40000)
  object space 43008K, 0% used [0x731c0000,0x731c1000,0x75bc0000)
 PSPermGen       total 16384K, used 2996K [0x6b1c0000, 0x6c1c0000, 0x731c0000)
  object space 16384K, 18% used [0x6b1c0000,0x6b4ad0d8,0x6c1c0000)
}
Event: 1.887 GC heap before
{Heap before GC invocations=2 (full 0):
 PSYoungGen      total 19200K, used 17805K [0x9dc40000, 0xa01c0000, 0xb31c0000)
  eden space 16640K, 100% used [0x9dc40000,0x9ec80000,0x9ec80000)
  from space 2560K, 45% used [0x9ec80000,0x9eda3418,0x9ef00000)
  to   space 2560K, 0% used [0x9ff40000,0x9ff40000,0xa01c0000)
 ParOldGen       total 43008K, used 4K [0x731c0000, 0x75bc0000, 0x9dc40000)
  object space 43008K, 0% used [0x731c0000,0x731c1000,0x75bc0000)
 PSPermGen       total 16384K, used 4116K [0x6b1c0000, 0x6c1c0000, 0x731c0000)
  object space 16384K, 25% used [0x6b1c0000,0x6b5c53f8,0x6c1c0000)
Event: 1.900 GC heap after
Heap after GC invocations=2 (full 0):
 PSYoungGen      total 35840K, used 2556K [0x9dc40000, 0xa01c0000, 0xb31c0000)
  eden space 33280K, 0% used [0x9dc40000,0x9dc40000,0x9fcc0000)
  from space 2560K, 99% used [0x9ff40000,0xa01bf170,0xa01c0000)
  to   space 2560K, 0% used [0x9fcc0000,0x9fcc0000,0x9ff40000)
 ParOldGen       total 43008K, used 1719K [0x731c0000, 0x75bc0000, 0x9dc40000)
  object space 43008K, 3% used [0x731c0000,0x7336de38,0x75bc0000)
 PSPermGen       total 16384K, used 4116K [0x6b1c0000, 0x6c1c0000, 0x731c0000)
  object space 16384K, 25% used [0x6b1c0000,0x6b5c53f8,0x6c1c0000)
}
Event: 4.361 GC heap before
{Heap before GC invocations=3 (full 0):
 PSYoungGen      total 35840K, used 35836K [0x9dc40000, 0xa01c0000, 0xb31c0000)
  eden space 33280K, 100% used [0x9dc40000,0x9fcc0000,0x9fcc0000)
  from space 2560K, 99% used [0x9ff40000,0xa01bf170,0xa01c0000)
  to   space 2560K, 0% used [0x9fcc0000,0x9fcc0000,0x9ff40000)
 ParOldGen       total 43008K, used 1719K [0x731c0000, 0x75bc0000, 0x9dc40000)
  object space 43008K, 3% used [0x731c0000,0x7336de38,0x75bc0000)
 PSPermGen       total 16384K, used 4227K [0x6b1c0000, 0x6c1c0000, 0x731c0000)
  object space 16384K, 25% used [0x6b1c0000,0x6b5e0d30,0x6c1c0000)
Event: 4.409 GC heap after
Heap after GC invocations=3 (full 0):
 PSYoungGen      total 35840K, used 2558K [0x9dc40000, 0xa2240000, 0xb31c0000)
  eden space 33280K, 0% used [0x9dc40000,0x9dc40000,0x9fcc0000)
  from space 2560K, 99% used [0x9fcc0000,0x9ff3f8f0,0x9ff40000)
  to   space 2560K, 0% used [0xa1fc0000,0xa1fc0000,0xa2240000)
 ParOldGen       total 43008K, used 7305K [0x731c0000, 0x75bc0000, 0x9dc40000)
  object space 43008K, 16% used [0x731c0000,0x738e2700,0x75bc0000)
 PSPermGen       total 16384K, used 4227K [0x6b1c0000, 0x6c1c0000, 0x731c0000)
  object space 16384K, 25% used [0x6b1c0000,0x6b5e0d30,0x6c1c0000)
}
Event: 7.001 GC heap before
{Heap before GC invocations=4 (full 0):
 PSYoungGen      total 35840K, used 35838K [0x9dc40000, 0xa2240000, 0xb31c0000)
  eden space 33280K, 100% used [0x9dc40000,0x9fcc0000,0x9fcc0000)
  from space 2560K, 99% used [0x9fcc0000,0x9ff3f8f0,0x9ff40000)
  to   space 2560K, 0% used [0xa1fc0000,0xa1fc0000,0xa2240000)
 ParOldGen       total 43008K, used 7305K [0x731c0000, 0x75bc0000, 0x9dc40000)
  object space 43008K, 16% used [0x731c0000,0x738e2700,0x75bc0000)
 PSPermGen       total 16384K, used 4255K [0x6b1c0000, 0x6c1c0000, 0x731c0000)
  object space 16384K, 25% used [0x6b1c0000,0x6b5e7ee0,0x6c1c0000)
Event: 7.111 GC heap after
Heap after GC invocations=4 (full 0):
 PSYoungGen      total 69120K, used 2548K [0x9dc40000, 0xa2240000, 0xb31c0000)
  eden space 66560K, 0% used [0x9dc40000,0x9dc40000,0xa1d40000)
  from space 2560K, 99% used [0xa1fc0000,0xa223d390,0xa2240000)
  to   space 2560K, 0% used [0xa1d40000,0xa1d40000,0xa1fc0000)
 ParOldGen       total 43008K, used 12629K [0x731c0000, 0x75bc0000, 0x9dc40000)
  object space 43008K, 29% used [0x731c0000,0x73e15528,0x75bc0000)
 PSPermGen       total 16384K, used 4255K [0x6b1c0000, 0x6c1c0000, 0x731c0000)
  object space 16384K, 25% used [0x6b1c0000,0x6b5e7ee0,0x6c1c0000)
}
Event: 12.457 GC heap before
{Heap before GC invocations=5 (full 0):
 PSYoungGen      total 69120K, used 69108K [0x9dc40000, 0xa2240000, 0xb31c0000)
  eden space 66560K, 100% used [0x9dc40000,0xa1d40000,0xa1d40000)
  from space 2560K, 99% used [0xa1fc0000,0xa223d390,0xa2240000)
  to   space 2560K, 0% used [0xa1d40000,0xa1d40000,0xa1fc0000)
 ParOldGen       total 43008K, used 12629K [0x731c0000, 0x75bc0000, 0x9dc40000)
  object space 43008K, 29% used [0x731c0000,0x73e15528,0x75bc0000)
 PSPermGen       total 16384K, used 4283K [0x6b1c0000, 0x6c1c0000, 0x731c0000)
  object space 16384K, 26% used [0x6b1c0000,0x6b5eec10,0x6c1c0000)

Deoptimization events (10 events):
Event: 4.141 Thread 0x67144800 Uncommon trap: reason=unstable_if action=reinterpret pc=0xb33275a0 method=com.android.dx.ssa.LocalVariableExtractor.processBlock(I)V @ 251
Event: 4.243 Thread 0xb6308400 Uncommon trap: reason=unstable_if action=reinterpret pc=0xb32f61b0 method=com.android.dx.rop.code.RegisterSpec.equals(ILcom/android/dx/rop/type/TypeBearer;Lcom/android/dx/rop/code/LocalItem;)Z @ 42
Event: 4.435 Thread 0x6713ec00 Uncommon trap: reason=null_check action=make_not_entrant pc=0xb3320580 method=com.android.dx.ssa.SsaRenamer.getLocalForNewReg(I)Lcom/android/dx/rop/code/LocalItem; @ 19
Event: 4.944 Thread 0x6713ec00 Uncommon trap: reason=class_check action=maybe_recompile pc=0xb3309798 method=java.util.HashMap.put(Ljava/lang/Object;Ljava/lang/Object;)Ljava/lang/Object; @ 83
Event: 4.944 Thread 0x6713ec00 Uncommon trap: reason=class_check action=maybe_recompile pc=0xb3309798 method=java.util.HashMap.put(Ljava/lang/Object;Ljava/lang/Object;)Ljava/lang/Object; @ 83
Event: 4.944 Thread 0x6713ec00 Uncommon trap: reason=class_check action=maybe_recompile pc=0xb3309798 method=java.util.HashMap.put(Ljava/lang/Object;Ljava/lang/Object;)Ljava/lang/Object; @ 83
Event: 4.944 Thread 0x6713ec00 Uncommon trap: reason=class_check action=maybe_recompile pc=0xb3309798 method=java.util.HashMap.put(Ljava/lang/Object;Ljava/lang/Object;)Ljava/lang/Object; @ 83
Event: 8.400 Thread 0x67144800 Uncommon trap: reason=unstable_if action=reinterpret pc=0xb33338c4 method=com.android.dx.util.IntList.binarysearch(I)I @ 105
Event: 9.808 Thread 0xb6308400 Uncommon trap: reason=unstable_if action=reinterpret pc=0xb32f866c method=com.android.dx.util.IntList.binarysearch(I)I @ 105
Event: 11.922 Thread 0xb6308400 Uncommon trap: reason=unstable_if action=reinterpret pc=0xb3341b4c method=com.android.dx.ssa.SCCP.simulateBranch(Lcom/android/dx/ssa/SsaInsn;)V @ 548

Internal exceptions (10 events):
Event: 1.053 Thread 0xb6308400 Threw 0x9e52e710 at /build/openjdk-7-PdBaKN/openjdk-7-7u91-2.6.3/build/openjdk/hotspot/src/share/vm/prims/jvm.cpp:1322
Event: 1.093 Thread 0x67145c00 Threw 0x9e459390 at /build/openjdk-7-PdBaKN/openjdk-7-7u91-2.6.3/build/openjdk/hotspot/src/share/vm/prims/jvm.cpp:1322
Event: 1.286 Thread 0x67143800 Threw 0x9e63e840 at /build/openjdk-7-PdBaKN/openjdk-7-7u91-2.6.3/build/openjdk/hotspot/src/share/vm/prims/jvm.cpp:1322
Event: 1.593 Thread 0x67145c00 Threw 0x9e92fac8 at /build/openjdk-7-PdBaKN/openjdk-7-7u91-2.6.3/build/openjdk/hotspot/src/share/vm/prims/jvm.cpp:1322
Event: 2.016 Thread 0x67143800 Threw 0x9dd5ea18 at /build/openjdk-7-PdBaKN/openjdk-7-7u91-2.6.3/build/openjdk/hotspot/src/share/vm/prims/jvm.cpp:1322
Event: 3.048 Thread 0xb6308400 Implicit null exception at 0xb3306cea to 0xb3307281
Event: 4.435 Thread 0x6713ec00 Implicit null exception at 0xb331f26d to 0xb3320571
Event: 4.936 Thread 0xb6308400 Threw 0x9e37b3b8 at /build/openjdk-7-PdBaKN/openjdk-7-7u91-2.6.3/build/openjdk/hotspot/src/share/vm/prims/jvm.cpp:1322
Event: 5.353 Thread 0x67143800 Threw 0x9e75f818 at /build/openjdk-7-PdBaKN/openjdk-7-7u91-2.6.3/build/openjdk/hotspot/src/share/vm/prims/jvm.cpp:1322
Event: 5.941 Thread 0x67144800 Threw 0x9ef75b68 at /build/openjdk-7-PdBaKN/openjdk-7-7u91-2.6.3/build/openjdk/hotspot/src/share/vm/prims/jvm.cpp:1322

Events (10 events):
Event: 8.400 Thread 0x67144800 DEOPT PACKING pc=0xb33338c4 sp=0x66af1c20
Event: 8.400 Thread 0x67144800 DEOPT UNPACKING pc=0xb32b7bc8 sp=0x66af1bc8 mode 2
Event: 8.402 Thread 0x67aea400 flushing nmethod 0xb32e3308
Event: 9.808 Thread 0xb6308400 Uncommon trap: trap_request=0xffffff75 fr.pc=0xb32f866c
Event: 9.808 Thread 0xb6308400 DEOPT PACKING pc=0xb32f866c sp=0xb6471850
Event: 9.809 Thread 0xb6308400 DEOPT UNPACKING pc=0xb32b7bc8 sp=0xb647182c mode 2
Event: 11.922 Thread 0xb6308400 Uncommon trap: trap_request=0xffffff75 fr.pc=0xb3341b4c
Event: 11.922 Thread 0xb6308400 DEOPT PACKING pc=0xb3341b4c sp=0xb6471760
Event: 11.922 Thread 0xb6308400 DEOPT UNPACKING pc=0xb32b7bc8 sp=0xb647175c mode 2
Event: 12.424 Executing VM operation: ParallelGCFailedAllocation


Dynamic libraries:
08048000-08049000 r-xp 00000000 08:01 804961     /usr/lib/jvm/java-7-openjdk-i386/jre/bin/java
08049000-0804a000 r--p 00000000 08:01 804961     /usr/lib/jvm/java-7-openjdk-i386/jre/bin/java
0804a000-0804b000 rw-p 00001000 08:01 804961     /usr/lib/jvm/java-7-openjdk-i386/jre/bin/java
087a8000-08894000 rw-p 00000000 00:00 0          [heap]
64f00000-64fc9000 rw-p 00000000 00:00 0 
64fc9000-65000000 ---p 00000000 00:00 0 
65100000-651e0000 rw-p 00000000 00:00 0 
651e0000-65200000 ---p 00000000 00:00 0 
65300000-653e2000 rw-p 00000000 00:00 0 
653e2000-65400000 ---p 00000000 00:00 0 
65400000-654fe000 rw-p 00000000 00:00 0 
654fe000-65500000 ---p 00000000 00:00 0 
65500000-65600000 rw-p 00000000 00:00 0 
65600000-656d4000 rw-p 00000000 00:00 0 
656d4000-65700000 ---p 00000000 00:00 0 
65700000-657f6000 rw-p 00000000 00:00 0 
657f6000-65800000 ---p 00000000 00:00 0 
65800000-658f3000 rw-p 00000000 00:00 0 
658f3000-65900000 ---p 00000000 00:00 0 
65900000-65af9000 rw-p 00000000 00:00 0 
65af9000-65b00000 ---p 00000000 00:00 0 
65b00000-65bfb000 rw-p 00000000 00:00 0 
65bfb000-65c00000 ---p 00000000 00:00 0 
65c5d000-65d00000 rw-p 00000000 00:00 0 
65d00000-65df9000 rw-p 00000000 00:00 0 
65df9000-65e00000 ---p 00000000 00:00 0 
65e65000-65f00000 rw-p 00000000 00:00 0 
65f00000-65ff9000 rw-p 00000000 00:00 0 
65ff9000-66000000 ---p 00000000 00:00 0 
66000000-660ff000 rw-p 00000000 00:00 0 
660ff000-66100000 ---p 00000000 00:00 0 
66100000-661ff000 rw-p 00000000 00:00 0 
661ff000-66200000 ---p 00000000 00:00 0 
6621f000-66300000 rw-p 00000000 00:00 0 
66300000-663f9000 rw-p 00000000 00:00 0 
663f9000-66400000 ---p 00000000 00:00 0 
66400000-664f9000 rw-p 00000000 00:00 0 
664f9000-66500000 ---p 00000000 00:00 0 
66500000-665d6000 rw-p 00000000 00:00 0 
665d6000-66600000 ---p 00000000 00:00 0 
66600000-666fa000 rw-p 00000000 00:00 0 
666fa000-66700000 ---p 00000000 00:00 0 
66700000-667fc000 rw-p 00000000 00:00 0 
667fc000-66800000 ---p 00000000 00:00 0 
66872000-66900000 rw-p 00000000 00:00 0 
66900000-669f3000 rw-p 00000000 00:00 0 
669f3000-66a00000 ---p 00000000 00:00 0 
66a51000-66a54000 ---p 00000000 00:00 0 
66a54000-66aa2000 rw-p 00000000 00:00 0          [stack:16649]
66aa2000-66aa5000 ---p 00000000 00:00 0 
66aa5000-66af3000 rw-p 00000000 00:00 0          [stack:16648]
66af3000-66af6000 ---p 00000000 00:00 0 
66af6000-66b44000 rw-p 00000000 00:00 0          [stack:16647]
66b44000-66b47000 ---p 00000000 00:00 0 
66b47000-66b95000 rw-p 00000000 00:00 0          [stack:16646]
66b95000-66b98000 ---p 00000000 00:00 0 
66b98000-66da7000 rw-p 00000000 00:00 0          [stack:16645]
66da7000-66e17000 r-xp 00000000 08:01 394656     /lib/i386-linux-gnu/libpcre.so.3.13.1
66e17000-66e18000 r--p 0006f000 08:01 394656     /lib/i386-linux-gnu/libpcre.so.3.13.1
66e18000-66e19000 rw-p 00070000 08:01 394656     /lib/i386-linux-gnu/libpcre.so.3.13.1
66e19000-66f3f000 r-xp 00000000 08:01 394573     /lib/i386-linux-gnu/libglib-2.0.so.0.4400.0
66f3f000-66f40000 r--p 00125000 08:01 394573     /lib/i386-linux-gnu/libglib-2.0.so.0.4400.0
66f40000-66f41000 rw-p 00126000 08:01 394573     /lib/i386-linux-gnu/libglib-2.0.so.0.4400.0
66f41000-670fa000 r-xp 00000000 08:01 137357     /usr/lib/i386-linux-gnu/libgio-2.0.so.0.4400.0
670fa000-670fd000 r--p 001b8000 08:01 137357     /usr/lib/i386-linux-gnu/libgio-2.0.so.0.4400.0
670fd000-670ff000 rw-p 001bb000 08:01 137357     /usr/lib/i386-linux-gnu/libgio-2.0.so.0.4400.0
670ff000-67100000 rw-p 00000000 00:00 0 
67100000-67192000 rw-p 00000000 00:00 0 
67192000-67200000 ---p 00000000 00:00 0 
6720c000-67230000 r-xp 00000000 08:01 394683     /lib/i386-linux-gnu/libselinux.so.1
67230000-67231000 r--p 00024000 08:01 394683     /lib/i386-linux-gnu/libselinux.so.1
67231000-67232000 rw-p 00025000 08:01 394683     /lib/i386-linux-gnu/libselinux.so.1
67232000-67233000 rw-p 00000000 00:00 0 
67233000-6728e000 r-xp 00000000 08:01 137385     /usr/lib/i386-linux-gnu/libgobject-2.0.so.0.4400.0
6728e000-6728f000 r--p 0005b000 08:01 137385     /usr/lib/i386-linux-gnu/libgobject-2.0.so.0.4400.0
6728f000-67290000 rw-p 0005c000 08:01 137385     /usr/lib/i386-linux-gnu/libgobject-2.0.so.0.4400.0
67290000-67291000 ---p 00000000 00:00 0 
67291000-67311000 rw-p 00000000 00:00 0          [stack:16619]
67311000-67314000 ---p 00000000 00:00 0 
67314000-67362000 rw-p 00000000 00:00 0          [stack:16616]
67362000-67365000 ---p 00000000 00:00 0 
67365000-673e3000 rw-p 00000000 00:00 0          [stack:16615]
673e3000-673e6000 ---p 00000000 00:00 0 
673e6000-67464000 rw-p 00000000 00:00 0          [stack:16614]
67464000-675ab000 r-xp 00000000 08:01 136931     /usr/lib/i386-linux-gnu/libX11.so.6.3.0
675ab000-675ac000 r--p 00146000 08:01 136931     /usr/lib/i386-linux-gnu/libX11.so.6.3.0
675ac000-675ae000 rw-p 00147000 08:01 136931     /usr/lib/i386-linux-gnu/libX11.so.6.3.0
675ae000-675af000 rw-p 00000000 00:00 0 
675af000-675b2000 ---p 00000000 00:00 0 
675b2000-67600000 rw-p 00000000 00:00 0          [stack:16612]
67600000-67800000 r--p 00000000 08:01 143362     /usr/lib/locale/locale-archive
67800000-678fd000 rw-p 00000000 00:00 0 
678fd000-67900000 ---p 00000000 00:00 0 
67900000-67921000 rw-p 00000000 00:00 0 
67921000-67a00000 ---p 00000000 00:00 0 
67a00000-67b00000 rw-p 00000000 00:00 0 
67b04000-67b18000 r-xp 00000000 08:01 394679     /lib/i386-linux-gnu/libresolv-2.21.so
67b18000-67b1a000 r--p 00013000 08:01 394679     /lib/i386-linux-gnu/libresolv-2.21.so
67b1a000-67b1b000 rw-p 00015000 08:01 394679     /lib/i386-linux-gnu/libresolv-2.21.so
67b1b000-67b1d000 rw-p 00000000 00:00 0 
67b34000-67b4b000 r-xp 00000000 08:01 805027     /usr/lib/jvm/java-7-openjdk-i386/jre/lib/i386/libnet.so
67b4b000-67b4c000 r--p 00016000 08:01 805027     /usr/lib/jvm/java-7-openjdk-i386/jre/lib/i386/libnet.so
67b4c000-67b4d000 rw-p 00017000 08:01 805027     /usr/lib/jvm/java-7-openjdk-i386/jre/lib/i386/libnet.so
67b4d000-67b4e000 ---p 00000000 00:00 0 
67b4e000-67bce000 rw-p 00000000 00:00 0          [stack:16602]
67bce000-67d80000 r--s 01d2e000 08:01 804984     /usr/lib/jvm/java-7-openjdk-i386/jre/lib/rt.jar
67d80000-6a600000 rw-p 00000000 00:00 0 
6a600000-6a6f2000 rw-p 00000000 00:00 0 
6a6f2000-6a700000 ---p 00000000 00:00 0 
6a702000-6a709000 r-xp 00000000 08:01 137254     /usr/lib/i386-linux-gnu/libffi.so.6.0.4
6a709000-6a70b000 r--p 00006000 08:01 137254     /usr/lib/i386-linux-gnu/libffi.so.6.0.4
6a70b000-6a70c000 rw-p 00008000 08:01 137254     /usr/lib/i386-linux-gnu/libffi.so.6.0.4
6a70c000-6a72c000 r-xp 00000000 08:01 138125     /usr/lib/i386-linux-gnu/libxcb.so.1.1.0
6a72c000-6a72d000 r--p 0001f000 08:01 138125     /usr/lib/i386-linux-gnu/libxcb.so.1.1.0
6a72d000-6a72e000 rw-p 00020000 08:01 138125     /usr/lib/i386-linux-gnu/libxcb.so.1.1.0
6a72e000-6a731000 ---p 00000000 00:00 0 
6a731000-6a77f000 rw-p 00000000 00:00 0          [stack:16608]
6a77f000-6a780000 ---p 00000000 00:00 0 
6a780000-6a800000 rw-p 00000000 00:00 0          [stack:16597]
6a800000-6a821000 rw-p 00000000 00:00 0 
6a821000-6a900000 ---p 00000000 00:00 0 
6a907000-6a917000 r-xp 00000000 08:01 804991     /usr/lib/jvm/java-7-openjdk-i386/jre/lib/i386/libnio.so
6a917000-6a918000 r--p 00010000 08:01 804991     /usr/lib/jvm/java-7-openjdk-i386/jre/lib/i386/libnio.so
6a918000-6a919000 rw-p 00011000 08:01 804991     /usr/lib/jvm/java-7-openjdk-i386/jre/lib/i386/libnio.so
6a919000-6a92e000 r--s 000e5000 08:01 941717     /home/student/test/Pedometer/app/build/intermediates/exploded-aar/com.android.support/support-v4/23.1.1/jars/classes.jar
6a92e000-6a931000 ---p 00000000 00:00 0 
6a931000-6a97f000 rw-p 00000000 00:00 0          [stack:16605]
6a97f000-6a980000 ---p 00000000 00:00 0 
6a980000-6aa00000 rw-p 00000000 00:00 0          [stack:16596]
6aa00000-6aa21000 rw-p 00000000 00:00 0 
6aa21000-6ab00000 ---p 00000000 00:00 0 
6ab05000-6ab08000 r-xp 00000000 08:01 137371     /usr/lib/i386-linux-gnu/libgmodule-2.0.so.0.4400.0
6ab08000-6ab09000 r--p 00002000 08:01 137371     /usr/lib/i386-linux-gnu/libgmodule-2.0.so.0.4400.0
6ab09000-6ab0a000 rw-p 00003000 08:01 137371     /usr/lib/i386-linux-gnu/libgmodule-2.0.so.0.4400.0
6ab0a000-6ab0f000 r-xp 00000000 08:01 136946     /usr/lib/i386-linux-gnu/libXdmcp.so.6.0.0
6ab0f000-6ab10000 r--p 00004000 08:01 136946     /usr/lib/i386-linux-gnu/libXdmcp.so.6.0.0
6ab10000-6ab11000 rw-p 00005000 08:01 136946     /usr/lib/i386-linux-gnu/libXdmcp.so.6.0.0
6ab11000-6ab13000 r-xp 00000000 08:01 136935     /usr/lib/i386-linux-gnu/libXau.so.6.0.0
6ab13000-6ab14000 r--p 00001000 08:01 136935     /usr/lib/i386-linux-gnu/libXau.so.6.0.0
6ab14000-6ab15000 rw-p 00002000 08:01 136935     /usr/lib/i386-linux-gnu/libXau.so.6.0.0
6ab15000-6ab24000 r--s 000df000 08:01 1068117    /home/student/Android/Sdk/build-tools/23.0.2/lib/dx.jar
6ab24000-6ab7f000 rw-p 00000000 00:00 0 
6ab7f000-6ab80000 ---p 00000000 00:00 0 
6ab80000-6ac00000 rw-p 00000000 00:00 0          [stack:16595]
6ac00000-6ac25000 rw-p 00000000 00:00 0 
6ac25000-6ad00000 ---p 00000000 00:00 0 
6ad00000-6ad02000 r-xp 00000000 08:01 141618     /usr/lib/jayatana/libjayatanaag.so
6ad02000-6ad03000 r--p 00001000 08:01 141618     /usr/lib/jayatana/libjayatanaag.so
6ad03000-6ad04000 rw-p 00002000 08:01 141618     /usr/lib/jayatana/libjayatanaag.so
6ad04000-6ad68000 rw-p 00000000 00:00 0 
6ad68000-6ad69000 ---p 00000000 00:00 0 
6ad69000-6adf1000 rw-p 00000000 00:00 0          [stack:16590]
6adf1000-6ae29000 rw-p 00000000 00:00 0 
6ae29000-6ae3e000 rw-p 00000000 00:00 0 
6ae3e000-6af7f000 rw-p 00000000 00:00 0 
6af7f000-6af87000 rw-p 00000000 00:00 0 
6af87000-6afbf000 rw-p 00000000 00:00 0 
6afbf000-6afd4000 rw-p 00000000 00:00 0 
6afd4000-6b114000 rw-p 00000000 00:00 0 
6b114000-6b138000 rw-p 00000000 00:00 0 
6b138000-6b1bf000 rw-p 00000000 00:00 0 
6b1bf000-6c1c0000 rw-p 00000000 00:00 0 
6c1c0000-731c0000 rw-p 00000000 00:00 0 
731c0000-75bc0000 rw-p 00000000 00:00 0 
75bc0000-9dc40000 rw-p 00000000 00:00 0 
9dc40000-a2240000 rw-p 00000000 00:00 0 
a7bc0000-b31c0000 rw-p 00000000 00:00 0 
b31c0000-b31c3000 r--s 0000f000 08:01 804977     /usr/lib/jvm/java-7-openjdk-i386/jre/lib/ext/icedtea-sound.jar
b31c3000-b31c7000 r--s 00085000 08:01 804976     /usr/lib/jvm/java-7-openjdk-i386/jre/lib/ext/localedata.jar
b31c7000-b31cb000 r--s 00034000 08:01 804978     /usr/lib/jvm/java-7-openjdk-i386/jre/lib/ext/sunjce_provider.jar
b31cb000-b31d4000 rw-p 00000000 00:00 0 
b31d4000-b328b000 rw-p 00000000 00:00 0 
b328b000-b34cb000 rwxp 00000000 00:00 0 
b34cb000-b628b000 rw-p 00000000 00:00 0 
b628b000-b6297000 r-xp 00000000 08:01 394626     /lib/i386-linux-gnu/libnss_files-2.21.so
b6297000-b6298000 r--p 0000b000 08:01 394626     /lib/i386-linux-gnu/libnss_files-2.21.so
b6298000-b6299000 rw-p 0000c000 08:01 394626     /lib/i386-linux-gnu/libnss_files-2.21.so
b6299000-b62a4000 r-xp 00000000 08:01 394636     /lib/i386-linux-gnu/libnss_nis-2.21.so
b62a4000-b62a5000 r--p 0000a000 08:01 394636     /lib/i386-linux-gnu/libnss_nis-2.21.so
b62a5000-b62a6000 rw-p 0000b000 08:01 394636     /lib/i386-linux-gnu/libnss_nis-2.21.so
b62a6000-b62bd000 r-xp 00000000 08:01 394620     /lib/i386-linux-gnu/libnsl-2.21.so
b62bd000-b62be000 r--p 00016000 08:01 394620     /lib/i386-linux-gnu/libnsl-2.21.so
b62be000-b62bf000 rw-p 00017000 08:01 394620     /lib/i386-linux-gnu/libnsl-2.21.so
b62bf000-b62c1000 rw-p 00000000 00:00 0 
b62c2000-b62c6000 r--s 0003c000 08:01 804979     /usr/lib/jvm/java-7-openjdk-i386/jre/lib/ext/sunpkcs11.jar
b62c6000-b62ce000 r-xp 00000000 08:01 804995     /usr/lib/jvm/java-7-openjdk-i386/jre/lib/i386/libzip.so
b62ce000-b62cf000 r--p 00007000 08:01 804995     /usr/lib/jvm/java-7-openjdk-i386/jre/lib/i386/libzip.so
b62cf000-b62d0000 rw-p 00008000 08:01 804995     /usr/lib/jvm/java-7-openjdk-i386/jre/lib/i386/libzip.so
b62d0000-b62d8000 rw-s 00000000 08:01 429265     /tmp/hsperfdata_student/16580
b62d8000-b62fe000 r-xp 00000000 08:01 805003     /usr/lib/jvm/java-7-openjdk-i386/jre/lib/i386/libjava.so
b62fe000-b62ff000 r--p 00025000 08:01 805003     /usr/lib/jvm/java-7-openjdk-i386/jre/lib/i386/libjava.so
b62ff000-b6300000 rw-p 00026000 08:01 805003     /usr/lib/jvm/java-7-openjdk-i386/jre/lib/i386/libjava.so
b6300000-b6400000 rw-p 00000000 00:00 0 
b6400000-b6401000 r--s 00000000 08:01 414147     /usr/share/java/jayatanaag.jar
b6401000-b6403000 r--s 00012000 08:01 804975     /usr/lib/jvm/java-7-openjdk-i386/jre/lib/ext/zipfs.jar
b6403000-b640b000 r-xp 00000000 08:01 394622     /lib/i386-linux-gnu/libnss_compat-2.21.so
b640b000-b640c000 r--p 00007000 08:01 394622     /lib/i386-linux-gnu/libnss_compat-2.21.so
b640c000-b640d000 rw-p 00008000 08:01 394622     /lib/i386-linux-gnu/libnss_compat-2.21.so
b640d000-b6417000 r-xp 00000000 08:01 805017     /usr/lib/jvm/java-7-openjdk-i386/jre/lib/i386/libinstrument.so
b6417000-b6418000 r--p 00009000 08:01 805017     /usr/lib/jvm/java-7-openjdk-i386/jre/lib/i386/libinstrument.so
b6418000-b6419000 rw-p 0000a000 08:01 805017     /usr/lib/jvm/java-7-openjdk-i386/jre/lib/i386/libinstrument.so
b6419000-b6420000 r-xp 00000000 08:01 394681     /lib/i386-linux-gnu/librt-2.21.so
b6420000-b6421000 r--p 00006000 08:01 394681     /lib/i386-linux-gnu/librt-2.21.so
b6421000-b6422000 rw-p 00007000 08:01 394681     /lib/i386-linux-gnu/librt-2.21.so
b6422000-b6425000 ---p 00000000 00:00 0 
b6425000-b6473000 rw-p 00000000 00:00 0          [stack:16589]
b6473000-b648f000 r-xp 00000000 08:01 394569     /lib/i386-linux-gnu/libgcc_s.so.1
b648f000-b6490000 rw-p 0001b000 08:01 394569     /lib/i386-linux-gnu/libgcc_s.so.1
b6490000-b64db000 r-xp 00000000 08:01 394599     /lib/i386-linux-gnu/libm-2.21.so
b64db000-b64dc000 r--p 0004a000 08:01 394599     /lib/i386-linux-gnu/libm-2.21.so
b64dc000-b64dd000 rw-p 0004b000 08:01 394599     /lib/i386-linux-gnu/libm-2.21.so
b64dd000-b65c6000 r-xp 00000000 08:01 137921     /usr/lib/i386-linux-gnu/libstdc++.so.6.0.20
b65c6000-b65ca000 r--p 000e9000 08:01 137921     /usr/lib/i386-linux-gnu/libstdc++.so.6.0.20
b65ca000-b65cb000 rw-p 000ed000 08:01 137921     /usr/lib/i386-linux-gnu/libstdc++.so.6.0.20
b65cb000-b65d2000 rw-p 00000000 00:00 0 
b65d2000-b7125000 r-xp 00000000 08:01 805013     /usr/lib/jvm/java-7-openjdk-i386/jre/lib/i386/server/libjvm.so
b7125000-b7179000 r--p 00b52000 08:01 805013     /usr/lib/jvm/java-7-openjdk-i386/jre/lib/i386/server/libjvm.so
b7179000-b718d000 rw-p 00ba6000 08:01 805013     /usr/lib/jvm/java-7-openjdk-i386/jre/lib/i386/server/libjvm.so
b718d000-b75ac000 rw-p 00000000 00:00 0 
b75ac000-b75c5000 r-xp 00000000 08:01 394714     /lib/i386-linux-gnu/libz.so.1.2.8
b75c5000-b75c6000 r--p 00019000 08:01 394714     /lib/i386-linux-gnu/libz.so.1.2.8
b75c6000-b75c7000 rw-p 0001a000 08:01 394714     /lib/i386-linux-gnu/libz.so.1.2.8
b75c7000-b75e0000 r-xp 00000000 08:01 394673     /lib/i386-linux-gnu/libpthread-2.21.so
b75e0000-b75e1000 r--p 00018000 08:01 394673     /lib/i386-linux-gnu/libpthread-2.21.so
b75e1000-b75e2000 rw-p 00019000 08:01 394673     /lib/i386-linux-gnu/libpthread-2.21.so
b75e2000-b75e4000 rw-p 00000000 00:00 0 
b75e4000-b75e7000 r-xp 00000000 08:01 394557     /lib/i386-linux-gnu/libdl-2.21.so
b75e7000-b75e8000 r--p 00002000 08:01 394557     /lib/i386-linux-gnu/libdl-2.21.so
b75e8000-b75e9000 rw-p 00003000 08:01 394557     /lib/i386-linux-gnu/libdl-2.21.so
b75e9000-b779d000 r-xp 00000000 08:01 394540     /lib/i386-linux-gnu/libc-2.21.so
b779d000-b77a0000 r--p 001b3000 08:01 394540     /lib/i386-linux-gnu/libc-2.21.so
b77a0000-b77a2000 rw-p 001b6000 08:01 394540     /lib/i386-linux-gnu/libc-2.21.so
b77a2000-b77a4000 rw-p 00000000 00:00 0 
b77a4000-b77a5000 r--s 00002000 08:01 804980     /usr/lib/jvm/java-7-openjdk-i386/jre/lib/ext/dnsns.jar
b77a5000-b77a7000 r--s 00006000 08:01 399091     /usr/share/java/java-atk-wrapper.jar
b77a7000-b77a8000 r--p 005e0000 08:01 143362     /usr/lib/locale/locale-archive
b77a8000-b77a9000 rw-p 00000000 00:00 0 
b77a9000-b77aa000 ---p 00000000 00:00 0 
b77aa000-b77b8000 r-xp 00000000 08:01 805022     /usr/lib/jvm/java-7-openjdk-i386/jre/lib/i386/libverify.so
b77b8000-b77ba000 r--p 0000d000 08:01 805022     /usr/lib/jvm/java-7-openjdk-i386/jre/lib/i386/libverify.so
b77ba000-b77bb000 rw-p 0000f000 08:01 805022     /usr/lib/jvm/java-7-openjdk-i386/jre/lib/i386/libverify.so
b77bb000-b77c7000 r-xp 00000000 08:01 805024     /usr/lib/jvm/java-7-openjdk-i386/jre/lib/i386/jli/libjli.so
b77c7000-b77c8000 r--p 0000b000 08:01 805024     /usr/lib/jvm/java-7-openjdk-i386/jre/lib/i386/jli/libjli.so
b77c8000-b77c9000 rw-p 0000c000 08:01 805024     /usr/lib/jvm/java-7-openjdk-i386/jre/lib/i386/jli/libjli.so
b77c9000-b77cc000 rw-p 00000000 00:00 0 
b77cc000-b77ce000 r--p 00000000 00:00 0          [vvar]
b77ce000-b77cf000 r-xp 00000000 00:00 0          [vdso]
b77cf000-b77f1000 r-xp 00000000 08:01 394512     /lib/i386-linux-gnu/ld-2.21.so
b77f1000-b77f2000 r--p 00021000 08:01 394512     /lib/i386-linux-gnu/ld-2.21.so
b77f2000-b77f3000 rw-p 00022000 08:01 394512     /lib/i386-linux-gnu/ld-2.21.so
bfe2e000-bfe2f000 rwxp 00000000 00:00 0 
bfe60000-bfe82000 rw-p 00000000 00:00 0          [stack]

VM Arguments:
jvm_args: -javaagent:/usr/share/java/jayatanaag.jar -Djava.awt.headless=true -Xmx1024M -Dfile.encoding=UTF-8 -Duser.country=US -Duser.language=en -Duser.variant 
java_command: com.android.dx.command.Main --dex --num-threads=4 --multi-dex --output /home/student/test/Pedometer/app/build/intermediates/transforms/dex/debug/folders/1000/10/com.android.support-support-v4-23.1.1_12beaacf3527bbe5452b9d2f71ebe9eaf1a78760 /home/student/test/Pedometer/app/build/intermediates/exploded-aar/com.android.support/support-v4/23.1.1/jars/classes.jar
Launcher Type: SUN_STANDARD

Environment Variables:
JAVA_TOOL_OPTIONS=-javaagent:/usr/share/java/jayatanaag.jar 
PATH=/home/student/.linuxbrew/bin:/usr/local/sbin:/usr/local/bin:/usr/sbin:/usr/bin:/sbin:/bin:/usr/games:/usr/local/games:/etc/android-studio/bin/:/home/student/Android/Sdk/platform-tools:/home/student/Android/Sdk/tools
LD_LIBRARY_PATH=/etc/android-studio/bin:
SHELL=/bin/bash
DISPLAY=:0

Signal Handlers:
SIGSEGV: [libjvm.so+0x7f7d00], sa_mask[0]=0x7ffbfeff, sa_flags=0x10000004
SIGBUS: [libjvm.so+0x7f7d00], sa_mask[0]=0x7ffbfeff, sa_flags=0x10000004
SIGFPE: [libjvm.so+0x67a9d0], sa_mask[0]=0x7ffbfeff, sa_flags=0x10000004
SIGPIPE: [libjvm.so+0x67a9d0], sa_mask[0]=0x7ffbfeff, sa_flags=0x10000004
SIGXFSZ: [libjvm.so+0x67a9d0], sa_mask[0]=0x7ffbfeff, sa_flags=0x10000004
SIGILL: [libjvm.so+0x67a9d0], sa_mask[0]=0x7ffbfeff, sa_flags=0x10000004
SIGUSR1: SIG_DFL, sa_mask[0]=0x00000000, sa_flags=0x00000000
SIGUSR2: [libjvm.so+0x67a820], sa_mask[0]=0x00000004, sa_flags=0x10000004
SIGHUP: [libjvm.so+0x67aa80], sa_mask[0]=0x7ffbfeff, sa_flags=0x10000004
SIGINT: [libjvm.so+0x67aa80], sa_mask[0]=0x7ffbfeff, sa_flags=0x10000004
SIGTERM: [libjvm.so+0x67aa80], sa_mask[0]=0x7ffbfeff, sa_flags=0x10000004
SIGQUIT: [libjvm.so+0x67aa80], sa_mask[0]=0x7ffbfeff, sa_flags=0x10000004
SIGTRAP: SIG_DFL, sa_mask[0]=0x00000000, sa_flags=0x00000000


---------------  S Y S T E M  ---------------

OS:Ubuntu 15.04 (vivid)
uname:Linux 3.19.0-18-generic #18-Ubuntu SMP Tue May 19 18:30:59 UTC 2015 i686
libc:glibc 2.21 NPTL 2.21 
rlimit: STACK 8192k, CORE 0k, NPROC 32177, NOFILE 65536, AS infinity
load average:6.71 3.58 2.22

/proc/meminfo:
MemTotal:        4139540 kB
MemFree:          241892 kB
MemAvailable:     175748 kB
Buffers:            1952 kB
Cached:            72480 kB
SwapCached:            0 kB
Active:          3540984 kB
Inactive:          63492 kB
Active(anon):    3531928 kB
Inactive(anon):    37412 kB
Active(file):       9056 kB
Inactive(file):    26080 kB
Unevictable:          32 kB
Mlocked:              32 kB
HighTotal:       3280776 kB
HighFree:          48992 kB
LowTotal:         858764 kB
LowFree:          192900 kB
SwapTotal:             0 kB
SwapFree:              0 kB
Dirty:                 8 kB
Writeback:             0 kB
AnonPages:       3530876 kB
Mapped:            46704 kB
Shmem:             38572 kB
Slab:              47384 kB
SReclaimable:      21892 kB
SUnreclaim:        25492 kB
KernelStack:        4984 kB
PageTables:        14824 kB
NFS_Unstable:          0 kB
Bounce:                0 kB
WritebackTmp:          0 kB
CommitLimit:     2069768 kB
Committed_AS:    6392056 kB
VmallocTotal:     122880 kB
VmallocUsed:       23328 kB
VmallocChunk:      46892 kB
AnonHugePages:   2736128 kB
CmaTotal:              0 kB
CmaFree:               0 kB
HugePages_Total:       0
HugePages_Free:        0
HugePages_Rsvd:        0
HugePages_Surp:        0
Hugepagesize:       2048 kB
DirectMap4k:       59384 kB
DirectMap2M:      854016 kB


CPU:total 4 (1 cores per cpu, 1 threads per core) family 6 model 58 stepping 9, cmov, cx8, fxsr, mmx, sse, sse2, sse3, ssse3, sse4.1, sse4.2, popcnt, avx, aes, erms, tsc, tscinvbit, tscinv

/proc/cpuinfo:
processor	: 0
vendor_id	: GenuineIntel
cpu family	: 6
model		: 58
model name	: Intel(R) Core(TM) i5-3210M CPU @ 2.50GHz
stepping	: 9
microcode	: 0x15
cpu MHz		: 2494.111
cache size	: 3072 KB
physical id	: 0
siblings	: 1
core id		: 0
cpu cores	: 1
apicid		: 0
initial apicid	: 0
fdiv_bug	: no
f00f_bug	: no
coma_bug	: no
fpu		: yes
fpu_exception	: yes
cpuid level	: 13
wp		: yes
flags		: fpu vme de pse tsc msr pae mce cx8 apic sep mtrr pge mca cmov pat pse36 clflush dts mmx fxsr sse sse2 ss nx rdtscp lm constant_tsc arch_perfmon pebs bts xtopology tsc_reliable nonstop_tsc aperfmperf pni pclmulqdq ssse3 cx16 pcid sse4_1 sse4_2 x2apic popcnt tsc_deadline_timer aes xsave avx f16c rdrand hypervisor lahf_lm ida arat epb pln pts dtherm fsgsbase tsc_adjust smep
bugs		:
bogomips	: 4988.22
clflush size	: 64
cache_alignment	: 64
address sizes	: 42 bits physical, 48 bits virtual
power management:

processor	: 1
vendor_id	: GenuineIntel
cpu family	: 6
model		: 58
model name	: Intel(R) Core(TM) i5-3210M CPU @ 2.50GHz
stepping	: 9
microcode	: 0x15
cpu MHz		: 2494.111
cache size	: 3072 KB
physical id	: 2
siblings	: 1
core id		: 0
cpu cores	: 1
apicid		: 2
initial apicid	: 2
fdiv_bug	: no
f00f_bug	: no
coma_bug	: no
fpu		: yes
fpu_exception	: yes
cpuid level	: 13
wp		: yes
flags		: fpu vme de pse tsc msr pae mce cx8 apic sep mtrr pge mca cmov pat pse36 clflush dts mmx fxsr sse sse2 ss nx rdtscp lm constant_tsc arch_perfmon pebs bts xtopology tsc_reliable nonstop_tsc aperfmperf pni pclmulqdq ssse3 cx16 pcid sse4_1 sse4_2 x2apic popcnt tsc_deadline_timer aes xsave avx f16c rdrand hypervisor lahf_lm ida arat epb pln pts dtherm fsgsbase tsc_adjust smep
bugs		:
bogomips	: 4988.22
clflush size	: 64
cache_alignment	: 64
address sizes	: 42 bits physical, 48 bits virtual
power management:

processor	: 2
vendor_id	: GenuineIntel
cpu family	: 6
model		: 58
model name	: Intel(R) Core(TM) i5-3210M CPU @ 2.50GHz
stepping	: 9
microcode	: 0x15
cpu MHz		: 2494.111
cache size	: 3072 KB
physical id	: 4
siblings	: 1
core id		: 0
cpu cores	: 1
apicid		: 4
initial apicid	: 4
fdiv_bug	: no
f00f_bug	: no
coma_bug	: no
fpu		: yes
fpu_exception	: yes
cpuid level	: 13
wp		: yes
flags		: fpu vme de pse tsc msr pae mce cx8 apic sep mtrr pge mca cmov pat pse36 clflush dts mmx fxsr sse sse2 ss nx rdtscp lm constant_tsc arch_perfmon pebs bts xtopology tsc_reliable nonstop_tsc aperfmperf pni pclmulqdq ssse3 cx16 pcid sse4_1 sse4_2 x2apic popcnt tsc_deadline_timer aes xsave avx f16c rdrand hypervisor lahf_lm ida arat epb pln pts dtherm fsgsbase tsc_adjust smep
bugs		:
bogomips	: 4988.22
clflush size	: 64
cache_alignment	: 64
address sizes	: 42 bits physical, 48 bits virtual
power management:

processor	: 3
vendor_id	: GenuineIntel
cpu family	: 6
model		: 58
model name	: Intel(R) Core(TM) i5-3210M CPU @ 2.50GHz
stepping	: 9
microcode	: 0x15
cpu MHz		: 2494.111
cache size	: 3072 KB
physical id	: 6
siblings	: 1
core id		: 0
cpu cores	: 1
apicid		: 6
initial apicid	: 6
fdiv_bug	: no
f00f_bug	: no
coma_bug	: no
fpu		: yes
fpu_exception	: yes
cpuid level	: 13
wp		: yes
flags		: fpu vme de pse tsc msr pae mce cx8 apic sep mtrr pge mca cmov pat pse36 clflush dts mmx fxsr sse sse2 ss nx rdtscp lm constant_tsc arch_perfmon pebs bts xtopology tsc_reliable nonstop_tsc aperfmperf pni pclmulqdq ssse3 cx16 pcid sse4_1 sse4_2 x2apic popcnt tsc_deadline_timer aes xsave avx f16c rdrand hypervisor lahf_lm ida arat epb pln pts dtherm fsgsbase tsc_adjust smep
bugs		:
bogomips	: 4988.22
clflush size	: 64
cache_alignment	: 64
address sizes	: 42 bits physical, 48 bits virtual
power management:



Memory: 4k page, physical 4139540k(241892k free), swap 0k(0k free)

vm_info: OpenJDK Server VM (24.91-b01) for linux-x86 JRE (1.7.0_91-b02), built on Nov 19 2015 06:25:06 by "buildd" with gcc 4.9.2

time: Sun May  1 14:23:35 2016
elapsed time: 12 seconds

