#
# There is insufficient memory for the Java Runtime Environment to continue.
# Native memory allocation (malloc) failed to allocate 154140672 bytes for committing reserved memory.
# Possible reasons:
#   The system is out of physical RAM or swap space
#   In 32 bit mode, the process size limit was hit
# Possible solutions:
#   Reduce memory load on the system
#   Increase physical memory or swap space
#   Check if swap backing store is full
#   Use 64 bit Java on a 64 bit OS
#   Decrease Java heap size (-Xmx/-Xms)
#   Decrease number of Java threads
#   Decrease Java thread stack sizes (-Xss)
#   Set larger code cache with -XX:ReservedCodeCacheSize=
# This output file may be truncated or incomplete.
#
#  Out of Memory Error (os_linux.cpp:2827), pid=12950, tid=1739381568
#
# JRE version: OpenJDK Runtime Environment (7.0_91-b02) (build 1.7.0_91-b02)
# Java VM: OpenJDK Server VM (24.91-b01 mixed mode linux-x86 )
# Derivative: IcedTea 2.6.3
# Distribution: Ubuntu 15.04, package 7u91-2.6.3-0ubuntu0.15.04.1
# Failed to write core dump. Core dumps have been disabled. To enable core dumping, try "ulimit -c unlimited" before starting Java again
#

---------------  T H R E A D  ---------------

Current thread (0x67981400):  VMThread [stack: 0x67a4d000,0x67ace000] [id=12960]

Stack: [0x67a4d000,0x67ace000]
VM_Operation (0x66ae4b3c): ParallelGCFailedAllocation, mode: safepoint, requested by thread 0x67047c00


---------------  P R O C E S S  ---------------

Java Threads: ( => current thread )
  0x6704ec00 JavaThread "pool-1-thread-4" [_thread_blocked, id=12991, stack(0x66951000,0x669a2000)]
  0x6704dc00 JavaThread "pool-1-thread-3" [_thread_blocked, id=12990, stack(0x669a2000,0x669f3000)]
  0x6704c800 JavaThread "pool-1-thread-2" [_thread_blocked, id=12989, stack(0x669f3000,0x66a44000)]
  0x6704a000 JavaThread "pool-2-thread-1" [_thread_blocked, id=12988, stack(0x66a44000,0x66a95000)]
  0x67047c00 JavaThread "pool-1-thread-1" [_thread_blocked, id=12987, stack(0x66a95000,0x66ae6000)]
  0x679ee800 JavaThread "Service Thread" daemon [_thread_blocked, id=12977, stack(0x67211000,0x67262000)]
  0x679ec800 JavaThread "C2 CompilerThread1" daemon [_thread_blocked, id=12976, stack(0x67262000,0x672e3000)]
  0x679eb400 JavaThread "C2 CompilerThread0" daemon [_thread_blocked, id=12975, stack(0x672e3000,0x67364000)]
  0x67998400 JavaThread "Signal Dispatcher" daemon [_thread_blocked, id=12966, stack(0x674af000,0x67500000)]
  0x67985400 JavaThread "Finalizer" daemon [_thread_blocked, id=12962, stack(0x6a62e000,0x6a67f000)]
  0x67983c00 JavaThread "Reference Handler" daemon [_thread_blocked, id=12961, stack(0x6a82e000,0x6a87f000)]
  0xb6208400 JavaThread "main" [_thread_blocked, id=12953, stack(0xb6332000,0xb6383000)]

Other Threads:
=>0x67981400 VMThread [stack: 0x67a4d000,0x67ace000] [id=12960]
  0x679f0800 WatcherThread [stack: 0x67190000,0x67211000] [id=12978]

VM state:at safepoint (normal execution)

VM Mutex/Monitor currently owned by a thread:  ([mutex/lock_event])
[0xb6205df0] Threads_lock - owner thread: 0x67981400
[0xb6206200] Heap_lock - owner thread: 0x67047c00

Heap
 PSYoungGen      total 148992K, used 18166K [0x9db40000, 0xa80c0000, 0xb30c0000)
  eden space 130816K, 0% used [0x9db40000,0x9db40000,0xa5b00000)
  from space 18176K, 99% used [0xa5b00000,0xa6cbda88,0xa6cc0000)
  to   space 15872K, 0% used [0xa6cc0000,0xa6cc0000,0xa7c40000)
 ParOldGen       total 43008K, used 38856K [0x730c0000, 0x75ac0000, 0x9db40000)
  object space 43008K, 90% used [0x730c0000,0x756b23a0,0x75ac0000)
 PSPermGen       total 16384K, used 4349K [0x6b0c0000, 0x6c0c0000, 0x730c0000)
  object space 16384K, 26% used [0x6b0c0000,0x6b4ff778,0x6c0c0000)

Card table byte_map: [0x6ae7f000,0x6b0c0000] byte_map_base: 0x6ab26a00

Polling page: 0xb76b9000

Code Cache  [0xb319d000, 0xb33dd000, 0xb619d000)
 total_blobs=580 nmethods=457 adapters=76 free_code_cache=47414Kb largest_free_block=48501376

Compilation events (10 events):
Event: 19.235 Thread 0x679ec800 nmethod 475 0xb332df08 code [0xb332e060, 0xb332e6d0]
Event: 19.235 Thread 0x679ec800  476             com.android.dx.ssa.back.FirstFitLocalCombiningAllocator::getParameterIndexForReg (55 bytes)
Event: 19.278 Thread 0x679ec800 nmethod 476 0xb32b7088 code [0xb32b71c0, 0xb32b745c]
Event: 19.278 Thread 0x679ec800  477             com.android.dx.rop.code.Rops::ropFor (771 bytes)
Event: 20.014 Thread 0x679eb400 nmethod 474 0xb3355088 code [0xb33554e0, 0xb3357e10]
Event: 20.014 Thread 0x679eb400  478             com.android.dx.cf.code.BaseMachine::getInitValues (5 bytes)
Event: 20.015 Thread 0x679eb400 nmethod 478 0xb3247008 code [0xb32470e0, 0xb3247130]
Event: 20.015 Thread 0x679eb400  479             com.android.dx.cf.code.BaseMachine::getAuxCases (5 bytes)
Event: 20.015 Thread 0x679eb400 nmethod 479 0xb3246e08 code [0xb3246ee0, 0xb3246f30]
Event: 20.015 Thread 0x679eb400  480             com.android.dx.ssa.ConstCollector::getConstsSortedByCountUse (386 bytes)

GC Heap History (10 events):
Event: 2.528 GC heap after
Heap after GC invocations=2 (full 0):
 PSYoungGen      total 35840K, used 2549K [0x9db40000, 0xa00c0000, 0xb30c0000)
  eden space 33280K, 0% used [0x9db40000,0x9db40000,0x9fbc0000)
  from space 2560K, 99% used [0x9fe40000,0xa00bd480,0xa00c0000)
  to   space 2560K, 0% used [0x9fbc0000,0x9fbc0000,0x9fe40000)
 ParOldGen       total 43008K, used 1459K [0x730c0000, 0x75ac0000, 0x9db40000)
  object space 43008K, 3% used [0x730c0000,0x7322cdf0,0x75ac0000)
 PSPermGen       total 16384K, used 4124K [0x6b0c0000, 0x6c0c0000, 0x730c0000)
  object space 16384K, 25% used [0x6b0c0000,0x6b4c72f8,0x6c0c0000)
}
Event: 5.808 GC heap before
{Heap before GC invocations=3 (full 0):
 PSYoungGen      total 35840K, used 35829K [0x9db40000, 0xa00c0000, 0xb30c0000)
  eden space 33280K, 100% used [0x9db40000,0x9fbc0000,0x9fbc0000)
  from space 2560K, 99% used [0x9fe40000,0xa00bd480,0xa00c0000)
  to   space 2560K, 0% used [0x9fbc0000,0x9fbc0000,0x9fe40000)
 ParOldGen       total 43008K, used 1459K [0x730c0000, 0x75ac0000, 0x9db40000)
  object space 43008K, 3% used [0x730c0000,0x7322cdf0,0x75ac0000)
 PSPermGen       total 16384K, used 4234K [0x6b0c0000, 0x6c0c0000, 0x730c0000)
  object space 16384K, 25% used [0x6b0c0000,0x6b4e28a8,0x6c0c0000)
Event: 5.917 GC heap after
Heap after GC invocations=3 (full 0):
 PSYoungGen      total 35840K, used 2559K [0x9db40000, 0xa2140000, 0xb30c0000)
  eden space 33280K, 0% used [0x9db40000,0x9db40000,0x9fbc0000)
  from space 2560K, 99% used [0x9fbc0000,0x9fe3fd20,0x9fe40000)
  to   space 2560K, 0% used [0xa1ec0000,0xa1ec0000,0xa2140000)
 ParOldGen       total 43008K, used 6927K [0x730c0000, 0x75ac0000, 0x9db40000)
  object space 43008K, 16% used [0x730c0000,0x73783f98,0x75ac0000)
 PSPermGen       total 16384K, used 4234K [0x6b0c0000, 0x6c0c0000, 0x730c0000)
  object space 16384K, 25% used [0x6b0c0000,0x6b4e28a8,0x6c0c0000)
}
Event: 8.254 GC heap before
{Heap before GC invocations=4 (full 0):
 PSYoungGen      total 35840K, used 35839K [0x9db40000, 0xa2140000, 0xb30c0000)
  eden space 33280K, 100% used [0x9db40000,0x9fbc0000,0x9fbc0000)
  from space 2560K, 99% used [0x9fbc0000,0x9fe3fd20,0x9fe40000)
  to   space 2560K, 0% used [0xa1ec0000,0xa1ec0000,0xa2140000)
 ParOldGen       total 43008K, used 6927K [0x730c0000, 0x75ac0000, 0x9db40000)
  object space 43008K, 16% used [0x730c0000,0x73783f98,0x75ac0000)
 PSPermGen       total 16384K, used 4257K [0x6b0c0000, 0x6c0c0000, 0x730c0000)
  object space 16384K, 25% used [0x6b0c0000,0x6b4e87f0,0x6c0c0000)
Event: 8.355 GC heap after
Heap after GC invocations=4 (full 0):
 PSYoungGen      total 69120K, used 2558K [0x9db40000, 0xa2140000, 0xb30c0000)
  eden space 66560K, 0% used [0x9db40000,0x9db40000,0xa1c40000)
  from space 2560K, 99% used [0xa1ec0000,0xa213f9d0,0xa2140000)
  to   space 2560K, 0% used [0xa1c40000,0xa1c40000,0xa1ec0000)
 ParOldGen       total 43008K, used 13248K [0x730c0000, 0x75ac0000, 0x9db40000)
  object space 43008K, 30% used [0x730c0000,0x73db0358,0x75ac0000)
 PSPermGen       total 16384K, used 4257K [0x6b0c0000, 0x6c0c0000, 0x730c0000)
  object space 16384K, 25% used [0x6b0c0000,0x6b4e87f0,0x6c0c0000)
}
Event: 12.759 GC heap before
{Heap before GC invocations=5 (full 0):
 PSYoungGen      total 69120K, used 69118K [0x9db40000, 0xa2140000, 0xb30c0000)
  eden space 66560K, 100% used [0x9db40000,0xa1c40000,0xa1c40000)
  from space 2560K, 99% used [0xa1ec0000,0xa213f9d0,0xa2140000)
  to   space 2560K, 0% used [0xa1c40000,0xa1c40000,0xa1ec0000)
 ParOldGen       total 43008K, used 13248K [0x730c0000, 0x75ac0000, 0x9db40000)
  object space 43008K, 30% used [0x730c0000,0x73db0358,0x75ac0000)
 PSPermGen       total 16384K, used 4286K [0x6b0c0000, 0x6c0c0000, 0x730c0000)
  object space 16384K, 26% used [0x6b0c0000,0x6b4efb88,0x6c0c0000)
Event: 12.881 GC heap after
Heap after GC invocations=5 (full 0):
 PSYoungGen      total 69120K, used 2547K [0x9db40000, 0xa7c40000, 0xb30c0000)
  eden space 66560K, 0% used [0x9db40000,0x9db40000,0xa1c40000)
  from space 2560K, 99% used [0xa1c40000,0xa1ebcda0,0xa1ec0000)
  to   space 15872K, 0% used [0xa6cc0000,0xa6cc0000,0xa7c40000)
 ParOldGen       total 43008K, used 24005K [0x730c0000, 0x75ac0000, 0x9db40000)
  object space 43008K, 55% used [0x730c0000,0x748314e8,0x75ac0000)
 PSPermGen       total 16384K, used 4286K [0x6b0c0000, 0x6c0c0000, 0x730c0000)
  object space 16384K, 26% used [0x6b0c0000,0x6b4efb88,0x6c0c0000)
}
Event: 15.174 GC heap before
{Heap before GC invocations=6 (full 0):
 PSYoungGen      total 69120K, used 69107K [0x9db40000, 0xa7c40000, 0xb30c0000)
  eden space 66560K, 100% used [0x9db40000,0xa1c40000,0xa1c40000)
  from space 2560K, 99% used [0xa1c40000,0xa1ebcda0,0xa1ec0000)
  to   space 15872K, 0% used [0xa6cc0000,0xa6cc0000,0xa7c40000)
 ParOldGen       total 43008K, used 24005K [0x730c0000, 0x75ac0000, 0x9db40000)
  object space 43008K, 55% used [0x730c0000,0x748314e8,0x75ac0000)
 PSPermGen       total 16384K, used 4303K [0x6b0c0000, 0x6c0c0000, 0x730c0000)
  object space 16384K, 26% used [0x6b0c0000,0x6b4f3cd0,0x6c0c0000)
Event: 15.276 GC heap after
Heap after GC invocations=6 (full 0):
 PSYoungGen      total 146688K, used 13547K [0x9db40000, 0xa80c0000, 0xb30c0000)
  eden space 130816K, 0% used [0x9db40000,0x9db40000,0xa5b00000)
  from space 15872K, 85% used [0xa6cc0000,0xa79fad30,0xa7c40000)
  to   space 18176K, 0% used [0xa5b00000,0xa5b00000,0xa6cc0000)
 ParOldGen       total 43008K, used 24005K [0x730c0000, 0x75ac0000, 0x9db40000)
  object space 43008K, 55% used [0x730c0000,0x748314e8,0x75ac0000)
 PSPermGen       total 16384K, used 4303K [0x6b0c0000, 0x6c0c0000, 0x730c0000)
  object space 16384K, 26% used [0x6b0c0000,0x6b4f3cd0,0x6c0c0000)
}
Event: 20.371 GC heap before
{Heap before GC invocations=7 (full 0):
 PSYoungGen      total 146688K, used 144363K [0x9db40000, 0xa80c0000, 0xb30c0000)
  eden space 130816K, 100% used [0x9db40000,0xa5b00000,0xa5b00000)
  from space 15872K, 85% used [0xa6cc0000,0xa79fad30,0xa7c40000)
  to   space 18176K, 0% used [0xa5b00000,0xa5b00000,0xa6cc0000)
 ParOldGen       total 43008K, used 24005K [0x730c0000, 0x75ac0000, 0x9db40000)
  object space 43008K, 55% used [0x730c0000,0x748314e8,0x75ac0000)
 PSPermGen       total 16384K, used 4349K [0x6b0c0000, 0x6c0c0000, 0x730c0000)
  object space 16384K, 26% used [0x6b0c0000,0x6b4ff778,0x6c0c0000)

Deoptimization events (10 events):
Event: 15.646 Thread 0x67047c00 Uncommon trap: reason=bimorphic action=maybe_recompile pc=0xb32d5b48 method=com.android.dx.cf.code.BytecodeArray.parseInstruction(ILcom/android/dx/cf/code/BytecodeArray$Visitor;)I @ 1161
Event: 15.647 Thread 0x67047c00 Uncommon trap: reason=bimorphic action=maybe_recompile pc=0xb32d5b48 method=com.android.dx.cf.code.BytecodeArray.parseInstruction(ILcom/android/dx/cf/code/BytecodeArray$Visitor;)I @ 1161
Event: 15.894 Thread 0x67047c00 Uncommon trap: reason=bimorphic action=maybe_recompile pc=0xb32d5eb0 method=com.android.dx.cf.code.BytecodeArray.parseInstruction(ILcom/android/dx/cf/code/BytecodeArray$Visitor;)I @ 1357
Event: 15.907 Thread 0x67047c00 Uncommon trap: reason=bimorphic action=maybe_recompile pc=0xb32d5eb0 method=com.android.dx.cf.code.BytecodeArray.parseInstruction(ILcom/android/dx/cf/code/BytecodeArray$Visitor;)I @ 1357
Event: 15.917 Thread 0x67047c00 Uncommon trap: reason=unstable_if action=reinterpret pc=0xb3251764 method=com.android.dx.ssa.Dominators.run()V @ 346
Event: 16.052 Thread 0x6704dc00 Uncommon trap: reason=unstable_if action=reinterpret pc=0xb32486c4 method=com.android.dx.ssa.MoveParamCombiner$1.visitNonMoveInsn(Lcom/android/dx/ssa/NormalSsaInsn;)V @ 27
Event: 16.379 Thread 0x6704dc00 Uncommon trap: reason=bimorphic action=maybe_recompile pc=0xb32f3198 method=com.android.dx.ssa.LiteralOpUpgrader.tryReplacingWithConstant(Lcom/android/dx/ssa/NormalSsaInsn;)Z @ 62
Event: 16.507 Thread 0x6704dc00 Uncommon trap: reason=bimorphic action=maybe_recompile pc=0xb32f3198 method=com.android.dx.ssa.LiteralOpUpgrader.tryReplacingWithConstant(Lcom/android/dx/ssa/NormalSsaInsn;)Z @ 62
Event: 18.449 Thread 0x6704c800 Uncommon trap: reason=unstable_if action=reinterpret pc=0xb32ba2b0 method=com.android.dx.ssa.PhiTypeResolver.resolveResultType(Lcom/android/dx/ssa/PhiInsn;)Z @ 280
Event: 20.269 Thread 0x6704ec00 Uncommon trap: reason=null_check action=make_not_entrant pc=0xb33410ac method=com.android.dx.rop.cst.CstType.intern(Lcom/android/dx/rop/type/Type;)Lcom/android/dx/rop/cst/CstType; @ 13

Internal exceptions (10 events):
Event: 4.360 Thread 0x6704ec00 Implicit null exception at 0xb320e9ab to 0xb320ea91
Event: 4.513 Thread 0x6704c800 Threw 0x9e832dd0 at /build/openjdk-7-PdBaKN/openjdk-7-7u91-2.6.3/build/openjdk/hotspot/src/share/vm/prims/jvm.cpp:1322
Event: 5.747 Thread 0xb6208400 Threw 0x9fa0baf8 at /build/openjdk-7-PdBaKN/openjdk-7-7u91-2.6.3/build/openjdk/hotspot/src/share/vm/prims/jvm.cpp:1322
Event: 6.053 Thread 0xb6208400 Threw 0x9dc45790 at /build/openjdk-7-PdBaKN/openjdk-7-7u91-2.6.3/build/openjdk/hotspot/src/share/vm/prims/jvm.cpp:1322
Event: 7.552 Thread 0x6704dc00 Threw 0x9f11d9b8 at /build/openjdk-7-PdBaKN/openjdk-7-7u91-2.6.3/build/openjdk/hotspot/src/share/vm/prims/jvm.cpp:1322
Event: 10.075 Thread 0xb6208400 Implicit null exception at 0xb3278462 to 0xb32789ed
Event: 13.660 Thread 0x6704dc00 Implicit null exception at 0xb326f69c to 0xb326f805
Event: 13.660 Thread 0x6704dc00 Implicit null exception at 0xb3246f16 to 0xb3247015
Event: 13.794 Thread 0xb6208400 Threw 0x9f4b6ff8 at /build/openjdk-7-PdBaKN/openjdk-7-7u91-2.6.3/build/openjdk/hotspot/src/share/vm/prims/jvm.cpp:1322
Event: 20.269 Thread 0x6704ec00 Implicit null exception at 0xb333faa0 to 0xb33410a1

Events (10 events):
Event: 17.403 Thread 0x679ec800 flushing nmethod 0xb32b52c8
Event: 18.449 Thread 0x6704c800 Uncommon trap: trap_request=0xffffff75 fr.pc=0xb32ba2b0
Event: 18.449 Thread 0x6704c800 DEOPT PACKING pc=0xb32ba2b0 sp=0x66a42c10
Event: 18.449 Thread 0x6704c800 DEOPT UNPACKING pc=0xb31c9bc8 sp=0x66a42bb8 mode 2
Event: 18.963 Thread 0x679eb400 flushing nmethod 0xb3246e08
Event: 18.973 Thread 0x679eb400 flushing nmethod 0xb326f488
Event: 20.269 Thread 0x6704ec00 Uncommon trap: trap_request=0xfffffff4 fr.pc=0xb33410ac
Event: 20.269 Thread 0x6704ec00 DEOPT PACKING pc=0xb33410ac sp=0x669a0b00
Event: 20.269 Thread 0x6704ec00 DEOPT UNPACKING pc=0xb31c9bc8 sp=0x669a0a9c mode 2
Event: 20.344 Executing VM operation: ParallelGCFailedAllocation


Dynamic libraries:
08048000-08049000 r-xp 00000000 08:01 804961     /usr/lib/jvm/java-7-openjdk-i386/jre/bin/java
08049000-0804a000 r--p 00000000 08:01 804961     /usr/lib/jvm/java-7-openjdk-i386/jre/bin/java
0804a000-0804b000 rw-p 00001000 08:01 804961     /usr/lib/jvm/java-7-openjdk-i386/jre/bin/java
08974000-08a39000 rw-p 00000000 00:00 0          [heap]
65400000-654ff000 rw-p 00000000 00:00 0 
654ff000-65500000 ---p 00000000 00:00 0 
65600000-656f0000 rw-p 00000000 00:00 0 
656f0000-65700000 ---p 00000000 00:00 0 
65800000-658f4000 rw-p 00000000 00:00 0 
658f4000-65900000 ---p 00000000 00:00 0 
65900000-659f9000 rw-p 00000000 00:00 0 
659f9000-65a00000 ---p 00000000 00:00 0 
65a00000-65afc000 rw-p 00000000 00:00 0 
65afc000-65b00000 ---p 00000000 00:00 0 
65b00000-65c00000 rw-p 00000000 00:00 0 
65c00000-65cfe000 rw-p 00000000 00:00 0 
65cfe000-65d00000 ---p 00000000 00:00 0 
65d00000-65dfa000 rw-p 00000000 00:00 0 
65dfa000-65e00000 ---p 00000000 00:00 0 
65e00000-65efc000 rw-p 00000000 00:00 0 
65efc000-65f00000 ---p 00000000 00:00 0 
65f00000-65ff2000 rw-p 00000000 00:00 0 
65ff2000-66000000 ---p 00000000 00:00 0 
66000000-6609b000 rw-p 00000000 00:00 0 
6609b000-66100000 ---p 00000000 00:00 0 
66100000-66200000 rw-p 00000000 00:00 0 
66200000-662f6000 rw-p 00000000 00:00 0 
662f6000-66300000 ---p 00000000 00:00 0 
66400000-664fb000 rw-p 00000000 00:00 0 
664fb000-66500000 ---p 00000000 00:00 0 
66600000-666dd000 rw-p 00000000 00:00 0 
666dd000-66700000 ---p 00000000 00:00 0 
66700000-667fb000 rw-p 00000000 00:00 0 
667fb000-66800000 ---p 00000000 00:00 0 
66800000-668ea000 rw-p 00000000 00:00 0 
668ea000-66900000 ---p 00000000 00:00 0 
66951000-66954000 ---p 00000000 00:00 0 
66954000-669a2000 rw-p 00000000 00:00 0          [stack:12991]
669a2000-669a5000 ---p 00000000 00:00 0 
669a5000-669f3000 rw-p 00000000 00:00 0          [stack:12990]
669f3000-669f6000 ---p 00000000 00:00 0 
669f6000-66a44000 rw-p 00000000 00:00 0          [stack:12989]
66a44000-66a47000 ---p 00000000 00:00 0 
66a47000-66a95000 rw-p 00000000 00:00 0          [stack:12988]
66a95000-66a98000 ---p 00000000 00:00 0 
66a98000-66ca7000 rw-p 00000000 00:00 0          [stack:12987]
66ca7000-66d17000 r-xp 00000000 08:01 394656     /lib/i386-linux-gnu/libpcre.so.3.13.1
66d17000-66d18000 r--p 0006f000 08:01 394656     /lib/i386-linux-gnu/libpcre.so.3.13.1
66d18000-66d19000 rw-p 00070000 08:01 394656     /lib/i386-linux-gnu/libpcre.so.3.13.1
66d19000-66e3f000 r-xp 00000000 08:01 394573     /lib/i386-linux-gnu/libglib-2.0.so.0.4400.0
66e3f000-66e40000 r--p 00125000 08:01 394573     /lib/i386-linux-gnu/libglib-2.0.so.0.4400.0
66e40000-66e41000 rw-p 00126000 08:01 394573     /lib/i386-linux-gnu/libglib-2.0.so.0.4400.0
66e41000-66ffa000 r-xp 00000000 08:01 137357     /usr/lib/i386-linux-gnu/libgio-2.0.so.0.4400.0
66ffa000-66ffd000 r--p 001b8000 08:01 137357     /usr/lib/i386-linux-gnu/libgio-2.0.so.0.4400.0
66ffd000-66fff000 rw-p 001bb000 08:01 137357     /usr/lib/i386-linux-gnu/libgio-2.0.so.0.4400.0
66fff000-67000000 rw-p 00000000 00:00 0 
67000000-6706d000 rw-p 00000000 00:00 0 
6706d000-67100000 ---p 00000000 00:00 0 
6711a000-6712e000 r-xp 00000000 08:01 394679     /lib/i386-linux-gnu/libresolv-2.21.so
6712e000-67130000 r--p 00013000 08:01 394679     /lib/i386-linux-gnu/libresolv-2.21.so
67130000-67131000 rw-p 00015000 08:01 394679     /lib/i386-linux-gnu/libresolv-2.21.so
67131000-67133000 rw-p 00000000 00:00 0 
67133000-6718e000 r-xp 00000000 08:01 137385     /usr/lib/i386-linux-gnu/libgobject-2.0.so.0.4400.0
6718e000-6718f000 r--p 0005b000 08:01 137385     /usr/lib/i386-linux-gnu/libgobject-2.0.so.0.4400.0
6718f000-67190000 rw-p 0005c000 08:01 137385     /usr/lib/i386-linux-gnu/libgobject-2.0.so.0.4400.0
67190000-67191000 ---p 00000000 00:00 0 
67191000-67211000 rw-p 00000000 00:00 0          [stack:12978]
67211000-67214000 ---p 00000000 00:00 0 
67214000-67262000 rw-p 00000000 00:00 0          [stack:12977]
67262000-67265000 ---p 00000000 00:00 0 
67265000-672e3000 rw-p 00000000 00:00 0          [stack:12976]
672e3000-672e6000 ---p 00000000 00:00 0 
672e6000-67364000 rw-p 00000000 00:00 0          [stack:12975]
67364000-674ab000 r-xp 00000000 08:01 136931     /usr/lib/i386-linux-gnu/libX11.so.6.3.0
674ab000-674ac000 r--p 00146000 08:01 136931     /usr/lib/i386-linux-gnu/libX11.so.6.3.0
674ac000-674ae000 rw-p 00147000 08:01 136931     /usr/lib/i386-linux-gnu/libX11.so.6.3.0
674ae000-674af000 rw-p 00000000 00:00 0 
674af000-674b2000 ---p 00000000 00:00 0 
674b2000-67500000 rw-p 00000000 00:00 0          [stack:12966]
67500000-67700000 r--p 00000000 08:01 143362     /usr/lib/locale/locale-archive
67700000-677fd000 rw-p 00000000 00:00 0 
677fd000-67800000 ---p 00000000 00:00 0 
67800000-67826000 rw-p 00000000 00:00 0 
67826000-67900000 ---p 00000000 00:00 0 
67900000-67a00000 rw-p 00000000 00:00 0 
67a05000-67a0c000 r-xp 00000000 08:01 137254     /usr/lib/i386-linux-gnu/libffi.so.6.0.4
67a0c000-67a0e000 r--p 00006000 08:01 137254     /usr/lib/i386-linux-gnu/libffi.so.6.0.4
67a0e000-67a0f000 rw-p 00008000 08:01 137254     /usr/lib/i386-linux-gnu/libffi.so.6.0.4
67a0f000-67a33000 r-xp 00000000 08:01 394683     /lib/i386-linux-gnu/libselinux.so.1
67a33000-67a34000 r--p 00024000 08:01 394683     /lib/i386-linux-gnu/libselinux.so.1
67a34000-67a35000 rw-p 00025000 08:01 394683     /lib/i386-linux-gnu/libselinux.so.1
67a35000-67a36000 rw-p 00000000 00:00 0 
67a4d000-67a4e000 ---p 00000000 00:00 0 
67a4e000-67ace000 rw-p 00000000 00:00 0          [stack:12960]
67ace000-67c80000 r--s 01d2e000 08:01 804984     /usr/lib/jvm/java-7-openjdk-i386/jre/lib/rt.jar
67c80000-6a500000 rw-p 00000000 00:00 0 
6a500000-6a5f9000 rw-p 00000000 00:00 0 
6a5f9000-6a600000 ---p 00000000 00:00 0 
6a603000-6a61a000 r-xp 00000000 08:01 805027     /usr/lib/jvm/java-7-openjdk-i386/jre/lib/i386/libnet.so
6a61a000-6a61b000 r--p 00016000 08:01 805027     /usr/lib/jvm/java-7-openjdk-i386/jre/lib/i386/libnet.so
6a61b000-6a61c000 rw-p 00017000 08:01 805027     /usr/lib/jvm/java-7-openjdk-i386/jre/lib/i386/libnet.so
6a61c000-6a62c000 r-xp 00000000 08:01 804991     /usr/lib/jvm/java-7-openjdk-i386/jre/lib/i386/libnio.so
6a62c000-6a62d000 r--p 00010000 08:01 804991     /usr/lib/jvm/java-7-openjdk-i386/jre/lib/i386/libnio.so
6a62d000-6a62e000 rw-p 00011000 08:01 804991     /usr/lib/jvm/java-7-openjdk-i386/jre/lib/i386/libnio.so
6a62e000-6a631000 ---p 00000000 00:00 0 
6a631000-6a67f000 rw-p 00000000 00:00 0          [stack:12962]
6a67f000-6a680000 ---p 00000000 00:00 0 
6a680000-6a700000 rw-p 00000000 00:00 0          [stack:12959]
6a700000-6a721000 rw-p 00000000 00:00 0 
6a721000-6a800000 ---p 00000000 00:00 0 
6a807000-6a80a000 r-xp 00000000 08:01 137371     /usr/lib/i386-linux-gnu/libgmodule-2.0.so.0.4400.0
6a80a000-6a80b000 r--p 00002000 08:01 137371     /usr/lib/i386-linux-gnu/libgmodule-2.0.so.0.4400.0
6a80b000-6a80c000 rw-p 00003000 08:01 137371     /usr/lib/i386-linux-gnu/libgmodule-2.0.so.0.4400.0
6a80c000-6a82c000 r-xp 00000000 08:01 138125     /usr/lib/i386-linux-gnu/libxcb.so.1.1.0
6a82c000-6a82d000 r--p 0001f000 08:01 138125     /usr/lib/i386-linux-gnu/libxcb.so.1.1.0
6a82d000-6a82e000 rw-p 00020000 08:01 138125     /usr/lib/i386-linux-gnu/libxcb.so.1.1.0
6a82e000-6a831000 ---p 00000000 00:00 0 
6a831000-6a87f000 rw-p 00000000 00:00 0          [stack:12961]
6a87f000-6a880000 ---p 00000000 00:00 0 
6a880000-6a900000 rw-p 00000000 00:00 0          [stack:12958]
6a900000-6a921000 rw-p 00000000 00:00 0 
6a921000-6aa00000 ---p 00000000 00:00 0 
6aa01000-6aa06000 r-xp 00000000 08:01 136946     /usr/lib/i386-linux-gnu/libXdmcp.so.6.0.0
6aa06000-6aa07000 r--p 00004000 08:01 136946     /usr/lib/i386-linux-gnu/libXdmcp.so.6.0.0
6aa07000-6aa08000 rw-p 00005000 08:01 136946     /usr/lib/i386-linux-gnu/libXdmcp.so.6.0.0
6aa08000-6aa0a000 r-xp 00000000 08:01 136935     /usr/lib/i386-linux-gnu/libXau.so.6.0.0
6aa0a000-6aa0b000 r--p 00001000 08:01 136935     /usr/lib/i386-linux-gnu/libXau.so.6.0.0
6aa0b000-6aa0c000 rw-p 00002000 08:01 136935     /usr/lib/i386-linux-gnu/libXau.so.6.0.0
6aa0e000-6aa23000 r--s 000e5000 08:01 941706     /home/student/test/Pedometer/app/build/intermediates/exploded-aar/com.android.support/support-v4/23.1.1/jars/classes.jar
6aa23000-6aa25000 r-xp 00000000 08:01 141618     /usr/lib/jayatana/libjayatanaag.so
6aa25000-6aa26000 r--p 00001000 08:01 141618     /usr/lib/jayatana/libjayatanaag.so
6aa26000-6aa27000 rw-p 00002000 08:01 141618     /usr/lib/jayatana/libjayatanaag.so
6aa27000-6aa36000 r--s 000df000 08:01 1068117    /home/student/Android/Sdk/build-tools/23.0.2/lib/dx.jar
6aa36000-6aa7f000 rw-p 00000000 00:00 0 
6aa7f000-6aa80000 ---p 00000000 00:00 0 
6aa80000-6ab00000 rw-p 00000000 00:00 0          [stack:12956]
6ab00000-6ab2b000 rw-p 00000000 00:00 0 
6ab2b000-6ac00000 ---p 00000000 00:00 0 
6ac01000-6ac05000 r--s 00085000 08:01 804976     /usr/lib/jvm/java-7-openjdk-i386/jre/lib/ext/localedata.jar
6ac05000-6ac09000 r--s 00034000 08:01 804978     /usr/lib/jvm/java-7-openjdk-i386/jre/lib/ext/sunjce_provider.jar
6ac09000-6ac0d000 r--s 0003c000 08:01 804979     /usr/lib/jvm/java-7-openjdk-i386/jre/lib/ext/sunpkcs11.jar
6ac0d000-6ac68000 rw-p 00000000 00:00 0 
6ac68000-6ac69000 ---p 00000000 00:00 0 
6ac69000-6acf1000 rw-p 00000000 00:00 0          [stack:12955]
6acf1000-6ad29000 rw-p 00000000 00:00 0 
6ad29000-6ad3e000 rw-p 00000000 00:00 0 
6ad3e000-6ae7f000 rw-p 00000000 00:00 0 
6ae7f000-6ae87000 rw-p 00000000 00:00 0 
6ae87000-6aebf000 rw-p 00000000 00:00 0 
6aebf000-6aed4000 rw-p 00000000 00:00 0 
6aed4000-6b014000 rw-p 00000000 00:00 0 
6b014000-6b067000 rw-p 00000000 00:00 0 
6b067000-6b0bf000 rw-p 00000000 00:00 0 
6b0bf000-6c0c0000 rw-p 00000000 00:00 0 
6c0c0000-730c0000 rw-p 00000000 00:00 0 
730c0000-75ac0000 rw-p 00000000 00:00 0 
75ac0000-9db40000 rw-p 00000000 00:00 0 
9db40000-a80c0000 rw-p 00000000 00:00 0 
b13c0000-b30c0000 rw-p 00000000 00:00 0 
b30c2000-b30e6000 rw-p 00000000 00:00 0 
b30e6000-b319d000 rw-p 00000000 00:00 0 
b319d000-b33dd000 rwxp 00000000 00:00 0 
b33dd000-b619d000 rw-p 00000000 00:00 0 
b619d000-b61a9000 r-xp 00000000 08:01 394626     /lib/i386-linux-gnu/libnss_files-2.21.so
b61a9000-b61aa000 r--p 0000b000 08:01 394626     /lib/i386-linux-gnu/libnss_files-2.21.so
b61aa000-b61ab000 rw-p 0000c000 08:01 394626     /lib/i386-linux-gnu/libnss_files-2.21.so
b61ab000-b61b6000 r-xp 00000000 08:01 394636     /lib/i386-linux-gnu/libnss_nis-2.21.so
b61b6000-b61b7000 r--p 0000a000 08:01 394636     /lib/i386-linux-gnu/libnss_nis-2.21.so
b61b7000-b61b8000 rw-p 0000b000 08:01 394636     /lib/i386-linux-gnu/libnss_nis-2.21.so
b61b8000-b61cf000 r-xp 00000000 08:01 394620     /lib/i386-linux-gnu/libnsl-2.21.so
b61cf000-b61d0000 r--p 00016000 08:01 394620     /lib/i386-linux-gnu/libnsl-2.21.so
b61d0000-b61d1000 rw-p 00017000 08:01 394620     /lib/i386-linux-gnu/libnsl-2.21.so
b61d1000-b61d3000 rw-p 00000000 00:00 0 
b61d3000-b61db000 r-xp 00000000 08:01 394622     /lib/i386-linux-gnu/libnss_compat-2.21.so
b61db000-b61dc000 r--p 00007000 08:01 394622     /lib/i386-linux-gnu/libnss_compat-2.21.so
b61dc000-b61dd000 rw-p 00008000 08:01 394622     /lib/i386-linux-gnu/libnss_compat-2.21.so
b61dd000-b61e0000 r--s 0000f000 08:01 804977     /usr/lib/jvm/java-7-openjdk-i386/jre/lib/ext/icedtea-sound.jar
b61e0000-b61e2000 r--s 00012000 08:01 804975     /usr/lib/jvm/java-7-openjdk-i386/jre/lib/ext/zipfs.jar
b61e2000-b61ea000 r-xp 00000000 08:01 804995     /usr/lib/jvm/java-7-openjdk-i386/jre/lib/i386/libzip.so
b61ea000-b61eb000 r--p 00007000 08:01 804995     /usr/lib/jvm/java-7-openjdk-i386/jre/lib/i386/libzip.so
b61eb000-b61ec000 rw-p 00008000 08:01 804995     /usr/lib/jvm/java-7-openjdk-i386/jre/lib/i386/libzip.so
b61ec000-b61f4000 rw-s 00000000 08:01 429162     /tmp/hsperfdata_student/12950
b61f4000-b61fe000 r-xp 00000000 08:01 805017     /usr/lib/jvm/java-7-openjdk-i386/jre/lib/i386/libinstrument.so
b61fe000-b61ff000 r--p 00009000 08:01 805017     /usr/lib/jvm/java-7-openjdk-i386/jre/lib/i386/libinstrument.so
b61ff000-b6200000 rw-p 0000a000 08:01 805017     /usr/lib/jvm/java-7-openjdk-i386/jre/lib/i386/libinstrument.so
b6200000-b6300000 rw-p 00000000 00:00 0 
b6300000-b6301000 r--s 00000000 08:01 414147     /usr/share/java/jayatanaag.jar
b6301000-b6327000 r-xp 00000000 08:01 805003     /usr/lib/jvm/java-7-openjdk-i386/jre/lib/i386/libjava.so
b6327000-b6328000 r--p 00025000 08:01 805003     /usr/lib/jvm/java-7-openjdk-i386/jre/lib/i386/libjava.so
b6328000-b6329000 rw-p 00026000 08:01 805003     /usr/lib/jvm/java-7-openjdk-i386/jre/lib/i386/libjava.so
b6329000-b6330000 r-xp 00000000 08:01 394681     /lib/i386-linux-gnu/librt-2.21.so
b6330000-b6331000 r--p 00006000 08:01 394681     /lib/i386-linux-gnu/librt-2.21.so
b6331000-b6332000 rw-p 00007000 08:01 394681     /lib/i386-linux-gnu/librt-2.21.so
b6332000-b6335000 ---p 00000000 00:00 0 
b6335000-b6383000 rw-p 00000000 00:00 0          [stack:12953]
b6383000-b639f000 r-xp 00000000 08:01 394569     /lib/i386-linux-gnu/libgcc_s.so.1
b639f000-b63a0000 rw-p 0001b000 08:01 394569     /lib/i386-linux-gnu/libgcc_s.so.1
b63a0000-b63eb000 r-xp 00000000 08:01 394599     /lib/i386-linux-gnu/libm-2.21.so
b63eb000-b63ec000 r--p 0004a000 08:01 394599     /lib/i386-linux-gnu/libm-2.21.so
b63ec000-b63ed000 rw-p 0004b000 08:01 394599     /lib/i386-linux-gnu/libm-2.21.so
b63ed000-b64d6000 r-xp 00000000 08:01 137921     /usr/lib/i386-linux-gnu/libstdc++.so.6.0.20
b64d6000-b64da000 r--p 000e9000 08:01 137921     /usr/lib/i386-linux-gnu/libstdc++.so.6.0.20
b64da000-b64db000 rw-p 000ed000 08:01 137921     /usr/lib/i386-linux-gnu/libstdc++.so.6.0.20
b64db000-b64e2000 rw-p 00000000 00:00 0 
b64e2000-b7035000 r-xp 00000000 08:01 805013     /usr/lib/jvm/java-7-openjdk-i386/jre/lib/i386/server/libjvm.so
b7035000-b7089000 r--p 00b52000 08:01 805013     /usr/lib/jvm/java-7-openjdk-i386/jre/lib/i386/server/libjvm.so
b7089000-b709d000 rw-p 00ba6000 08:01 805013     /usr/lib/jvm/java-7-openjdk-i386/jre/lib/i386/server/libjvm.so
b709d000-b74bc000 rw-p 00000000 00:00 0 
b74bc000-b74d5000 r-xp 00000000 08:01 394714     /lib/i386-linux-gnu/libz.so.1.2.8
b74d5000-b74d6000 r--p 00019000 08:01 394714     /lib/i386-linux-gnu/libz.so.1.2.8
b74d6000-b74d7000 rw-p 0001a000 08:01 394714     /lib/i386-linux-gnu/libz.so.1.2.8
b74d7000-b74f0000 r-xp 00000000 08:01 394673     /lib/i386-linux-gnu/libpthread-2.21.so
b74f0000-b74f1000 r--p 00018000 08:01 394673     /lib/i386-linux-gnu/libpthread-2.21.so
b74f1000-b74f2000 rw-p 00019000 08:01 394673     /lib/i386-linux-gnu/libpthread-2.21.so
b74f2000-b74f4000 rw-p 00000000 00:00 0 
b74f4000-b74f7000 r-xp 00000000 08:01 394557     /lib/i386-linux-gnu/libdl-2.21.so
b74f7000-b74f8000 r--p 00002000 08:01 394557     /lib/i386-linux-gnu/libdl-2.21.so
b74f8000-b74f9000 rw-p 00003000 08:01 394557     /lib/i386-linux-gnu/libdl-2.21.so
b74f9000-b76ad000 r-xp 00000000 08:01 394540     /lib/i386-linux-gnu/libc-2.21.so
b76ad000-b76b0000 r--p 001b3000 08:01 394540     /lib/i386-linux-gnu/libc-2.21.so
b76b0000-b76b2000 rw-p 001b6000 08:01 394540     /lib/i386-linux-gnu/libc-2.21.so
b76b2000-b76b4000 rw-p 00000000 00:00 0 
b76b4000-b76b5000 r--s 00002000 08:01 804980     /usr/lib/jvm/java-7-openjdk-i386/jre/lib/ext/dnsns.jar
b76b5000-b76b7000 r--s 00006000 08:01 399091     /usr/share/java/java-atk-wrapper.jar
b76b7000-b76b8000 r--p 005e0000 08:01 143362     /usr/lib/locale/locale-archive
b76b8000-b76b9000 rw-p 00000000 00:00 0 
b76b9000-b76ba000 ---p 00000000 00:00 0 
b76ba000-b76c8000 r-xp 00000000 08:01 805022     /usr/lib/jvm/java-7-openjdk-i386/jre/lib/i386/libverify.so
b76c8000-b76ca000 r--p 0000d000 08:01 805022     /usr/lib/jvm/java-7-openjdk-i386/jre/lib/i386/libverify.so
b76ca000-b76cb000 rw-p 0000f000 08:01 805022     /usr/lib/jvm/java-7-openjdk-i386/jre/lib/i386/libverify.so
b76cb000-b76d7000 r-xp 00000000 08:01 805024     /usr/lib/jvm/java-7-openjdk-i386/jre/lib/i386/jli/libjli.so
b76d7000-b76d8000 r--p 0000b000 08:01 805024     /usr/lib/jvm/java-7-openjdk-i386/jre/lib/i386/jli/libjli.so
b76d8000-b76d9000 rw-p 0000c000 08:01 805024     /usr/lib/jvm/java-7-openjdk-i386/jre/lib/i386/jli/libjli.so
b76d9000-b76dc000 rw-p 00000000 00:00 0 
b76dc000-b76de000 r--p 00000000 00:00 0          [vvar]
b76de000-b76df000 r-xp 00000000 00:00 0          [vdso]
b76df000-b7701000 r-xp 00000000 08:01 394512     /lib/i386-linux-gnu/ld-2.21.so
b7701000-b7702000 r--p 00021000 08:01 394512     /lib/i386-linux-gnu/ld-2.21.so
b7702000-b7703000 rw-p 00022000 08:01 394512     /lib/i386-linux-gnu/ld-2.21.so
bf8b5000-bf8b6000 rwxp 00000000 00:00 0 
bf8e7000-bf909000 rw-p 00000000 00:00 0          [stack]

VM Arguments:
jvm_args: -javaagent:/usr/share/java/jayatanaag.jar -Djava.awt.headless=true -Xmx1024M -Dfile.encoding=UTF-8 -Duser.country=US -Duser.language=en -Duser.variant 
java_command: com.android.dx.command.Main --dex --num-threads=4 --output /home/student/test/Pedometer/app/build/intermediates/pre-dexed/debug/com.android.support-support-v4-23.1.1_12beaacf3527bbe5452b9d2f71ebe9eaf1a78760.jar /home/student/test/Pedometer/app/build/intermediates/exploded-aar/com.android.support/support-v4/23.1.1/jars/classes.jar
Launcher Type: SUN_STANDARD

Environment Variables:
JAVA_TOOL_OPTIONS=-javaagent:/usr/share/java/jayatanaag.jar 
PATH=/home/student/.linuxbrew/bin:/usr/local/sbin:/usr/local/bin:/usr/sbin:/usr/bin:/sbin:/bin:/usr/games:/usr/local/games:/etc/android-studio/bin/:/home/student/Android/Sdk/platform-tools:/home/student/Android/Sdk/tools
LD_LIBRARY_PATH=/etc/android-studio/bin:
SHELL=/bin/bash
DISPLAY=:0

Signal Handlers:
SIGSEGV: [libjvm.so+0x7f7d00], sa_mask[0]=0x7ffbfeff, sa_flags=0x10000004
SIGBUS: [libjvm.so+0x7f7d00], sa_mask[0]=0x7ffbfeff, sa_flags=0x10000004
SIGFPE: [libjvm.so+0x67a9d0], sa_mask[0]=0x7ffbfeff, sa_flags=0x10000004
SIGPIPE: [libjvm.so+0x67a9d0], sa_mask[0]=0x7ffbfeff, sa_flags=0x10000004
SIGXFSZ: [libjvm.so+0x67a9d0], sa_mask[0]=0x7ffbfeff, sa_flags=0x10000004
SIGILL: [libjvm.so+0x67a9d0], sa_mask[0]=0x7ffbfeff, sa_flags=0x10000004
SIGUSR1: SIG_DFL, sa_mask[0]=0x00000000, sa_flags=0x00000000
SIGUSR2: [libjvm.so+0x67a820], sa_mask[0]=0x00000004, sa_flags=0x10000004
SIGHUP: [libjvm.so+0x67aa80], sa_mask[0]=0x7ffbfeff, sa_flags=0x10000004
SIGINT: [libjvm.so+0x67aa80], sa_mask[0]=0x7ffbfeff, sa_flags=0x10000004
SIGTERM: [libjvm.so+0x67aa80], sa_mask[0]=0x7ffbfeff, sa_flags=0x10000004
SIGQUIT: [libjvm.so+0x67aa80], sa_mask[0]=0x7ffbfeff, sa_flags=0x10000004
SIGTRAP: SIG_DFL, sa_mask[0]=0x00000000, sa_flags=0x00000000


---------------  S Y S T E M  ---------------

OS:Ubuntu 15.04 (vivid)
uname:Linux 3.19.0-18-generic #18-Ubuntu SMP Tue May 19 18:30:59 UTC 2015 i686
libc:glibc 2.21 NPTL 2.21 
rlimit: STACK 8192k, CORE 0k, NPROC 32177, NOFILE 65536, AS infinity
load average:6.96 2.17 1.24

/proc/meminfo:
MemTotal:        4139540 kB
MemFree:          290512 kB
MemAvailable:     218792 kB
Buffers:             908 kB
Cached:            63532 kB
SwapCached:            0 kB
Active:          3505360 kB
Inactive:          51276 kB
Active(anon):    3493932 kB
Inactive(anon):    38228 kB
Active(file):      11428 kB
Inactive(file):    13048 kB
Unevictable:          32 kB
Mlocked:              32 kB
HighTotal:       3280776 kB
HighFree:         105140 kB
LowTotal:         858764 kB
LowFree:          185372 kB
SwapTotal:             0 kB
SwapFree:              0 kB
Dirty:               128 kB
Writeback:             0 kB
AnonPages:       3492900 kB
Mapped:            41968 kB
Shmem:             39392 kB
Slab:              46908 kB
SReclaimable:      21400 kB
SUnreclaim:        25508 kB
KernelStack:        4952 kB
PageTables:        14868 kB
NFS_Unstable:          0 kB
Bounce:                0 kB
WritebackTmp:          0 kB
CommitLimit:     2069768 kB
Committed_AS:    6454996 kB
VmallocTotal:     122880 kB
VmallocUsed:       23328 kB
VmallocChunk:      46892 kB
AnonHugePages:   2490368 kB
CmaTotal:              0 kB
CmaFree:               0 kB
HugePages_Total:       0
HugePages_Free:        0
HugePages_Rsvd:        0
HugePages_Surp:        0
Hugepagesize:       2048 kB
DirectMap4k:       59384 kB
DirectMap2M:      854016 kB


CPU:total 4 (1 cores per cpu, 1 threads per core) family 6 model 58 stepping 9, cmov, cx8, fxsr, mmx, sse, sse2, sse3, ssse3, sse4.1, sse4.2, popcnt, avx, aes, erms, tsc, tscinvbit, tscinv

/proc/cpuinfo:
processor	: 0
vendor_id	: GenuineIntel
cpu family	: 6
model		: 58
model name	: Intel(R) Core(TM) i5-3210M CPU @ 2.50GHz
stepping	: 9
microcode	: 0x15
cpu MHz		: 2494.111
cache size	: 3072 KB
physical id	: 0
siblings	: 1
core id		: 0
cpu cores	: 1
apicid		: 0
initial apicid	: 0
fdiv_bug	: no
f00f_bug	: no
coma_bug	: no
fpu		: yes
fpu_exception	: yes
cpuid level	: 13
wp		: yes
flags		: fpu vme de pse tsc msr pae mce cx8 apic sep mtrr pge mca cmov pat pse36 clflush dts mmx fxsr sse sse2 ss nx rdtscp lm constant_tsc arch_perfmon pebs bts xtopology tsc_reliable nonstop_tsc aperfmperf pni pclmulqdq ssse3 cx16 pcid sse4_1 sse4_2 x2apic popcnt tsc_deadline_timer aes xsave avx f16c rdrand hypervisor lahf_lm ida arat epb pln pts dtherm fsgsbase tsc_adjust smep
bugs		:
bogomips	: 4988.22
clflush size	: 64
cache_alignment	: 64
address sizes	: 42 bits physical, 48 bits virtual
power management:

processor	: 1
vendor_id	: GenuineIntel
cpu family	: 6
model		: 58
model name	: Intel(R) Core(TM) i5-3210M CPU @ 2.50GHz
stepping	: 9
microcode	: 0x15
cpu MHz		: 2494.111
cache size	: 3072 KB
physical id	: 2
siblings	: 1
core id		: 0
cpu cores	: 1
apicid		: 2
initial apicid	: 2
fdiv_bug	: no
f00f_bug	: no
coma_bug	: no
fpu		: yes
fpu_exception	: yes
cpuid level	: 13
wp		: yes
flags		: fpu vme de pse tsc msr pae mce cx8 apic sep mtrr pge mca cmov pat pse36 clflush dts mmx fxsr sse sse2 ss nx rdtscp lm constant_tsc arch_perfmon pebs bts xtopology tsc_reliable nonstop_tsc aperfmperf pni pclmulqdq ssse3 cx16 pcid sse4_1 sse4_2 x2apic popcnt tsc_deadline_timer aes xsave avx f16c rdrand hypervisor lahf_lm ida arat epb pln pts dtherm fsgsbase tsc_adjust smep
bugs		:
bogomips	: 4988.22
clflush size	: 64
cache_alignment	: 64
address sizes	: 42 bits physical, 48 bits virtual
power management:

processor	: 2
vendor_id	: GenuineIntel
cpu family	: 6
model		: 58
model name	: Intel(R) Core(TM) i5-3210M CPU @ 2.50GHz
stepping	: 9
microcode	: 0x15
cpu MHz		: 2494.111
cache size	: 3072 KB
physical id	: 4
siblings	: 1
core id		: 0
cpu cores	: 1
apicid		: 4
initial apicid	: 4
fdiv_bug	: no
f00f_bug	: no
coma_bug	: no
fpu		: yes
fpu_exception	: yes
cpuid level	: 13
wp		: yes
flags		: fpu vme de pse tsc msr pae mce cx8 apic sep mtrr pge mca cmov pat pse36 clflush dts mmx fxsr sse sse2 ss nx rdtscp lm constant_tsc arch_perfmon pebs bts xtopology tsc_reliable nonstop_tsc aperfmperf pni pclmulqdq ssse3 cx16 pcid sse4_1 sse4_2 x2apic popcnt tsc_deadline_timer aes xsave avx f16c rdrand hypervisor lahf_lm ida arat epb pln pts dtherm fsgsbase tsc_adjust smep
bugs		:
bogomips	: 4988.22
clflush size	: 64
cache_alignment	: 64
address sizes	: 42 bits physical, 48 bits virtual
power management:

processor	: 3
vendor_id	: GenuineIntel
cpu family	: 6
model		: 58
model name	: Intel(R) Core(TM) i5-3210M CPU @ 2.50GHz
stepping	: 9
microcode	: 0x15
cpu MHz		: 2494.111
cache size	: 3072 KB
physical id	: 6
siblings	: 1
core id		: 0
cpu cores	: 1
apicid		: 6
initial apicid	: 6
fdiv_bug	: no
f00f_bug	: no
coma_bug	: no
fpu		: yes
fpu_exception	: yes
cpuid level	: 13
wp		: yes
flags		: fpu vme de pse tsc msr pae mce cx8 apic sep mtrr pge mca cmov pat pse36 clflush dts mmx fxsr sse sse2 ss nx rdtscp lm constant_tsc arch_perfmon pebs bts xtopology tsc_reliable nonstop_tsc aperfmperf pni pclmulqdq ssse3 cx16 pcid sse4_1 sse4_2 x2apic popcnt tsc_deadline_timer aes xsave avx f16c rdrand hypervisor lahf_lm ida arat epb pln pts dtherm fsgsbase tsc_adjust smep
bugs		:
bogomips	: 4988.22
clflush size	: 64
cache_alignment	: 64
address sizes	: 42 bits physical, 48 bits virtual
power management:



Memory: 4k page, physical 4139540k(290512k free), swap 0k(0k free)

vm_info: OpenJDK Server VM (24.91-b01) for linux-x86 JRE (1.7.0_91-b02), built on Nov 19 2015 06:25:06 by "buildd" with gcc 4.9.2

time: Sun May  1 13:30:53 2016
elapsed time: 20 seconds

